<?xml version="1.0" encoding="UTF-8"?>
<testsuites>
  <testsuite name="acceptance (ci)" tests="7" assertions="26" errors="1" failures="1" skipped="0" time="440.999695">
    <testcase file="/project/tests/acceptance/CreditCard/CreditCardInitialTransactionHappyPath.feature" name="CreditCardInitialTransactionHappyPath: initial transaction Non 3DS | &quot;reserve&quot;, &quot;20&quot;, &quot;authorization&quot;" feature="CreditCardInitialTransactionHappyPath" assertions="4" time="48.001776"/>
    <testcase file="/project/tests/acceptance/CreditCard/CreditCardInitialTransactionHappyPath.feature" name="CreditCardInitialTransactionHappyPath: initial transaction Non 3DS | &quot;pay&quot;, &quot;20&quot;, &quot;purchase&quot;" feature="CreditCardInitialTransactionHappyPath" assertions="0" time="5.468946">
      <error type="Facebook\WebDriver\Exception\StaleElementReferenceException">CreditCardInitialTransactionHappyPath: initial transaction Non 3DS | "pay", "20", "purchase"
Facebook\WebDriver\Exception\StaleElementReferenceException: stale element reference: element is not attached to the page document
  (Session info: chrome=84.0.4147.89)
  (Driver info: chromedriver=84.0.4147.30 (48b3e868b4cc0aa7e8149519690b6f6949e110a8-refs/branch-heads/4147@{#310}),platform=Windows NT 10.0.16299 x86_64) (WARNING: The server did not provide any stacktrace information)
Command duration or timeout: 15 milliseconds
For documentation on this error, please visit: http://seleniumhq.org/exceptions/stale_element_reference.html
Build info: version: '2.53.0', revision: '35ae25b', time: '2016-03-15 17:00:58'
System info: host: '207-254-19-85', ip: '207.254.19.85', os.name: 'windows', os.arch: 'x86', os.version: '10.0', java.version: '1.8.0_181'
Driver info: org.openqa.selenium.chrome.ChromeDriver
Capabilities [{mobileEmulationEnabled=false, timeouts={implicit=0, pageLoad=300000, script=30000}, hasTouchScreen=false, platform=XP, acceptSslCerts=false, goog:chromeOptions={debuggerAddress=localhost:1671}, acceptInsecureCerts=false, webStorageEnabled=true, browserName=chrome, takesScreenshot=true, javascriptEnabled=true, setWindowRect=true, unexpectedAlertBehaviour=ignore, applicationCacheEnabled=false, rotatable=false, networkConnectionEnabled=false, chrome={chromedriverVersion=84.0.4147.30 (48b3e868b4cc0aa7e8149519690b6f6949e110a8-refs/branch-heads/4147@{#310}), userDataDir=C:\Windows\proxy\scoped_dir5336_501324388}, takesHeapSnapshot=true, pageLoadStrategy=normal, strictFileInteractability=false, databaseEnabled=false, handlesAlerts=true, version=84.0.4147.89, browserConnectionEnabled=false, proxy={}, nativeEvents=true, locationContextEnabled=true, cssSelectorsEnabled=true, webauthn:virtualAuthenticators=true}]
Session ID: 504f4a9b44870521b2bbcae215b354aa

/repo/vendor/php-webdriver/webdriver/lib/Exception/WebDriverException.php:169
/repo/vendor/php-webdriver/webdriver/lib/Remote/HttpCommandExecutor.php:376
/repo/vendor/php-webdriver/webdriver/lib/Remote/RemoteWebDriver.php:590
/repo/vendor/php-webdriver/webdriver/lib/Remote/RemoteExecuteMethod.php:27
/repo/vendor/php-webdriver/webdriver/lib/Remote/RemoteWebElement.php:74
/project/tests/_support/_generated/AcceptanceTesterActions.php:628
/project/tests/_support/Step/Acceptance/GenericStep.php:52
/project/tests/_support/Step/Acceptance/ShopSystem/GenericShopSystemStep.php:133
/project/tests/_support/Step/Acceptance/ShopSystem/PrestashopStep.php:160
/project/tests/_support/AcceptanceTester.php:152
/repo/app.php:46
/repo/app.php:47
/repo/codecept:7
</error>
    </testcase>
    <testcase file="/project/tests/acceptance/CreditCard/CreditCardInitialTransactionHappyPath.feature" name="CreditCardInitialTransactionHappyPath: initial transaction 3DS | &quot;reserve&quot;, &quot;100&quot;, &quot;authorization&quot;" feature="CreditCardInitialTransactionHappyPath" assertions="4" time="46.170903"/>
    <testcase file="/project/tests/acceptance/CreditCard/CreditCardInitialTransactionHappyPath.feature" name="CreditCardInitialTransactionHappyPath: initial transaction 3DS | &quot;pay&quot;, &quot;100&quot;, &quot;purchase&quot;" feature="CreditCardInitialTransactionHappyPath" assertions="4" time="49.856851"/>
    <testcase file="/project/tests/acceptance/CreditCard/CreditCardOneClickInitialTransactionHappyPath.feature" name="CreditCardOneClickInitialTransactionHappyPath: initial transaction | &quot;reserve&quot;, &quot;100&quot;, &quot;authorization&quot;" feature="CreditCardOneClickInitialTransactionHappyPath" assertions="9" time="86.961784"/>
    <testcase file="/project/tests/acceptance/PayPal/PayPalInitialTransactionHappyPath.feature" name="PayPalInitialTransaction: initial transaction | &quot;pay&quot;, &quot;purchase&quot;" feature="PayPalInitialTransaction" assertions="2" time="96.949672">
      <failure type="PHPUnit\Framework\ExpectationFailedException">PayPalInitialTransaction: initial transaction | "pay", "purchase"
Failed asserting that  on page /index.php?controller=order-confirmation&amp;id_cart=12&amp;id_module=64&amp;id_order=11&amp;key=5a0254ebe7a359e2b5b6c4e720945ffe
--&gt; 500 Server Error
Oops, something went wrong.

Try to refresh this page or feel free to contact us if the problem persists.
--&gt; contains "YOUR ORDER IS CONFIRMED".

/project/tests/_support/_generated/AcceptanceTesterActions.php:344
/project/tests/_support/Step/Acceptance/ShopSystem/GenericShopSystemStep.php:183
/project/tests/_support/AcceptanceTester.php:231
/repo/app.php:46
/repo/app.php:47
/repo/codecept:7
</failure>
    </testcase>
    <testcase file="/project/tests/acceptance/PayPal/PayPalInitialTransactionHappyPath.feature" name="PayPalInitialTransaction: initial transaction | &quot;reserve&quot;, &quot;authorization&quot;" feature="PayPalInitialTransaction" assertions="3" time="107.589762"/>
  </testsuite>
</testsuites>
