<?xml version="1.0" encoding="UTF-8"?>
<testsuites>
  <testsuite name="acceptance (ui_test)" tests="1" assertions="1" failures="0" errors="1" time="26.574347">
    <testcase file="/home/travis/build/wirecard/prestashop-ee/wirecardpaymentgateway/tests/acceptance/checkCreditCard3DSFunctionalityHappyPath.feature" name="checkCreditCard3DSFunctionalityHappyPath: try purchaseCheck" feature="try purchaseCheck" assertions="1" time="26.574347">
      <error type="Facebook\WebDriver\Exception\NoSuchFrameException">checkCreditCard3DSFunctionalityHappyPath: try purchaseCheck
Facebook\WebDriver\Exception\NoSuchFrameException: No frame element found by name or id wirecard-integrated-payment-page-frame
Build info: version: '2.53.0', revision: '35ae25b', time: '2016-03-15 17:00:58'
System info: host: '207-254-10-2', ip: '207.254.10.2', os.name: 'windows', os.arch: 'x86', os.version: '10.0', java.version: '1.8.0_181'
Driver info: driver.version: unknown

/home/travis/build/wirecard/prestashop-ee/wirecardpaymentgateway/vendor/facebook/webdriver/lib/Exception/WebDriverException.php:104
/home/travis/build/wirecard/prestashop-ee/wirecardpaymentgateway/vendor/facebook/webdriver/lib/Remote/HttpCommandExecutor.php:331
/home/travis/build/wirecard/prestashop-ee/wirecardpaymentgateway/vendor/facebook/webdriver/lib/Remote/RemoteWebDriver.php:565
/home/travis/build/wirecard/prestashop-ee/wirecardpaymentgateway/vendor/facebook/webdriver/lib/Remote/RemoteExecuteMethod.php:40
/home/travis/build/wirecard/prestashop-ee/wirecardpaymentgateway/vendor/facebook/webdriver/lib/Remote/RemoteTargetLocator.php:73
/home/travis/build/wirecard/prestashop-ee/wirecardpaymentgateway/vendor/codeception/codeception/src/Codeception/Module/WebDriver.php:2521
/home/travis/build/wirecard/prestashop-ee/wirecardpaymentgateway/vendor/codeception/codeception/src/Codeception/Step.php:265
/home/travis/build/wirecard/prestashop-ee/wirecardpaymentgateway/vendor/codeception/codeception/src/Codeception/Scenario.php:72
/home/travis/build/wirecard/prestashop-ee/wirecardpaymentgateway/tests/_support/_generated/AcceptanceTesterActions.php:2569
/home/travis/build/wirecard/prestashop-ee/wirecardpaymentgateway/tests/_support/Page/Checkout.php:146
/home/travis/build/wirecard/prestashop-ee/wirecardpaymentgateway/tests/_support/Page/Checkout.php:124
/home/travis/build/wirecard/prestashop-ee/wirecardpaymentgateway/tests/_support/Helper/Acceptance.php:79
/home/travis/build/wirecard/prestashop-ee/wirecardpaymentgateway/vendor/codeception/codeception/src/Codeception/Step.php:265
/home/travis/build/wirecard/prestashop-ee/wirecardpaymentgateway/vendor/codeception/codeception/src/Codeception/Scenario.php:72
/home/travis/build/wirecard/prestashop-ee/wirecardpaymentgateway/tests/_support/_generated/AcceptanceTesterActions.php:3105
/home/travis/build/wirecard/prestashop-ee/wirecardpaymentgateway/tests/_support/AcceptanceTester.php:161
/home/travis/build/wirecard/prestashop-ee/wirecardpaymentgateway/vendor/codeception/codeception/src/Codeception/Test/Gherkin.php:142
/home/travis/build/wirecard/prestashop-ee/wirecardpaymentgateway/vendor/codeception/codeception/src/Codeception/Test/Gherkin.php:88
/home/travis/build/wirecard/prestashop-ee/wirecardpaymentgateway/vendor/codeception/codeception/src/Codeception/Test/Test.php:89
/home/travis/build/wirecard/prestashop-ee/wirecardpaymentgateway/vendor/codeception/phpunit-wrapper/src/Runner.php:110
/home/travis/build/wirecard/prestashop-ee/wirecardpaymentgateway/vendor/codeception/codeception/src/Codeception/SuiteManager.php:158
/home/travis/build/wirecard/prestashop-ee/wirecardpaymentgateway/vendor/codeception/codeception/src/Codeception/Codecept.php:192
/home/travis/build/wirecard/prestashop-ee/wirecardpaymentgateway/vendor/codeception/codeception/src/Codeception/Codecept.php:181
/home/travis/build/wirecard/prestashop-ee/wirecardpaymentgateway/vendor/codeception/codeception/src/Codeception/Command/Run.php:495
/home/travis/build/wirecard/prestashop-ee/wirecardpaymentgateway/vendor/codeception/codeception/src/Codeception/Command/Run.php:390
/home/travis/build/wirecard/prestashop-ee/wirecardpaymentgateway/vendor/symfony/console/Command/Command.php:255
/home/travis/build/wirecard/prestashop-ee/wirecardpaymentgateway/vendor/symfony/console/Application.php:921
/home/travis/build/wirecard/prestashop-ee/wirecardpaymentgateway/vendor/symfony/console/Application.php:273
/home/travis/build/wirecard/prestashop-ee/wirecardpaymentgateway/vendor/symfony/console/Application.php:149
/home/travis/build/wirecard/prestashop-ee/wirecardpaymentgateway/vendor/codeception/codeception/src/Codeception/Application.php:108
</error>
    </testcase>
  </testsuite>
</testsuites>
