<?xml version="1.0" encoding="UTF-8"?>
<testsuites>
  <testsuite name="acceptance (ui_test)" tests="5" assertions="19" failures="0" errors="2" time="684.397510">
    <testcase file="/home/travis/build/wirecard/prestashop-ee/wirecardpaymentgateway/tests/acceptance/1-PayPalPurchaseHappyPath.feature" name="PayPalPurchaseHappyPath: purchase" feature="purchase" assertions="2" time="111.192822">
      <error type="Facebook\WebDriver\Exception\TimeoutException">PayPalPurchaseHappyPath: purchase
Facebook\WebDriver\Exception\TimeoutException: 

/home/travis/build/wirecard/prestashop-ee/wirecardpaymentgateway/vendor/facebook/webdriver/lib/WebDriverWait.php:71
/home/travis/build/wirecard/prestashop-ee/wirecardpaymentgateway/vendor/codeception/codeception/src/Codeception/Module/WebDriver.php:2313
/home/travis/build/wirecard/prestashop-ee/wirecardpaymentgateway/vendor/codeception/codeception/src/Codeception/Step.php:265
/home/travis/build/wirecard/prestashop-ee/wirecardpaymentgateway/vendor/codeception/codeception/src/Codeception/Scenario.php:72
/home/travis/build/wirecard/prestashop-ee/wirecardpaymentgateway/tests/_support/_generated/AcceptanceTesterActions.php:2363
/home/travis/build/wirecard/prestashop-ee/wirecardpaymentgateway/tests/_support/Page/PayPalReview.php:63
/home/travis/build/wirecard/prestashop-ee/wirecardpaymentgateway/tests/_support/AcceptanceTester.php:348
/home/travis/build/wirecard/prestashop-ee/wirecardpaymentgateway/vendor/codeception/codeception/src/Codeception/Test/Gherkin.php:142
/home/travis/build/wirecard/prestashop-ee/wirecardpaymentgateway/vendor/codeception/codeception/src/Codeception/Test/Gherkin.php:88
/home/travis/build/wirecard/prestashop-ee/wirecardpaymentgateway/vendor/codeception/codeception/src/Codeception/Test/Test.php:89
/home/travis/build/wirecard/prestashop-ee/wirecardpaymentgateway/vendor/codeception/phpunit-wrapper/src/Runner.php:110
/home/travis/build/wirecard/prestashop-ee/wirecardpaymentgateway/vendor/codeception/codeception/src/Codeception/SuiteManager.php:158
/home/travis/build/wirecard/prestashop-ee/wirecardpaymentgateway/vendor/codeception/codeception/src/Codeception/Codecept.php:192
/home/travis/build/wirecard/prestashop-ee/wirecardpaymentgateway/vendor/codeception/codeception/src/Codeception/Codecept.php:181
/home/travis/build/wirecard/prestashop-ee/wirecardpaymentgateway/vendor/codeception/codeception/src/Codeception/Command/Run.php:495
/home/travis/build/wirecard/prestashop-ee/wirecardpaymentgateway/vendor/codeception/codeception/src/Codeception/Command/Run.php:390
/home/travis/build/wirecard/prestashop-ee/wirecardpaymentgateway/vendor/symfony/console/Command/Command.php:255
/home/travis/build/wirecard/prestashop-ee/wirecardpaymentgateway/vendor/symfony/console/Application.php:1012
/home/travis/build/wirecard/prestashop-ee/wirecardpaymentgateway/vendor/symfony/console/Application.php:272
/home/travis/build/wirecard/prestashop-ee/wirecardpaymentgateway/vendor/symfony/console/Application.php:148
/home/travis/build/wirecard/prestashop-ee/wirecardpaymentgateway/vendor/codeception/codeception/src/Codeception/Application.php:108
</error>
    </testcase>
    <testcase file="/home/travis/build/wirecard/prestashop-ee/wirecardpaymentgateway/tests/acceptance/2-PayPalAuthorizationHappyPath.feature" name="PayPalAuthorizationHappyPath: authorization" feature="authorization" assertions="0" time="17.725434">
      <error type="Facebook\WebDriver\Exception\UnknownServerException">PayPalAuthorizationHappyPath: authorization
Facebook\WebDriver\Exception\UnknownServerException: element click intercepted: Element &lt;input name="id_gender" type="radio" value="1" checked=""&gt; is not clickable at point (226, 228). Other element would receive the click: &lt;span&gt;&lt;/span&gt;
  (Session info: chrome=80.0.3987.87)
  (Driver info: chromedriver=80.0.3987.16 (320f6526c1632ad4f205ebce69b99a062ed78647-refs/branch-heads/3987@{#185}),platform=Windows NT 6.1.7601 SP1 x86_64) (WARNING: The server did not provide any stacktrace information)
Command duration or timeout: 1.06 seconds
Build info: version: '2.53.0', revision: '35ae25b', time: '2016-03-15 17:00:58'
System info: host: '207-254-37-184', ip: '207.254.37.184', os.name: 'windows', os.arch: 'x86', os.version: '6.1', java.version: '1.8.0_181'
Driver info: org.openqa.selenium.chrome.ChromeDriver
Capabilities [{mobileEmulationEnabled=false, timeouts={implicit=0, pageLoad=300000, script=30000}, hasTouchScreen=false, platform=XP, acceptSslCerts=false, goog:chromeOptions={debuggerAddress=localhost:1409}, acceptInsecureCerts=false, webStorageEnabled=true, browserName=chrome, takesScreenshot=true, javascriptEnabled=true, setWindowRect=true, unexpectedAlertBehaviour=ignore, applicationCacheEnabled=false, rotatable=false, networkConnectionEnabled=false, chrome={chromedriverVersion=80.0.3987.16 (320f6526c1632ad4f205ebce69b99a062ed78647-refs/branch-heads/3987@{#185}), userDataDir=C:\Windows\proxy\scoped_dir5592_1691179972}, takesHeapSnapshot=true, pageLoadStrategy=normal, strictFileInteractability=false, databaseEnabled=false, handlesAlerts=true, version=80.0.3987.87, browserConnectionEnabled=false, proxy={}, nativeEvents=true, locationContextEnabled=true, cssSelectorsEnabled=true}]
Session ID: c8e91966c0b13a9d1236002cc47710f9

/home/travis/build/wirecard/prestashop-ee/wirecardpaymentgateway/vendor/facebook/webdriver/lib/Exception/WebDriverException.php:175
/home/travis/build/wirecard/prestashop-ee/wirecardpaymentgateway/vendor/facebook/webdriver/lib/Remote/HttpCommandExecutor.php:376
/home/travis/build/wirecard/prestashop-ee/wirecardpaymentgateway/vendor/facebook/webdriver/lib/Remote/RemoteWebDriver.php:584
/home/travis/build/wirecard/prestashop-ee/wirecardpaymentgateway/vendor/facebook/webdriver/lib/Remote/RemoteExecuteMethod.php:27
/home/travis/build/wirecard/prestashop-ee/wirecardpaymentgateway/vendor/facebook/webdriver/lib/Remote/RemoteWebElement.php:75
/home/travis/build/wirecard/prestashop-ee/wirecardpaymentgateway/vendor/codeception/codeception/src/Codeception/Module/WebDriver.php:1373
/home/travis/build/wirecard/prestashop-ee/wirecardpaymentgateway/vendor/codeception/codeception/src/Codeception/Step.php:265
/home/travis/build/wirecard/prestashop-ee/wirecardpaymentgateway/vendor/codeception/codeception/src/Codeception/Scenario.php:72
/home/travis/build/wirecard/prestashop-ee/wirecardpaymentgateway/tests/_support/_generated/AcceptanceTesterActions.php:1410
/home/travis/build/wirecard/prestashop-ee/wirecardpaymentgateway/tests/_support/Page/Checkout.php:82
/home/travis/build/wirecard/prestashop-ee/wirecardpaymentgateway/tests/_support/Helper/Acceptance.php:55
/home/travis/build/wirecard/prestashop-ee/wirecardpaymentgateway/vendor/codeception/codeception/src/Codeception/Step.php:265
/home/travis/build/wirecard/prestashop-ee/wirecardpaymentgateway/vendor/codeception/codeception/src/Codeception/Scenario.php:72
/home/travis/build/wirecard/prestashop-ee/wirecardpaymentgateway/tests/_support/_generated/AcceptanceTesterActions.php:3121
/home/travis/build/wirecard/prestashop-ee/wirecardpaymentgateway/tests/_support/AcceptanceTester.php:190
/home/travis/build/wirecard/prestashop-ee/wirecardpaymentgateway/vendor/codeception/codeception/src/Codeception/Test/Gherkin.php:142
/home/travis/build/wirecard/prestashop-ee/wirecardpaymentgateway/vendor/codeception/codeception/src/Codeception/Test/Gherkin.php:83
/home/travis/build/wirecard/prestashop-ee/wirecardpaymentgateway/vendor/codeception/codeception/src/Codeception/Test/Test.php:89
/home/travis/build/wirecard/prestashop-ee/wirecardpaymentgateway/vendor/codeception/phpunit-wrapper/src/Runner.php:110
/home/travis/build/wirecard/prestashop-ee/wirecardpaymentgateway/vendor/codeception/codeception/src/Codeception/SuiteManager.php:158
/home/travis/build/wirecard/prestashop-ee/wirecardpaymentgateway/vendor/codeception/codeception/src/Codeception/Codecept.php:192
/home/travis/build/wirecard/prestashop-ee/wirecardpaymentgateway/vendor/codeception/codeception/src/Codeception/Codecept.php:181
/home/travis/build/wirecard/prestashop-ee/wirecardpaymentgateway/vendor/codeception/codeception/src/Codeception/Command/Run.php:495
/home/travis/build/wirecard/prestashop-ee/wirecardpaymentgateway/vendor/codeception/codeception/src/Codeception/Command/Run.php:390
/home/travis/build/wirecard/prestashop-ee/wirecardpaymentgateway/vendor/symfony/console/Command/Command.php:255
/home/travis/build/wirecard/prestashop-ee/wirecardpaymentgateway/vendor/symfony/console/Application.php:1012
/home/travis/build/wirecard/prestashop-ee/wirecardpaymentgateway/vendor/symfony/console/Application.php:272
/home/travis/build/wirecard/prestashop-ee/wirecardpaymentgateway/vendor/symfony/console/Application.php:148
/home/travis/build/wirecard/prestashop-ee/wirecardpaymentgateway/vendor/codeception/codeception/src/Codeception/Application.php:108
</error>
    </testcase>
    <testcase file="/home/travis/build/wirecard/prestashop-ee/wirecardpaymentgateway/tests/acceptance/3-CreditCardNon3DSPurchaseHappyPath.feature" name="CreditCardNon3DSPurchaseHappyPath: purchase" feature="purchase" assertions="5" time="137.488704"/>
    <testcase file="/home/travis/build/wirecard/prestashop-ee/wirecardpaymentgateway/tests/acceptance/4-CreditCard3DSAuthorizationHappyPath.feature" name="CreditCard3DSWppv2AuthorizationHappyPath: authorize" feature="authorize" assertions="6" time="182.280778"/>
    <testcase file="/home/travis/build/wirecard/prestashop-ee/wirecardpaymentgateway/tests/acceptance/6-CreditCard3DSPurchaseHappyPath.feature" name="CreditCard3DSPurchaseHappyPath: purchase" feature="purchase" assertions="6" time="235.709772"/>
  </testsuite>
</testsuites>
