<?xml version="1.0" encoding="UTF-8"?>
<testsuites>
  <testsuite name="acceptance" tests="30" assertions="145" failures="3" errors="3" time="1189.798037">
    <testcase file="/home/travis/build/tatsta/paymentSDK-php/tests/acceptance/CreditCard3DSAuthorizationAndPostprocessingHappyPath.feature" name="CreditCard3DSAuthorizationAndPostprocessingHappyPath: authorization" feature="authorization" assertions="8" time="64.911456"/>
    <testcase file="/home/travis/build/tatsta/paymentSDK-php/tests/acceptance/CreditCard3DSAuthorizationAndPostprocessingHappyPath.feature" name="CreditCard3DSAuthorizationAndPostprocessingHappyPath: capture" feature="capture" assertions="6" time="43.569920"/>
    <testcase file="/home/travis/build/tatsta/paymentSDK-php/tests/acceptance/CreditCard3DSAuthorizationAndPostprocessingHappyPath.feature" name="CreditCard3DSAuthorizationAndPostprocessingHappyPath: refund" feature="refund" assertions="8" time="52.601358"/>
    <testcase file="/home/travis/build/tatsta/paymentSDK-php/tests/acceptance/CreditCard3DSAuthorizationAndPostprocessingHappyPath.feature" name="CreditCard3DSAuthorizationAndPostprocessingHappyPath: cancel" feature="cancel" assertions="6" time="42.436089"/>
    <testcase file="/home/travis/build/tatsta/paymentSDK-php/tests/acceptance/CreditCard3DSPurchaseAndPostprocessingHappyPath.feature" name="CreditCard3DSPurchaseAndPostprocessingHappyPath: purchase" feature="purchase" assertions="5" time="31.907142"/>
    <testcase file="/home/travis/build/tatsta/paymentSDK-php/tests/acceptance/CreditCard3DSPurchaseAndPostprocessingHappyPath.feature" name="CreditCard3DSPurchaseAndPostprocessingHappyPath: refundOrcancel" feature="refundOrcancel" assertions="6" time="42.896449"/>
    <testcase file="/home/travis/build/tatsta/paymentSDK-php/tests/acceptance/CreditCard3DSWppv2AuthorizationAndPostprocessingHappyPath.feature" name="CreditCard3DSWppv2AuthorizationAndPostprocessingHappyPath: authorization" feature="authorization" assertions="8" time="57.777273"/>
    <testcase file="/home/travis/build/tatsta/paymentSDK-php/tests/acceptance/CreditCard3DSWppv2AuthorizationAndPostprocessingHappyPath.feature" name="CreditCard3DSWppv2AuthorizationAndPostprocessingHappyPath: capture" feature="capture" assertions="6" time="40.069231"/>
    <testcase file="/home/travis/build/tatsta/paymentSDK-php/tests/acceptance/CreditCard3DSWppv2AuthorizationAndPostprocessingHappyPath.feature" name="CreditCard3DSWppv2AuthorizationAndPostprocessingHappyPath: refund" feature="refund" assertions="8" time="46.442537"/>
    <testcase file="/home/travis/build/tatsta/paymentSDK-php/tests/acceptance/CreditCard3DSWppv2AuthorizationAndPostprocessingHappyPath.feature" name="CreditCard3DSWppv2AuthorizationAndPostprocessingHappyPath: cancel" feature="cancel" assertions="6" time="38.928709"/>
    <testcase file="/home/travis/build/tatsta/paymentSDK-php/tests/acceptance/CreditCard3DSWppv2PurchaseHappyPath.feature" name="CreditCard3DSWppv2PurchaseHappyPath: purchase" feature="purchase" assertions="5" time="32.840667"/>
    <testcase file="/home/travis/build/tatsta/paymentSDK-php/tests/acceptance/CreditCard3DSWppv2PurchaseHappyPath.feature" name="CreditCard3DSWppv2PurchaseHappyPath: voidPurchase" feature="voidPurchase" assertions="6" time="42.198476"/>
    <testcase file="/home/travis/build/tatsta/paymentSDK-php/tests/acceptance/CreditCardNon3DSAuthorizationAndPostprocessingHappyPath.feature" name="CreditCardNon3DSAuthorizationAndPostprocessingHappyPath: authorization" feature="authorization" assertions="3" time="15.581113"/>
    <testcase file="/home/travis/build/tatsta/paymentSDK-php/tests/acceptance/CreditCardNon3DSAuthorizationAndPostprocessingHappyPath.feature" name="CreditCardNon3DSAuthorizationAndPostprocessingHappyPath: capture" feature="capture" assertions="5" time="40.644741"/>
    <testcase file="/home/travis/build/tatsta/paymentSDK-php/tests/acceptance/CreditCardNon3DSAuthorizationAndPostprocessingHappyPath.feature" name="CreditCardNon3DSAuthorizationAndPostprocessingHappyPath: refund" feature="refund" assertions="6" time="29.129713"/>
    <testcase file="/home/travis/build/tatsta/paymentSDK-php/tests/acceptance/CreditCardNon3DSAuthorizationAndPostprocessingHappyPath.feature" name="CreditCardNon3DSAuthorizationAndPostprocessingHappyPath: cancel" feature="cancel" assertions="4" time="22.757358"/>
    <testcase file="/home/travis/build/tatsta/paymentSDK-php/tests/acceptance/CreditCardNon3DSPurchaseAndPostprocessingHappyPath.feature" name="CreditCardNon3DSPurchaseAndPostprocessingHappyPath: purchase" feature="purchase" assertions="3" time="13.451307"/>
    <testcase file="/home/travis/build/tatsta/paymentSDK-php/tests/acceptance/CreditCardNon3DSPurchaseAndPostprocessingHappyPath.feature" name="CreditCardNon3DSPurchaseAndPostprocessingHappyPath: refundOrcancel" feature="refundOrcancel" assertions="4" time="20.850897"/>
    <testcase file="/home/travis/build/tatsta/paymentSDK-php/tests/acceptance/CreditCardNon3DSWppv2AuthorizationAndPostprocessingHappyPath.feature" name="CreditCardNon3DSWppv2AuthorizationAndPostprocessingHappyPath: authorization" feature="authorization" assertions="6" time="29.868046"/>
    <testcase file="/home/travis/build/tatsta/paymentSDK-php/tests/acceptance/CreditCardNon3DSWppv2AuthorizationAndPostprocessingHappyPath.feature" name="CreditCardNon3DSWppv2AuthorizationAndPostprocessingHappyPath: capture" feature="capture" assertions="5" time="16.386291"/>
    <testcase file="/home/travis/build/tatsta/paymentSDK-php/tests/acceptance/CreditCardNon3DSWppv2AuthorizationAndPostprocessingHappyPath.feature" name="CreditCardNon3DSWppv2AuthorizationAndPostprocessingHappyPath: refund" feature="refund" assertions="7" time="23.561851"/>
    <testcase file="/home/travis/build/tatsta/paymentSDK-php/tests/acceptance/CreditCardNon3DSWppv2AuthorizationAndPostprocessingHappyPath.feature" name="CreditCardNon3DSWppv2AuthorizationAndPostprocessingHappyPath: cancel" feature="cancel" assertions="5" time="16.782130"/>
    <testcase file="/home/travis/build/tatsta/paymentSDK-php/tests/acceptance/CreditCardNon3DSWppv2PurchaseHappyPath.feature" name="CreditCardNon3DSWppv2PurchaseHappyPath: purchase" feature="purchase" assertions="3" time="11.772168"/>
    <testcase file="/home/travis/build/tatsta/paymentSDK-php/tests/acceptance/CreditCardNon3DSWppv2PurchaseHappyPath.feature" name="CreditCardNon3DSWppv2PurchaseHappyPath: voidPurchase" feature="voidPurchase" assertions="5" time="18.524747"/>
    <testcase file="/home/travis/build/tatsta/paymentSDK-php/tests/acceptance/PayPalAuthorizationAndPostProcessingHappyPath.feature" name="PayPalAuthorizationAndPostProcessingHappyPath: authorization" feature="authorization" assertions="1" time="43.332083">
      <error type="Facebook\WebDriver\Exception\UnknownServerException">PayPalAuthorizationAndPostProcessingHappyPath: authorization
Facebook\WebDriver\Exception\UnknownServerException: element click intercepted: Element &lt;div id="button" class="buttons reviewButton"&gt;...&lt;/div&gt; is not clickable at point (313, 594). Other element would receive the click: &lt;div class="gdprCookieBanner_buttonWrapper gdprCookieBanner_buttonWrapper-custom"&gt;...&lt;/div&gt;
  (Session info: chrome=80.0.3987.87)
  (Driver info: chromedriver=80.0.3987.16 (320f6526c1632ad4f205ebce69b99a062ed78647-refs/branch-heads/3987@{#185}),platform=Windows NT 6.3.9600 x86_64) (WARNING: The server did not provide any stacktrace information)
Command duration or timeout: 1.17 seconds
Build info: version: '2.53.0', revision: '35ae25b', time: '2016-03-15 17:00:58'
System info: host: '207-254-19-75', ip: '207.254.19.75', os.name: 'windows', os.arch: 'x86', os.version: '6.3', java.version: '1.8.0_181'
Driver info: org.openqa.selenium.chrome.ChromeDriver
Capabilities [{mobileEmulationEnabled=false, timeouts={implicit=0, pageLoad=300000, script=30000}, hasTouchScreen=false, platform=XP, acceptSslCerts=false, goog:chromeOptions={debuggerAddress=localhost:1570}, acceptInsecureCerts=false, webStorageEnabled=true, browserName=chrome, takesScreenshot=true, javascriptEnabled=true, setWindowRect=true, unexpectedAlertBehaviour=ignore, applicationCacheEnabled=false, rotatable=false, networkConnectionEnabled=false, chrome={chromedriverVersion=80.0.3987.16 (320f6526c1632ad4f205ebce69b99a062ed78647-refs/branch-heads/3987@{#185}), userDataDir=C:\Windows\proxy\scoped_dir2140_1947449970}, takesHeapSnapshot=true, pageLoadStrategy=normal, strictFileInteractability=false, databaseEnabled=false, handlesAlerts=true, version=80.0.3987.87, browserConnectionEnabled=false, proxy={}, nativeEvents=true, locationContextEnabled=true, cssSelectorsEnabled=true}]
Session ID: 19f34922b1395edbd9572712be329c8b

/home/travis/build/tatsta/paymentSDK-php/vendor/facebook/webdriver/lib/Exception/WebDriverException.php:114
/home/travis/build/tatsta/paymentSDK-php/vendor/facebook/webdriver/lib/Remote/HttpCommandExecutor.php:331
/home/travis/build/tatsta/paymentSDK-php/vendor/facebook/webdriver/lib/Remote/RemoteWebDriver.php:565
/home/travis/build/tatsta/paymentSDK-php/vendor/facebook/webdriver/lib/Remote/RemoteExecuteMethod.php:40
/home/travis/build/tatsta/paymentSDK-php/vendor/facebook/webdriver/lib/Remote/RemoteWebElement.php:81
/home/travis/build/tatsta/paymentSDK-php/vendor/codeception/codeception/src/Codeception/Module/WebDriver.php:997
/home/travis/build/tatsta/paymentSDK-php/vendor/codeception/codeception/src/Codeception/Step.php:265
/home/travis/build/tatsta/paymentSDK-php/vendor/codeception/codeception/src/Codeception/Scenario.php:72
/home/travis/build/tatsta/paymentSDK-php/tests/_support/_generated/AcceptanceTesterActions.php:628
/home/travis/build/tatsta/paymentSDK-php/tests/_support/AcceptanceTester.php:228
/home/travis/build/tatsta/paymentSDK-php/vendor/codeception/codeception/src/Codeception/Test/Gherkin.php:142
/home/travis/build/tatsta/paymentSDK-php/vendor/codeception/codeception/src/Codeception/Test/Gherkin.php:83
/home/travis/build/tatsta/paymentSDK-php/vendor/codeception/codeception/src/Codeception/Test/Test.php:88
/home/travis/build/tatsta/paymentSDK-php/vendor/codeception/phpunit-wrapper/src/Runner.php:110
/home/travis/build/tatsta/paymentSDK-php/vendor/codeception/codeception/src/Codeception/SuiteManager.php:158
/home/travis/build/tatsta/paymentSDK-php/vendor/codeception/codeception/src/Codeception/Codecept.php:192
/home/travis/build/tatsta/paymentSDK-php/vendor/codeception/codeception/src/Codeception/Codecept.php:159
/home/travis/build/tatsta/paymentSDK-php/vendor/codeception/codeception/src/Codeception/Command/Run.php:494
/home/travis/build/tatsta/paymentSDK-php/vendor/codeception/codeception/src/Codeception/Command/Run.php:389
/home/travis/build/tatsta/paymentSDK-php/vendor/symfony/console/Command/Command.php:255
/home/travis/build/tatsta/paymentSDK-php/vendor/symfony/console/Application.php:1012
/home/travis/build/tatsta/paymentSDK-php/vendor/symfony/console/Application.php:272
/home/travis/build/tatsta/paymentSDK-php/vendor/symfony/console/Application.php:148
/home/travis/build/tatsta/paymentSDK-php/vendor/codeception/codeception/src/Codeception/Application.php:107
</error>
    </testcase>
    <testcase file="/home/travis/build/tatsta/paymentSDK-php/tests/acceptance/PayPalAuthorizationAndPostProcessingHappyPath.feature" name="PayPalAuthorizationAndPostProcessingHappyPath: capture" feature="capture" assertions="1" time="41.793331">
      <error type="Facebook\WebDriver\Exception\UnknownServerException">PayPalAuthorizationAndPostProcessingHappyPath: capture
Facebook\WebDriver\Exception\UnknownServerException: element click intercepted: Element &lt;div id="button" class="buttons reviewButton"&gt;...&lt;/div&gt; is not clickable at point (313, 594). Other element would receive the click: &lt;div class="gdprCookieBanner_buttonWrapper gdprCookieBanner_buttonWrapper-custom"&gt;...&lt;/div&gt;
  (Session info: chrome=80.0.3987.87)
  (Driver info: chromedriver=80.0.3987.16 (320f6526c1632ad4f205ebce69b99a062ed78647-refs/branch-heads/3987@{#185}),platform=Windows NT 6.3.9600 x86_64) (WARNING: The server did not provide any stacktrace information)
Command duration or timeout: 1.14 seconds
Build info: version: '2.53.0', revision: '35ae25b', time: '2016-03-15 17:00:58'
System info: host: '207-254-19-75', ip: '207.254.19.75', os.name: 'windows', os.arch: 'x86', os.version: '6.3', java.version: '1.8.0_181'
Driver info: org.openqa.selenium.chrome.ChromeDriver
Capabilities [{mobileEmulationEnabled=false, timeouts={implicit=0, pageLoad=300000, script=30000}, hasTouchScreen=false, platform=XP, acceptSslCerts=false, goog:chromeOptions={debuggerAddress=localhost:1570}, acceptInsecureCerts=false, webStorageEnabled=true, browserName=chrome, takesScreenshot=true, javascriptEnabled=true, setWindowRect=true, unexpectedAlertBehaviour=ignore, applicationCacheEnabled=false, rotatable=false, networkConnectionEnabled=false, chrome={chromedriverVersion=80.0.3987.16 (320f6526c1632ad4f205ebce69b99a062ed78647-refs/branch-heads/3987@{#185}), userDataDir=C:\Windows\proxy\scoped_dir2140_1947449970}, takesHeapSnapshot=true, pageLoadStrategy=normal, strictFileInteractability=false, databaseEnabled=false, handlesAlerts=true, version=80.0.3987.87, browserConnectionEnabled=false, proxy={}, nativeEvents=true, locationContextEnabled=true, cssSelectorsEnabled=true}]
Session ID: 19f34922b1395edbd9572712be329c8b

/home/travis/build/tatsta/paymentSDK-php/vendor/facebook/webdriver/lib/Exception/WebDriverException.php:114
/home/travis/build/tatsta/paymentSDK-php/vendor/facebook/webdriver/lib/Remote/HttpCommandExecutor.php:331
/home/travis/build/tatsta/paymentSDK-php/vendor/facebook/webdriver/lib/Remote/RemoteWebDriver.php:565
/home/travis/build/tatsta/paymentSDK-php/vendor/facebook/webdriver/lib/Remote/RemoteExecuteMethod.php:40
/home/travis/build/tatsta/paymentSDK-php/vendor/facebook/webdriver/lib/Remote/RemoteWebElement.php:81
/home/travis/build/tatsta/paymentSDK-php/vendor/codeception/codeception/src/Codeception/Module/WebDriver.php:997
/home/travis/build/tatsta/paymentSDK-php/vendor/codeception/codeception/src/Codeception/Step.php:265
/home/travis/build/tatsta/paymentSDK-php/vendor/codeception/codeception/src/Codeception/Scenario.php:72
/home/travis/build/tatsta/paymentSDK-php/tests/_support/_generated/AcceptanceTesterActions.php:628
/home/travis/build/tatsta/paymentSDK-php/tests/_support/AcceptanceTester.php:228
/home/travis/build/tatsta/paymentSDK-php/vendor/codeception/codeception/src/Codeception/Test/Gherkin.php:142
/home/travis/build/tatsta/paymentSDK-php/vendor/codeception/codeception/src/Codeception/Test/Gherkin.php:83
/home/travis/build/tatsta/paymentSDK-php/vendor/codeception/codeception/src/Codeception/Test/Test.php:88
/home/travis/build/tatsta/paymentSDK-php/vendor/codeception/phpunit-wrapper/src/Runner.php:110
/home/travis/build/tatsta/paymentSDK-php/vendor/codeception/codeception/src/Codeception/SuiteManager.php:158
/home/travis/build/tatsta/paymentSDK-php/vendor/codeception/codeception/src/Codeception/Codecept.php:192
/home/travis/build/tatsta/paymentSDK-php/vendor/codeception/codeception/src/Codeception/Codecept.php:159
/home/travis/build/tatsta/paymentSDK-php/vendor/codeception/codeception/src/Codeception/Command/Run.php:494
/home/travis/build/tatsta/paymentSDK-php/vendor/codeception/codeception/src/Codeception/Command/Run.php:389
/home/travis/build/tatsta/paymentSDK-php/vendor/symfony/console/Command/Command.php:255
/home/travis/build/tatsta/paymentSDK-php/vendor/symfony/console/Application.php:1012
/home/travis/build/tatsta/paymentSDK-php/vendor/symfony/console/Application.php:272
/home/travis/build/tatsta/paymentSDK-php/vendor/symfony/console/Application.php:148
/home/travis/build/tatsta/paymentSDK-php/vendor/codeception/codeception/src/Codeception/Application.php:107
</error>
    </testcase>
    <testcase file="/home/travis/build/tatsta/paymentSDK-php/tests/acceptance/PayPalAuthorizationAndPostProcessingHappyPath.feature" name="PayPalAuthorizationAndPostProcessingHappyPath: refund" feature="refund" assertions="1" time="45.432780">
      <error type="Facebook\WebDriver\Exception\UnknownServerException">PayPalAuthorizationAndPostProcessingHappyPath: refund
Facebook\WebDriver\Exception\UnknownServerException: element click intercepted: Element &lt;div id="button" class="buttons reviewButton"&gt;...&lt;/div&gt; is not clickable at point (313, 594). Other element would receive the click: &lt;div class="gdprCookieBanner_buttonWrapper gdprCookieBanner_buttonWrapper-custom"&gt;...&lt;/div&gt;
  (Session info: chrome=80.0.3987.87)
  (Driver info: chromedriver=80.0.3987.16 (320f6526c1632ad4f205ebce69b99a062ed78647-refs/branch-heads/3987@{#185}),platform=Windows NT 6.3.9600 x86_64) (WARNING: The server did not provide any stacktrace information)
Command duration or timeout: 1.31 seconds
Build info: version: '2.53.0', revision: '35ae25b', time: '2016-03-15 17:00:58'
System info: host: '207-254-19-75', ip: '207.254.19.75', os.name: 'windows', os.arch: 'x86', os.version: '6.3', java.version: '1.8.0_181'
Driver info: org.openqa.selenium.chrome.ChromeDriver
Capabilities [{mobileEmulationEnabled=false, timeouts={implicit=0, pageLoad=300000, script=30000}, hasTouchScreen=false, platform=XP, acceptSslCerts=false, goog:chromeOptions={debuggerAddress=localhost:1570}, acceptInsecureCerts=false, webStorageEnabled=true, browserName=chrome, takesScreenshot=true, javascriptEnabled=true, setWindowRect=true, unexpectedAlertBehaviour=ignore, applicationCacheEnabled=false, rotatable=false, networkConnectionEnabled=false, chrome={chromedriverVersion=80.0.3987.16 (320f6526c1632ad4f205ebce69b99a062ed78647-refs/branch-heads/3987@{#185}), userDataDir=C:\Windows\proxy\scoped_dir2140_1947449970}, takesHeapSnapshot=true, pageLoadStrategy=normal, strictFileInteractability=false, databaseEnabled=false, handlesAlerts=true, version=80.0.3987.87, browserConnectionEnabled=false, proxy={}, nativeEvents=true, locationContextEnabled=true, cssSelectorsEnabled=true}]
Session ID: 19f34922b1395edbd9572712be329c8b

/home/travis/build/tatsta/paymentSDK-php/vendor/facebook/webdriver/lib/Exception/WebDriverException.php:114
/home/travis/build/tatsta/paymentSDK-php/vendor/facebook/webdriver/lib/Remote/HttpCommandExecutor.php:331
/home/travis/build/tatsta/paymentSDK-php/vendor/facebook/webdriver/lib/Remote/RemoteWebDriver.php:565
/home/travis/build/tatsta/paymentSDK-php/vendor/facebook/webdriver/lib/Remote/RemoteExecuteMethod.php:40
/home/travis/build/tatsta/paymentSDK-php/vendor/facebook/webdriver/lib/Remote/RemoteWebElement.php:81
/home/travis/build/tatsta/paymentSDK-php/vendor/codeception/codeception/src/Codeception/Module/WebDriver.php:997
/home/travis/build/tatsta/paymentSDK-php/vendor/codeception/codeception/src/Codeception/Step.php:265
/home/travis/build/tatsta/paymentSDK-php/vendor/codeception/codeception/src/Codeception/Scenario.php:72
/home/travis/build/tatsta/paymentSDK-php/tests/_support/_generated/AcceptanceTesterActions.php:628
/home/travis/build/tatsta/paymentSDK-php/tests/_support/AcceptanceTester.php:228
/home/travis/build/tatsta/paymentSDK-php/vendor/codeception/codeception/src/Codeception/Test/Gherkin.php:142
/home/travis/build/tatsta/paymentSDK-php/vendor/codeception/codeception/src/Codeception/Test/Gherkin.php:83
/home/travis/build/tatsta/paymentSDK-php/vendor/codeception/codeception/src/Codeception/Test/Test.php:88
/home/travis/build/tatsta/paymentSDK-php/vendor/codeception/phpunit-wrapper/src/Runner.php:110
/home/travis/build/tatsta/paymentSDK-php/vendor/codeception/codeception/src/Codeception/SuiteManager.php:158
/home/travis/build/tatsta/paymentSDK-php/vendor/codeception/codeception/src/Codeception/Codecept.php:192
/home/travis/build/tatsta/paymentSDK-php/vendor/codeception/codeception/src/Codeception/Codecept.php:159
/home/travis/build/tatsta/paymentSDK-php/vendor/codeception/codeception/src/Codeception/Command/Run.php:494
/home/travis/build/tatsta/paymentSDK-php/vendor/codeception/codeception/src/Codeception/Command/Run.php:389
/home/travis/build/tatsta/paymentSDK-php/vendor/symfony/console/Command/Command.php:255
/home/travis/build/tatsta/paymentSDK-php/vendor/symfony/console/Application.php:1012
/home/travis/build/tatsta/paymentSDK-php/vendor/symfony/console/Application.php:272
/home/travis/build/tatsta/paymentSDK-php/vendor/symfony/console/Application.php:148
/home/travis/build/tatsta/paymentSDK-php/vendor/codeception/codeception/src/Codeception/Application.php:107
</error>
    </testcase>
    <testcase file="/home/travis/build/tatsta/paymentSDK-php/tests/acceptance/PayPalAuthorizationAndPostProcessingHappyPath.feature" name="PayPalAuthorizationAndPostProcessingHappyPath: cancel" feature="cancel" assertions="2" time="91.296153">
      <failure type="PHPUnit_Framework_ExpectationFailedException">PayPalAuthorizationAndPostProcessingHappyPath: cancel
Failed asserting that '/examples/payments/PayPal/return.php?status=failure' contains "success".

/home/travis/build/tatsta/paymentSDK-php/vendor/codeception/phpunit-wrapper/src/TestCase.php:47
/home/travis/build/tatsta/paymentSDK-php/vendor/codeception/codeception/src/Codeception/Util/Shared/Asserts.php:449
/home/travis/build/tatsta/paymentSDK-php/vendor/codeception/codeception/src/Codeception/Module/WebDriver.php:1177
/home/travis/build/tatsta/paymentSDK-php/vendor/codeception/codeception/src/Codeception/Step.php:265
/home/travis/build/tatsta/paymentSDK-php/vendor/codeception/codeception/src/Codeception/Scenario.php:72
/home/travis/build/tatsta/paymentSDK-php/tests/_support/_generated/AcceptanceTesterActions.php:736
/home/travis/build/tatsta/paymentSDK-php/tests/_support/AcceptanceTester.php:190
/home/travis/build/tatsta/paymentSDK-php/vendor/codeception/codeception/src/Codeception/Test/Gherkin.php:142
/home/travis/build/tatsta/paymentSDK-php/vendor/codeception/codeception/src/Codeception/Test/Gherkin.php:83
/home/travis/build/tatsta/paymentSDK-php/vendor/codeception/codeception/src/Codeception/Test/Test.php:88
/home/travis/build/tatsta/paymentSDK-php/vendor/codeception/phpunit-wrapper/src/Runner.php:110
/home/travis/build/tatsta/paymentSDK-php/vendor/codeception/codeception/src/Codeception/SuiteManager.php:158
/home/travis/build/tatsta/paymentSDK-php/vendor/codeception/codeception/src/Codeception/Codecept.php:192
/home/travis/build/tatsta/paymentSDK-php/vendor/codeception/codeception/src/Codeception/Codecept.php:159
/home/travis/build/tatsta/paymentSDK-php/vendor/codeception/codeception/src/Codeception/Command/Run.php:494
/home/travis/build/tatsta/paymentSDK-php/vendor/codeception/codeception/src/Codeception/Command/Run.php:389
/home/travis/build/tatsta/paymentSDK-php/vendor/symfony/console/Command/Command.php:255
/home/travis/build/tatsta/paymentSDK-php/vendor/symfony/console/Application.php:1012
/home/travis/build/tatsta/paymentSDK-php/vendor/symfony/console/Application.php:272
/home/travis/build/tatsta/paymentSDK-php/vendor/symfony/console/Application.php:148
/home/travis/build/tatsta/paymentSDK-php/vendor/codeception/codeception/src/Codeception/Application.php:107
</failure>
    </testcase>
    <testcase file="/home/travis/build/tatsta/paymentSDK-php/tests/acceptance/PayPalAuthorizationHappyPath.feature" name="PayPalAuthorizationHappyPath: authorization" feature="authorization" assertions="3" time="86.506524">
      <failure type="PHPUnit_Framework_ExpectationFailedException">PayPalAuthorizationHappyPath: authorization
Failed asserting that '/examples/payments/PayPal/return.php?status=failure' contains "success".

/home/travis/build/tatsta/paymentSDK-php/vendor/codeception/phpunit-wrapper/src/TestCase.php:47
/home/travis/build/tatsta/paymentSDK-php/vendor/codeception/codeception/src/Codeception/Util/Shared/Asserts.php:449
/home/travis/build/tatsta/paymentSDK-php/vendor/codeception/codeception/src/Codeception/Module/WebDriver.php:1177
/home/travis/build/tatsta/paymentSDK-php/vendor/codeception/codeception/src/Codeception/Step.php:265
/home/travis/build/tatsta/paymentSDK-php/vendor/codeception/codeception/src/Codeception/Scenario.php:72
/home/travis/build/tatsta/paymentSDK-php/tests/_support/_generated/AcceptanceTesterActions.php:736
/home/travis/build/tatsta/paymentSDK-php/tests/_support/AcceptanceTester.php:190
/home/travis/build/tatsta/paymentSDK-php/vendor/codeception/codeception/src/Codeception/Test/Gherkin.php:142
/home/travis/build/tatsta/paymentSDK-php/vendor/codeception/codeception/src/Codeception/Test/Gherkin.php:83
/home/travis/build/tatsta/paymentSDK-php/vendor/codeception/codeception/src/Codeception/Test/Test.php:88
/home/travis/build/tatsta/paymentSDK-php/vendor/codeception/phpunit-wrapper/src/Runner.php:110
/home/travis/build/tatsta/paymentSDK-php/vendor/codeception/codeception/src/Codeception/SuiteManager.php:158
/home/travis/build/tatsta/paymentSDK-php/vendor/codeception/codeception/src/Codeception/Codecept.php:192
/home/travis/build/tatsta/paymentSDK-php/vendor/codeception/codeception/src/Codeception/Codecept.php:159
/home/travis/build/tatsta/paymentSDK-php/vendor/codeception/codeception/src/Codeception/Command/Run.php:494
/home/travis/build/tatsta/paymentSDK-php/vendor/codeception/codeception/src/Codeception/Command/Run.php:389
/home/travis/build/tatsta/paymentSDK-php/vendor/symfony/console/Command/Command.php:255
/home/travis/build/tatsta/paymentSDK-php/vendor/symfony/console/Application.php:1012
/home/travis/build/tatsta/paymentSDK-php/vendor/symfony/console/Application.php:272
/home/travis/build/tatsta/paymentSDK-php/vendor/symfony/console/Application.php:148
/home/travis/build/tatsta/paymentSDK-php/vendor/codeception/codeception/src/Codeception/Application.php:107
</failure>
    </testcase>
    <testcase file="/home/travis/build/tatsta/paymentSDK-php/tests/acceptance/PayPalPurchaseHappyPath.feature" name="PayPalPurchaseHappyPath: purchase" feature="purchase" assertions="3" time="85.547496">
      <failure type="PHPUnit_Framework_ExpectationFailedException">PayPalPurchaseHappyPath: purchase
Failed asserting that '/examples/payments/PayPal/return.php?status=failure' contains "success".

/home/travis/build/tatsta/paymentSDK-php/vendor/codeception/phpunit-wrapper/src/TestCase.php:47
/home/travis/build/tatsta/paymentSDK-php/vendor/codeception/codeception/src/Codeception/Util/Shared/Asserts.php:449
/home/travis/build/tatsta/paymentSDK-php/vendor/codeception/codeception/src/Codeception/Module/WebDriver.php:1177
/home/travis/build/tatsta/paymentSDK-php/vendor/codeception/codeception/src/Codeception/Step.php:265
/home/travis/build/tatsta/paymentSDK-php/vendor/codeception/codeception/src/Codeception/Scenario.php:72
/home/travis/build/tatsta/paymentSDK-php/tests/_support/_generated/AcceptanceTesterActions.php:736
/home/travis/build/tatsta/paymentSDK-php/tests/_support/AcceptanceTester.php:190
/home/travis/build/tatsta/paymentSDK-php/vendor/codeception/codeception/src/Codeception/Test/Gherkin.php:142
/home/travis/build/tatsta/paymentSDK-php/vendor/codeception/codeception/src/Codeception/Test/Gherkin.php:83
/home/travis/build/tatsta/paymentSDK-php/vendor/codeception/codeception/src/Codeception/Test/Test.php:88
/home/travis/build/tatsta/paymentSDK-php/vendor/codeception/phpunit-wrapper/src/Runner.php:110
/home/travis/build/tatsta/paymentSDK-php/vendor/codeception/codeception/src/Codeception/SuiteManager.php:158
/home/travis/build/tatsta/paymentSDK-php/vendor/codeception/codeception/src/Codeception/Codecept.php:192
/home/travis/build/tatsta/paymentSDK-php/vendor/codeception/codeception/src/Codeception/Codecept.php:159
/home/travis/build/tatsta/paymentSDK-php/vendor/codeception/codeception/src/Codeception/Command/Run.php:494
/home/travis/build/tatsta/paymentSDK-php/vendor/codeception/codeception/src/Codeception/Command/Run.php:389
/home/travis/build/tatsta/paymentSDK-php/vendor/symfony/console/Command/Command.php:255
/home/travis/build/tatsta/paymentSDK-php/vendor/symfony/console/Application.php:1012
/home/travis/build/tatsta/paymentSDK-php/vendor/symfony/console/Application.php:272
/home/travis/build/tatsta/paymentSDK-php/vendor/symfony/console/Application.php:148
/home/travis/build/tatsta/paymentSDK-php/vendor/codeception/codeception/src/Codeception/Application.php:107
</failure>
    </testcase>
  </testsuite>
</testsuites>
