<?xml version="1.0" encoding="UTF-8"?>
<testsuites>
  <testsuite name="acceptance" tests="30" assertions="139" failures="0" errors="6" time="1126.627554">
    <testcase file="/home/travis/build/tatsta/paymentSDK-php/tests/acceptance/CreditCard3DSAuthorizationAndPostprocessingHappyPath.feature" name="CreditCard3DSAuthorizationAndPostprocessingHappyPath: authorization" feature="authorization" assertions="8" time="74.547565"/>
    <testcase file="/home/travis/build/tatsta/paymentSDK-php/tests/acceptance/CreditCard3DSAuthorizationAndPostprocessingHappyPath.feature" name="CreditCard3DSAuthorizationAndPostprocessingHappyPath: capture" feature="capture" assertions="6" time="43.839750"/>
    <testcase file="/home/travis/build/tatsta/paymentSDK-php/tests/acceptance/CreditCard3DSAuthorizationAndPostprocessingHappyPath.feature" name="CreditCard3DSAuthorizationAndPostprocessingHappyPath: refund" feature="refund" assertions="8" time="62.111148"/>
    <testcase file="/home/travis/build/tatsta/paymentSDK-php/tests/acceptance/CreditCard3DSAuthorizationAndPostprocessingHappyPath.feature" name="CreditCard3DSAuthorizationAndPostprocessingHappyPath: cancel" feature="cancel" assertions="6" time="42.182248"/>
    <testcase file="/home/travis/build/tatsta/paymentSDK-php/tests/acceptance/CreditCard3DSPurchaseAndPostprocessingHappyPath.feature" name="CreditCard3DSPurchaseAndPostprocessingHappyPath: purchase" feature="purchase" assertions="5" time="35.468789"/>
    <testcase file="/home/travis/build/tatsta/paymentSDK-php/tests/acceptance/CreditCard3DSPurchaseAndPostprocessingHappyPath.feature" name="CreditCard3DSPurchaseAndPostprocessingHappyPath: refundOrcancel" feature="refundOrcancel" assertions="6" time="44.008959"/>
    <testcase file="/home/travis/build/tatsta/paymentSDK-php/tests/acceptance/CreditCard3DSWppv2AuthorizationAndPostprocessingHappyPath.feature" name="CreditCard3DSWppv2AuthorizationAndPostprocessingHappyPath: authorization" feature="authorization" assertions="8" time="54.913536"/>
    <testcase file="/home/travis/build/tatsta/paymentSDK-php/tests/acceptance/CreditCard3DSWppv2AuthorizationAndPostprocessingHappyPath.feature" name="CreditCard3DSWppv2AuthorizationAndPostprocessingHappyPath: capture" feature="capture" assertions="6" time="38.908615"/>
    <testcase file="/home/travis/build/tatsta/paymentSDK-php/tests/acceptance/CreditCard3DSWppv2AuthorizationAndPostprocessingHappyPath.feature" name="CreditCard3DSWppv2AuthorizationAndPostprocessingHappyPath: refund" feature="refund" assertions="8" time="47.409390"/>
    <testcase file="/home/travis/build/tatsta/paymentSDK-php/tests/acceptance/CreditCard3DSWppv2AuthorizationAndPostprocessingHappyPath.feature" name="CreditCard3DSWppv2AuthorizationAndPostprocessingHappyPath: cancel" feature="cancel" assertions="6" time="39.477384"/>
    <testcase file="/home/travis/build/tatsta/paymentSDK-php/tests/acceptance/CreditCard3DSWppv2PurchaseHappyPath.feature" name="CreditCard3DSWppv2PurchaseHappyPath: purchase" feature="purchase" assertions="5" time="31.547697"/>
    <testcase file="/home/travis/build/tatsta/paymentSDK-php/tests/acceptance/CreditCard3DSWppv2PurchaseHappyPath.feature" name="CreditCard3DSWppv2PurchaseHappyPath: voidPurchase" feature="voidPurchase" assertions="6" time="39.303849"/>
    <testcase file="/home/travis/build/tatsta/paymentSDK-php/tests/acceptance/CreditCardNon3DSAuthorizationAndPostprocessingHappyPath.feature" name="CreditCardNon3DSAuthorizationAndPostprocessingHappyPath: authorization" feature="authorization" assertions="3" time="15.964205"/>
    <testcase file="/home/travis/build/tatsta/paymentSDK-php/tests/acceptance/CreditCardNon3DSAuthorizationAndPostprocessingHappyPath.feature" name="CreditCardNon3DSAuthorizationAndPostprocessingHappyPath: capture" feature="capture" assertions="5" time="44.840567"/>
    <testcase file="/home/travis/build/tatsta/paymentSDK-php/tests/acceptance/CreditCardNon3DSAuthorizationAndPostprocessingHappyPath.feature" name="CreditCardNon3DSAuthorizationAndPostprocessingHappyPath: refund" feature="refund" assertions="6" time="30.800574"/>
    <testcase file="/home/travis/build/tatsta/paymentSDK-php/tests/acceptance/CreditCardNon3DSAuthorizationAndPostprocessingHappyPath.feature" name="CreditCardNon3DSAuthorizationAndPostprocessingHappyPath: cancel" feature="cancel" assertions="4" time="22.549398"/>
    <testcase file="/home/travis/build/tatsta/paymentSDK-php/tests/acceptance/CreditCardNon3DSPurchaseAndPostprocessingHappyPath.feature" name="CreditCardNon3DSPurchaseAndPostprocessingHappyPath: purchase" feature="purchase" assertions="3" time="15.684213"/>
    <testcase file="/home/travis/build/tatsta/paymentSDK-php/tests/acceptance/CreditCardNon3DSPurchaseAndPostprocessingHappyPath.feature" name="CreditCardNon3DSPurchaseAndPostprocessingHappyPath: refundOrcancel" feature="refundOrcancel" assertions="4" time="21.408347"/>
    <testcase file="/home/travis/build/tatsta/paymentSDK-php/tests/acceptance/CreditCardNon3DSWppv2AuthorizationAndPostprocessingHappyPath.feature" name="CreditCardNon3DSWppv2AuthorizationAndPostprocessingHappyPath: authorization" feature="authorization" assertions="6" time="32.508859"/>
    <testcase file="/home/travis/build/tatsta/paymentSDK-php/tests/acceptance/CreditCardNon3DSWppv2AuthorizationAndPostprocessingHappyPath.feature" name="CreditCardNon3DSWppv2AuthorizationAndPostprocessingHappyPath: capture" feature="capture" assertions="5" time="19.364362"/>
    <testcase file="/home/travis/build/tatsta/paymentSDK-php/tests/acceptance/CreditCardNon3DSWppv2AuthorizationAndPostprocessingHappyPath.feature" name="CreditCardNon3DSWppv2AuthorizationAndPostprocessingHappyPath: refund" feature="refund" assertions="7" time="25.486547"/>
    <testcase file="/home/travis/build/tatsta/paymentSDK-php/tests/acceptance/CreditCardNon3DSWppv2AuthorizationAndPostprocessingHappyPath.feature" name="CreditCardNon3DSWppv2AuthorizationAndPostprocessingHappyPath: cancel" feature="cancel" assertions="5" time="19.222312"/>
    <testcase file="/home/travis/build/tatsta/paymentSDK-php/tests/acceptance/CreditCardNon3DSWppv2PurchaseHappyPath.feature" name="CreditCardNon3DSWppv2PurchaseHappyPath: purchase" feature="purchase" assertions="3" time="11.182671"/>
    <testcase file="/home/travis/build/tatsta/paymentSDK-php/tests/acceptance/CreditCardNon3DSWppv2PurchaseHappyPath.feature" name="CreditCardNon3DSWppv2PurchaseHappyPath: voidPurchase" feature="voidPurchase" assertions="5" time="19.711478"/>
    <testcase file="/home/travis/build/tatsta/paymentSDK-php/tests/acceptance/PayPalAuthorizationAndPostProcessingHappyPath.feature" name="PayPalAuthorizationAndPostProcessingHappyPath: authorization" feature="authorization" assertions="1" time="43.583557">
      <error type="Facebook\WebDriver\Exception\UnknownServerException">PayPalAuthorizationAndPostProcessingHappyPath: authorization
Facebook\WebDriver\Exception\UnknownServerException: element click intercepted: Element &lt;div id="button" class="buttons reviewButton"&gt;...&lt;/div&gt; is not clickable at point (313, 554). Other element would receive the click: &lt;div id="gdprCookieContent_wrapper" class="col-sm-12"&gt;...&lt;/div&gt;
  (Session info: chrome=79.0.3945.79)
  (Driver info: chromedriver=79.0.3945.16 (93fcc21110c10dbbd49bbff8f472335360e31d05-refs/branch-heads/3945@{#262}),platform=Windows NT 10.0.17134 x86_64) (WARNING: The server did not provide any stacktrace information)
Command duration or timeout: 1.09 seconds
Build info: version: '2.53.0', revision: '35ae25b', time: '2016-03-15 17:00:58'
System info: host: '207-254-7-74', ip: '207.254.7.74', os.name: 'windows', os.arch: 'x86', os.version: '10.0', java.version: '1.8.0_181'
Driver info: org.openqa.selenium.chrome.ChromeDriver
Capabilities [{mobileEmulationEnabled=false, timeouts={implicit=0, pageLoad=300000, script=30000}, hasTouchScreen=false, platform=XP, acceptSslCerts=false, goog:chromeOptions={debuggerAddress=localhost:1745}, acceptInsecureCerts=false, webStorageEnabled=true, browserName=chrome, takesScreenshot=true, javascriptEnabled=true, setWindowRect=true, unexpectedAlertBehaviour=ignore, applicationCacheEnabled=false, rotatable=false, networkConnectionEnabled=false, chrome={chromedriverVersion=79.0.3945.16 (93fcc21110c10dbbd49bbff8f472335360e31d05-refs/branch-heads/3945@{#262}), userDataDir=C:\Windows\proxy\scoped_dir8596_1251529671}, takesHeapSnapshot=true, pageLoadStrategy=normal, strictFileInteractability=false, databaseEnabled=false, handlesAlerts=true, version=79.0.3945.79, browserConnectionEnabled=false, proxy={}, nativeEvents=true, locationContextEnabled=true, cssSelectorsEnabled=true}]
Session ID: 6dc53461799bac0366b945d798318248

/home/travis/build/tatsta/paymentSDK-php/vendor/facebook/webdriver/lib/Exception/WebDriverException.php:114
/home/travis/build/tatsta/paymentSDK-php/vendor/facebook/webdriver/lib/Remote/HttpCommandExecutor.php:331
/home/travis/build/tatsta/paymentSDK-php/vendor/facebook/webdriver/lib/Remote/RemoteWebDriver.php:565
/home/travis/build/tatsta/paymentSDK-php/vendor/facebook/webdriver/lib/Remote/RemoteExecuteMethod.php:40
/home/travis/build/tatsta/paymentSDK-php/vendor/facebook/webdriver/lib/Remote/RemoteWebElement.php:81
/home/travis/build/tatsta/paymentSDK-php/vendor/codeception/codeception/src/Codeception/Module/WebDriver.php:997
/home/travis/build/tatsta/paymentSDK-php/vendor/codeception/codeception/src/Codeception/Step.php:265
/home/travis/build/tatsta/paymentSDK-php/vendor/codeception/codeception/src/Codeception/Scenario.php:72
/home/travis/build/tatsta/paymentSDK-php/tests/_support/_generated/AcceptanceTesterActions.php:628
/home/travis/build/tatsta/paymentSDK-php/tests/_support/AcceptanceTester.php:228
/home/travis/build/tatsta/paymentSDK-php/vendor/codeception/codeception/src/Codeception/Test/Gherkin.php:142
/home/travis/build/tatsta/paymentSDK-php/vendor/codeception/codeception/src/Codeception/Test/Gherkin.php:83
/home/travis/build/tatsta/paymentSDK-php/vendor/codeception/codeception/src/Codeception/Test/Test.php:88
/home/travis/build/tatsta/paymentSDK-php/vendor/codeception/phpunit-wrapper/src/Runner.php:110
/home/travis/build/tatsta/paymentSDK-php/vendor/codeception/codeception/src/Codeception/SuiteManager.php:158
/home/travis/build/tatsta/paymentSDK-php/vendor/codeception/codeception/src/Codeception/Codecept.php:192
/home/travis/build/tatsta/paymentSDK-php/vendor/codeception/codeception/src/Codeception/Codecept.php:159
/home/travis/build/tatsta/paymentSDK-php/vendor/codeception/codeception/src/Codeception/Command/Run.php:494
/home/travis/build/tatsta/paymentSDK-php/vendor/codeception/codeception/src/Codeception/Command/Run.php:389
/home/travis/build/tatsta/paymentSDK-php/vendor/symfony/console/Command/Command.php:255
/home/travis/build/tatsta/paymentSDK-php/vendor/symfony/console/Application.php:1011
/home/travis/build/tatsta/paymentSDK-php/vendor/symfony/console/Application.php:272
/home/travis/build/tatsta/paymentSDK-php/vendor/symfony/console/Application.php:148
/home/travis/build/tatsta/paymentSDK-php/vendor/codeception/codeception/src/Codeception/Application.php:107
</error>
    </testcase>
    <testcase file="/home/travis/build/tatsta/paymentSDK-php/tests/acceptance/PayPalAuthorizationAndPostProcessingHappyPath.feature" name="PayPalAuthorizationAndPostProcessingHappyPath: capture" feature="capture" assertions="0" time="77.200584">
      <error type="Facebook\WebDriver\Exception\WebDriverCurlException">PayPalAuthorizationAndPostProcessingHappyPath: capture
Facebook\WebDriver\Exception\WebDriverCurlException: Curl error thrown for http POST to /session/076c9eed2d53daa9662fa66a3b5e8e44f77fa3bd/element with params: {"using":"xpath","value":"\/\/*[@id='password']"}

Connection timed out after 60001 milliseconds

/home/travis/build/tatsta/paymentSDK-php/vendor/facebook/webdriver/lib/Remote/HttpCommandExecutor.php:297
/home/travis/build/tatsta/paymentSDK-php/vendor/facebook/webdriver/lib/Remote/RemoteWebDriver.php:565
/home/travis/build/tatsta/paymentSDK-php/vendor/facebook/webdriver/lib/Remote/RemoteWebDriver.php:205
/home/travis/build/tatsta/paymentSDK-php/vendor/facebook/webdriver/lib/WebDriverExpectedCondition.php:185
/home/travis/build/tatsta/paymentSDK-php/vendor/facebook/webdriver/lib/WebDriverWait.php:67
/home/travis/build/tatsta/paymentSDK-php/vendor/codeception/codeception/src/Codeception/Module/WebDriver.php:2344
/home/travis/build/tatsta/paymentSDK-php/vendor/codeception/codeception/src/Codeception/Step.php:265
/home/travis/build/tatsta/paymentSDK-php/vendor/codeception/codeception/src/Codeception/Scenario.php:72
/home/travis/build/tatsta/paymentSDK-php/tests/_support/_generated/AcceptanceTesterActions.php:2408
/home/travis/build/tatsta/paymentSDK-php/tests/_support/Page/PayPalLogin.php:45
/home/travis/build/tatsta/paymentSDK-php/tests/_support/AcceptanceTester.php:269
/home/travis/build/tatsta/paymentSDK-php/vendor/codeception/codeception/src/Codeception/Test/Gherkin.php:142
/home/travis/build/tatsta/paymentSDK-php/vendor/codeception/codeception/src/Codeception/Test/Gherkin.php:83
/home/travis/build/tatsta/paymentSDK-php/vendor/codeception/codeception/src/Codeception/Test/Test.php:88
/home/travis/build/tatsta/paymentSDK-php/vendor/codeception/phpunit-wrapper/src/Runner.php:110
/home/travis/build/tatsta/paymentSDK-php/vendor/codeception/codeception/src/Codeception/SuiteManager.php:158
/home/travis/build/tatsta/paymentSDK-php/vendor/codeception/codeception/src/Codeception/Codecept.php:192
/home/travis/build/tatsta/paymentSDK-php/vendor/codeception/codeception/src/Codeception/Codecept.php:159
/home/travis/build/tatsta/paymentSDK-php/vendor/codeception/codeception/src/Codeception/Command/Run.php:494
/home/travis/build/tatsta/paymentSDK-php/vendor/codeception/codeception/src/Codeception/Command/Run.php:389
/home/travis/build/tatsta/paymentSDK-php/vendor/symfony/console/Command/Command.php:255
/home/travis/build/tatsta/paymentSDK-php/vendor/symfony/console/Application.php:1011
/home/travis/build/tatsta/paymentSDK-php/vendor/symfony/console/Application.php:272
/home/travis/build/tatsta/paymentSDK-php/vendor/symfony/console/Application.php:148
/home/travis/build/tatsta/paymentSDK-php/vendor/codeception/codeception/src/Codeception/Application.php:107
</error>
    </testcase>
    <testcase file="/home/travis/build/tatsta/paymentSDK-php/tests/acceptance/PayPalAuthorizationAndPostProcessingHappyPath.feature" name="PayPalAuthorizationAndPostProcessingHappyPath: refund" feature="refund" assertions="1" time="43.242264">
      <error type="Facebook\WebDriver\Exception\UnknownServerException">PayPalAuthorizationAndPostProcessingHappyPath: refund
Facebook\WebDriver\Exception\UnknownServerException: element click intercepted: Element &lt;div id="button" class="buttons reviewButton"&gt;...&lt;/div&gt; is not clickable at point (313, 554). Other element would receive the click: &lt;div id="gdprCookieContent_wrapper" class="col-sm-12"&gt;...&lt;/div&gt;
  (Session info: chrome=79.0.3945.79)
  (Driver info: chromedriver=79.0.3945.16 (93fcc21110c10dbbd49bbff8f472335360e31d05-refs/branch-heads/3945@{#262}),platform=Windows NT 10.0.17134 x86_64) (WARNING: The server did not provide any stacktrace information)
Command duration or timeout: 1.08 seconds
Build info: version: '2.53.0', revision: '35ae25b', time: '2016-03-15 17:00:58'
System info: host: '207-254-7-74', ip: '207.254.7.74', os.name: 'windows', os.arch: 'x86', os.version: '10.0', java.version: '1.8.0_181'
Driver info: org.openqa.selenium.chrome.ChromeDriver
Capabilities [{mobileEmulationEnabled=false, timeouts={implicit=0, pageLoad=300000, script=30000}, hasTouchScreen=false, platform=XP, acceptSslCerts=false, goog:chromeOptions={debuggerAddress=localhost:1745}, acceptInsecureCerts=false, webStorageEnabled=true, browserName=chrome, takesScreenshot=true, javascriptEnabled=true, setWindowRect=true, unexpectedAlertBehaviour=ignore, applicationCacheEnabled=false, rotatable=false, networkConnectionEnabled=false, chrome={chromedriverVersion=79.0.3945.16 (93fcc21110c10dbbd49bbff8f472335360e31d05-refs/branch-heads/3945@{#262}), userDataDir=C:\Windows\proxy\scoped_dir8596_1251529671}, takesHeapSnapshot=true, pageLoadStrategy=normal, strictFileInteractability=false, databaseEnabled=false, handlesAlerts=true, version=79.0.3945.79, browserConnectionEnabled=false, proxy={}, nativeEvents=true, locationContextEnabled=true, cssSelectorsEnabled=true}]
Session ID: 6dc53461799bac0366b945d798318248

/home/travis/build/tatsta/paymentSDK-php/vendor/facebook/webdriver/lib/Exception/WebDriverException.php:114
/home/travis/build/tatsta/paymentSDK-php/vendor/facebook/webdriver/lib/Remote/HttpCommandExecutor.php:331
/home/travis/build/tatsta/paymentSDK-php/vendor/facebook/webdriver/lib/Remote/RemoteWebDriver.php:565
/home/travis/build/tatsta/paymentSDK-php/vendor/facebook/webdriver/lib/Remote/RemoteExecuteMethod.php:40
/home/travis/build/tatsta/paymentSDK-php/vendor/facebook/webdriver/lib/Remote/RemoteWebElement.php:81
/home/travis/build/tatsta/paymentSDK-php/vendor/codeception/codeception/src/Codeception/Module/WebDriver.php:997
/home/travis/build/tatsta/paymentSDK-php/vendor/codeception/codeception/src/Codeception/Step.php:265
/home/travis/build/tatsta/paymentSDK-php/vendor/codeception/codeception/src/Codeception/Scenario.php:72
/home/travis/build/tatsta/paymentSDK-php/tests/_support/_generated/AcceptanceTesterActions.php:628
/home/travis/build/tatsta/paymentSDK-php/tests/_support/AcceptanceTester.php:228
/home/travis/build/tatsta/paymentSDK-php/vendor/codeception/codeception/src/Codeception/Test/Gherkin.php:142
/home/travis/build/tatsta/paymentSDK-php/vendor/codeception/codeception/src/Codeception/Test/Gherkin.php:83
/home/travis/build/tatsta/paymentSDK-php/vendor/codeception/codeception/src/Codeception/Test/Test.php:88
/home/travis/build/tatsta/paymentSDK-php/vendor/codeception/phpunit-wrapper/src/Runner.php:110
/home/travis/build/tatsta/paymentSDK-php/vendor/codeception/codeception/src/Codeception/SuiteManager.php:158
/home/travis/build/tatsta/paymentSDK-php/vendor/codeception/codeception/src/Codeception/Codecept.php:192
/home/travis/build/tatsta/paymentSDK-php/vendor/codeception/codeception/src/Codeception/Codecept.php:159
/home/travis/build/tatsta/paymentSDK-php/vendor/codeception/codeception/src/Codeception/Command/Run.php:494
/home/travis/build/tatsta/paymentSDK-php/vendor/codeception/codeception/src/Codeception/Command/Run.php:389
/home/travis/build/tatsta/paymentSDK-php/vendor/symfony/console/Command/Command.php:255
/home/travis/build/tatsta/paymentSDK-php/vendor/symfony/console/Application.php:1011
/home/travis/build/tatsta/paymentSDK-php/vendor/symfony/console/Application.php:272
/home/travis/build/tatsta/paymentSDK-php/vendor/symfony/console/Application.php:148
/home/travis/build/tatsta/paymentSDK-php/vendor/codeception/codeception/src/Codeception/Application.php:107
</error>
    </testcase>
    <testcase file="/home/travis/build/tatsta/paymentSDK-php/tests/acceptance/PayPalAuthorizationAndPostProcessingHappyPath.feature" name="PayPalAuthorizationAndPostProcessingHappyPath: cancel" feature="cancel" assertions="1" time="41.725158">
      <error type="Facebook\WebDriver\Exception\UnknownServerException">PayPalAuthorizationAndPostProcessingHappyPath: cancel
Facebook\WebDriver\Exception\UnknownServerException: element click intercepted: Element &lt;div id="button" class="buttons reviewButton"&gt;...&lt;/div&gt; is not clickable at point (313, 554). Other element would receive the click: &lt;div id="gdprCookieContent_wrapper" class="col-sm-12"&gt;...&lt;/div&gt;
  (Session info: chrome=79.0.3945.79)
  (Driver info: chromedriver=79.0.3945.16 (93fcc21110c10dbbd49bbff8f472335360e31d05-refs/branch-heads/3945@{#262}),platform=Windows NT 10.0.17134 x86_64) (WARNING: The server did not provide any stacktrace information)
Command duration or timeout: 1.08 seconds
Build info: version: '2.53.0', revision: '35ae25b', time: '2016-03-15 17:00:58'
System info: host: '207-254-7-74', ip: '207.254.7.74', os.name: 'windows', os.arch: 'x86', os.version: '10.0', java.version: '1.8.0_181'
Driver info: org.openqa.selenium.chrome.ChromeDriver
Capabilities [{mobileEmulationEnabled=false, timeouts={implicit=0, pageLoad=300000, script=30000}, hasTouchScreen=false, platform=XP, acceptSslCerts=false, goog:chromeOptions={debuggerAddress=localhost:1745}, acceptInsecureCerts=false, webStorageEnabled=true, browserName=chrome, takesScreenshot=true, javascriptEnabled=true, setWindowRect=true, unexpectedAlertBehaviour=ignore, applicationCacheEnabled=false, rotatable=false, networkConnectionEnabled=false, chrome={chromedriverVersion=79.0.3945.16 (93fcc21110c10dbbd49bbff8f472335360e31d05-refs/branch-heads/3945@{#262}), userDataDir=C:\Windows\proxy\scoped_dir8596_1251529671}, takesHeapSnapshot=true, pageLoadStrategy=normal, strictFileInteractability=false, databaseEnabled=false, handlesAlerts=true, version=79.0.3945.79, browserConnectionEnabled=false, proxy={}, nativeEvents=true, locationContextEnabled=true, cssSelectorsEnabled=true}]
Session ID: 6dc53461799bac0366b945d798318248

/home/travis/build/tatsta/paymentSDK-php/vendor/facebook/webdriver/lib/Exception/WebDriverException.php:114
/home/travis/build/tatsta/paymentSDK-php/vendor/facebook/webdriver/lib/Remote/HttpCommandExecutor.php:331
/home/travis/build/tatsta/paymentSDK-php/vendor/facebook/webdriver/lib/Remote/RemoteWebDriver.php:565
/home/travis/build/tatsta/paymentSDK-php/vendor/facebook/webdriver/lib/Remote/RemoteExecuteMethod.php:40
/home/travis/build/tatsta/paymentSDK-php/vendor/facebook/webdriver/lib/Remote/RemoteWebElement.php:81
/home/travis/build/tatsta/paymentSDK-php/vendor/codeception/codeception/src/Codeception/Module/WebDriver.php:997
/home/travis/build/tatsta/paymentSDK-php/vendor/codeception/codeception/src/Codeception/Step.php:265
/home/travis/build/tatsta/paymentSDK-php/vendor/codeception/codeception/src/Codeception/Scenario.php:72
/home/travis/build/tatsta/paymentSDK-php/tests/_support/_generated/AcceptanceTesterActions.php:628
/home/travis/build/tatsta/paymentSDK-php/tests/_support/AcceptanceTester.php:228
/home/travis/build/tatsta/paymentSDK-php/vendor/codeception/codeception/src/Codeception/Test/Gherkin.php:142
/home/travis/build/tatsta/paymentSDK-php/vendor/codeception/codeception/src/Codeception/Test/Gherkin.php:83
/home/travis/build/tatsta/paymentSDK-php/vendor/codeception/codeception/src/Codeception/Test/Test.php:88
/home/travis/build/tatsta/paymentSDK-php/vendor/codeception/phpunit-wrapper/src/Runner.php:110
/home/travis/build/tatsta/paymentSDK-php/vendor/codeception/codeception/src/Codeception/SuiteManager.php:158
/home/travis/build/tatsta/paymentSDK-php/vendor/codeception/codeception/src/Codeception/Codecept.php:192
/home/travis/build/tatsta/paymentSDK-php/vendor/codeception/codeception/src/Codeception/Codecept.php:159
/home/travis/build/tatsta/paymentSDK-php/vendor/codeception/codeception/src/Codeception/Command/Run.php:494
/home/travis/build/tatsta/paymentSDK-php/vendor/codeception/codeception/src/Codeception/Command/Run.php:389
/home/travis/build/tatsta/paymentSDK-php/vendor/symfony/console/Command/Command.php:255
/home/travis/build/tatsta/paymentSDK-php/vendor/symfony/console/Application.php:1011
/home/travis/build/tatsta/paymentSDK-php/vendor/symfony/console/Application.php:272
/home/travis/build/tatsta/paymentSDK-php/vendor/symfony/console/Application.php:148
/home/travis/build/tatsta/paymentSDK-php/vendor/codeception/codeception/src/Codeception/Application.php:107
</error>
    </testcase>
    <testcase file="/home/travis/build/tatsta/paymentSDK-php/tests/acceptance/PayPalAuthorizationHappyPath.feature" name="PayPalAuthorizationHappyPath: authorization" feature="authorization" assertions="1" time="41.230792">
      <error type="Facebook\WebDriver\Exception\UnknownServerException">PayPalAuthorizationHappyPath: authorization
Facebook\WebDriver\Exception\UnknownServerException: element click intercepted: Element &lt;div id="button" class="buttons reviewButton"&gt;...&lt;/div&gt; is not clickable at point (313, 554). Other element would receive the click: &lt;div id="gdprCookieContent_wrapper" class="col-sm-12"&gt;...&lt;/div&gt;
  (Session info: chrome=79.0.3945.79)
  (Driver info: chromedriver=79.0.3945.16 (93fcc21110c10dbbd49bbff8f472335360e31d05-refs/branch-heads/3945@{#262}),platform=Windows NT 10.0.17134 x86_64) (WARNING: The server did not provide any stacktrace information)
Command duration or timeout: 1.12 seconds
Build info: version: '2.53.0', revision: '35ae25b', time: '2016-03-15 17:00:58'
System info: host: '207-254-7-74', ip: '207.254.7.74', os.name: 'windows', os.arch: 'x86', os.version: '10.0', java.version: '1.8.0_181'
Driver info: org.openqa.selenium.chrome.ChromeDriver
Capabilities [{mobileEmulationEnabled=false, timeouts={implicit=0, pageLoad=300000, script=30000}, hasTouchScreen=false, platform=XP, acceptSslCerts=false, goog:chromeOptions={debuggerAddress=localhost:1745}, acceptInsecureCerts=false, webStorageEnabled=true, browserName=chrome, takesScreenshot=true, javascriptEnabled=true, setWindowRect=true, unexpectedAlertBehaviour=ignore, applicationCacheEnabled=false, rotatable=false, networkConnectionEnabled=false, chrome={chromedriverVersion=79.0.3945.16 (93fcc21110c10dbbd49bbff8f472335360e31d05-refs/branch-heads/3945@{#262}), userDataDir=C:\Windows\proxy\scoped_dir8596_1251529671}, takesHeapSnapshot=true, pageLoadStrategy=normal, strictFileInteractability=false, databaseEnabled=false, handlesAlerts=true, version=79.0.3945.79, browserConnectionEnabled=false, proxy={}, nativeEvents=true, locationContextEnabled=true, cssSelectorsEnabled=true}]
Session ID: 6dc53461799bac0366b945d798318248

/home/travis/build/tatsta/paymentSDK-php/vendor/facebook/webdriver/lib/Exception/WebDriverException.php:114
/home/travis/build/tatsta/paymentSDK-php/vendor/facebook/webdriver/lib/Remote/HttpCommandExecutor.php:331
/home/travis/build/tatsta/paymentSDK-php/vendor/facebook/webdriver/lib/Remote/RemoteWebDriver.php:565
/home/travis/build/tatsta/paymentSDK-php/vendor/facebook/webdriver/lib/Remote/RemoteExecuteMethod.php:40
/home/travis/build/tatsta/paymentSDK-php/vendor/facebook/webdriver/lib/Remote/RemoteWebElement.php:81
/home/travis/build/tatsta/paymentSDK-php/vendor/codeception/codeception/src/Codeception/Module/WebDriver.php:997
/home/travis/build/tatsta/paymentSDK-php/vendor/codeception/codeception/src/Codeception/Step.php:265
/home/travis/build/tatsta/paymentSDK-php/vendor/codeception/codeception/src/Codeception/Scenario.php:72
/home/travis/build/tatsta/paymentSDK-php/tests/_support/_generated/AcceptanceTesterActions.php:628
/home/travis/build/tatsta/paymentSDK-php/tests/_support/AcceptanceTester.php:228
/home/travis/build/tatsta/paymentSDK-php/vendor/codeception/codeception/src/Codeception/Test/Gherkin.php:142
/home/travis/build/tatsta/paymentSDK-php/vendor/codeception/codeception/src/Codeception/Test/Gherkin.php:83
/home/travis/build/tatsta/paymentSDK-php/vendor/codeception/codeception/src/Codeception/Test/Test.php:88
/home/travis/build/tatsta/paymentSDK-php/vendor/codeception/phpunit-wrapper/src/Runner.php:110
/home/travis/build/tatsta/paymentSDK-php/vendor/codeception/codeception/src/Codeception/SuiteManager.php:158
/home/travis/build/tatsta/paymentSDK-php/vendor/codeception/codeception/src/Codeception/Codecept.php:192
/home/travis/build/tatsta/paymentSDK-php/vendor/codeception/codeception/src/Codeception/Codecept.php:159
/home/travis/build/tatsta/paymentSDK-php/vendor/codeception/codeception/src/Codeception/Command/Run.php:494
/home/travis/build/tatsta/paymentSDK-php/vendor/codeception/codeception/src/Codeception/Command/Run.php:389
/home/travis/build/tatsta/paymentSDK-php/vendor/symfony/console/Command/Command.php:255
/home/travis/build/tatsta/paymentSDK-php/vendor/symfony/console/Application.php:1011
/home/travis/build/tatsta/paymentSDK-php/vendor/symfony/console/Application.php:272
/home/travis/build/tatsta/paymentSDK-php/vendor/symfony/console/Application.php:148
/home/travis/build/tatsta/paymentSDK-php/vendor/codeception/codeception/src/Codeception/Application.php:107
</error>
    </testcase>
    <testcase file="/home/travis/build/tatsta/paymentSDK-php/tests/acceptance/PayPalPurchaseHappyPath.feature" name="PayPalPurchaseHappyPath: purchase" feature="purchase" assertions="1" time="47.202736">
      <error type="Facebook\WebDriver\Exception\UnknownServerException">PayPalPurchaseHappyPath: purchase
Facebook\WebDriver\Exception\UnknownServerException: element click intercepted: Element &lt;div id="button" class="buttons reviewButton"&gt;...&lt;/div&gt; is not clickable at point (313, 554). Other element would receive the click: &lt;div id="gdprCookieContent_wrapper" class="col-sm-12"&gt;...&lt;/div&gt;
  (Session info: chrome=79.0.3945.79)
  (Driver info: chromedriver=79.0.3945.16 (93fcc21110c10dbbd49bbff8f472335360e31d05-refs/branch-heads/3945@{#262}),platform=Windows NT 10.0.17134 x86_64) (WARNING: The server did not provide any stacktrace information)
Command duration or timeout: 1.15 seconds
Build info: version: '2.53.0', revision: '35ae25b', time: '2016-03-15 17:00:58'
System info: host: '207-254-7-74', ip: '207.254.7.74', os.name: 'windows', os.arch: 'x86', os.version: '10.0', java.version: '1.8.0_181'
Driver info: org.openqa.selenium.chrome.ChromeDriver
Capabilities [{mobileEmulationEnabled=false, timeouts={implicit=0, pageLoad=300000, script=30000}, hasTouchScreen=false, platform=XP, acceptSslCerts=false, goog:chromeOptions={debuggerAddress=localhost:1745}, acceptInsecureCerts=false, webStorageEnabled=true, browserName=chrome, takesScreenshot=true, javascriptEnabled=true, setWindowRect=true, unexpectedAlertBehaviour=ignore, applicationCacheEnabled=false, rotatable=false, networkConnectionEnabled=false, chrome={chromedriverVersion=79.0.3945.16 (93fcc21110c10dbbd49bbff8f472335360e31d05-refs/branch-heads/3945@{#262}), userDataDir=C:\Windows\proxy\scoped_dir8596_1251529671}, takesHeapSnapshot=true, pageLoadStrategy=normal, strictFileInteractability=false, databaseEnabled=false, handlesAlerts=true, version=79.0.3945.79, browserConnectionEnabled=false, proxy={}, nativeEvents=true, locationContextEnabled=true, cssSelectorsEnabled=true}]
Session ID: 6dc53461799bac0366b945d798318248

/home/travis/build/tatsta/paymentSDK-php/vendor/facebook/webdriver/lib/Exception/WebDriverException.php:114
/home/travis/build/tatsta/paymentSDK-php/vendor/facebook/webdriver/lib/Remote/HttpCommandExecutor.php:331
/home/travis/build/tatsta/paymentSDK-php/vendor/facebook/webdriver/lib/Remote/RemoteWebDriver.php:565
/home/travis/build/tatsta/paymentSDK-php/vendor/facebook/webdriver/lib/Remote/RemoteExecuteMethod.php:40
/home/travis/build/tatsta/paymentSDK-php/vendor/facebook/webdriver/lib/Remote/RemoteWebElement.php:81
/home/travis/build/tatsta/paymentSDK-php/vendor/codeception/codeception/src/Codeception/Module/WebDriver.php:997
/home/travis/build/tatsta/paymentSDK-php/vendor/codeception/codeception/src/Codeception/Step.php:265
/home/travis/build/tatsta/paymentSDK-php/vendor/codeception/codeception/src/Codeception/Scenario.php:72
/home/travis/build/tatsta/paymentSDK-php/tests/_support/_generated/AcceptanceTesterActions.php:628
/home/travis/build/tatsta/paymentSDK-php/tests/_support/AcceptanceTester.php:228
/home/travis/build/tatsta/paymentSDK-php/vendor/codeception/codeception/src/Codeception/Test/Gherkin.php:142
/home/travis/build/tatsta/paymentSDK-php/vendor/codeception/codeception/src/Codeception/Test/Gherkin.php:83
/home/travis/build/tatsta/paymentSDK-php/vendor/codeception/codeception/src/Codeception/Test/Test.php:88
/home/travis/build/tatsta/paymentSDK-php/vendor/codeception/phpunit-wrapper/src/Runner.php:110
/home/travis/build/tatsta/paymentSDK-php/vendor/codeception/codeception/src/Codeception/SuiteManager.php:158
/home/travis/build/tatsta/paymentSDK-php/vendor/codeception/codeception/src/Codeception/Codecept.php:192
/home/travis/build/tatsta/paymentSDK-php/vendor/codeception/codeception/src/Codeception/Codecept.php:159
/home/travis/build/tatsta/paymentSDK-php/vendor/codeception/codeception/src/Codeception/Command/Run.php:494
/home/travis/build/tatsta/paymentSDK-php/vendor/codeception/codeception/src/Codeception/Command/Run.php:389
/home/travis/build/tatsta/paymentSDK-php/vendor/symfony/console/Command/Command.php:255
/home/travis/build/tatsta/paymentSDK-php/vendor/symfony/console/Application.php:1011
/home/travis/build/tatsta/paymentSDK-php/vendor/symfony/console/Application.php:272
/home/travis/build/tatsta/paymentSDK-php/vendor/symfony/console/Application.php:148
/home/travis/build/tatsta/paymentSDK-php/vendor/codeception/codeception/src/Codeception/Application.php:107
</error>
    </testcase>
  </testsuite>
</testsuites>
