<?xml version="1.0" encoding="UTF-8"?>
<testsuites name="Mocha Tests" time="794.7700000000001" tests="14" failures="2">
  <testsuite name="Root Suite" timestamp="2019-10-21T13:17:27" tests="0" failures="0" time="0">
  </testsuite>
  <testsuite name="Payment in Advance test" timestamp="2019-10-21T13:17:27" tests="1" file="/home/travis/shopware/custom/plugins/WirecardElasticEngine/Tests/Selenium/Payments/PiaTest.js" failures="0" time="69.483">
    <testcase name="Payment in Advance test should check the pia payment process" time="69.483" classname="should check the pia payment process">
    </testcase>
  </testsuite>
  <testsuite name="Credit Card test" timestamp="2019-10-21T13:18:49" tests="1" file="/home/travis/shopware/custom/plugins/WirecardElasticEngine/Tests/Selenium/Payments/CreditCardTest.js" failures="0" time="70.27">
    <testcase name="Credit Card test should check the credit card payment process" time="70.27" classname="should check the credit card payment process">
    </testcase>
  </testsuite>
  <testsuite name="Credit Card One-Click Checkout test (NOTE: has requirements)" timestamp="2019-10-21T13:20:05" tests="1" file="/home/travis/shopware/custom/plugins/WirecardElasticEngine/Tests/Selenium/Payments/CreditCardOneClickTest.js" failures="0" time="27.641">
    <testcase name="Credit Card One-Click Checkout test (NOTE: has requirements) should check the credit card one-click payment process" time="27.641" classname="should check the credit card one-click payment process">
    </testcase>
  </testsuite>
  <testsuite name="SEPA Direct Debit test" timestamp="2019-10-21T13:20:44" tests="1" file="/home/travis/shopware/custom/plugins/WirecardElasticEngine/Tests/Selenium/Payments/SepaTest.js" failures="0" time="28.259">
    <testcase name="SEPA Direct Debit test should check the sepa payment process" time="28.259" classname="should check the sepa payment process">
    </testcase>
  </testsuite>
  <testsuite name="Sofort. test" timestamp="2019-10-21T13:21:20" tests="1" file="/home/travis/shopware/custom/plugins/WirecardElasticEngine/Tests/Selenium/Payments/SofortTest.js" failures="0" time="62.311">
    <testcase name="Sofort. test should check the sofort payment process" time="62.311" classname="should check the sofort payment process">
    </testcase>
  </testsuite>
  <testsuite name="Payment on Invoice test" timestamp="2019-10-21T13:22:30" tests="1" file="/home/travis/shopware/custom/plugins/WirecardElasticEngine/Tests/Selenium/Payments/PoiTest.js" failures="0" time="87.674">
    <testcase name="Payment on Invoice test should check the poi payment process" time="87.674" classname="should check the poi payment process">
    </testcase>
  </testsuite>
  <testsuite name="UnionPay International test" timestamp="2019-10-21T13:24:09" tests="1" file="/home/travis/shopware/custom/plugins/WirecardElasticEngine/Tests/Selenium/Payments/UpiTest.js" failures="0" time="37.417">
    <testcase name="UnionPay International test should check the unionpay international payment process" time="37.417" classname="should check the unionpay international payment process">
    </testcase>
  </testsuite>
  <testsuite name="Credit Card 3-D Secure Authorization test" timestamp="2019-10-21T13:25:01" tests="1" file="/home/travis/shopware/custom/plugins/WirecardElasticEngine/Tests/Selenium/Payments/CreditCardThreeDAuthorizationTest.js" failures="0" time="91.35">
    <testcase name="Credit Card 3-D Secure Authorization test should check the credit card 3ds authorization payment process" time="91.35" classname="should check the credit card 3ds authorization payment process">
    </testcase>
  </testsuite>
  <testsuite name="Alipay Cross-border test" timestamp="2019-10-21T13:26:52" tests="1" file="/home/travis/shopware/custom/plugins/WirecardElasticEngine/Tests/Selenium/Payments/AlipayTest.js" failures="1" time="49.849">
    <testcase name="Alipay Cross-border test should check the alipay crossborder payment process" time="49.849" classname="should check the alipay crossborder payment process">
      <failure message="Waiting for element to be located By(css selector, .payAmount-area)
Wait timed out after 20360ms" type="TimeoutError"><![CDATA[TimeoutError: Waiting for element to be located By(css selector, .payAmount-area)
Wait timed out after 20360ms
    at /home/travis/shopware/custom/plugins/WirecardElasticEngine/node_modules/selenium-webdriver/lib/webdriver.js:841:17
    at <anonymous>
    at process._tickCallback (internal/process/next_tick.js:188:7)]]></failure>
    </testcase>
  </testsuite>
  <testsuite name="PayPal test" timestamp="2019-10-21T13:27:50" tests="1" file="/home/travis/shopware/custom/plugins/WirecardElasticEngine/Tests/Selenium/Payments/PaypalTest.js" failures="0" time="71.936">
    <testcase name="PayPal test should check the paypal payment process" time="71.936" classname="should check the paypal payment process">
    </testcase>
  </testsuite>
  <testsuite name="iDEAL test" timestamp="2019-10-21T13:29:09" tests="1" file="/home/travis/shopware/custom/plugins/WirecardElasticEngine/Tests/Selenium/Payments/IdealTest.js" failures="1" time="57.696">
    <testcase name="iDEAL test should check the ideal payment process" time="57.696" classname="should check the ideal payment process">
      <failure message="Waiting for element to be located By(css selector, .teaser--btn-print)
Wait timed out after 30003ms" type="TimeoutError"><![CDATA[TimeoutError: Waiting for element to be located By(css selector, .teaser--btn-print)
Wait timed out after 30003ms
    at /home/travis/shopware/custom/plugins/WirecardElasticEngine/node_modules/selenium-webdriver/lib/webdriver.js:841:17
    at <anonymous>
    at process._tickCallback (internal/process/next_tick.js:188:7)]]></failure>
    </testcase>
  </testsuite>
  <testsuite name="Guaranteed Invoice by Wirecard test" timestamp="2019-10-21T13:30:14" tests="1" file="/home/travis/shopware/custom/plugins/WirecardElasticEngine/Tests/Selenium/Payments/RatepayTest.js" failures="0" time="35.278">
    <testcase name="Guaranteed Invoice by Wirecard test should check the ratepay invoice process" time="35.278" classname="should check the ratepay invoice process">
    </testcase>
  </testsuite>
  <testsuite name="default test" timestamp="2019-10-21T13:30:58" tests="1" file="/home/travis/shopware/custom/plugins/WirecardElasticEngine/Tests/Selenium/Payments/DefaultTest.js" failures="0" time="15.843">
    <testcase name="default test should check the default checkout" time="15.843" classname="should check the default checkout">
    </testcase>
  </testsuite>
  <testsuite name="Credit Card 3-D Secure test" timestamp="2019-10-21T13:31:22" tests="1" file="/home/travis/shopware/custom/plugins/WirecardElasticEngine/Tests/Selenium/Payments/CreditCardThreeDTest.js" failures="0" time="89.763">
    <testcase name="Credit Card 3-D Secure test should check the credit card 3ds payment process" time="89.763" classname="should check the credit card 3ds payment process">
    </testcase>
  </testsuite>
</testsuites>