<?xml version="1.0" encoding="UTF-8"?>
<testsuites name="Mocha Tests" time="5.4910000000000005" tests="14" failures="28">
  <testsuite name="Root Suite" timestamp="2019-10-21T12:10:15" tests="0" failures="0" time="0">
  </testsuite>
  <testsuite name="Payment in Advance test" timestamp="2019-10-21T12:10:15" tests="1" file="/home/travis/shopware/custom/plugins/WirecardElasticEngine/Tests/Selenium/Payments/PiaTest.js" failures="2" time="0.284">
    <testcase name="Payment in Advance test &quot;before all&quot; hook" time="0.283" classname="&quot;before all&quot; hook">
      <failure message="[browserstack.local] is set to true but local testing through BrowserStack is not connected." type="WebDriverError"><![CDATA[WebDriverError: [browserstack.local] is set to true but local testing through BrowserStack is not connected.
    at Object.checkLegacyResponse (node_modules/selenium-webdriver/lib/error.js:585:15)
    at parseHttpResponse (node_modules/selenium-webdriver/lib/http.js:554:13)
    at Executor.execute (node_modules/selenium-webdriver/lib/http.js:489:26)
    at <anonymous>
    at process._tickCallback (internal/process/next_tick.js:188:7)]]></failure>
    </testcase>
    <testcase name="Payment in Advance test &quot;after all&quot; hook" time="0.001" classname="&quot;after all&quot; hook">
      <failure message="Cannot read property &apos;quit&apos; of undefined" type="TypeError"><![CDATA[TypeError: Cannot read property 'quit' of undefined
    at Context.after (Tests/Selenium/Payments/PiaTest.js:51:30)]]></failure>
    </testcase>
  </testsuite>
  <testsuite name="Credit Card test" timestamp="2019-10-21T12:10:15" tests="1" file="/home/travis/shopware/custom/plugins/WirecardElasticEngine/Tests/Selenium/Payments/CreditCardTest.js" failures="2" time="0.407">
    <testcase name="Credit Card test &quot;before all&quot; hook" time="0.407" classname="&quot;before all&quot; hook">
      <failure message="[browserstack.local] is set to true but local testing through BrowserStack is not connected." type="WebDriverError"><![CDATA[WebDriverError: [browserstack.local] is set to true but local testing through BrowserStack is not connected.
    at Object.checkLegacyResponse (node_modules/selenium-webdriver/lib/error.js:585:15)
    at parseHttpResponse (node_modules/selenium-webdriver/lib/http.js:554:13)
    at Executor.execute (node_modules/selenium-webdriver/lib/http.js:489:26)
    at <anonymous>
    at process._tickCallback (internal/process/next_tick.js:188:7)]]></failure>
    </testcase>
    <testcase name="Credit Card test &quot;after all&quot; hook" time="0" classname="&quot;after all&quot; hook">
      <failure message="Cannot read property &apos;quit&apos; of undefined" type="TypeError"><![CDATA[TypeError: Cannot read property 'quit' of undefined
    at Context.after (Tests/Selenium/Payments/CreditCardTest.js:74:30)]]></failure>
    </testcase>
  </testsuite>
  <testsuite name="Credit Card One-Click Checkout test (NOTE: has requirements)" timestamp="2019-10-21T12:10:16" tests="1" file="/home/travis/shopware/custom/plugins/WirecardElasticEngine/Tests/Selenium/Payments/CreditCardOneClickTest.js" failures="2" time="0.286">
    <testcase name="Credit Card One-Click Checkout test (NOTE: has requirements) &quot;before all&quot; hook" time="0.286" classname="&quot;before all&quot; hook">
      <failure message="[browserstack.local] is set to true but local testing through BrowserStack is not connected." type="WebDriverError"><![CDATA[WebDriverError: [browserstack.local] is set to true but local testing through BrowserStack is not connected.
    at Object.checkLegacyResponse (node_modules/selenium-webdriver/lib/error.js:585:15)
    at parseHttpResponse (node_modules/selenium-webdriver/lib/http.js:554:13)
    at Executor.execute (node_modules/selenium-webdriver/lib/http.js:489:26)
    at <anonymous>
    at process._tickCallback (internal/process/next_tick.js:188:7)]]></failure>
    </testcase>
    <testcase name="Credit Card One-Click Checkout test (NOTE: has requirements) &quot;after all&quot; hook" time="0" classname="&quot;after all&quot; hook">
      <failure message="Cannot read property &apos;quit&apos; of undefined" type="TypeError"><![CDATA[TypeError: Cannot read property 'quit' of undefined
    at Context.after (Tests/Selenium/Payments/CreditCardOneClickTest.js:48:30)]]></failure>
    </testcase>
  </testsuite>
  <testsuite name="SEPA Direct Debit test" timestamp="2019-10-21T12:10:16" tests="1" file="/home/travis/shopware/custom/plugins/WirecardElasticEngine/Tests/Selenium/Payments/SepaTest.js" failures="2" time="0.311">
    <testcase name="SEPA Direct Debit test &quot;before all&quot; hook" time="0.311" classname="&quot;before all&quot; hook">
      <failure message="[browserstack.local] is set to true but local testing through BrowserStack is not connected." type="WebDriverError"><![CDATA[WebDriverError: [browserstack.local] is set to true but local testing through BrowserStack is not connected.
    at Object.checkLegacyResponse (node_modules/selenium-webdriver/lib/error.js:585:15)
    at parseHttpResponse (node_modules/selenium-webdriver/lib/http.js:554:13)
    at Executor.execute (node_modules/selenium-webdriver/lib/http.js:489:26)
    at <anonymous>
    at process._tickCallback (internal/process/next_tick.js:188:7)]]></failure>
    </testcase>
    <testcase name="SEPA Direct Debit test &quot;after all&quot; hook" time="0" classname="&quot;after all&quot; hook">
      <failure message="Cannot read property &apos;quit&apos; of undefined" type="TypeError"><![CDATA[TypeError: Cannot read property 'quit' of undefined
    at Context.after (Tests/Selenium/Payments/SepaTest.js:57:30)]]></failure>
    </testcase>
  </testsuite>
  <testsuite name="Sofort. test" timestamp="2019-10-21T12:10:16" tests="1" file="/home/travis/shopware/custom/plugins/WirecardElasticEngine/Tests/Selenium/Payments/SofortTest.js" failures="2" time="0.321">
    <testcase name="Sofort. test &quot;before all&quot; hook" time="0.321" classname="&quot;before all&quot; hook">
      <failure message="[browserstack.local] is set to true but local testing through BrowserStack is not connected." type="WebDriverError"><![CDATA[WebDriverError: [browserstack.local] is set to true but local testing through BrowserStack is not connected.
    at Object.checkLegacyResponse (node_modules/selenium-webdriver/lib/error.js:585:15)
    at parseHttpResponse (node_modules/selenium-webdriver/lib/http.js:554:13)
    at Executor.execute (node_modules/selenium-webdriver/lib/http.js:489:26)
    at <anonymous>
    at process._tickCallback (internal/process/next_tick.js:188:7)]]></failure>
    </testcase>
    <testcase name="Sofort. test &quot;after all&quot; hook" time="0" classname="&quot;after all&quot; hook">
      <failure message="Cannot read property &apos;quit&apos; of undefined" type="TypeError"><![CDATA[TypeError: Cannot read property 'quit' of undefined
    at Context.after (Tests/Selenium/Payments/SofortTest.js:70:30)]]></failure>
    </testcase>
  </testsuite>
  <testsuite name="Payment on Invoice test" timestamp="2019-10-21T12:10:17" tests="1" file="/home/travis/shopware/custom/plugins/WirecardElasticEngine/Tests/Selenium/Payments/PoiTest.js" failures="2" time="0.39">
    <testcase name="Payment on Invoice test &quot;before all&quot; hook" time="0.39" classname="&quot;before all&quot; hook">
      <failure message="[browserstack.local] is set to true but local testing through BrowserStack is not connected." type="WebDriverError"><![CDATA[WebDriverError: [browserstack.local] is set to true but local testing through BrowserStack is not connected.
    at Object.checkLegacyResponse (node_modules/selenium-webdriver/lib/error.js:585:15)
    at parseHttpResponse (node_modules/selenium-webdriver/lib/http.js:554:13)
    at Executor.execute (node_modules/selenium-webdriver/lib/http.js:489:26)
    at <anonymous>
    at process._tickCallback (internal/process/next_tick.js:188:7)]]></failure>
    </testcase>
    <testcase name="Payment on Invoice test &quot;after all&quot; hook" time="0" classname="&quot;after all&quot; hook">
      <failure message="Cannot read property &apos;quit&apos; of undefined" type="TypeError"><![CDATA[TypeError: Cannot read property 'quit' of undefined
    at Context.after (Tests/Selenium/Payments/PoiTest.js:42:30)]]></failure>
    </testcase>
  </testsuite>
  <testsuite name="UnionPay International test" timestamp="2019-10-21T12:10:17" tests="1" file="/home/travis/shopware/custom/plugins/WirecardElasticEngine/Tests/Selenium/Payments/UpiTest.js" failures="2" time="0.721">
    <testcase name="UnionPay International test &quot;before all&quot; hook" time="0.721" classname="&quot;before all&quot; hook">
      <failure message="[browserstack.local] is set to true but local testing through BrowserStack is not connected." type="WebDriverError"><![CDATA[WebDriverError: [browserstack.local] is set to true but local testing through BrowserStack is not connected.
    at Object.checkLegacyResponse (node_modules/selenium-webdriver/lib/error.js:585:15)
    at parseHttpResponse (node_modules/selenium-webdriver/lib/http.js:554:13)
    at Executor.execute (node_modules/selenium-webdriver/lib/http.js:489:26)
    at <anonymous>
    at process._tickCallback (internal/process/next_tick.js:188:7)]]></failure>
    </testcase>
    <testcase name="UnionPay International test &quot;after all&quot; hook" time="0" classname="&quot;after all&quot; hook">
      <failure message="Cannot read property &apos;quit&apos; of undefined" type="TypeError"><![CDATA[TypeError: Cannot read property 'quit' of undefined
    at Context.after (Tests/Selenium/Payments/UpiTest.js:66:30)]]></failure>
    </testcase>
  </testsuite>
  <testsuite name="Credit Card 3-D Secure Authorization test" timestamp="2019-10-21T12:10:18" tests="1" file="/home/travis/shopware/custom/plugins/WirecardElasticEngine/Tests/Selenium/Payments/CreditCardThreeDAuthorizationTest.js" failures="2" time="0.338">
    <testcase name="Credit Card 3-D Secure Authorization test &quot;before all&quot; hook" time="0.338" classname="&quot;before all&quot; hook">
      <failure message="[browserstack.local] is set to true but local testing through BrowserStack is not connected." type="WebDriverError"><![CDATA[WebDriverError: [browserstack.local] is set to true but local testing through BrowserStack is not connected.
    at Object.checkLegacyResponse (node_modules/selenium-webdriver/lib/error.js:585:15)
    at parseHttpResponse (node_modules/selenium-webdriver/lib/http.js:554:13)
    at Executor.execute (node_modules/selenium-webdriver/lib/http.js:489:26)
    at <anonymous>
    at process._tickCallback (internal/process/next_tick.js:188:7)]]></failure>
    </testcase>
    <testcase name="Credit Card 3-D Secure Authorization test &quot;after all&quot; hook" time="0" classname="&quot;after all&quot; hook">
      <failure message="Cannot read property &apos;quit&apos; of undefined" type="TypeError"><![CDATA[TypeError: Cannot read property 'quit' of undefined
    at Context.after (Tests/Selenium/Payments/CreditCardThreeDAuthorizationTest.js:115:30)]]></failure>
    </testcase>
  </testsuite>
  <testsuite name="Alipay Cross-border test" timestamp="2019-10-21T12:10:18" tests="1" file="/home/travis/shopware/custom/plugins/WirecardElasticEngine/Tests/Selenium/Payments/AlipayTest.js" failures="2" time="0.4">
    <testcase name="Alipay Cross-border test &quot;before all&quot; hook" time="0.4" classname="&quot;before all&quot; hook">
      <failure message="[browserstack.local] is set to true but local testing through BrowserStack is not connected." type="WebDriverError"><![CDATA[WebDriverError: [browserstack.local] is set to true but local testing through BrowserStack is not connected.
    at Object.checkLegacyResponse (node_modules/selenium-webdriver/lib/error.js:585:15)
    at parseHttpResponse (node_modules/selenium-webdriver/lib/http.js:554:13)
    at Executor.execute (node_modules/selenium-webdriver/lib/http.js:489:26)
    at <anonymous>
    at process._tickCallback (internal/process/next_tick.js:188:7)]]></failure>
    </testcase>
    <testcase name="Alipay Cross-border test &quot;after all&quot; hook" time="0" classname="&quot;after all&quot; hook">
      <failure message="Cannot read property &apos;quit&apos; of undefined" type="TypeError"><![CDATA[TypeError: Cannot read property 'quit' of undefined
    at Context.after (Tests/Selenium/Payments/AlipayTest.js:62:30)]]></failure>
    </testcase>
  </testsuite>
  <testsuite name="PayPal test" timestamp="2019-10-21T12:10:18" tests="1" file="/home/travis/shopware/custom/plugins/WirecardElasticEngine/Tests/Selenium/Payments/PaypalTest.js" failures="2" time="0.305">
    <testcase name="PayPal test &quot;before all&quot; hook" time="0.305" classname="&quot;before all&quot; hook">
      <failure message="[browserstack.local] is set to true but local testing through BrowserStack is not connected." type="WebDriverError"><![CDATA[WebDriverError: [browserstack.local] is set to true but local testing through BrowserStack is not connected.
    at Object.checkLegacyResponse (node_modules/selenium-webdriver/lib/error.js:585:15)
    at parseHttpResponse (node_modules/selenium-webdriver/lib/http.js:554:13)
    at Executor.execute (node_modules/selenium-webdriver/lib/http.js:489:26)
    at <anonymous>
    at process._tickCallback (internal/process/next_tick.js:188:7)]]></failure>
    </testcase>
    <testcase name="PayPal test &quot;after all&quot; hook" time="0" classname="&quot;after all&quot; hook">
      <failure message="Cannot read property &apos;quit&apos; of undefined" type="TypeError"><![CDATA[TypeError: Cannot read property 'quit' of undefined
    at Context.after (Tests/Selenium/Payments/PaypalTest.js:86:30)]]></failure>
    </testcase>
  </testsuite>
  <testsuite name="iDEAL test" timestamp="2019-10-21T12:10:19" tests="1" file="/home/travis/shopware/custom/plugins/WirecardElasticEngine/Tests/Selenium/Payments/IdealTest.js" failures="2" time="0.67">
    <testcase name="iDEAL test &quot;before all&quot; hook" time="0.669" classname="&quot;before all&quot; hook">
      <failure message="[browserstack.local] is set to true but local testing through BrowserStack is not connected." type="WebDriverError"><![CDATA[WebDriverError: [browserstack.local] is set to true but local testing through BrowserStack is not connected.
    at Object.checkLegacyResponse (node_modules/selenium-webdriver/lib/error.js:585:15)
    at parseHttpResponse (node_modules/selenium-webdriver/lib/http.js:554:13)
    at Executor.execute (node_modules/selenium-webdriver/lib/http.js:489:26)
    at <anonymous>
    at process._tickCallback (internal/process/next_tick.js:188:7)]]></failure>
    </testcase>
    <testcase name="iDEAL test &quot;after all&quot; hook" time="0.001" classname="&quot;after all&quot; hook">
      <failure message="Cannot read property &apos;quit&apos; of undefined" type="TypeError"><![CDATA[TypeError: Cannot read property 'quit' of undefined
    at Context.after (Tests/Selenium/Payments/IdealTest.js:51:30)]]></failure>
    </testcase>
  </testsuite>
  <testsuite name="Guaranteed Invoice by Wirecard test" timestamp="2019-10-21T12:10:19" tests="1" file="/home/travis/shopware/custom/plugins/WirecardElasticEngine/Tests/Selenium/Payments/RatepayTest.js" failures="2" time="0.424">
    <testcase name="Guaranteed Invoice by Wirecard test &quot;before all&quot; hook" time="0.424" classname="&quot;before all&quot; hook">
      <failure message="[browserstack.local] is set to true but local testing through BrowserStack is not connected." type="WebDriverError"><![CDATA[WebDriverError: [browserstack.local] is set to true but local testing through BrowserStack is not connected.
    at Object.checkLegacyResponse (node_modules/selenium-webdriver/lib/error.js:585:15)
    at parseHttpResponse (node_modules/selenium-webdriver/lib/http.js:554:13)
    at Executor.execute (node_modules/selenium-webdriver/lib/http.js:489:26)
    at <anonymous>
    at process._tickCallback (internal/process/next_tick.js:188:7)]]></failure>
    </testcase>
    <testcase name="Guaranteed Invoice by Wirecard test &quot;after all&quot; hook" time="0" classname="&quot;after all&quot; hook">
      <failure message="Cannot read property &apos;quit&apos; of undefined" type="TypeError"><![CDATA[TypeError: Cannot read property 'quit' of undefined
    at Context.after (Tests/Selenium/Payments/RatepayTest.js:60:30)]]></failure>
    </testcase>
  </testsuite>
  <testsuite name="default test" timestamp="2019-10-21T12:10:20" tests="1" file="/home/travis/shopware/custom/plugins/WirecardElasticEngine/Tests/Selenium/Payments/DefaultTest.js" failures="2" time="0.309">
    <testcase name="default test &quot;before all&quot; hook" time="0.309" classname="&quot;before all&quot; hook">
      <failure message="[browserstack.local] is set to true but local testing through BrowserStack is not connected." type="WebDriverError"><![CDATA[WebDriverError: [browserstack.local] is set to true but local testing through BrowserStack is not connected.
    at Object.checkLegacyResponse (node_modules/selenium-webdriver/lib/error.js:585:15)
    at parseHttpResponse (node_modules/selenium-webdriver/lib/http.js:554:13)
    at Executor.execute (node_modules/selenium-webdriver/lib/http.js:489:26)
    at <anonymous>
    at process._tickCallback (internal/process/next_tick.js:188:7)]]></failure>
    </testcase>
    <testcase name="default test &quot;after all&quot; hook" time="0" classname="&quot;after all&quot; hook">
      <failure message="Cannot read property &apos;quit&apos; of undefined" type="TypeError"><![CDATA[TypeError: Cannot read property 'quit' of undefined
    at Context.after (Tests/Selenium/Payments/DefaultTest.js:59:30)]]></failure>
    </testcase>
  </testsuite>
  <testsuite name="Credit Card 3-D Secure test" timestamp="2019-10-21T12:10:20" tests="1" file="/home/travis/shopware/custom/plugins/WirecardElasticEngine/Tests/Selenium/Payments/CreditCardThreeDTest.js" failures="2" time="0.325">
    <testcase name="Credit Card 3-D Secure test &quot;before all&quot; hook" time="0.325" classname="&quot;before all&quot; hook">
      <failure message="[browserstack.local] is set to true but local testing through BrowserStack is not connected." type="WebDriverError"><![CDATA[WebDriverError: [browserstack.local] is set to true but local testing through BrowserStack is not connected.
    at Object.checkLegacyResponse (node_modules/selenium-webdriver/lib/error.js:585:15)
    at parseHttpResponse (node_modules/selenium-webdriver/lib/http.js:554:13)
    at Executor.execute (node_modules/selenium-webdriver/lib/http.js:489:26)
    at <anonymous>
    at process._tickCallback (internal/process/next_tick.js:188:7)]]></failure>
    </testcase>
    <testcase name="Credit Card 3-D Secure test &quot;after all&quot; hook" time="0" classname="&quot;after all&quot; hook">
      <failure message="Cannot read property &apos;quit&apos; of undefined" type="TypeError"><![CDATA[TypeError: Cannot read property 'quit' of undefined
    at Context.after (Tests/Selenium/Payments/CreditCardThreeDTest.js:115:30)]]></failure>
    </testcase>
  </testsuite>
</testsuites>