<?xml version="1.0" encoding="UTF-8"?>
<testsuites name="Mocha Tests" time="669.641" tests="13" failures="3">
  <testsuite name="Root Suite" timestamp="2019-09-30T11:11:55" tests="0" failures="0" time="0">
  </testsuite>
  <testsuite name="Payment in Advance test" timestamp="2019-09-30T11:11:55" tests="1" file="/home/travis/shopware/custom/plugins/WirecardElasticEngine/Tests/Selenium/Payments/PiaTest.js" failures="0" time="75.697">
    <testcase name="Payment in Advance test should check the pia payment process" time="75.697" classname="should check the pia payment process">
    </testcase>
  </testsuite>
  <testsuite name="Credit Card test" timestamp="2019-09-30T11:13:20" tests="1" file="/home/travis/shopware/custom/plugins/WirecardElasticEngine/Tests/Selenium/Payments/CreditCardTest.js" failures="0" time="37.775">
    <testcase name="Credit Card test should check the credit card payment process" time="37.775" classname="should check the credit card payment process">
    </testcase>
  </testsuite>
  <testsuite name="Credit Card One-Click Checkout test (NOTE: has requirements)" timestamp="2019-09-30T11:14:09" tests="1" file="/home/travis/shopware/custom/plugins/WirecardElasticEngine/Tests/Selenium/Payments/CreditCardOneClickTest.js" failures="0" time="23.329">
    <testcase name="Credit Card One-Click Checkout test (NOTE: has requirements) should check the credit card one-click payment process" time="23.329" classname="should check the credit card one-click payment process">
    </testcase>
  </testsuite>
  <testsuite name="SEPA Direct Debit test" timestamp="2019-09-30T11:14:39" tests="1" file="/home/travis/shopware/custom/plugins/WirecardElasticEngine/Tests/Selenium/Payments/SepaTest.js" failures="2" time="140.285">
    <testcase name="SEPA Direct Debit test should check the sepa payment process" time="139.873" classname="should check the sepa payment process">
      <failure message="ETIMEDOUT connect ETIMEDOUT 207.254.8.4:80" type="Error"><![CDATA[Error: ETIMEDOUT connect ETIMEDOUT 207.254.8.4:80
    at ClientRequest.<anonymous> (node_modules/selenium-webdriver/http/index.js:258:15)
    at Socket.socketErrorListener (_http_client.js:387:9)
    at emitErrorNT (internal/streams/destroy.js:64:8)
    at _combinedTickCallback (internal/process/next_tick.js:138:11)
    at process._tickCallback (internal/process/next_tick.js:180:9)]]></failure>
    </testcase>
    <testcase name="SEPA Direct Debit test &quot;after all&quot; hook" time="0.412" classname="&quot;after all&quot; hook">
      <failure message="Session not started or terminated" type="WebDriverError"><![CDATA[WebDriverError: Session not started or terminated
    at Object.checkLegacyResponse (node_modules/selenium-webdriver/lib/error.js:585:15)
    at parseHttpResponse (node_modules/selenium-webdriver/lib/http.js:554:13)
    at Executor.execute (node_modules/selenium-webdriver/lib/http.js:489:26)
    at <anonymous>
    at process._tickCallback (internal/process/next_tick.js:188:7)]]></failure>
    </testcase>
  </testsuite>
  <testsuite name="Sofort. test" timestamp="2019-09-30T11:17:06" tests="1" file="/home/travis/shopware/custom/plugins/WirecardElasticEngine/Tests/Selenium/Payments/SofortTest.js" failures="0" time="57.772">
    <testcase name="Sofort. test should check the sofort payment process" time="57.772" classname="should check the sofort payment process">
    </testcase>
  </testsuite>
  <testsuite name="Payment on Invoice test" timestamp="2019-09-30T11:18:11" tests="1" file="/home/travis/shopware/custom/plugins/WirecardElasticEngine/Tests/Selenium/Payments/PoiTest.js" failures="0" time="27.017">
    <testcase name="Payment on Invoice test should check the poi payment process" time="27.017" classname="should check the poi payment process">
    </testcase>
  </testsuite>
  <testsuite name="UnionPay International test" timestamp="2019-09-30T11:18:45" tests="1" file="/home/travis/shopware/custom/plugins/WirecardElasticEngine/Tests/Selenium/Payments/UpiTest.js" failures="0" time="31.508">
    <testcase name="UnionPay International test should check the unionpay international payment process" time="31.508" classname="should check the unionpay international payment process">
    </testcase>
  </testsuite>
  <testsuite name="Alipay Cross-border test" timestamp="2019-09-30T11:19:26" tests="1" file="/home/travis/shopware/custom/plugins/WirecardElasticEngine/Tests/Selenium/Payments/AlipayTest.js" failures="0" time="37.423">
    <testcase name="Alipay Cross-border test should check the alipay crossborder payment process" time="37.423" classname="should check the alipay crossborder payment process">
    </testcase>
  </testsuite>
  <testsuite name="PayPal test" timestamp="2019-09-30T11:20:12" tests="1" file="/home/travis/shopware/custom/plugins/WirecardElasticEngine/Tests/Selenium/Payments/PaypalTest.js" failures="0" time="77.045">
    <testcase name="PayPal test should check the paypal payment process" time="77.045" classname="should check the paypal payment process">
    </testcase>
  </testsuite>
  <testsuite name="iDEAL test" timestamp="2019-09-30T11:21:37" tests="1" file="/home/travis/shopware/custom/plugins/WirecardElasticEngine/Tests/Selenium/Payments/IdealTest.js" failures="0" time="28.032">
    <testcase name="iDEAL test should check the ideal payment process" time="28.032" classname="should check the ideal payment process">
    </testcase>
  </testsuite>
  <testsuite name="Guaranteed Invoice by Wirecard test" timestamp="2019-09-30T11:22:11" tests="1" file="/home/travis/shopware/custom/plugins/WirecardElasticEngine/Tests/Selenium/Payments/RatepayTest.js" failures="1" time="62.42">
    <testcase name="Guaranteed Invoice by Wirecard test should check the ratepay invoice process" time="62.42" classname="should check the ratepay invoice process">
      <failure message="Waiting for element to be located By(css selector, .teaser--btn-print)
Wait timed out after 30245ms" type="TimeoutError"><![CDATA[TimeoutError: Waiting for element to be located By(css selector, .teaser--btn-print)
Wait timed out after 30245ms
    at /home/travis/shopware/custom/plugins/WirecardElasticEngine/node_modules/selenium-webdriver/lib/webdriver.js:841:17
    at <anonymous>
    at process._tickCallback (internal/process/next_tick.js:188:7)]]></failure>
    </testcase>
  </testsuite>
  <testsuite name="default test" timestamp="2019-09-30T11:23:20" tests="1" file="/home/travis/shopware/custom/plugins/WirecardElasticEngine/Tests/Selenium/Payments/DefaultTest.js" failures="0" time="16.223">
    <testcase name="default test should check the default checkout" time="16.223" classname="should check the default checkout">
    </testcase>
  </testsuite>
  <testsuite name="Credit Card 3-D Secure test" timestamp="2019-09-30T11:23:48" tests="1" file="/home/travis/shopware/custom/plugins/WirecardElasticEngine/Tests/Selenium/Payments/CreditCardThreeDTest.js" failures="0" time="55.115">
    <testcase name="Credit Card 3-D Secure test should check the credit card 3ds payment process" time="55.115" classname="should check the credit card 3ds payment process">
    </testcase>
  </testsuite>
</testsuites>