<?xml version="1.0" encoding="UTF-8"?>
<testsuites>
  <testsuite name="acceptance (ci)" tests="19" assertions="75" errors="3" failures="2" skipped="0" time="1058.505902">
    <testcase file="/project/tests/acceptance/Alipay/AlipayCrossBorderInitialTransaction.feature" name="AlipayCrossBorderInitialTransaction: initial transaction | &quot;debit&quot;" feature="AlipayCrossBorderInitialTransaction" assertions="1" time="83.123336"/>
    <testcase file="/project/tests/acceptance/CreditCard/CreditCardConfigurationHappyPath.feature" name="CreditCardConfigurationHappyPath: Configuration page check | &quot;reserve&quot;, &quot;authorization&quot;" feature="CreditCardConfigurationHappyPath" assertions="15" time="36.828448">
      <failure type="PHPUnit\Framework\ExpectationFailedException">CreditCardConfigurationHappyPath: Configuration page check | "reserve", "authorization"
Failed testing for '100' in woocommerce_wirecard_ee_creditcard_ssl_max_limit's value: '100'
Failed asserting that an array contains 100.

/project/tests/_support/_generated/AcceptanceTesterActions.php:1083
/project/tests/_support/Step/Acceptance/ShopSystem/WoocommerceAdministrationStep.php:136
/project/tests/_support/AcceptanceTester.php:391
/repo/app.php:46
/repo/app.php:47
/repo/codecept:7
</failure>
    </testcase>
    <testcase file="/project/tests/acceptance/CreditCard/CreditCardConfigurationHappyPath.feature" name="CreditCardConfigurationHappyPath: Configuration page check | &quot;pay&quot;, &quot;purchase&quot;" feature="CreditCardConfigurationHappyPath" assertions="15" time="45.584408">
      <failure type="PHPUnit\Framework\ExpectationFailedException">CreditCardConfigurationHappyPath: Configuration page check | "pay", "purchase"
Failed testing for '100' in woocommerce_wirecard_ee_creditcard_ssl_max_limit's value: '100'
Failed asserting that an array contains 100.

/project/tests/_support/_generated/AcceptanceTesterActions.php:1083
/project/tests/_support/Step/Acceptance/ShopSystem/WoocommerceAdministrationStep.php:136
/project/tests/_support/AcceptanceTester.php:391
/repo/app.php:46
/repo/app.php:47
/repo/codecept:7
</failure>
    </testcase>
    <testcase file="/project/tests/acceptance/CreditCard/CreditCardInitialTransactionHappyPath.feature" name="CreditCardInitialTransactionHappyPath: initial transaction Non 3DS | &quot;reserve&quot;, &quot;20&quot;, &quot;authorization&quot;" feature="CreditCardInitialTransactionHappyPath" assertions="3" time="35.492057"/>
    <testcase file="/project/tests/acceptance/CreditCard/CreditCardInitialTransactionHappyPath.feature" name="CreditCardInitialTransactionHappyPath: initial transaction Non 3DS | &quot;pay&quot;, &quot;20&quot;, &quot;purchase&quot;" feature="CreditCardInitialTransactionHappyPath" assertions="3" time="29.383971"/>
    <testcase file="/project/tests/acceptance/CreditCard/CreditCardInitialTransactionHappyPath.feature" name="CreditCardInitialTransactionHappyPath: initial transaction 3DS | &quot;reserve&quot;, &quot;100&quot;, &quot;authorization&quot;" feature="CreditCardInitialTransactionHappyPath" assertions="3" time="47.169259"/>
    <testcase file="/project/tests/acceptance/CreditCard/CreditCardInitialTransactionHappyPath.feature" name="CreditCardInitialTransactionHappyPath: initial transaction 3DS | &quot;pay&quot;, &quot;100&quot;, &quot;purchase&quot;" feature="CreditCardInitialTransactionHappyPath" assertions="3" time="52.725450"/>
    <testcase file="/project/tests/acceptance/CreditCard/CreditCardOneClickInitialTransactionHappyPath.feature" name="CreditCardOneClickInitialTransactionHappyPath: initial transaction | &quot;reserve&quot;, &quot;100&quot;, &quot;authorization&quot;" feature="CreditCardOneClickInitialTransactionHappyPath" assertions="3" time="94.841354">
      <error type="Facebook\WebDriver\Exception\UnknownServerException">CreditCardOneClickInitialTransactionHappyPath: initial transaction | "reserve", "100", "authorization"
Facebook\WebDriver\Exception\UnknownServerException: javascript error: Cannot read property 'getAttribute' of null
  (Session info: chrome=83.0.4103.61)
  (Driver info: chromedriver=83.0.4103.39 (ccbf011cb2d2b19b506d844400483861342c20cd-refs/branch-heads/4103@{#416}),platform=Windows NT 10.0.19041 x86_64) (WARNING: The server did not provide any stacktrace information)
Command duration or timeout: 27 milliseconds
Build info: version: '2.53.0', revision: '35ae25b', time: '2016-03-15 17:00:58'
System info: host: '208-52-164-57', ip: '208.52.164.57', os.name: 'windows', os.arch: 'x86', os.version: '10.0', java.version: '1.8.0_181'
Driver info: org.openqa.selenium.chrome.ChromeDriver
Capabilities [{mobileEmulationEnabled=false, timeouts={implicit=0, pageLoad=300000, script=30000}, hasTouchScreen=false, platform=XP, acceptSslCerts=false, goog:chromeOptions={debuggerAddress=localhost:1707}, acceptInsecureCerts=false, webStorageEnabled=true, browserName=chrome, takesScreenshot=true, javascriptEnabled=true, setWindowRect=true, unexpectedAlertBehaviour=ignore, applicationCacheEnabled=false, rotatable=false, networkConnectionEnabled=false, chrome={chromedriverVersion=83.0.4103.39 (ccbf011cb2d2b19b506d844400483861342c20cd-refs/branch-heads/4103@{#416}), userDataDir=C:\Windows\proxy\scoped_dir2428_25546371}, takesHeapSnapshot=true, pageLoadStrategy=normal, strictFileInteractability=false, databaseEnabled=false, handlesAlerts=true, version=83.0.4103.61, browserConnectionEnabled=false, proxy={}, nativeEvents=true, locationContextEnabled=true, cssSelectorsEnabled=true, webauthn:virtualAuthenticators=true}]
Session ID: 1425f2f1898e55efbe519314cd74c86d

/repo/vendor/php-webdriver/webdriver/lib/Exception/WebDriverException.php:175
/repo/vendor/php-webdriver/webdriver/lib/Remote/HttpCommandExecutor.php:376
/repo/vendor/php-webdriver/webdriver/lib/Remote/RemoteWebDriver.php:590
/repo/vendor/php-webdriver/webdriver/lib/Remote/RemoteWebDriver.php:334
/project/tests/_support/_generated/AcceptanceTesterActions.php:2671
/project/tests/_support/Step/Acceptance/PaymentMethod/CreditCardStep.php:63
/project/tests/_support/Step/Acceptance/PaymentMethod/CreditCardOneClickStep.php:29
/project/tests/_support/AcceptanceTester.php:211
/repo/app.php:46
/repo/app.php:47
/repo/codecept:7
</error>
    </testcase>
    <testcase file="/project/tests/acceptance/Eps/EpsInitialTransactionHappyPath.feature" name="EpsInitialTransactionHappyPath: initial transaction | &quot;debit&quot;, 20, &quot;debit&quot;" feature="EpsInitialTransactionHappyPath" assertions="3" time="46.938699"/>
    <testcase file="/project/tests/acceptance/GuaranteedInvoice/GuaranteedInvoiceInitialTransactionHappyPath.feature" name="GuaranteedInvoiceInitialTransactionHappyPath: initial transaction | &quot;reserve&quot;, &quot;authorization&quot;" feature="GuaranteedInvoiceInitialTransactionHappyPath" assertions="3" time="31.101684"/>
    <testcase file="/project/tests/acceptance/PayPal/PayPalInitialTransactionHappyPath.feature" name="PayPalInitialTransaction: initial transaction | &quot;pay&quot;, &quot;purchase&quot;" feature="PayPalInitialTransaction" assertions="1" time="113.582673">
      <error type="Facebook\WebDriver\Exception\NoSuchElementException">PayPalInitialTransaction: initial transaction | "pay", "purchase"
Facebook\WebDriver\Exception\NoSuchElementException: no such element: Unable to locate element: {"method":"xpath","selector":"//*[@id='email']"}
  (Session info: chrome=83.0.4103.61)
  (Driver info: chromedriver=83.0.4103.39 (ccbf011cb2d2b19b506d844400483861342c20cd-refs/branch-heads/4103@{#416}),platform=Windows NT 10.0.17134 x86_64) (WARNING: The server did not provide any stacktrace information)
Command duration or timeout: 11 milliseconds
For documentation on this error, please visit: http://seleniumhq.org/exceptions/no_such_element.html
Build info: version: '2.53.0', revision: '35ae25b', time: '2016-03-15 17:00:58'
System info: host: '208-78-111-230', ip: '208.78.111.230', os.name: 'windows', os.arch: 'x86', os.version: '10.0', java.version: '1.8.0_181'
Driver info: org.openqa.selenium.chrome.ChromeDriver
Capabilities [{mobileEmulationEnabled=false, timeouts={implicit=0, pageLoad=300000, script=30000}, hasTouchScreen=false, platform=XP, acceptSslCerts=false, goog:chromeOptions={debuggerAddress=localhost:1684}, acceptInsecureCerts=false, webStorageEnabled=true, browserName=chrome, takesScreenshot=true, javascriptEnabled=true, setWindowRect=true, unexpectedAlertBehaviour=ignore, applicationCacheEnabled=false, rotatable=false, networkConnectionEnabled=false, chrome={chromedriverVersion=83.0.4103.39 (ccbf011cb2d2b19b506d844400483861342c20cd-refs/branch-heads/4103@{#416}), userDataDir=C:\Windows\proxy\scoped_dir8680_389441057}, takesHeapSnapshot=true, pageLoadStrategy=normal, strictFileInteractability=false, databaseEnabled=false, handlesAlerts=true, version=83.0.4103.61, browserConnectionEnabled=false, proxy={}, nativeEvents=true, locationContextEnabled=true, cssSelectorsEnabled=true, webauthn:virtualAuthenticators=true}]
Session ID: 6ca6a7f551bc356bc367caafa914b534
*** Element info: {Using=xpath, value=//*[@id='email']}

/repo/vendor/php-webdriver/webdriver/lib/Exception/WebDriverException.php:163
/repo/vendor/php-webdriver/webdriver/lib/Remote/HttpCommandExecutor.php:376
/repo/vendor/php-webdriver/webdriver/lib/Remote/RemoteWebDriver.php:590
/repo/vendor/php-webdriver/webdriver/lib/Remote/RemoteWebDriver.php:214
/repo/vendor/php-webdriver/webdriver/lib/WebDriverExpectedCondition.php:176
/repo/vendor/php-webdriver/webdriver/lib/WebDriverWait.php:54
/project/tests/_support/_generated/AcceptanceTesterActions.php:2408
/project/tests/_support/Step/Acceptance/GenericStep.php:40
/project/tests/_support/Step/Acceptance/PaymentMethod/PayPalStep.php:42
/project/tests/_support/Step/Acceptance/PaymentMethod/PayPalStep.php:24
/project/tests/_support/AcceptanceTester.php:223
/repo/app.php:46
/repo/app.php:47
/repo/codecept:7
</error>
    </testcase>
    <testcase file="/project/tests/acceptance/PayPal/PayPalInitialTransactionHappyPath.feature" name="PayPalInitialTransaction: initial transaction | &quot;reserve&quot;, &quot;authorization&quot;" feature="PayPalInitialTransaction" assertions="1" time="114.522990">
      <error type="Facebook\WebDriver\Exception\NoSuchElementException">PayPalInitialTransaction: initial transaction | "reserve", "authorization"
Facebook\WebDriver\Exception\NoSuchElementException: no such element: Unable to locate element: {"method":"xpath","selector":"//*[@id='email']"}
  (Session info: chrome=83.0.4103.61)
  (Driver info: chromedriver=83.0.4103.39 (ccbf011cb2d2b19b506d844400483861342c20cd-refs/branch-heads/4103@{#416}),platform=Windows NT 10.0.19041 x86_64) (WARNING: The server did not provide any stacktrace information)
Command duration or timeout: 78 milliseconds
For documentation on this error, please visit: http://seleniumhq.org/exceptions/no_such_element.html
Build info: version: '2.53.0', revision: '35ae25b', time: '2016-03-15 17:00:58'
System info: host: '208-78-111-111', ip: '208.78.111.111', os.name: 'windows', os.arch: 'x86', os.version: '10.0', java.version: '1.8.0_181'
Driver info: org.openqa.selenium.chrome.ChromeDriver
Capabilities [{mobileEmulationEnabled=false, timeouts={implicit=0, pageLoad=300000, script=30000}, hasTouchScreen=false, platform=XP, acceptSslCerts=false, goog:chromeOptions={debuggerAddress=localhost:1672}, acceptInsecureCerts=false, webStorageEnabled=true, browserName=chrome, takesScreenshot=true, javascriptEnabled=true, setWindowRect=true, unexpectedAlertBehaviour=ignore, applicationCacheEnabled=false, rotatable=false, networkConnectionEnabled=false, chrome={chromedriverVersion=83.0.4103.39 (ccbf011cb2d2b19b506d844400483861342c20cd-refs/branch-heads/4103@{#416}), userDataDir=C:\Windows\proxy\scoped_dir3044_785075066}, takesHeapSnapshot=true, pageLoadStrategy=normal, strictFileInteractability=false, databaseEnabled=false, handlesAlerts=true, version=83.0.4103.61, browserConnectionEnabled=false, proxy={}, nativeEvents=true, locationContextEnabled=true, cssSelectorsEnabled=true, webauthn:virtualAuthenticators=true}]
Session ID: d21daaef5eb1537defede026f76e911f
*** Element info: {Using=xpath, value=//*[@id='email']}

/repo/vendor/php-webdriver/webdriver/lib/Exception/WebDriverException.php:163
/repo/vendor/php-webdriver/webdriver/lib/Remote/HttpCommandExecutor.php:376
/repo/vendor/php-webdriver/webdriver/lib/Remote/RemoteWebDriver.php:590
/repo/vendor/php-webdriver/webdriver/lib/Remote/RemoteWebDriver.php:214
/repo/vendor/php-webdriver/webdriver/lib/WebDriverExpectedCondition.php:176
/repo/vendor/php-webdriver/webdriver/lib/WebDriverWait.php:54
/project/tests/_support/_generated/AcceptanceTesterActions.php:2408
/project/tests/_support/Step/Acceptance/GenericStep.php:40
/project/tests/_support/Step/Acceptance/PaymentMethod/PayPalStep.php:42
/project/tests/_support/Step/Acceptance/PaymentMethod/PayPalStep.php:24
/project/tests/_support/AcceptanceTester.php:223
/repo/app.php:46
/repo/app.php:47
/repo/codecept:7
</error>
    </testcase>
    <testcase file="/project/tests/acceptance/PaymentOnInvoicePaymentInAdvance/PaymentOnInvoicePaymentInAdvanceInitialTransactionHappyPath.feature" name="PaymentOnInvoice/PaymentInAdvanceInitialTransactionHappyPath: initial transaction | &quot;Payment On Invoice&quot;, 100, &quot;authorization&quot;" feature="PaymentOnInvoice/PaymentInAdvanceInitialTransactionHappyPath" assertions="3" time="32.080437"/>
    <testcase file="/project/tests/acceptance/PaymentOnInvoicePaymentInAdvance/PaymentOnInvoicePaymentInAdvanceInitialTransactionHappyPath.feature" name="PaymentOnInvoice/PaymentInAdvanceInitialTransactionHappyPath: initial transaction | &quot;Payment In Advance&quot;, 100, &quot;authorization&quot;" feature="PaymentOnInvoice/PaymentInAdvanceInitialTransactionHappyPath" assertions="3" time="28.095385"/>
    <testcase file="/project/tests/acceptance/SEPADirectDebit/SEPADirectDebitInitialTransactionHappyPath.feature" name="SEPADirectDebitInitialTransactionHappyPath: initial transaction | &quot;reserve&quot;, &quot;20&quot;, &quot;authorization&quot;" feature="SEPADirectDebitInitialTransactionHappyPath" assertions="3" time="34.444234"/>
    <testcase file="/project/tests/acceptance/SEPADirectDebit/SEPADirectDebitInitialTransactionHappyPath.feature" name="SEPADirectDebitInitialTransactionHappyPath: initial transaction | &quot;pay&quot;, &quot;20&quot;, &quot;debit&quot;" feature="SEPADirectDebitInitialTransactionHappyPath" assertions="3" time="36.522756"/>
    <testcase file="/project/tests/acceptance/Sofort/SofortInitialTransactionHappyPath.feature" name="SofortInitialTransaction: initial transaction | &quot;debit&quot;, &quot;debit&quot;" feature="SofortInitialTransaction" assertions="3" time="116.433591"/>
    <testcase file="/project/tests/acceptance/giropay/giropayInitialTransactionHappyPath.feature" name="giropayInitialTransaction: initial transaction | &quot;debit&quot;, &quot;debit&quot;" feature="giropayInitialTransaction" assertions="3" time="41.445473"/>
    <testcase file="/project/tests/acceptance/iDEAL/IdealInitialTransactionHappyPath.feature" name="iDealInitialTransaction: initial transaction | &quot;debit&quot;, &quot;debit&quot;" feature="iDealInitialTransaction" assertions="3" time="38.189697"/>
  </testsuite>
</testsuites>
