<?xml version="1.0" encoding="UTF-8"?>
<testsuites>
  <testsuite name="acceptance (ci)" tests="19" assertions="73" errors="4" failures="2" skipped="0" time="926.877450">
    <testcase file="/project/tests/acceptance/Alipay/AlipayCrossBorderInitialTransaction.feature" name="AlipayCrossBorderInitialTransaction: initial transaction | &quot;debit&quot;" feature="AlipayCrossBorderInitialTransaction" assertions="1" time="77.799851"/>
    <testcase file="/project/tests/acceptance/CreditCard/CreditCardConfigurationHappyPath.feature" name="CreditCardConfigurationHappyPath: Configuration page check | &quot;reserve&quot;, &quot;authorization&quot;" feature="CreditCardConfigurationHappyPath" assertions="15" time="36.997150">
      <failure type="PHPUnit\Framework\ExpectationFailedException">CreditCardConfigurationHappyPath: Configuration page check | "reserve", "authorization"
Failed testing for '100' in woocommerce_wirecard_ee_creditcard_ssl_max_limit's value: '100'
Failed asserting that an array contains 100.

/project/tests/_support/_generated/AcceptanceTesterActions.php:1083
/project/tests/_support/Step/Acceptance/ShopSystem/WoocommerceAdministrationStep.php:136
/project/tests/_support/AcceptanceTester.php:391
/repo/app.php:46
/repo/app.php:47
/repo/codecept:7
</failure>
    </testcase>
    <testcase file="/project/tests/acceptance/CreditCard/CreditCardConfigurationHappyPath.feature" name="CreditCardConfigurationHappyPath: Configuration page check | &quot;pay&quot;, &quot;purchase&quot;" feature="CreditCardConfigurationHappyPath" assertions="15" time="30.331278">
      <failure type="PHPUnit\Framework\ExpectationFailedException">CreditCardConfigurationHappyPath: Configuration page check | "pay", "purchase"
Failed testing for '100' in woocommerce_wirecard_ee_creditcard_ssl_max_limit's value: '100'
Failed asserting that an array contains 100.

/project/tests/_support/_generated/AcceptanceTesterActions.php:1083
/project/tests/_support/Step/Acceptance/ShopSystem/WoocommerceAdministrationStep.php:136
/project/tests/_support/AcceptanceTester.php:391
/repo/app.php:46
/repo/app.php:47
/repo/codecept:7
</failure>
    </testcase>
    <testcase file="/project/tests/acceptance/CreditCard/CreditCardInitialTransactionHappyPath.feature" name="CreditCardInitialTransactionHappyPath: initial transaction Non 3DS | &quot;reserve&quot;, &quot;20&quot;, &quot;authorization&quot;" feature="CreditCardInitialTransactionHappyPath" assertions="3" time="30.976983"/>
    <testcase file="/project/tests/acceptance/CreditCard/CreditCardInitialTransactionHappyPath.feature" name="CreditCardInitialTransactionHappyPath: initial transaction Non 3DS | &quot;pay&quot;, &quot;20&quot;, &quot;purchase&quot;" feature="CreditCardInitialTransactionHappyPath" assertions="1" time="37.199373">
      <error type="Facebook\WebDriver\Exception\UnknownServerException">CreditCardInitialTransactionHappyPath: initial transaction Non 3DS | "pay", "20", "purchase"
Facebook\WebDriver\Exception\UnknownServerException: javascript error: Cannot read property 'getAttribute' of null
  (Session info: chrome=83.0.4103.61)
  (Driver info: chromedriver=83.0.4103.39 (ccbf011cb2d2b19b506d844400483861342c20cd-refs/branch-heads/4103@{#416}),platform=Windows NT 10.0.17134 x86_64) (WARNING: The server did not provide any stacktrace information)
Command duration or timeout: 15 milliseconds
Build info: version: '2.53.0', revision: '35ae25b', time: '2016-03-15 17:00:58'
System info: host: '207-254-10-142', ip: '207.254.10.142', os.name: 'windows', os.arch: 'x86', os.version: '10.0', java.version: '1.8.0_181'
Driver info: org.openqa.selenium.chrome.ChromeDriver
Capabilities [{mobileEmulationEnabled=false, timeouts={implicit=0, pageLoad=300000, script=30000}, hasTouchScreen=false, platform=XP, acceptSslCerts=false, goog:chromeOptions={debuggerAddress=localhost:1687}, acceptInsecureCerts=false, webStorageEnabled=true, browserName=chrome, takesScreenshot=true, javascriptEnabled=true, setWindowRect=true, unexpectedAlertBehaviour=ignore, applicationCacheEnabled=false, rotatable=false, networkConnectionEnabled=false, chrome={chromedriverVersion=83.0.4103.39 (ccbf011cb2d2b19b506d844400483861342c20cd-refs/branch-heads/4103@{#416}), userDataDir=C:\Windows\proxy\scoped_dir3516_4200511}, takesHeapSnapshot=true, pageLoadStrategy=normal, strictFileInteractability=false, databaseEnabled=false, handlesAlerts=true, version=83.0.4103.61, browserConnectionEnabled=false, proxy={}, nativeEvents=true, locationContextEnabled=true, cssSelectorsEnabled=true, webauthn:virtualAuthenticators=true}]
Session ID: a9f3deaceadb9132dc28d7db6fdf11ce

/repo/vendor/php-webdriver/webdriver/lib/Exception/WebDriverException.php:175
/repo/vendor/php-webdriver/webdriver/lib/Remote/HttpCommandExecutor.php:376
/repo/vendor/php-webdriver/webdriver/lib/Remote/RemoteWebDriver.php:590
/repo/vendor/php-webdriver/webdriver/lib/Remote/RemoteWebDriver.php:334
/project/tests/_support/_generated/AcceptanceTesterActions.php:2671
/project/tests/_support/Step/Acceptance/PaymentMethod/CreditCardStep.php:63
/project/tests/_support/Step/Acceptance/PaymentMethod/CreditCardStep.php:24
/project/tests/_support/AcceptanceTester.php:184
/repo/app.php:46
/repo/app.php:47
/repo/codecept:7
</error>
    </testcase>
    <testcase file="/project/tests/acceptance/CreditCard/CreditCardInitialTransactionHappyPath.feature" name="CreditCardInitialTransactionHappyPath: initial transaction 3DS | &quot;reserve&quot;, &quot;100&quot;, &quot;authorization&quot;" feature="CreditCardInitialTransactionHappyPath" assertions="3" time="42.664482"/>
    <testcase file="/project/tests/acceptance/CreditCard/CreditCardInitialTransactionHappyPath.feature" name="CreditCardInitialTransactionHappyPath: initial transaction 3DS | &quot;pay&quot;, &quot;100&quot;, &quot;purchase&quot;" feature="CreditCardInitialTransactionHappyPath" assertions="3" time="46.231679"/>
    <testcase file="/project/tests/acceptance/CreditCard/CreditCardOneClickInitialTransactionHappyPath.feature" name="CreditCardOneClickInitialTransactionHappyPath: initial transaction | &quot;reserve&quot;, &quot;100&quot;, &quot;authorization&quot;" feature="CreditCardOneClickInitialTransactionHappyPath" assertions="3" time="87.728255">
      <error type="Facebook\WebDriver\Exception\UnknownServerException">CreditCardOneClickInitialTransactionHappyPath: initial transaction | "reserve", "100", "authorization"
Facebook\WebDriver\Exception\UnknownServerException: javascript error: Cannot read property 'getAttribute' of null
  (Session info: chrome=83.0.4103.61)
  (Driver info: chromedriver=83.0.4103.39 (ccbf011cb2d2b19b506d844400483861342c20cd-refs/branch-heads/4103@{#416}),platform=Windows NT 10.0.17134 x86_64) (WARNING: The server did not provide any stacktrace information)
Command duration or timeout: 12 milliseconds
Build info: version: '2.53.0', revision: '35ae25b', time: '2016-03-15 17:00:58'
System info: host: '199-7-165-190', ip: '199.7.165.190', os.name: 'windows', os.arch: 'x86', os.version: '10.0', java.version: '1.8.0_181'
Driver info: org.openqa.selenium.chrome.ChromeDriver
Capabilities [{mobileEmulationEnabled=false, timeouts={implicit=0, pageLoad=300000, script=30000}, hasTouchScreen=false, platform=XP, acceptSslCerts=false, goog:chromeOptions={debuggerAddress=localhost:1676}, acceptInsecureCerts=false, webStorageEnabled=true, browserName=chrome, takesScreenshot=true, javascriptEnabled=true, setWindowRect=true, unexpectedAlertBehaviour=ignore, applicationCacheEnabled=false, rotatable=false, networkConnectionEnabled=false, chrome={chromedriverVersion=83.0.4103.39 (ccbf011cb2d2b19b506d844400483861342c20cd-refs/branch-heads/4103@{#416}), userDataDir=C:\Windows\proxy\scoped_dir6776_817339913}, takesHeapSnapshot=true, pageLoadStrategy=normal, strictFileInteractability=false, databaseEnabled=false, handlesAlerts=true, version=83.0.4103.61, browserConnectionEnabled=false, proxy={}, nativeEvents=true, locationContextEnabled=true, cssSelectorsEnabled=true, webauthn:virtualAuthenticators=true}]
Session ID: 106d1648dded8ba644b3b8fa465e6e70

/repo/vendor/php-webdriver/webdriver/lib/Exception/WebDriverException.php:175
/repo/vendor/php-webdriver/webdriver/lib/Remote/HttpCommandExecutor.php:376
/repo/vendor/php-webdriver/webdriver/lib/Remote/RemoteWebDriver.php:590
/repo/vendor/php-webdriver/webdriver/lib/Remote/RemoteWebDriver.php:334
/project/tests/_support/_generated/AcceptanceTesterActions.php:2671
/project/tests/_support/Step/Acceptance/PaymentMethod/CreditCardStep.php:63
/project/tests/_support/Step/Acceptance/PaymentMethod/CreditCardOneClickStep.php:29
/project/tests/_support/AcceptanceTester.php:211
/repo/app.php:46
/repo/app.php:47
/repo/codecept:7
</error>
    </testcase>
    <testcase file="/project/tests/acceptance/Eps/EpsInitialTransactionHappyPath.feature" name="EpsInitialTransactionHappyPath: initial transaction | &quot;debit&quot;, 20, &quot;debit&quot;" feature="EpsInitialTransactionHappyPath" assertions="3" time="49.497419"/>
    <testcase file="/project/tests/acceptance/GuaranteedInvoice/GuaranteedInvoiceInitialTransactionHappyPath.feature" name="GuaranteedInvoiceInitialTransactionHappyPath: initial transaction | &quot;reserve&quot;, &quot;authorization&quot;" feature="GuaranteedInvoiceInitialTransactionHappyPath" assertions="3" time="28.766526"/>
    <testcase file="/project/tests/acceptance/PayPal/PayPalInitialTransactionHappyPath.feature" name="PayPalInitialTransaction: initial transaction | &quot;pay&quot;, &quot;purchase&quot;" feature="PayPalInitialTransaction" assertions="1" time="49.290200">
      <error type="Facebook\WebDriver\Exception\UnknownServerException">PayPalInitialTransaction: initial transaction | "pay", "purchase"
Facebook\WebDriver\Exception\UnknownServerException: element click intercepted: Element &lt;button class="button actionContinue scTrack:unifiedlogin-login-submit" type="submit" id="btnLogin" name="btnLogin" value="Login" pa-marked="1"&gt;...&lt;/button&gt; is not clickable at point (485, 515). Other element would receive the click: &lt;div id="ccpaCookieContent_wrapper" class="col-sm-12"&gt;...&lt;/div&gt;
  (Session info: chrome=83.0.4103.61)
  (Driver info: chromedriver=83.0.4103.39 (ccbf011cb2d2b19b506d844400483861342c20cd-refs/branch-heads/4103@{#416}),platform=Windows NT 6.2.9200 x86_64) (WARNING: The server did not provide any stacktrace information)
Command duration or timeout: 1.18 seconds
Build info: version: '2.53.0', revision: '35ae25b', time: '2016-03-15 17:00:58'
System info: host: '207-254-10-199', ip: '207.254.10.199', os.name: 'windows', os.arch: 'x86', os.version: '6.2', java.version: '1.8.0_181'
Driver info: org.openqa.selenium.chrome.ChromeDriver
Capabilities [{mobileEmulationEnabled=false, timeouts={implicit=0, pageLoad=300000, script=30000}, hasTouchScreen=false, platform=XP, acceptSslCerts=false, goog:chromeOptions={debuggerAddress=localhost:1619}, acceptInsecureCerts=false, webStorageEnabled=true, browserName=chrome, takesScreenshot=true, javascriptEnabled=true, setWindowRect=true, unexpectedAlertBehaviour=ignore, applicationCacheEnabled=false, rotatable=false, networkConnectionEnabled=false, chrome={chromedriverVersion=83.0.4103.39 (ccbf011cb2d2b19b506d844400483861342c20cd-refs/branch-heads/4103@{#416}), userDataDir=C:\Windows\proxy\scoped_dir6968_1052884745}, takesHeapSnapshot=true, pageLoadStrategy=normal, strictFileInteractability=false, databaseEnabled=false, handlesAlerts=true, version=83.0.4103.61, browserConnectionEnabled=false, proxy={}, nativeEvents=true, locationContextEnabled=true, cssSelectorsEnabled=true, webauthn:virtualAuthenticators=true}]
Session ID: 1b95cbb84337b79912d274c46591b1c4

/repo/vendor/php-webdriver/webdriver/lib/Exception/WebDriverException.php:175
/repo/vendor/php-webdriver/webdriver/lib/Remote/HttpCommandExecutor.php:376
/repo/vendor/php-webdriver/webdriver/lib/Remote/RemoteWebDriver.php:590
/repo/vendor/php-webdriver/webdriver/lib/Remote/RemoteExecuteMethod.php:27
/repo/vendor/php-webdriver/webdriver/lib/Remote/RemoteWebElement.php:74
/project/tests/_support/_generated/AcceptanceTesterActions.php:628
/project/tests/_support/Step/Acceptance/GenericStep.php:52
/project/tests/_support/Step/Acceptance/PaymentMethod/PayPalStep.php:49
/project/tests/_support/Step/Acceptance/PaymentMethod/PayPalStep.php:24
/project/tests/_support/AcceptanceTester.php:223
/repo/app.php:46
/repo/app.php:47
/repo/codecept:7
</error>
    </testcase>
    <testcase file="/project/tests/acceptance/PayPal/PayPalInitialTransactionHappyPath.feature" name="PayPalInitialTransaction: initial transaction | &quot;reserve&quot;, &quot;authorization&quot;" feature="PayPalInitialTransaction" assertions="1" time="44.674413">
      <error type="Facebook\WebDriver\Exception\UnknownServerException">PayPalInitialTransaction: initial transaction | "reserve", "authorization"
Facebook\WebDriver\Exception\UnknownServerException: element click intercepted: Element &lt;button class="button actionContinue scTrack:unifiedlogin-login-submit" type="submit" id="btnLogin" name="btnLogin" value="Login" pa-marked="1"&gt;...&lt;/button&gt; is not clickable at point (485, 515). Other element would receive the click: &lt;div id="ccpaCookieContent_wrapper" class="col-sm-12"&gt;...&lt;/div&gt;
  (Session info: chrome=83.0.4103.61)
  (Driver info: chromedriver=83.0.4103.39 (ccbf011cb2d2b19b506d844400483861342c20cd-refs/branch-heads/4103@{#416}),platform=Windows NT 6.2.9200 x86_64) (WARNING: The server did not provide any stacktrace information)
Command duration or timeout: 1.08 seconds
Build info: version: '2.53.0', revision: '35ae25b', time: '2016-03-15 17:00:58'
System info: host: '208-78-111-162', ip: '208.78.111.162', os.name: 'windows', os.arch: 'x86', os.version: '6.2', java.version: '1.8.0_181'
Driver info: org.openqa.selenium.chrome.ChromeDriver
Capabilities [{mobileEmulationEnabled=false, timeouts={implicit=0, pageLoad=300000, script=30000}, hasTouchScreen=false, platform=XP, acceptSslCerts=false, goog:chromeOptions={debuggerAddress=localhost:1311}, acceptInsecureCerts=false, webStorageEnabled=true, browserName=chrome, takesScreenshot=true, javascriptEnabled=true, setWindowRect=true, unexpectedAlertBehaviour=ignore, applicationCacheEnabled=false, rotatable=false, networkConnectionEnabled=false, chrome={chromedriverVersion=83.0.4103.39 (ccbf011cb2d2b19b506d844400483861342c20cd-refs/branch-heads/4103@{#416}), userDataDir=C:\Windows\proxy\scoped_dir356_913785482}, takesHeapSnapshot=true, pageLoadStrategy=normal, strictFileInteractability=false, databaseEnabled=false, handlesAlerts=true, version=83.0.4103.61, browserConnectionEnabled=false, proxy={}, nativeEvents=true, locationContextEnabled=true, cssSelectorsEnabled=true, webauthn:virtualAuthenticators=true}]
Session ID: 5a426dcdf34a1203f41351bb4eb8ad69

/repo/vendor/php-webdriver/webdriver/lib/Exception/WebDriverException.php:175
/repo/vendor/php-webdriver/webdriver/lib/Remote/HttpCommandExecutor.php:376
/repo/vendor/php-webdriver/webdriver/lib/Remote/RemoteWebDriver.php:590
/repo/vendor/php-webdriver/webdriver/lib/Remote/RemoteExecuteMethod.php:27
/repo/vendor/php-webdriver/webdriver/lib/Remote/RemoteWebElement.php:74
/project/tests/_support/_generated/AcceptanceTesterActions.php:628
/project/tests/_support/Step/Acceptance/GenericStep.php:52
/project/tests/_support/Step/Acceptance/PaymentMethod/PayPalStep.php:49
/project/tests/_support/Step/Acceptance/PaymentMethod/PayPalStep.php:24
/project/tests/_support/AcceptanceTester.php:223
/repo/app.php:46
/repo/app.php:47
/repo/codecept:7
</error>
    </testcase>
    <testcase file="/project/tests/acceptance/PaymentOnInvoicePaymentInAdvance/PaymentOnInvoicePaymentInAdvanceInitialTransactionHappyPath.feature" name="PaymentOnInvoice/PaymentInAdvanceInitialTransactionHappyPath: initial transaction | &quot;Payment On Invoice&quot;, 100, &quot;authorization&quot;" feature="PaymentOnInvoice/PaymentInAdvanceInitialTransactionHappyPath" assertions="3" time="32.225272"/>
    <testcase file="/project/tests/acceptance/PaymentOnInvoicePaymentInAdvance/PaymentOnInvoicePaymentInAdvanceInitialTransactionHappyPath.feature" name="PaymentOnInvoice/PaymentInAdvanceInitialTransactionHappyPath: initial transaction | &quot;Payment In Advance&quot;, 100, &quot;authorization&quot;" feature="PaymentOnInvoice/PaymentInAdvanceInitialTransactionHappyPath" assertions="3" time="34.642058"/>
    <testcase file="/project/tests/acceptance/SEPADirectDebit/SEPADirectDebitInitialTransactionHappyPath.feature" name="SEPADirectDebitInitialTransactionHappyPath: initial transaction | &quot;reserve&quot;, &quot;20&quot;, &quot;authorization&quot;" feature="SEPADirectDebitInitialTransactionHappyPath" assertions="3" time="32.548780"/>
    <testcase file="/project/tests/acceptance/SEPADirectDebit/SEPADirectDebitInitialTransactionHappyPath.feature" name="SEPADirectDebitInitialTransactionHappyPath: initial transaction | &quot;pay&quot;, &quot;20&quot;, &quot;debit&quot;" feature="SEPADirectDebitInitialTransactionHappyPath" assertions="3" time="35.985703"/>
    <testcase file="/project/tests/acceptance/Sofort/SofortInitialTransactionHappyPath.feature" name="SofortInitialTransaction: initial transaction | &quot;debit&quot;, &quot;debit&quot;" feature="SofortInitialTransaction" assertions="3" time="143.536503"/>
    <testcase file="/project/tests/acceptance/giropay/giropayInitialTransactionHappyPath.feature" name="giropayInitialTransaction: initial transaction | &quot;debit&quot;, &quot;debit&quot;" feature="giropayInitialTransaction" assertions="3" time="45.359132"/>
    <testcase file="/project/tests/acceptance/iDEAL/IdealInitialTransactionHappyPath.feature" name="iDealInitialTransaction: initial transaction | &quot;debit&quot;, &quot;debit&quot;" feature="iDealInitialTransaction" assertions="3" time="40.422393"/>
  </testsuite>
</testsuites>
