<?xml version="1.0" encoding="UTF-8"?>
<testsuites name="Mocha Tests" time="638.461" tests="13" failures="2">
  <testsuite name="Root Suite" timestamp="2019-09-26T11:16:30" tests="0" failures="0" time="0">
  </testsuite>
  <testsuite name="Payment in Advance test" timestamp="2019-09-26T11:16:30" tests="1" file="/home/travis/shopware/custom/plugins/WirecardElasticEngine/Tests/Selenium/Payments/PiaTest.js" failures="0" time="66.763">
    <testcase name="Payment in Advance test should check the pia payment process" time="66.763" classname="should check the pia payment process">
    </testcase>
  </testsuite>
  <testsuite name="Credit Card test" timestamp="2019-09-26T11:17:44" tests="1" file="/home/travis/shopware/custom/plugins/WirecardElasticEngine/Tests/Selenium/Payments/CreditCardTest.js" failures="0" time="38.129">
    <testcase name="Credit Card test should check the credit card payment process" time="38.129" classname="should check the credit card payment process">
    </testcase>
  </testsuite>
  <testsuite name="Credit Card One-Click Checkout test (NOTE: has requirements)" timestamp="2019-09-26T11:18:34" tests="1" file="/home/travis/shopware/custom/plugins/WirecardElasticEngine/Tests/Selenium/Payments/CreditCardOneClickTest.js" failures="0" time="23.527">
    <testcase name="Credit Card One-Click Checkout test (NOTE: has requirements) should check the credit card one-click payment process" time="23.527" classname="should check the credit card one-click payment process">
    </testcase>
  </testsuite>
  <testsuite name="SEPA Direct Debit test" timestamp="2019-09-26T11:19:05" tests="1" file="/home/travis/shopware/custom/plugins/WirecardElasticEngine/Tests/Selenium/Payments/SepaTest.js" failures="0" time="25.405">
    <testcase name="SEPA Direct Debit test should check the sepa payment process" time="25.405" classname="should check the sepa payment process">
    </testcase>
  </testsuite>
  <testsuite name="Sofort. test" timestamp="2019-09-26T11:19:39" tests="1" file="/home/travis/shopware/custom/plugins/WirecardElasticEngine/Tests/Selenium/Payments/SofortTest.js" failures="0" time="59.89">
    <testcase name="Sofort. test should check the sofort payment process" time="59.89" classname="should check the sofort payment process">
    </testcase>
  </testsuite>
  <testsuite name="Payment on Invoice test" timestamp="2019-09-26T11:20:50" tests="1" file="/home/travis/shopware/custom/plugins/WirecardElasticEngine/Tests/Selenium/Payments/PoiTest.js" failures="0" time="24.434">
    <testcase name="Payment on Invoice test should check the poi payment process" time="24.434" classname="should check the poi payment process">
    </testcase>
  </testsuite>
  <testsuite name="UnionPay International test" timestamp="2019-09-26T11:21:23" tests="1" file="/home/travis/shopware/custom/plugins/WirecardElasticEngine/Tests/Selenium/Payments/UpiTest.js" failures="0" time="33.769">
    <testcase name="UnionPay International test should check the unionpay international payment process" time="33.769" classname="should check the unionpay international payment process">
    </testcase>
  </testsuite>
  <testsuite name="Alipay Cross-border test" timestamp="2019-09-26T11:22:18" tests="1" file="/home/travis/shopware/custom/plugins/WirecardElasticEngine/Tests/Selenium/Payments/AlipayTest.js" failures="0" time="40.454">
    <testcase name="Alipay Cross-border test should check the alipay crossborder payment process" time="40.454" classname="should check the alipay crossborder payment process">
    </testcase>
  </testsuite>
  <testsuite name="PayPal test" timestamp="2019-09-26T11:23:07" tests="1" file="/home/travis/shopware/custom/plugins/WirecardElasticEngine/Tests/Selenium/Payments/PaypalTest.js" failures="0" time="73.56">
    <testcase name="PayPal test should check the paypal payment process" time="73.56" classname="should check the paypal payment process">
    </testcase>
  </testsuite>
  <testsuite name="iDEAL test" timestamp="2019-09-26T11:24:32" tests="1" file="/home/travis/shopware/custom/plugins/WirecardElasticEngine/Tests/Selenium/Payments/IdealTest.js" failures="0" time="34.929">
    <testcase name="iDEAL test should check the ideal payment process" time="34.929" classname="should check the ideal payment process">
    </testcase>
  </testsuite>
  <testsuite name="Guaranteed Invoice by Wirecard test" timestamp="2019-09-26T11:25:14" tests="1" file="/home/travis/shopware/custom/plugins/WirecardElasticEngine/Tests/Selenium/Payments/RatepayTest.js" failures="0" time="33.94">
    <testcase name="Guaranteed Invoice by Wirecard test should check the ratepay invoice process" time="33.94" classname="should check the ratepay invoice process">
    </testcase>
  </testsuite>
  <testsuite name="default test" timestamp="2019-09-26T11:25:58" tests="1" file="/home/travis/shopware/custom/plugins/WirecardElasticEngine/Tests/Selenium/Payments/DefaultTest.js" failures="2" time="127.721">
    <testcase name="default test should check the default checkout" time="127.306" classname="should check the default checkout">
      <failure message="ETIMEDOUT connect ETIMEDOUT 207.254.8.4:80" type="Error"><![CDATA[Error: ETIMEDOUT connect ETIMEDOUT 207.254.8.4:80
    at ClientRequest.<anonymous> (node_modules/selenium-webdriver/http/index.js:258:15)
    at Socket.socketErrorListener (_http_client.js:387:9)
    at emitErrorNT (internal/streams/destroy.js:64:8)
    at _combinedTickCallback (internal/process/next_tick.js:138:11)
    at process._tickCallback (internal/process/next_tick.js:180:9)]]></failure>
    </testcase>
    <testcase name="default test &quot;after all&quot; hook" time="0.415" classname="&quot;after all&quot; hook">
      <failure message="Session not started or terminated" type="WebDriverError"><![CDATA[WebDriverError: Session not started or terminated
    at Object.checkLegacyResponse (node_modules/selenium-webdriver/lib/error.js:585:15)
    at parseHttpResponse (node_modules/selenium-webdriver/lib/http.js:554:13)
    at Executor.execute (node_modules/selenium-webdriver/lib/http.js:489:26)
    at <anonymous>
    at process._tickCallback (internal/process/next_tick.js:188:7)]]></failure>
    </testcase>
  </testsuite>
  <testsuite name="Credit Card 3-D Secure test" timestamp="2019-09-26T11:28:11" tests="1" file="/home/travis/shopware/custom/plugins/WirecardElasticEngine/Tests/Selenium/Payments/CreditCardThreeDTest.js" failures="0" time="55.94">
    <testcase name="Credit Card 3-D Secure test should check the credit card 3ds payment process" time="55.94" classname="should check the credit card 3ds payment process">
    </testcase>
  </testsuite>
</testsuites>