<?xml version="1.0" encoding="UTF-8"?>
<testsuites>
  <testsuite name="acceptance" tests="30" assertions="140" failures="0" errors="6" time="969.868405">
    <testcase file="/home/travis/build/tatsta/paymentSDK-php/tests/acceptance/CreditCard3DSAuthorizationAndPostprocessingHappyPath.feature" name="CreditCard3DSAuthorizationAndPostprocessingHappyPath: authorization" feature="authorization" assertions="8" time="58.792485"/>
    <testcase file="/home/travis/build/tatsta/paymentSDK-php/tests/acceptance/CreditCard3DSAuthorizationAndPostprocessingHappyPath.feature" name="CreditCard3DSAuthorizationAndPostprocessingHappyPath: capture" feature="capture" assertions="6" time="39.237078"/>
    <testcase file="/home/travis/build/tatsta/paymentSDK-php/tests/acceptance/CreditCard3DSAuthorizationAndPostprocessingHappyPath.feature" name="CreditCard3DSAuthorizationAndPostprocessingHappyPath: refund" feature="refund" assertions="8" time="44.572739"/>
    <testcase file="/home/travis/build/tatsta/paymentSDK-php/tests/acceptance/CreditCard3DSAuthorizationAndPostprocessingHappyPath.feature" name="CreditCard3DSAuthorizationAndPostprocessingHappyPath: cancel" feature="cancel" assertions="6" time="35.603735"/>
    <testcase file="/home/travis/build/tatsta/paymentSDK-php/tests/acceptance/CreditCard3DSPurchaseAndPostprocessingHappyPath.feature" name="CreditCard3DSPurchaseAndPostprocessingHappyPath: purchase" feature="purchase" assertions="5" time="30.023901"/>
    <testcase file="/home/travis/build/tatsta/paymentSDK-php/tests/acceptance/CreditCard3DSPurchaseAndPostprocessingHappyPath.feature" name="CreditCard3DSPurchaseAndPostprocessingHappyPath: refundOrcancel" feature="refundOrcancel" assertions="6" time="36.589307"/>
    <testcase file="/home/travis/build/tatsta/paymentSDK-php/tests/acceptance/CreditCard3DSWppv2AuthorizationAndPostprocessingHappyPath.feature" name="CreditCard3DSWppv2AuthorizationAndPostprocessingHappyPath: authorization" feature="authorization" assertions="8" time="47.744762"/>
    <testcase file="/home/travis/build/tatsta/paymentSDK-php/tests/acceptance/CreditCard3DSWppv2AuthorizationAndPostprocessingHappyPath.feature" name="CreditCard3DSWppv2AuthorizationAndPostprocessingHappyPath: capture" feature="capture" assertions="6" time="42.822289"/>
    <testcase file="/home/travis/build/tatsta/paymentSDK-php/tests/acceptance/CreditCard3DSWppv2AuthorizationAndPostprocessingHappyPath.feature" name="CreditCard3DSWppv2AuthorizationAndPostprocessingHappyPath: refund" feature="refund" assertions="8" time="47.162801"/>
    <testcase file="/home/travis/build/tatsta/paymentSDK-php/tests/acceptance/CreditCard3DSWppv2AuthorizationAndPostprocessingHappyPath.feature" name="CreditCard3DSWppv2AuthorizationAndPostprocessingHappyPath: cancel" feature="cancel" assertions="6" time="37.644457"/>
    <testcase file="/home/travis/build/tatsta/paymentSDK-php/tests/acceptance/CreditCard3DSWppv2PurchaseHappyPath.feature" name="CreditCard3DSWppv2PurchaseHappyPath: purchase" feature="purchase" assertions="5" time="30.377761"/>
    <testcase file="/home/travis/build/tatsta/paymentSDK-php/tests/acceptance/CreditCard3DSWppv2PurchaseHappyPath.feature" name="CreditCard3DSWppv2PurchaseHappyPath: voidPurchase" feature="voidPurchase" assertions="6" time="37.270862"/>
    <testcase file="/home/travis/build/tatsta/paymentSDK-php/tests/acceptance/CreditCardNon3DSAuthorizationAndPostprocessingHappyPath.feature" name="CreditCardNon3DSAuthorizationAndPostprocessingHappyPath: authorization" feature="authorization" assertions="3" time="14.389709"/>
    <testcase file="/home/travis/build/tatsta/paymentSDK-php/tests/acceptance/CreditCardNon3DSAuthorizationAndPostprocessingHappyPath.feature" name="CreditCardNon3DSAuthorizationAndPostprocessingHappyPath: capture" feature="capture" assertions="5" time="41.105130"/>
    <testcase file="/home/travis/build/tatsta/paymentSDK-php/tests/acceptance/CreditCardNon3DSAuthorizationAndPostprocessingHappyPath.feature" name="CreditCardNon3DSAuthorizationAndPostprocessingHappyPath: refund" feature="refund" assertions="6" time="24.339340"/>
    <testcase file="/home/travis/build/tatsta/paymentSDK-php/tests/acceptance/CreditCardNon3DSAuthorizationAndPostprocessingHappyPath.feature" name="CreditCardNon3DSAuthorizationAndPostprocessingHappyPath: cancel" feature="cancel" assertions="4" time="22.295538"/>
    <testcase file="/home/travis/build/tatsta/paymentSDK-php/tests/acceptance/CreditCardNon3DSPurchaseAndPostprocessingHappyPath.feature" name="CreditCardNon3DSPurchaseAndPostprocessingHappyPath: purchase" feature="purchase" assertions="3" time="14.348553"/>
    <testcase file="/home/travis/build/tatsta/paymentSDK-php/tests/acceptance/CreditCardNon3DSPurchaseAndPostprocessingHappyPath.feature" name="CreditCardNon3DSPurchaseAndPostprocessingHappyPath: refundOrcancel" feature="refundOrcancel" assertions="4" time="21.420951"/>
    <testcase file="/home/travis/build/tatsta/paymentSDK-php/tests/acceptance/CreditCardNon3DSWppv2AuthorizationAndPostprocessingHappyPath.feature" name="CreditCardNon3DSWppv2AuthorizationAndPostprocessingHappyPath: authorization" feature="authorization" assertions="6" time="27.810665"/>
    <testcase file="/home/travis/build/tatsta/paymentSDK-php/tests/acceptance/CreditCardNon3DSWppv2AuthorizationAndPostprocessingHappyPath.feature" name="CreditCardNon3DSWppv2AuthorizationAndPostprocessingHappyPath: capture" feature="capture" assertions="5" time="16.723133"/>
    <testcase file="/home/travis/build/tatsta/paymentSDK-php/tests/acceptance/CreditCardNon3DSWppv2AuthorizationAndPostprocessingHappyPath.feature" name="CreditCardNon3DSWppv2AuthorizationAndPostprocessingHappyPath: refund" feature="refund" assertions="7" time="23.982400"/>
    <testcase file="/home/travis/build/tatsta/paymentSDK-php/tests/acceptance/CreditCardNon3DSWppv2AuthorizationAndPostprocessingHappyPath.feature" name="CreditCardNon3DSWppv2AuthorizationAndPostprocessingHappyPath: cancel" feature="cancel" assertions="5" time="15.325366"/>
    <testcase file="/home/travis/build/tatsta/paymentSDK-php/tests/acceptance/CreditCardNon3DSWppv2PurchaseHappyPath.feature" name="CreditCardNon3DSWppv2PurchaseHappyPath: purchase" feature="purchase" assertions="3" time="9.990627"/>
    <testcase file="/home/travis/build/tatsta/paymentSDK-php/tests/acceptance/CreditCardNon3DSWppv2PurchaseHappyPath.feature" name="CreditCardNon3DSWppv2PurchaseHappyPath: voidPurchase" feature="voidPurchase" assertions="5" time="18.433266"/>
    <testcase file="/home/travis/build/tatsta/paymentSDK-php/tests/acceptance/PayPalAuthorizationAndPostProcessingHappyPath.feature" name="PayPalAuthorizationAndPostProcessingHappyPath: authorization" feature="authorization" assertions="1" time="40.610918">
      <error type="Facebook\WebDriver\Exception\UnknownServerException">PayPalAuthorizationAndPostProcessingHappyPath: authorization
Facebook\WebDriver\Exception\UnknownServerException: element click intercepted: Element &lt;div id="button" class="buttons reviewButton"&gt;...&lt;/div&gt; is not clickable at point (325, 598). Other element would receive the click: &lt;div class="gdprCookieBanner_buttonWrapper gdprCookieBanner_buttonWrapper-custom"&gt;...&lt;/div&gt;
  (Session info: chrome=79.0.3945.79)
  (Driver info: chromedriver=79.0.3945.16 (93fcc21110c10dbbd49bbff8f472335360e31d05-refs/branch-heads/3945@{#262}),platform=Windows NT 6.1.7601 SP1 x86_64) (WARNING: The server did not provide any stacktrace information)
Command duration or timeout: 1.23 seconds
Build info: version: '2.53.0', revision: '35ae25b', time: '2016-03-15 17:00:58'
System info: host: '199-7-164-197', ip: '199.7.164.197', os.name: 'windows', os.arch: 'x86', os.version: '6.1', java.version: '1.8.0_181'
Driver info: org.openqa.selenium.chrome.ChromeDriver
Capabilities [{mobileEmulationEnabled=false, timeouts={implicit=0, pageLoad=300000, script=30000}, hasTouchScreen=false, platform=XP, acceptSslCerts=false, goog:chromeOptions={debuggerAddress=localhost:1481}, acceptInsecureCerts=false, webStorageEnabled=true, browserName=chrome, takesScreenshot=true, javascriptEnabled=true, setWindowRect=true, unexpectedAlertBehaviour=ignore, applicationCacheEnabled=false, rotatable=false, networkConnectionEnabled=false, chrome={chromedriverVersion=79.0.3945.16 (93fcc21110c10dbbd49bbff8f472335360e31d05-refs/branch-heads/3945@{#262}), userDataDir=C:\Windows\proxy\scoped_dir6760_1402452205}, takesHeapSnapshot=true, pageLoadStrategy=normal, strictFileInteractability=false, databaseEnabled=false, handlesAlerts=true, version=79.0.3945.79, browserConnectionEnabled=false, proxy={}, nativeEvents=true, locationContextEnabled=true, cssSelectorsEnabled=true}]
Session ID: 3a844257e44840b3f70e0ffa71f55088

/home/travis/build/tatsta/paymentSDK-php/vendor/facebook/webdriver/lib/Exception/WebDriverException.php:114
/home/travis/build/tatsta/paymentSDK-php/vendor/facebook/webdriver/lib/Remote/HttpCommandExecutor.php:331
/home/travis/build/tatsta/paymentSDK-php/vendor/facebook/webdriver/lib/Remote/RemoteWebDriver.php:565
/home/travis/build/tatsta/paymentSDK-php/vendor/facebook/webdriver/lib/Remote/RemoteExecuteMethod.php:40
/home/travis/build/tatsta/paymentSDK-php/vendor/facebook/webdriver/lib/Remote/RemoteWebElement.php:81
/home/travis/build/tatsta/paymentSDK-php/vendor/codeception/codeception/src/Codeception/Module/WebDriver.php:997
/home/travis/build/tatsta/paymentSDK-php/vendor/codeception/codeception/src/Codeception/Step.php:265
/home/travis/build/tatsta/paymentSDK-php/vendor/codeception/codeception/src/Codeception/Scenario.php:72
/home/travis/build/tatsta/paymentSDK-php/tests/_support/_generated/AcceptanceTesterActions.php:628
/home/travis/build/tatsta/paymentSDK-php/tests/_support/AcceptanceTester.php:228
/home/travis/build/tatsta/paymentSDK-php/vendor/codeception/codeception/src/Codeception/Test/Gherkin.php:142
/home/travis/build/tatsta/paymentSDK-php/vendor/codeception/codeception/src/Codeception/Test/Gherkin.php:83
/home/travis/build/tatsta/paymentSDK-php/vendor/codeception/codeception/src/Codeception/Test/Test.php:88
/home/travis/build/tatsta/paymentSDK-php/vendor/codeception/phpunit-wrapper/src/Runner.php:110
/home/travis/build/tatsta/paymentSDK-php/vendor/codeception/codeception/src/Codeception/SuiteManager.php:158
/home/travis/build/tatsta/paymentSDK-php/vendor/codeception/codeception/src/Codeception/Codecept.php:192
/home/travis/build/tatsta/paymentSDK-php/vendor/codeception/codeception/src/Codeception/Codecept.php:159
/home/travis/build/tatsta/paymentSDK-php/vendor/codeception/codeception/src/Codeception/Command/Run.php:494
/home/travis/build/tatsta/paymentSDK-php/vendor/codeception/codeception/src/Codeception/Command/Run.php:389
/home/travis/build/tatsta/paymentSDK-php/vendor/symfony/console/Command/Command.php:255
/home/travis/build/tatsta/paymentSDK-php/vendor/symfony/console/Application.php:1011
/home/travis/build/tatsta/paymentSDK-php/vendor/symfony/console/Application.php:272
/home/travis/build/tatsta/paymentSDK-php/vendor/symfony/console/Application.php:148
/home/travis/build/tatsta/paymentSDK-php/vendor/codeception/codeception/src/Codeception/Application.php:107
</error>
    </testcase>
    <testcase file="/home/travis/build/tatsta/paymentSDK-php/tests/acceptance/PayPalAuthorizationAndPostProcessingHappyPath.feature" name="PayPalAuthorizationAndPostProcessingHappyPath: capture" feature="capture" assertions="1" time="38.390700">
      <error type="Facebook\WebDriver\Exception\UnknownServerException">PayPalAuthorizationAndPostProcessingHappyPath: capture
Facebook\WebDriver\Exception\UnknownServerException: element click intercepted: Element &lt;div id="button" class="buttons reviewButton"&gt;...&lt;/div&gt; is not clickable at point (325, 598). Other element would receive the click: &lt;div class="gdprCookieBanner_buttonWrapper gdprCookieBanner_buttonWrapper-custom"&gt;...&lt;/div&gt;
  (Session info: chrome=79.0.3945.79)
  (Driver info: chromedriver=79.0.3945.16 (93fcc21110c10dbbd49bbff8f472335360e31d05-refs/branch-heads/3945@{#262}),platform=Windows NT 6.1.7601 SP1 x86_64) (WARNING: The server did not provide any stacktrace information)
Command duration or timeout: 1.15 seconds
Build info: version: '2.53.0', revision: '35ae25b', time: '2016-03-15 17:00:58'
System info: host: '199-7-164-197', ip: '199.7.164.197', os.name: 'windows', os.arch: 'x86', os.version: '6.1', java.version: '1.8.0_181'
Driver info: org.openqa.selenium.chrome.ChromeDriver
Capabilities [{mobileEmulationEnabled=false, timeouts={implicit=0, pageLoad=300000, script=30000}, hasTouchScreen=false, platform=XP, acceptSslCerts=false, goog:chromeOptions={debuggerAddress=localhost:1481}, acceptInsecureCerts=false, webStorageEnabled=true, browserName=chrome, takesScreenshot=true, javascriptEnabled=true, setWindowRect=true, unexpectedAlertBehaviour=ignore, applicationCacheEnabled=false, rotatable=false, networkConnectionEnabled=false, chrome={chromedriverVersion=79.0.3945.16 (93fcc21110c10dbbd49bbff8f472335360e31d05-refs/branch-heads/3945@{#262}), userDataDir=C:\Windows\proxy\scoped_dir6760_1402452205}, takesHeapSnapshot=true, pageLoadStrategy=normal, strictFileInteractability=false, databaseEnabled=false, handlesAlerts=true, version=79.0.3945.79, browserConnectionEnabled=false, proxy={}, nativeEvents=true, locationContextEnabled=true, cssSelectorsEnabled=true}]
Session ID: 3a844257e44840b3f70e0ffa71f55088

/home/travis/build/tatsta/paymentSDK-php/vendor/facebook/webdriver/lib/Exception/WebDriverException.php:114
/home/travis/build/tatsta/paymentSDK-php/vendor/facebook/webdriver/lib/Remote/HttpCommandExecutor.php:331
/home/travis/build/tatsta/paymentSDK-php/vendor/facebook/webdriver/lib/Remote/RemoteWebDriver.php:565
/home/travis/build/tatsta/paymentSDK-php/vendor/facebook/webdriver/lib/Remote/RemoteExecuteMethod.php:40
/home/travis/build/tatsta/paymentSDK-php/vendor/facebook/webdriver/lib/Remote/RemoteWebElement.php:81
/home/travis/build/tatsta/paymentSDK-php/vendor/codeception/codeception/src/Codeception/Module/WebDriver.php:997
/home/travis/build/tatsta/paymentSDK-php/vendor/codeception/codeception/src/Codeception/Step.php:265
/home/travis/build/tatsta/paymentSDK-php/vendor/codeception/codeception/src/Codeception/Scenario.php:72
/home/travis/build/tatsta/paymentSDK-php/tests/_support/_generated/AcceptanceTesterActions.php:628
/home/travis/build/tatsta/paymentSDK-php/tests/_support/AcceptanceTester.php:228
/home/travis/build/tatsta/paymentSDK-php/vendor/codeception/codeception/src/Codeception/Test/Gherkin.php:142
/home/travis/build/tatsta/paymentSDK-php/vendor/codeception/codeception/src/Codeception/Test/Gherkin.php:83
/home/travis/build/tatsta/paymentSDK-php/vendor/codeception/codeception/src/Codeception/Test/Test.php:88
/home/travis/build/tatsta/paymentSDK-php/vendor/codeception/phpunit-wrapper/src/Runner.php:110
/home/travis/build/tatsta/paymentSDK-php/vendor/codeception/codeception/src/Codeception/SuiteManager.php:158
/home/travis/build/tatsta/paymentSDK-php/vendor/codeception/codeception/src/Codeception/Codecept.php:192
/home/travis/build/tatsta/paymentSDK-php/vendor/codeception/codeception/src/Codeception/Codecept.php:159
/home/travis/build/tatsta/paymentSDK-php/vendor/codeception/codeception/src/Codeception/Command/Run.php:494
/home/travis/build/tatsta/paymentSDK-php/vendor/codeception/codeception/src/Codeception/Command/Run.php:389
/home/travis/build/tatsta/paymentSDK-php/vendor/symfony/console/Command/Command.php:255
/home/travis/build/tatsta/paymentSDK-php/vendor/symfony/console/Application.php:1011
/home/travis/build/tatsta/paymentSDK-php/vendor/symfony/console/Application.php:272
/home/travis/build/tatsta/paymentSDK-php/vendor/symfony/console/Application.php:148
/home/travis/build/tatsta/paymentSDK-php/vendor/codeception/codeception/src/Codeception/Application.php:107
</error>
    </testcase>
    <testcase file="/home/travis/build/tatsta/paymentSDK-php/tests/acceptance/PayPalAuthorizationAndPostProcessingHappyPath.feature" name="PayPalAuthorizationAndPostProcessingHappyPath: refund" feature="refund" assertions="1" time="38.516384">
      <error type="Facebook\WebDriver\Exception\UnknownServerException">PayPalAuthorizationAndPostProcessingHappyPath: refund
Facebook\WebDriver\Exception\UnknownServerException: element click intercepted: Element &lt;div id="button" class="buttons reviewButton"&gt;...&lt;/div&gt; is not clickable at point (325, 598). Other element would receive the click: &lt;div class="gdprCookieBanner_buttonWrapper gdprCookieBanner_buttonWrapper-custom"&gt;...&lt;/div&gt;
  (Session info: chrome=79.0.3945.79)
  (Driver info: chromedriver=79.0.3945.16 (93fcc21110c10dbbd49bbff8f472335360e31d05-refs/branch-heads/3945@{#262}),platform=Windows NT 6.1.7601 SP1 x86_64) (WARNING: The server did not provide any stacktrace information)
Command duration or timeout: 1.20 seconds
Build info: version: '2.53.0', revision: '35ae25b', time: '2016-03-15 17:00:58'
System info: host: '199-7-164-197', ip: '199.7.164.197', os.name: 'windows', os.arch: 'x86', os.version: '6.1', java.version: '1.8.0_181'
Driver info: org.openqa.selenium.chrome.ChromeDriver
Capabilities [{mobileEmulationEnabled=false, timeouts={implicit=0, pageLoad=300000, script=30000}, hasTouchScreen=false, platform=XP, acceptSslCerts=false, goog:chromeOptions={debuggerAddress=localhost:1481}, acceptInsecureCerts=false, webStorageEnabled=true, browserName=chrome, takesScreenshot=true, javascriptEnabled=true, setWindowRect=true, unexpectedAlertBehaviour=ignore, applicationCacheEnabled=false, rotatable=false, networkConnectionEnabled=false, chrome={chromedriverVersion=79.0.3945.16 (93fcc21110c10dbbd49bbff8f472335360e31d05-refs/branch-heads/3945@{#262}), userDataDir=C:\Windows\proxy\scoped_dir6760_1402452205}, takesHeapSnapshot=true, pageLoadStrategy=normal, strictFileInteractability=false, databaseEnabled=false, handlesAlerts=true, version=79.0.3945.79, browserConnectionEnabled=false, proxy={}, nativeEvents=true, locationContextEnabled=true, cssSelectorsEnabled=true}]
Session ID: 3a844257e44840b3f70e0ffa71f55088

/home/travis/build/tatsta/paymentSDK-php/vendor/facebook/webdriver/lib/Exception/WebDriverException.php:114
/home/travis/build/tatsta/paymentSDK-php/vendor/facebook/webdriver/lib/Remote/HttpCommandExecutor.php:331
/home/travis/build/tatsta/paymentSDK-php/vendor/facebook/webdriver/lib/Remote/RemoteWebDriver.php:565
/home/travis/build/tatsta/paymentSDK-php/vendor/facebook/webdriver/lib/Remote/RemoteExecuteMethod.php:40
/home/travis/build/tatsta/paymentSDK-php/vendor/facebook/webdriver/lib/Remote/RemoteWebElement.php:81
/home/travis/build/tatsta/paymentSDK-php/vendor/codeception/codeception/src/Codeception/Module/WebDriver.php:997
/home/travis/build/tatsta/paymentSDK-php/vendor/codeception/codeception/src/Codeception/Step.php:265
/home/travis/build/tatsta/paymentSDK-php/vendor/codeception/codeception/src/Codeception/Scenario.php:72
/home/travis/build/tatsta/paymentSDK-php/tests/_support/_generated/AcceptanceTesterActions.php:628
/home/travis/build/tatsta/paymentSDK-php/tests/_support/AcceptanceTester.php:228
/home/travis/build/tatsta/paymentSDK-php/vendor/codeception/codeception/src/Codeception/Test/Gherkin.php:142
/home/travis/build/tatsta/paymentSDK-php/vendor/codeception/codeception/src/Codeception/Test/Gherkin.php:83
/home/travis/build/tatsta/paymentSDK-php/vendor/codeception/codeception/src/Codeception/Test/Test.php:88
/home/travis/build/tatsta/paymentSDK-php/vendor/codeception/phpunit-wrapper/src/Runner.php:110
/home/travis/build/tatsta/paymentSDK-php/vendor/codeception/codeception/src/Codeception/SuiteManager.php:158
/home/travis/build/tatsta/paymentSDK-php/vendor/codeception/codeception/src/Codeception/Codecept.php:192
/home/travis/build/tatsta/paymentSDK-php/vendor/codeception/codeception/src/Codeception/Codecept.php:159
/home/travis/build/tatsta/paymentSDK-php/vendor/codeception/codeception/src/Codeception/Command/Run.php:494
/home/travis/build/tatsta/paymentSDK-php/vendor/codeception/codeception/src/Codeception/Command/Run.php:389
/home/travis/build/tatsta/paymentSDK-php/vendor/symfony/console/Command/Command.php:255
/home/travis/build/tatsta/paymentSDK-php/vendor/symfony/console/Application.php:1011
/home/travis/build/tatsta/paymentSDK-php/vendor/symfony/console/Application.php:272
/home/travis/build/tatsta/paymentSDK-php/vendor/symfony/console/Application.php:148
/home/travis/build/tatsta/paymentSDK-php/vendor/codeception/codeception/src/Codeception/Application.php:107
</error>
    </testcase>
    <testcase file="/home/travis/build/tatsta/paymentSDK-php/tests/acceptance/PayPalAuthorizationAndPostProcessingHappyPath.feature" name="PayPalAuthorizationAndPostProcessingHappyPath: cancel" feature="cancel" assertions="1" time="37.154708">
      <error type="Facebook\WebDriver\Exception\UnknownServerException">PayPalAuthorizationAndPostProcessingHappyPath: cancel
Facebook\WebDriver\Exception\UnknownServerException: element click intercepted: Element &lt;div id="button" class="buttons reviewButton"&gt;...&lt;/div&gt; is not clickable at point (325, 598). Other element would receive the click: &lt;div class="gdprCookieBanner_buttonWrapper gdprCookieBanner_buttonWrapper-custom"&gt;...&lt;/div&gt;
  (Session info: chrome=79.0.3945.79)
  (Driver info: chromedriver=79.0.3945.16 (93fcc21110c10dbbd49bbff8f472335360e31d05-refs/branch-heads/3945@{#262}),platform=Windows NT 6.1.7601 SP1 x86_64) (WARNING: The server did not provide any stacktrace information)
Command duration or timeout: 1.16 seconds
Build info: version: '2.53.0', revision: '35ae25b', time: '2016-03-15 17:00:58'
System info: host: '199-7-164-197', ip: '199.7.164.197', os.name: 'windows', os.arch: 'x86', os.version: '6.1', java.version: '1.8.0_181'
Driver info: org.openqa.selenium.chrome.ChromeDriver
Capabilities [{mobileEmulationEnabled=false, timeouts={implicit=0, pageLoad=300000, script=30000}, hasTouchScreen=false, platform=XP, acceptSslCerts=false, goog:chromeOptions={debuggerAddress=localhost:1481}, acceptInsecureCerts=false, webStorageEnabled=true, browserName=chrome, takesScreenshot=true, javascriptEnabled=true, setWindowRect=true, unexpectedAlertBehaviour=ignore, applicationCacheEnabled=false, rotatable=false, networkConnectionEnabled=false, chrome={chromedriverVersion=79.0.3945.16 (93fcc21110c10dbbd49bbff8f472335360e31d05-refs/branch-heads/3945@{#262}), userDataDir=C:\Windows\proxy\scoped_dir6760_1402452205}, takesHeapSnapshot=true, pageLoadStrategy=normal, strictFileInteractability=false, databaseEnabled=false, handlesAlerts=true, version=79.0.3945.79, browserConnectionEnabled=false, proxy={}, nativeEvents=true, locationContextEnabled=true, cssSelectorsEnabled=true}]
Session ID: 3a844257e44840b3f70e0ffa71f55088

/home/travis/build/tatsta/paymentSDK-php/vendor/facebook/webdriver/lib/Exception/WebDriverException.php:114
/home/travis/build/tatsta/paymentSDK-php/vendor/facebook/webdriver/lib/Remote/HttpCommandExecutor.php:331
/home/travis/build/tatsta/paymentSDK-php/vendor/facebook/webdriver/lib/Remote/RemoteWebDriver.php:565
/home/travis/build/tatsta/paymentSDK-php/vendor/facebook/webdriver/lib/Remote/RemoteExecuteMethod.php:40
/home/travis/build/tatsta/paymentSDK-php/vendor/facebook/webdriver/lib/Remote/RemoteWebElement.php:81
/home/travis/build/tatsta/paymentSDK-php/vendor/codeception/codeception/src/Codeception/Module/WebDriver.php:997
/home/travis/build/tatsta/paymentSDK-php/vendor/codeception/codeception/src/Codeception/Step.php:265
/home/travis/build/tatsta/paymentSDK-php/vendor/codeception/codeception/src/Codeception/Scenario.php:72
/home/travis/build/tatsta/paymentSDK-php/tests/_support/_generated/AcceptanceTesterActions.php:628
/home/travis/build/tatsta/paymentSDK-php/tests/_support/AcceptanceTester.php:228
/home/travis/build/tatsta/paymentSDK-php/vendor/codeception/codeception/src/Codeception/Test/Gherkin.php:142
/home/travis/build/tatsta/paymentSDK-php/vendor/codeception/codeception/src/Codeception/Test/Gherkin.php:83
/home/travis/build/tatsta/paymentSDK-php/vendor/codeception/codeception/src/Codeception/Test/Test.php:88
/home/travis/build/tatsta/paymentSDK-php/vendor/codeception/phpunit-wrapper/src/Runner.php:110
/home/travis/build/tatsta/paymentSDK-php/vendor/codeception/codeception/src/Codeception/SuiteManager.php:158
/home/travis/build/tatsta/paymentSDK-php/vendor/codeception/codeception/src/Codeception/Codecept.php:192
/home/travis/build/tatsta/paymentSDK-php/vendor/codeception/codeception/src/Codeception/Codecept.php:159
/home/travis/build/tatsta/paymentSDK-php/vendor/codeception/codeception/src/Codeception/Command/Run.php:494
/home/travis/build/tatsta/paymentSDK-php/vendor/codeception/codeception/src/Codeception/Command/Run.php:389
/home/travis/build/tatsta/paymentSDK-php/vendor/symfony/console/Command/Command.php:255
/home/travis/build/tatsta/paymentSDK-php/vendor/symfony/console/Application.php:1011
/home/travis/build/tatsta/paymentSDK-php/vendor/symfony/console/Application.php:272
/home/travis/build/tatsta/paymentSDK-php/vendor/symfony/console/Application.php:148
/home/travis/build/tatsta/paymentSDK-php/vendor/codeception/codeception/src/Codeception/Application.php:107
</error>
    </testcase>
    <testcase file="/home/travis/build/tatsta/paymentSDK-php/tests/acceptance/PayPalAuthorizationHappyPath.feature" name="PayPalAuthorizationHappyPath: authorization" feature="authorization" assertions="1" time="37.571844">
      <error type="Facebook\WebDriver\Exception\UnknownServerException">PayPalAuthorizationHappyPath: authorization
Facebook\WebDriver\Exception\UnknownServerException: element click intercepted: Element &lt;div id="button" class="buttons reviewButton"&gt;...&lt;/div&gt; is not clickable at point (325, 598). Other element would receive the click: &lt;div class="gdprCookieBanner_buttonWrapper gdprCookieBanner_buttonWrapper-custom"&gt;...&lt;/div&gt;
  (Session info: chrome=79.0.3945.79)
  (Driver info: chromedriver=79.0.3945.16 (93fcc21110c10dbbd49bbff8f472335360e31d05-refs/branch-heads/3945@{#262}),platform=Windows NT 6.1.7601 SP1 x86_64) (WARNING: The server did not provide any stacktrace information)
Command duration or timeout: 1.14 seconds
Build info: version: '2.53.0', revision: '35ae25b', time: '2016-03-15 17:00:58'
System info: host: '199-7-164-197', ip: '199.7.164.197', os.name: 'windows', os.arch: 'x86', os.version: '6.1', java.version: '1.8.0_181'
Driver info: org.openqa.selenium.chrome.ChromeDriver
Capabilities [{mobileEmulationEnabled=false, timeouts={implicit=0, pageLoad=300000, script=30000}, hasTouchScreen=false, platform=XP, acceptSslCerts=false, goog:chromeOptions={debuggerAddress=localhost:1481}, acceptInsecureCerts=false, webStorageEnabled=true, browserName=chrome, takesScreenshot=true, javascriptEnabled=true, setWindowRect=true, unexpectedAlertBehaviour=ignore, applicationCacheEnabled=false, rotatable=false, networkConnectionEnabled=false, chrome={chromedriverVersion=79.0.3945.16 (93fcc21110c10dbbd49bbff8f472335360e31d05-refs/branch-heads/3945@{#262}), userDataDir=C:\Windows\proxy\scoped_dir6760_1402452205}, takesHeapSnapshot=true, pageLoadStrategy=normal, strictFileInteractability=false, databaseEnabled=false, handlesAlerts=true, version=79.0.3945.79, browserConnectionEnabled=false, proxy={}, nativeEvents=true, locationContextEnabled=true, cssSelectorsEnabled=true}]
Session ID: 3a844257e44840b3f70e0ffa71f55088

/home/travis/build/tatsta/paymentSDK-php/vendor/facebook/webdriver/lib/Exception/WebDriverException.php:114
/home/travis/build/tatsta/paymentSDK-php/vendor/facebook/webdriver/lib/Remote/HttpCommandExecutor.php:331
/home/travis/build/tatsta/paymentSDK-php/vendor/facebook/webdriver/lib/Remote/RemoteWebDriver.php:565
/home/travis/build/tatsta/paymentSDK-php/vendor/facebook/webdriver/lib/Remote/RemoteExecuteMethod.php:40
/home/travis/build/tatsta/paymentSDK-php/vendor/facebook/webdriver/lib/Remote/RemoteWebElement.php:81
/home/travis/build/tatsta/paymentSDK-php/vendor/codeception/codeception/src/Codeception/Module/WebDriver.php:997
/home/travis/build/tatsta/paymentSDK-php/vendor/codeception/codeception/src/Codeception/Step.php:265
/home/travis/build/tatsta/paymentSDK-php/vendor/codeception/codeception/src/Codeception/Scenario.php:72
/home/travis/build/tatsta/paymentSDK-php/tests/_support/_generated/AcceptanceTesterActions.php:628
/home/travis/build/tatsta/paymentSDK-php/tests/_support/AcceptanceTester.php:228
/home/travis/build/tatsta/paymentSDK-php/vendor/codeception/codeception/src/Codeception/Test/Gherkin.php:142
/home/travis/build/tatsta/paymentSDK-php/vendor/codeception/codeception/src/Codeception/Test/Gherkin.php:83
/home/travis/build/tatsta/paymentSDK-php/vendor/codeception/codeception/src/Codeception/Test/Test.php:88
/home/travis/build/tatsta/paymentSDK-php/vendor/codeception/phpunit-wrapper/src/Runner.php:110
/home/travis/build/tatsta/paymentSDK-php/vendor/codeception/codeception/src/Codeception/SuiteManager.php:158
/home/travis/build/tatsta/paymentSDK-php/vendor/codeception/codeception/src/Codeception/Codecept.php:192
/home/travis/build/tatsta/paymentSDK-php/vendor/codeception/codeception/src/Codeception/Codecept.php:159
/home/travis/build/tatsta/paymentSDK-php/vendor/codeception/codeception/src/Codeception/Command/Run.php:494
/home/travis/build/tatsta/paymentSDK-php/vendor/codeception/codeception/src/Codeception/Command/Run.php:389
/home/travis/build/tatsta/paymentSDK-php/vendor/symfony/console/Command/Command.php:255
/home/travis/build/tatsta/paymentSDK-php/vendor/symfony/console/Application.php:1011
/home/travis/build/tatsta/paymentSDK-php/vendor/symfony/console/Application.php:272
/home/travis/build/tatsta/paymentSDK-php/vendor/symfony/console/Application.php:148
/home/travis/build/tatsta/paymentSDK-php/vendor/codeception/codeception/src/Codeception/Application.php:107
</error>
    </testcase>
    <testcase file="/home/travis/build/tatsta/paymentSDK-php/tests/acceptance/PayPalPurchaseHappyPath.feature" name="PayPalPurchaseHappyPath: purchase" feature="purchase" assertions="1" time="39.616995">
      <error type="Facebook\WebDriver\Exception\UnknownServerException">PayPalPurchaseHappyPath: purchase
Facebook\WebDriver\Exception\UnknownServerException: element click intercepted: Element &lt;div id="button" class="buttons reviewButton"&gt;...&lt;/div&gt; is not clickable at point (325, 598). Other element would receive the click: &lt;div class="gdprCookieBanner_buttonWrapper gdprCookieBanner_buttonWrapper-custom"&gt;...&lt;/div&gt;
  (Session info: chrome=79.0.3945.79)
  (Driver info: chromedriver=79.0.3945.16 (93fcc21110c10dbbd49bbff8f472335360e31d05-refs/branch-heads/3945@{#262}),platform=Windows NT 6.1.7601 SP1 x86_64) (WARNING: The server did not provide any stacktrace information)
Command duration or timeout: 1.11 seconds
Build info: version: '2.53.0', revision: '35ae25b', time: '2016-03-15 17:00:58'
System info: host: '199-7-164-197', ip: '199.7.164.197', os.name: 'windows', os.arch: 'x86', os.version: '6.1', java.version: '1.8.0_181'
Driver info: org.openqa.selenium.chrome.ChromeDriver
Capabilities [{mobileEmulationEnabled=false, timeouts={implicit=0, pageLoad=300000, script=30000}, hasTouchScreen=false, platform=XP, acceptSslCerts=false, goog:chromeOptions={debuggerAddress=localhost:1481}, acceptInsecureCerts=false, webStorageEnabled=true, browserName=chrome, takesScreenshot=true, javascriptEnabled=true, setWindowRect=true, unexpectedAlertBehaviour=ignore, applicationCacheEnabled=false, rotatable=false, networkConnectionEnabled=false, chrome={chromedriverVersion=79.0.3945.16 (93fcc21110c10dbbd49bbff8f472335360e31d05-refs/branch-heads/3945@{#262}), userDataDir=C:\Windows\proxy\scoped_dir6760_1402452205}, takesHeapSnapshot=true, pageLoadStrategy=normal, strictFileInteractability=false, databaseEnabled=false, handlesAlerts=true, version=79.0.3945.79, browserConnectionEnabled=false, proxy={}, nativeEvents=true, locationContextEnabled=true, cssSelectorsEnabled=true}]
Session ID: 3a844257e44840b3f70e0ffa71f55088

/home/travis/build/tatsta/paymentSDK-php/vendor/facebook/webdriver/lib/Exception/WebDriverException.php:114
/home/travis/build/tatsta/paymentSDK-php/vendor/facebook/webdriver/lib/Remote/HttpCommandExecutor.php:331
/home/travis/build/tatsta/paymentSDK-php/vendor/facebook/webdriver/lib/Remote/RemoteWebDriver.php:565
/home/travis/build/tatsta/paymentSDK-php/vendor/facebook/webdriver/lib/Remote/RemoteExecuteMethod.php:40
/home/travis/build/tatsta/paymentSDK-php/vendor/facebook/webdriver/lib/Remote/RemoteWebElement.php:81
/home/travis/build/tatsta/paymentSDK-php/vendor/codeception/codeception/src/Codeception/Module/WebDriver.php:997
/home/travis/build/tatsta/paymentSDK-php/vendor/codeception/codeception/src/Codeception/Step.php:265
/home/travis/build/tatsta/paymentSDK-php/vendor/codeception/codeception/src/Codeception/Scenario.php:72
/home/travis/build/tatsta/paymentSDK-php/tests/_support/_generated/AcceptanceTesterActions.php:628
/home/travis/build/tatsta/paymentSDK-php/tests/_support/AcceptanceTester.php:228
/home/travis/build/tatsta/paymentSDK-php/vendor/codeception/codeception/src/Codeception/Test/Gherkin.php:142
/home/travis/build/tatsta/paymentSDK-php/vendor/codeception/codeception/src/Codeception/Test/Gherkin.php:83
/home/travis/build/tatsta/paymentSDK-php/vendor/codeception/codeception/src/Codeception/Test/Test.php:88
/home/travis/build/tatsta/paymentSDK-php/vendor/codeception/phpunit-wrapper/src/Runner.php:110
/home/travis/build/tatsta/paymentSDK-php/vendor/codeception/codeception/src/Codeception/SuiteManager.php:158
/home/travis/build/tatsta/paymentSDK-php/vendor/codeception/codeception/src/Codeception/Codecept.php:192
/home/travis/build/tatsta/paymentSDK-php/vendor/codeception/codeception/src/Codeception/Codecept.php:159
/home/travis/build/tatsta/paymentSDK-php/vendor/codeception/codeception/src/Codeception/Command/Run.php:494
/home/travis/build/tatsta/paymentSDK-php/vendor/codeception/codeception/src/Codeception/Command/Run.php:389
/home/travis/build/tatsta/paymentSDK-php/vendor/symfony/console/Command/Command.php:255
/home/travis/build/tatsta/paymentSDK-php/vendor/symfony/console/Application.php:1011
/home/travis/build/tatsta/paymentSDK-php/vendor/symfony/console/Application.php:272
/home/travis/build/tatsta/paymentSDK-php/vendor/symfony/console/Application.php:148
/home/travis/build/tatsta/paymentSDK-php/vendor/codeception/codeception/src/Codeception/Application.php:107
</error>
    </testcase>
  </testsuite>
</testsuites>
