<?xml version="1.0" encoding="UTF-8"?>
<testsuites>
  <testsuite name="acceptance" tests="1" assertions="1" failures="0" errors="1" time="33.652921">
    <testcase file="/home/travis/build/wirecard/woocommerce-ee/wirecard-woocommerce-extension/tests/acceptance/CreditCard3DSPurchaseHappyPath.feature" name="CrediCard3DSPurchaseHappyPath: purchase" feature="purchase" assertions="1" time="33.652921">
      <error type="Facebook\WebDriver\Exception\NoSuchFrameException">CrediCard3DSPurchaseHappyPath: purchase
Facebook\WebDriver\Exception\NoSuchFrameException: No frame element found by name or id wirecard-integrated-payment-page-frame
Build info: version: '2.53.0', revision: '35ae25b', time: '2016-03-15 17:00:58'
System info: host: '207-254-19-68', ip: '207.254.19.68', os.name: 'windows', os.arch: 'x86', os.version: '6.2', java.version: '1.8.0_181'
Driver info: driver.version: unknown

/home/travis/build/wirecard/woocommerce-ee/wirecard-woocommerce-extension/vendor/facebook/webdriver/lib/Exception/WebDriverException.php:104
/home/travis/build/wirecard/woocommerce-ee/wirecard-woocommerce-extension/vendor/facebook/webdriver/lib/Remote/HttpCommandExecutor.php:331
/home/travis/build/wirecard/woocommerce-ee/wirecard-woocommerce-extension/vendor/facebook/webdriver/lib/Remote/RemoteWebDriver.php:565
/home/travis/build/wirecard/woocommerce-ee/wirecard-woocommerce-extension/vendor/facebook/webdriver/lib/Remote/RemoteExecuteMethod.php:40
/home/travis/build/wirecard/woocommerce-ee/wirecard-woocommerce-extension/vendor/facebook/webdriver/lib/Remote/RemoteTargetLocator.php:73
/home/travis/build/wirecard/woocommerce-ee/wirecard-woocommerce-extension/vendor/codeception/codeception/src/Codeception/Module/WebDriver.php:2521
/home/travis/build/wirecard/woocommerce-ee/wirecard-woocommerce-extension/vendor/codeception/codeception/src/Codeception/Step.php:265
/home/travis/build/wirecard/woocommerce-ee/wirecard-woocommerce-extension/vendor/codeception/codeception/src/Codeception/Scenario.php:72
/home/travis/build/wirecard/woocommerce-ee/wirecard-woocommerce-extension/tests/_support/_generated/AcceptanceTesterActions.php:2569
/home/travis/build/wirecard/woocommerce-ee/wirecard-woocommerce-extension/tests/_support/Page/Checkout.php:112
/home/travis/build/wirecard/woocommerce-ee/wirecard-woocommerce-extension/tests/_support/Helper/Acceptance.php:72
/home/travis/build/wirecard/woocommerce-ee/wirecard-woocommerce-extension/vendor/codeception/codeception/src/Codeception/Step.php:265
/home/travis/build/wirecard/woocommerce-ee/wirecard-woocommerce-extension/vendor/codeception/codeception/src/Codeception/Scenario.php:72
/home/travis/build/wirecard/woocommerce-ee/wirecard-woocommerce-extension/tests/_support/_generated/AcceptanceTesterActions.php:3105
/home/travis/build/wirecard/woocommerce-ee/wirecard-woocommerce-extension/tests/_support/AcceptanceTester.php:162
/home/travis/build/wirecard/woocommerce-ee/wirecard-woocommerce-extension/vendor/codeception/codeception/src/Codeception/Test/Gherkin.php:142
/home/travis/build/wirecard/woocommerce-ee/wirecard-woocommerce-extension/vendor/codeception/codeception/src/Codeception/Test/Gherkin.php:88
/home/travis/build/wirecard/woocommerce-ee/wirecard-woocommerce-extension/vendor/codeception/codeception/src/Codeception/Test/Test.php:89
/home/travis/build/wirecard/woocommerce-ee/wirecard-woocommerce-extension/vendor/codeception/phpunit-wrapper/src/Runner.php:110
/home/travis/build/wirecard/woocommerce-ee/wirecard-woocommerce-extension/vendor/codeception/codeception/src/Codeception/SuiteManager.php:158
/home/travis/build/wirecard/woocommerce-ee/wirecard-woocommerce-extension/vendor/codeception/codeception/src/Codeception/Codecept.php:192
/home/travis/build/wirecard/woocommerce-ee/wirecard-woocommerce-extension/vendor/codeception/codeception/src/Codeception/Codecept.php:159
/home/travis/build/wirecard/woocommerce-ee/wirecard-woocommerce-extension/vendor/codeception/codeception/src/Codeception/Command/Run.php:495
/home/travis/build/wirecard/woocommerce-ee/wirecard-woocommerce-extension/vendor/codeception/codeception/src/Codeception/Command/Run.php:390
/home/travis/build/wirecard/woocommerce-ee/wirecard-woocommerce-extension/vendor/symfony/console/Command/Command.php:255
/home/travis/build/wirecard/woocommerce-ee/wirecard-woocommerce-extension/vendor/symfony/console/Application.php:921
/home/travis/build/wirecard/woocommerce-ee/wirecard-woocommerce-extension/vendor/symfony/console/Application.php:273
/home/travis/build/wirecard/woocommerce-ee/wirecard-woocommerce-extension/vendor/symfony/console/Application.php:149
/home/travis/build/wirecard/woocommerce-ee/wirecard-woocommerce-extension/vendor/codeception/codeception/src/Codeception/Application.php:108
</error>
    </testcase>
  </testsuite>
</testsuites>
