<?xml version="1.0" encoding="UTF-8"?>
<testsuites>
  <testsuite name="acceptance (ui_test)" tests="5" assertions="11" failures="1" errors="2" time="258.342779">
    <testcase file="/home/travis/build/wirecard/prestashop-ee/wirecardpaymentgateway/tests/acceptance/1-PayPalPurchaseHappyPath.feature" name="PayPalPurchaseHappyPath: purchase" feature="purchase" assertions="0" time="10.377365">
      <error type="Facebook\WebDriver\Exception\StaleElementReferenceException">PayPalPurchaseHappyPath: purchase
Facebook\WebDriver\Exception\StaleElementReferenceException: stale element reference: element is not attached to the page document
  (Session info: chrome=79.0.3945.79)
  (Driver info: chromedriver=79.0.3945.16 (93fcc21110c10dbbd49bbff8f472335360e31d05-refs/branch-heads/3945@{#262}),platform=Windows NT 6.3.9600 x86_64) (WARNING: The server did not provide any stacktrace information)
Command duration or timeout: 495 milliseconds
For documentation on this error, please visit: http://seleniumhq.org/exceptions/stale_element_reference.html
Build info: version: '2.53.0', revision: '35ae25b', time: '2016-03-15 17:00:58'
System info: host: '208-52-164-113', ip: '208.52.164.113', os.name: 'windows', os.arch: 'x86', os.version: '6.3', java.version: '1.8.0_181'
Driver info: org.openqa.selenium.chrome.ChromeDriver
Capabilities [{mobileEmulationEnabled=false, timeouts={implicit=0, pageLoad=300000, script=30000}, hasTouchScreen=false, platform=XP, acceptSslCerts=false, goog:chromeOptions={debuggerAddress=localhost:1887}, acceptInsecureCerts=false, webStorageEnabled=true, browserName=chrome, takesScreenshot=true, javascriptEnabled=true, setWindowRect=true, unexpectedAlertBehaviour=ignore, applicationCacheEnabled=false, rotatable=false, networkConnectionEnabled=false, chrome={chromedriverVersion=79.0.3945.16 (93fcc21110c10dbbd49bbff8f472335360e31d05-refs/branch-heads/3945@{#262}), userDataDir=C:\Windows\proxy\scoped_dir4892_1211262686}, takesHeapSnapshot=true, pageLoadStrategy=normal, strictFileInteractability=false, databaseEnabled=false, handlesAlerts=true, version=79.0.3945.79, browserConnectionEnabled=false, proxy={}, nativeEvents=true, locationContextEnabled=true, cssSelectorsEnabled=true}]
Session ID: bb1c71fb89a9a0ab91d5774975e7a953

/home/travis/build/wirecard/prestashop-ee/wirecardpaymentgateway/vendor/facebook/webdriver/lib/Exception/WebDriverException.php:108
/home/travis/build/wirecard/prestashop-ee/wirecardpaymentgateway/vendor/facebook/webdriver/lib/Remote/HttpCommandExecutor.php:331
/home/travis/build/wirecard/prestashop-ee/wirecardpaymentgateway/vendor/facebook/webdriver/lib/Remote/RemoteWebDriver.php:565
/home/travis/build/wirecard/prestashop-ee/wirecardpaymentgateway/vendor/facebook/webdriver/lib/Remote/RemoteExecuteMethod.php:40
/home/travis/build/wirecard/prestashop-ee/wirecardpaymentgateway/vendor/facebook/webdriver/lib/Remote/RemoteWebElement.php:81
/home/travis/build/wirecard/prestashop-ee/wirecardpaymentgateway/vendor/codeception/codeception/src/Codeception/Module/WebDriver.php:987
/home/travis/build/wirecard/prestashop-ee/wirecardpaymentgateway/vendor/codeception/codeception/src/Codeception/Step.php:265
/home/travis/build/wirecard/prestashop-ee/wirecardpaymentgateway/vendor/codeception/codeception/src/Codeception/Scenario.php:72
/home/travis/build/wirecard/prestashop-ee/wirecardpaymentgateway/tests/_support/_generated/AcceptanceTesterActions.php:606
/home/travis/build/wirecard/prestashop-ee/wirecardpaymentgateway/tests/_support/ActorExtendedWithWrappers.php:35
/home/travis/build/wirecard/prestashop-ee/wirecardpaymentgateway/tests/_support/AcceptanceTester.php:237
/home/travis/build/wirecard/prestashop-ee/wirecardpaymentgateway/tests/_support/AcceptanceTester.php:226
/home/travis/build/wirecard/prestashop-ee/wirecardpaymentgateway/vendor/codeception/codeception/src/Codeception/Test/Gherkin.php:142
/home/travis/build/wirecard/prestashop-ee/wirecardpaymentgateway/vendor/codeception/codeception/src/Codeception/Test/Gherkin.php:83
/home/travis/build/wirecard/prestashop-ee/wirecardpaymentgateway/vendor/codeception/codeception/src/Codeception/Test/Test.php:89
/home/travis/build/wirecard/prestashop-ee/wirecardpaymentgateway/vendor/codeception/phpunit-wrapper/src/Runner.php:110
/home/travis/build/wirecard/prestashop-ee/wirecardpaymentgateway/vendor/codeception/codeception/src/Codeception/SuiteManager.php:158
/home/travis/build/wirecard/prestashop-ee/wirecardpaymentgateway/vendor/codeception/codeception/src/Codeception/Codecept.php:192
/home/travis/build/wirecard/prestashop-ee/wirecardpaymentgateway/vendor/codeception/codeception/src/Codeception/Codecept.php:181
/home/travis/build/wirecard/prestashop-ee/wirecardpaymentgateway/vendor/codeception/codeception/src/Codeception/Command/Run.php:495
/home/travis/build/wirecard/prestashop-ee/wirecardpaymentgateway/vendor/codeception/codeception/src/Codeception/Command/Run.php:390
/home/travis/build/wirecard/prestashop-ee/wirecardpaymentgateway/vendor/symfony/console/Command/Command.php:255
/home/travis/build/wirecard/prestashop-ee/wirecardpaymentgateway/vendor/symfony/console/Application.php:1012
/home/travis/build/wirecard/prestashop-ee/wirecardpaymentgateway/vendor/symfony/console/Application.php:272
/home/travis/build/wirecard/prestashop-ee/wirecardpaymentgateway/vendor/symfony/console/Application.php:148
/home/travis/build/wirecard/prestashop-ee/wirecardpaymentgateway/vendor/codeception/codeception/src/Codeception/Application.php:108
</error>
    </testcase>
    <testcase file="/home/travis/build/wirecard/prestashop-ee/wirecardpaymentgateway/tests/acceptance/2-PayPalAuthorizationHappyPath.feature" name="PayPalAuthorizationHappyPath: authorization" feature="authorization" assertions="0" time="73.720762">
      <failure type="Codeception\Exception\ElementNotFound">PayPalAuthorizationHappyPath: authorization
Field by name, label, CSS or XPath element with '//*[@name='id_gender']' was not found.

/home/travis/build/wirecard/prestashop-ee/wirecardpaymentgateway/vendor/codeception/codeception/src/Codeception/Module/WebDriver.php:1102
/home/travis/build/wirecard/prestashop-ee/wirecardpaymentgateway/vendor/codeception/codeception/src/Codeception/Module/WebDriver.php:1112
/home/travis/build/wirecard/prestashop-ee/wirecardpaymentgateway/vendor/codeception/codeception/src/Codeception/Module/WebDriver.php:1360
/home/travis/build/wirecard/prestashop-ee/wirecardpaymentgateway/vendor/codeception/codeception/src/Codeception/Step.php:265
/home/travis/build/wirecard/prestashop-ee/wirecardpaymentgateway/vendor/codeception/codeception/src/Codeception/Scenario.php:72
/home/travis/build/wirecard/prestashop-ee/wirecardpaymentgateway/tests/_support/_generated/AcceptanceTesterActions.php:1410
/home/travis/build/wirecard/prestashop-ee/wirecardpaymentgateway/tests/_support/Page/Checkout.php:82
/home/travis/build/wirecard/prestashop-ee/wirecardpaymentgateway/tests/_support/Helper/Acceptance.php:55
/home/travis/build/wirecard/prestashop-ee/wirecardpaymentgateway/vendor/codeception/codeception/src/Codeception/Step.php:265
/home/travis/build/wirecard/prestashop-ee/wirecardpaymentgateway/vendor/codeception/codeception/src/Codeception/Scenario.php:72
/home/travis/build/wirecard/prestashop-ee/wirecardpaymentgateway/tests/_support/_generated/AcceptanceTesterActions.php:3121
/home/travis/build/wirecard/prestashop-ee/wirecardpaymentgateway/tests/_support/AcceptanceTester.php:190
/home/travis/build/wirecard/prestashop-ee/wirecardpaymentgateway/vendor/codeception/codeception/src/Codeception/Test/Gherkin.php:142
/home/travis/build/wirecard/prestashop-ee/wirecardpaymentgateway/vendor/codeception/codeception/src/Codeception/Test/Gherkin.php:83
/home/travis/build/wirecard/prestashop-ee/wirecardpaymentgateway/vendor/codeception/codeception/src/Codeception/Test/Test.php:89
/home/travis/build/wirecard/prestashop-ee/wirecardpaymentgateway/vendor/codeception/phpunit-wrapper/src/Runner.php:110
/home/travis/build/wirecard/prestashop-ee/wirecardpaymentgateway/vendor/codeception/codeception/src/Codeception/SuiteManager.php:158
/home/travis/build/wirecard/prestashop-ee/wirecardpaymentgateway/vendor/codeception/codeception/src/Codeception/Codecept.php:192
/home/travis/build/wirecard/prestashop-ee/wirecardpaymentgateway/vendor/codeception/codeception/src/Codeception/Codecept.php:181
/home/travis/build/wirecard/prestashop-ee/wirecardpaymentgateway/vendor/codeception/codeception/src/Codeception/Command/Run.php:495
/home/travis/build/wirecard/prestashop-ee/wirecardpaymentgateway/vendor/codeception/codeception/src/Codeception/Command/Run.php:390
/home/travis/build/wirecard/prestashop-ee/wirecardpaymentgateway/vendor/symfony/console/Command/Command.php:255
/home/travis/build/wirecard/prestashop-ee/wirecardpaymentgateway/vendor/symfony/console/Application.php:1012
/home/travis/build/wirecard/prestashop-ee/wirecardpaymentgateway/vendor/symfony/console/Application.php:272
/home/travis/build/wirecard/prestashop-ee/wirecardpaymentgateway/vendor/symfony/console/Application.php:148
/home/travis/build/wirecard/prestashop-ee/wirecardpaymentgateway/vendor/codeception/codeception/src/Codeception/Application.php:108
</failure>
    </testcase>
    <testcase file="/home/travis/build/wirecard/prestashop-ee/wirecardpaymentgateway/tests/acceptance/3-CreditCardNon3DSPurchaseHappyPath.feature" name="CreditCardNon3DSPurchaseHappyPath: purchase" feature="purchase" assertions="5" time="57.066748"/>
    <testcase file="/home/travis/build/wirecard/prestashop-ee/wirecardpaymentgateway/tests/acceptance/4-CreditCard3DSAuthorizationHappyPath.feature" name="CreditCard3DSWppv2AuthorizationHappyPath: authorize" feature="authorize" assertions="6" time="69.994946"/>
    <testcase file="/home/travis/build/wirecard/prestashop-ee/wirecardpaymentgateway/tests/acceptance/6-CreditCard3DSPurchaseHappyPath.feature" name="CreditCard3DSPurchaseHappyPath: purchase" feature="purchase" assertions="0" time="47.182958">
      <error type="Facebook\WebDriver\Exception\NoSuchElementException">CreditCard3DSPurchaseHappyPath: purchase
Facebook\WebDriver\Exception\NoSuchElementException: no such element: Unable to locate element: {"method":"xpath","selector":"//*[@name='confirmDeliveryOption']"}
  (Session info: chrome=79.0.3945.79)
  (Driver info: chromedriver=79.0.3945.16 (93fcc21110c10dbbd49bbff8f472335360e31d05-refs/branch-heads/3945@{#262}),platform=Windows NT 6.3.9600 x86_64) (WARNING: The server did not provide any stacktrace information)
Command duration or timeout: 14 milliseconds
For documentation on this error, please visit: http://seleniumhq.org/exceptions/no_such_element.html
Build info: version: '2.53.0', revision: '35ae25b', time: '2016-03-15 17:00:58'
System info: host: '208-52-164-113', ip: '208.52.164.113', os.name: 'windows', os.arch: 'x86', os.version: '6.3', java.version: '1.8.0_181'
Driver info: org.openqa.selenium.chrome.ChromeDriver
Capabilities [{mobileEmulationEnabled=false, timeouts={implicit=0, pageLoad=300000, script=30000}, hasTouchScreen=false, platform=XP, acceptSslCerts=false, goog:chromeOptions={debuggerAddress=localhost:1887}, acceptInsecureCerts=false, webStorageEnabled=true, browserName=chrome, takesScreenshot=true, javascriptEnabled=true, setWindowRect=true, unexpectedAlertBehaviour=ignore, applicationCacheEnabled=false, rotatable=false, networkConnectionEnabled=false, chrome={chromedriverVersion=79.0.3945.16 (93fcc21110c10dbbd49bbff8f472335360e31d05-refs/branch-heads/3945@{#262}), userDataDir=C:\Windows\proxy\scoped_dir4892_1211262686}, takesHeapSnapshot=true, pageLoadStrategy=normal, strictFileInteractability=false, databaseEnabled=false, handlesAlerts=true, version=79.0.3945.79, browserConnectionEnabled=false, proxy={}, nativeEvents=true, locationContextEnabled=true, cssSelectorsEnabled=true}]
Session ID: bb1c71fb89a9a0ab91d5774975e7a953
*** Element info: {Using=xpath, value=//*[@name='confirmDeliveryOption']}

/home/travis/build/wirecard/prestashop-ee/wirecardpaymentgateway/vendor/facebook/webdriver/lib/Exception/WebDriverException.php:102
/home/travis/build/wirecard/prestashop-ee/wirecardpaymentgateway/vendor/facebook/webdriver/lib/Remote/HttpCommandExecutor.php:331
/home/travis/build/wirecard/prestashop-ee/wirecardpaymentgateway/vendor/facebook/webdriver/lib/Remote/RemoteWebDriver.php:565
/home/travis/build/wirecard/prestashop-ee/wirecardpaymentgateway/vendor/facebook/webdriver/lib/Remote/RemoteWebDriver.php:205
/home/travis/build/wirecard/prestashop-ee/wirecardpaymentgateway/vendor/facebook/webdriver/lib/WebDriverExpectedCondition.php:185
/home/travis/build/wirecard/prestashop-ee/wirecardpaymentgateway/vendor/facebook/webdriver/lib/WebDriverWait.php:67
/home/travis/build/wirecard/prestashop-ee/wirecardpaymentgateway/vendor/codeception/codeception/src/Codeception/Module/WebDriver.php:2334
/home/travis/build/wirecard/prestashop-ee/wirecardpaymentgateway/vendor/codeception/codeception/src/Codeception/Step.php:265
/home/travis/build/wirecard/prestashop-ee/wirecardpaymentgateway/vendor/codeception/codeception/src/Codeception/Scenario.php:72
/home/travis/build/wirecard/prestashop-ee/wirecardpaymentgateway/tests/_support/_generated/AcceptanceTesterActions.php:2386
/home/travis/build/wirecard/prestashop-ee/wirecardpaymentgateway/tests/_support/ActorExtendedWithWrappers.php:33
/home/travis/build/wirecard/prestashop-ee/wirecardpaymentgateway/tests/_support/Page/Checkout.php:127
/home/travis/build/wirecard/prestashop-ee/wirecardpaymentgateway/tests/_support/Helper/Acceptance.php:64
/home/travis/build/wirecard/prestashop-ee/wirecardpaymentgateway/vendor/codeception/codeception/src/Codeception/Step.php:265
/home/travis/build/wirecard/prestashop-ee/wirecardpaymentgateway/vendor/codeception/codeception/src/Codeception/Scenario.php:72
/home/travis/build/wirecard/prestashop-ee/wirecardpaymentgateway/tests/_support/_generated/AcceptanceTesterActions.php:3121
/home/travis/build/wirecard/prestashop-ee/wirecardpaymentgateway/tests/_support/AcceptanceTester.php:190
/home/travis/build/wirecard/prestashop-ee/wirecardpaymentgateway/vendor/codeception/codeception/src/Codeception/Test/Gherkin.php:142
/home/travis/build/wirecard/prestashop-ee/wirecardpaymentgateway/vendor/codeception/codeception/src/Codeception/Test/Gherkin.php:83
/home/travis/build/wirecard/prestashop-ee/wirecardpaymentgateway/vendor/codeception/codeception/src/Codeception/Test/Test.php:89
/home/travis/build/wirecard/prestashop-ee/wirecardpaymentgateway/vendor/codeception/phpunit-wrapper/src/Runner.php:110
/home/travis/build/wirecard/prestashop-ee/wirecardpaymentgateway/vendor/codeception/codeception/src/Codeception/SuiteManager.php:158
/home/travis/build/wirecard/prestashop-ee/wirecardpaymentgateway/vendor/codeception/codeception/src/Codeception/Codecept.php:192
/home/travis/build/wirecard/prestashop-ee/wirecardpaymentgateway/vendor/codeception/codeception/src/Codeception/Codecept.php:181
/home/travis/build/wirecard/prestashop-ee/wirecardpaymentgateway/vendor/codeception/codeception/src/Codeception/Command/Run.php:495
/home/travis/build/wirecard/prestashop-ee/wirecardpaymentgateway/vendor/codeception/codeception/src/Codeception/Command/Run.php:390
/home/travis/build/wirecard/prestashop-ee/wirecardpaymentgateway/vendor/symfony/console/Command/Command.php:255
/home/travis/build/wirecard/prestashop-ee/wirecardpaymentgateway/vendor/symfony/console/Application.php:1012
/home/travis/build/wirecard/prestashop-ee/wirecardpaymentgateway/vendor/symfony/console/Application.php:272
/home/travis/build/wirecard/prestashop-ee/wirecardpaymentgateway/vendor/symfony/console/Application.php:148
/home/travis/build/wirecard/prestashop-ee/wirecardpaymentgateway/vendor/codeception/codeception/src/Codeception/Application.php:108
</error>
    </testcase>
  </testsuite>
</testsuites>
