<!doctype html>
<html lang="en"><head><meta charSet="utf-8"/><meta http-equiv="X-UA-Compatible" content="IE=edge"/><meta name="viewport" content="width=device-width, initial-scale=1"/><title>Mochawesome Report</title><link rel="stylesheet" href="assets/app.css"/></head><body data-raw="{&quot;stats&quot;:{&quot;suites&quot;:13,&quot;tests&quot;:13,&quot;passes&quot;:1,&quot;pending&quot;:0,&quot;failures&quot;:12,&quot;start&quot;:&quot;2019-08-16T09:59:11.892Z&quot;,&quot;end&quot;:&quot;2019-08-16T10:09:22.252Z&quot;,&quot;duration&quot;:610360,&quot;testsRegistered&quot;:13,&quot;passPercent&quot;:7.6923076923076925,&quot;pendingPercent&quot;:0,&quot;other&quot;:0,&quot;hasOther&quot;:false,&quot;skipped&quot;:0,&quot;hasSkipped&quot;:false},&quot;results&quot;:[{&quot;uuid&quot;:&quot;4fd16f80-a669-4741-bf88-5da796339239&quot;,&quot;title&quot;:&quot;&quot;,&quot;fullFile&quot;:&quot;&quot;,&quot;file&quot;:&quot;&quot;,&quot;beforeHooks&quot;:[],&quot;afterHooks&quot;:[],&quot;tests&quot;:[],&quot;suites&quot;:[{&quot;uuid&quot;:&quot;8fde215e-2626-4115-9913-4f7a176e6972&quot;,&quot;title&quot;:&quot;Payment in Advance test&quot;,&quot;fullFile&quot;:&quot;/home/travis/shopware/custom/plugins/WirecardElasticEngine/Tests/Selenium/Payments/PiaTest.js&quot;,&quot;file&quot;:&quot;/Tests/Selenium/Payments/PiaTest.js&quot;,&quot;beforeHooks&quot;:[{&quot;title&quot;:&quot;\&quot;before all\&quot; hook&quot;,&quot;fullTitle&quot;:&quot;Payment in Advance test \&quot;before all\&quot; hook&quot;,&quot;timedOut&quot;:false,&quot;duration&quot;:5371,&quot;pass&quot;:false,&quot;fail&quot;:false,&quot;pending&quot;:false,&quot;code&quot;:&quot;driver = await getDriver(&#x27;pia&#x27;);&quot;,&quot;err&quot;:{},&quot;uuid&quot;:&quot;aff6dcf7-5f30-4a82-a1bf-567d9dd362be&quot;,&quot;parentUUID&quot;:&quot;8fde215e-2626-4115-9913-4f7a176e6972&quot;,&quot;isHook&quot;:true,&quot;skipped&quot;:false}],&quot;afterHooks&quot;:[{&quot;title&quot;:&quot;\&quot;after all\&quot; hook&quot;,&quot;fullTitle&quot;:&quot;Payment in Advance test \&quot;after all\&quot; hook&quot;,&quot;timedOut&quot;:false,&quot;duration&quot;:1721,&quot;pass&quot;:false,&quot;fail&quot;:false,&quot;pending&quot;:false,&quot;code&quot;:&quot;driver.quit()&quot;,&quot;err&quot;:{},&quot;uuid&quot;:&quot;2830053e-bebc-439c-a808-021cd44acc6d&quot;,&quot;parentUUID&quot;:&quot;8fde215e-2626-4115-9913-4f7a176e6972&quot;,&quot;isHook&quot;:true,&quot;skipped&quot;:false}],&quot;tests&quot;:[{&quot;title&quot;:&quot;should check the pia payment process&quot;,&quot;fullTitle&quot;:&quot;Payment in Advance test should check the pia payment process&quot;,&quot;timedOut&quot;:false,&quot;duration&quot;:61401,&quot;state&quot;:&quot;failed&quot;,&quot;pass&quot;:false,&quot;fail&quot;:true,&quot;pending&quot;:false,&quot;code&quot;:&quot;await loginWithExampleAccount(driver);\nawait addProductToCartAndGotoCheckout(driver, &#x27;/genusswelten/tees-und-zubeh/tee-zubehoer/24/glas-teekaennchen&#x27;);\nawait selectPaymentMethod(driver, paymentLabel);\n// Confirm order\nconsole.log(&#x27;click button confirm--form&#x27;);\nawait driver.findElement(By.xpath(&#x27;//button[@form=\&quot;confirm--form\&quot;]&#x27;)).click();\nawait checkConfirmationPage(driver, paymentLabel);\nconsole.log(&#x27;expect correct bankdata&#x27;);\nconst amount = await driver.findElement(By.className(&#x27;wirecardee--bankdata-amount&#x27;)).getText();\nexpect(amount).to.include(&#x27;70,99 €&#x27;);\nconst iban = await driver.findElement(By.className(&#x27;wirecardee--bankdata-iban&#x27;)).getText();\nexpect(iban).to.include(&#x27;DE82512308000005599148&#x27;);\nconst bic = await driver.findElement(By.className(&#x27;wirecardee--bankdata-bic&#x27;)).getText();\nexpect(bic).to.include(&#x27;WIREDEMMXXX&#x27;);&quot;,&quot;err&quot;:{&quot;message&quot;:&quot;AssertionError: expected &#x27;Bestellnummer: 20003\\nTransaktionsnummer: b5c60772-0656-4dd7-96b5-ba7bd0a15427\\nGewählte Zahlungsart: Wirecard Vorkasse\\nVersandart: Versandkosten nach Gewicht&#x27; to include &#x27;FAIL&#x27;&quot;,&quot;estack&quot;:&quot;AssertionError: expected &#x27;Bestellnummer: 20003\\nTransaktionsnummer: b5c60772-0656-4dd7-96b5-ba7bd0a15427\\nGewählte Zahlungsart: Wirecard Vorkasse\\nVersandart: Versandkosten nach Gewicht&#x27; to include &#x27;FAIL&#x27;\n    at exports.checkConfirmationPage (Tests/Selenium/common.js:93:31)\n    at &lt;anonymous&gt;\n    at process._tickCallback (internal/process/next_tick.js:188:7)&quot;},&quot;uuid&quot;:&quot;7f793fd2-48af-49f1-841f-17d6621b4b8a&quot;,&quot;parentUUID&quot;:&quot;8fde215e-2626-4115-9913-4f7a176e6972&quot;,&quot;isHook&quot;:false,&quot;skipped&quot;:false}],&quot;suites&quot;:[],&quot;passes&quot;:[],&quot;failures&quot;:[&quot;7f793fd2-48af-49f1-841f-17d6621b4b8a&quot;],&quot;pending&quot;:[],&quot;skipped&quot;:[],&quot;duration&quot;:61401,&quot;root&quot;:false,&quot;rootEmpty&quot;:false,&quot;_timeout&quot;:6000000},{&quot;uuid&quot;:&quot;8332d22d-1af1-4a23-856a-02ad9ab239c8&quot;,&quot;title&quot;:&quot;Credit Card test&quot;,&quot;fullFile&quot;:&quot;/home/travis/shopware/custom/plugins/WirecardElasticEngine/Tests/Selenium/Payments/CreditCardTest.js&quot;,&quot;file&quot;:&quot;/Tests/Selenium/Payments/CreditCardTest.js&quot;,&quot;beforeHooks&quot;:[{&quot;title&quot;:&quot;\&quot;before all\&quot; hook&quot;,&quot;fullTitle&quot;:&quot;Credit Card test \&quot;before all\&quot; hook&quot;,&quot;timedOut&quot;:false,&quot;duration&quot;:6034,&quot;pass&quot;:false,&quot;fail&quot;:false,&quot;pending&quot;:false,&quot;code&quot;:&quot;driver = await getDriver(&#x27;credit card&#x27;);&quot;,&quot;err&quot;:{},&quot;uuid&quot;:&quot;6fd78f03-54e8-45e2-81f3-a93c37d515f5&quot;,&quot;parentUUID&quot;:&quot;8332d22d-1af1-4a23-856a-02ad9ab239c8&quot;,&quot;isHook&quot;:true,&quot;skipped&quot;:false}],&quot;afterHooks&quot;:[{&quot;title&quot;:&quot;\&quot;after all\&quot; hook&quot;,&quot;fullTitle&quot;:&quot;Credit Card test \&quot;after all\&quot; hook&quot;,&quot;timedOut&quot;:false,&quot;duration&quot;:2038,&quot;pass&quot;:false,&quot;fail&quot;:false,&quot;pending&quot;:false,&quot;code&quot;:&quot;driver.quit()&quot;,&quot;err&quot;:{},&quot;uuid&quot;:&quot;fe83927d-4776-45f0-b709-8f9dff474cca&quot;,&quot;parentUUID&quot;:&quot;8332d22d-1af1-4a23-856a-02ad9ab239c8&quot;,&quot;isHook&quot;:true,&quot;skipped&quot;:false}],&quot;tests&quot;:[{&quot;title&quot;:&quot;should check the credit card payment process&quot;,&quot;fullTitle&quot;:&quot;Credit Card test should check the credit card payment process&quot;,&quot;timedOut&quot;:false,&quot;duration&quot;:32945,&quot;state&quot;:&quot;failed&quot;,&quot;pass&quot;:false,&quot;fail&quot;:true,&quot;pending&quot;:false,&quot;code&quot;:&quot;await loginWithExampleAccount(driver);\nawait addProductToCartAndGotoCheckout(driver, &#x27;/genusswelten/tees-und-zubeh/tee-zubehoer/24/glas-teekaennchen&#x27;);\nawait selectPaymentMethod(driver, paymentLabel);\n// Save card\nconsole.log(&#x27;click #wirecardee--save-token&#x27;);\nawait driver.findElement(By.id(&#x27;wirecardee--save-token&#x27;)).click();\n// Confirm order\nconsole.log(&#x27;click button confirm--form&#x27;);\nawait driver.findElement(By.xpath(&#x27;//button[@form=\&quot;confirm--form\&quot;]&#x27;)).click();\n// Fill out credit card iframe\nconsole.log(&#x27;wait for .wirecard-seamless-frame&#x27;);\nawait driver.wait(until.elementLocated(By.className(&#x27;wirecard-seamless-frame&#x27;)), 20000);\nconsole.log(&#x27;wait for switch to iframe .wirecard-seamless-frame&#x27;);\nawait driver.wait(until.ableToSwitchToFrame(By.className(&#x27;wirecard-seamless-frame&#x27;)));\nconsole.log(&#x27;wait for #account_number&#x27;);\nawait driver.wait(until.elementLocated(By.id(&#x27;account_number&#x27;)), 20000);\nawait asyncForEach(Object.keys(formFields), async field =&gt; {\n    console.log(`setting ${field} to ${formFields[field]}`);\n    await driver.findElement(By.id(field)).sendKeys(formFields[field]);\n});\nawait driver.findElement(By.css(&#x27;#expiration_month_list &gt; option[value=\\&#x27;01\\&#x27;]&#x27;)).click();\nawait driver.findElement(By.css(&#x27;#expiration_year_list &gt; option[value=\\&#x27;2030\\&#x27;]&#x27;)).click();\n// Switch back from iframe and click Send button\nconsole.log(&#x27;switch back from iframe to default content&#x27;);\nawait driver.switchTo().defaultContent();\nconsole.log(&#x27;wait for #wirecardee-credit-card--form-submit&#x27;);\nawait driver.wait(until.elementLocated(By.id(&#x27;wirecardee-credit-card--form-submit&#x27;)));\nconsole.log(&#x27;click #wirecardee-credit-card--form-submit&#x27;);\nawait driver.findElement(By.id(&#x27;wirecardee-credit-card--form-submit&#x27;)).click();\nawait checkConfirmationPage(driver, paymentLabel);&quot;,&quot;err&quot;:{&quot;message&quot;:&quot;AssertionError: expected &#x27;Bestellnummer: 20004\\nTransaktionsnummer: 40438a32-2a43-4652-8ad8-aabd6f85dfbb\\nGewählte Zahlungsart: Wirecard Kreditkarte\\nVersandart: Versandkosten nach Gewicht&#x27; to include &#x27;FAIL&#x27;&quot;,&quot;estack&quot;:&quot;AssertionError: expected &#x27;Bestellnummer: 20004\\nTransaktionsnummer: 40438a32-2a43-4652-8ad8-aabd6f85dfbb\\nGewählte Zahlungsart: Wirecard Kreditkarte\\nVersandart: Versandkosten nach Gewicht&#x27; to include &#x27;FAIL&#x27;\n    at exports.checkConfirmationPage (Tests/Selenium/common.js:93:31)\n    at &lt;anonymous&gt;\n    at process._tickCallback (internal/process/next_tick.js:188:7)&quot;},&quot;uuid&quot;:&quot;e6fd2536-549c-452a-822d-4ce6c93b135e&quot;,&quot;parentUUID&quot;:&quot;8332d22d-1af1-4a23-856a-02ad9ab239c8&quot;,&quot;isHook&quot;:false,&quot;skipped&quot;:false}],&quot;suites&quot;:[],&quot;passes&quot;:[],&quot;failures&quot;:[&quot;e6fd2536-549c-452a-822d-4ce6c93b135e&quot;],&quot;pending&quot;:[],&quot;skipped&quot;:[],&quot;duration&quot;:32945,&quot;root&quot;:false,&quot;rootEmpty&quot;:false,&quot;_timeout&quot;:6000000},{&quot;uuid&quot;:&quot;71984f17-22d7-4813-9164-e44c550b08b6&quot;,&quot;title&quot;:&quot;Credit Card One-Click Checkout test (NOTE: has requirements)&quot;,&quot;fullFile&quot;:&quot;/home/travis/shopware/custom/plugins/WirecardElasticEngine/Tests/Selenium/Payments/CreditCardOneClickTest.js&quot;,&quot;file&quot;:&quot;/Tests/Selenium/Payments/CreditCardOneClickTest.js&quot;,&quot;beforeHooks&quot;:[{&quot;title&quot;:&quot;\&quot;before all\&quot; hook&quot;,&quot;fullTitle&quot;:&quot;Credit Card One-Click Checkout test (NOTE: has requirements) \&quot;before all\&quot; hook&quot;,&quot;timedOut&quot;:false,&quot;duration&quot;:6900,&quot;pass&quot;:false,&quot;fail&quot;:false,&quot;pending&quot;:false,&quot;code&quot;:&quot;driver = await getDriver(&#x27;credit card one click&#x27;);&quot;,&quot;err&quot;:{},&quot;uuid&quot;:&quot;cf6f1612-6cdd-4a45-92ad-25bf82bdfee8&quot;,&quot;parentUUID&quot;:&quot;71984f17-22d7-4813-9164-e44c550b08b6&quot;,&quot;isHook&quot;:true,&quot;skipped&quot;:false}],&quot;afterHooks&quot;:[{&quot;title&quot;:&quot;\&quot;after all\&quot; hook&quot;,&quot;fullTitle&quot;:&quot;Credit Card One-Click Checkout test (NOTE: has requirements) \&quot;after all\&quot; hook&quot;,&quot;timedOut&quot;:false,&quot;duration&quot;:1702,&quot;pass&quot;:false,&quot;fail&quot;:false,&quot;pending&quot;:false,&quot;code&quot;:&quot;driver.quit()&quot;,&quot;err&quot;:{},&quot;uuid&quot;:&quot;e6e9312d-cc00-4501-b013-e94c6f540624&quot;,&quot;parentUUID&quot;:&quot;71984f17-22d7-4813-9164-e44c550b08b6&quot;,&quot;isHook&quot;:true,&quot;skipped&quot;:false}],&quot;tests&quot;:[{&quot;title&quot;:&quot;should check the credit card one-click payment process&quot;,&quot;fullTitle&quot;:&quot;Credit Card One-Click Checkout test (NOTE: has requirements) should check the credit card one-click payment process&quot;,&quot;timedOut&quot;:false,&quot;duration&quot;:22279,&quot;state&quot;:&quot;failed&quot;,&quot;pass&quot;:false,&quot;fail&quot;:true,&quot;pending&quot;:false,&quot;code&quot;:&quot;await loginWithExampleAccount(driver);\nawait addProductToCartAndGotoCheckout(driver, &#x27;/genusswelten/tees-und-zubeh/tee-zubehoer/24/glas-teekaennchen&#x27;);\nawait selectPaymentMethod(driver, paymentLabel);\nawait driver.findElement(By.id(&#x27;wirecardee--token-&#x27; + tokenId)).click();\n// Confirm order\nconsole.log(&#x27;click button confirm--form&#x27;);\nawait driver.findElement(By.xpath(&#x27;//button[@form=\&quot;confirm--form\&quot;]&#x27;)).click();\nawait checkConfirmationPage(driver, paymentLabel);&quot;,&quot;err&quot;:{&quot;message&quot;:&quot;AssertionError: expected &#x27;Bestellnummer: 20005\\nTransaktionsnummer: fbfd698c-97ef-40ce-9ec6-84a334676a4d\\nGewählte Zahlungsart: Wirecard Kreditkarte\\nVersandart: Versandkosten nach Gewicht&#x27; to include &#x27;FAIL&#x27;&quot;,&quot;estack&quot;:&quot;AssertionError: expected &#x27;Bestellnummer: 20005\\nTransaktionsnummer: fbfd698c-97ef-40ce-9ec6-84a334676a4d\\nGewählte Zahlungsart: Wirecard Kreditkarte\\nVersandart: Versandkosten nach Gewicht&#x27; to include &#x27;FAIL&#x27;\n    at exports.checkConfirmationPage (Tests/Selenium/common.js:93:31)\n    at &lt;anonymous&gt;\n    at process._tickCallback (internal/process/next_tick.js:188:7)&quot;},&quot;uuid&quot;:&quot;dda1b3e9-4dcd-4a1b-beb0-e17322986ef0&quot;,&quot;parentUUID&quot;:&quot;71984f17-22d7-4813-9164-e44c550b08b6&quot;,&quot;isHook&quot;:false,&quot;skipped&quot;:false}],&quot;suites&quot;:[],&quot;passes&quot;:[],&quot;failures&quot;:[&quot;dda1b3e9-4dcd-4a1b-beb0-e17322986ef0&quot;],&quot;pending&quot;:[],&quot;skipped&quot;:[],&quot;duration&quot;:22279,&quot;root&quot;:false,&quot;rootEmpty&quot;:false,&quot;_timeout&quot;:6000000},{&quot;uuid&quot;:&quot;0ec37a60-9117-4ab0-ac24-3a1db1b9338f&quot;,&quot;title&quot;:&quot;SEPA Direct Debit test&quot;,&quot;fullFile&quot;:&quot;/home/travis/shopware/custom/plugins/WirecardElasticEngine/Tests/Selenium/Payments/SepaTest.js&quot;,&quot;file&quot;:&quot;/Tests/Selenium/Payments/SepaTest.js&quot;,&quot;beforeHooks&quot;:[{&quot;title&quot;:&quot;\&quot;before all\&quot; hook&quot;,&quot;fullTitle&quot;:&quot;SEPA Direct Debit test \&quot;before all\&quot; hook&quot;,&quot;timedOut&quot;:false,&quot;duration&quot;:5431,&quot;pass&quot;:false,&quot;fail&quot;:false,&quot;pending&quot;:false,&quot;code&quot;:&quot;driver = await getDriver(&#x27;sepa&#x27;);&quot;,&quot;err&quot;:{},&quot;uuid&quot;:&quot;495d5d2a-4f17-44f8-9f47-7243b46fbc7c&quot;,&quot;parentUUID&quot;:&quot;0ec37a60-9117-4ab0-ac24-3a1db1b9338f&quot;,&quot;isHook&quot;:true,&quot;skipped&quot;:false}],&quot;afterHooks&quot;:[{&quot;title&quot;:&quot;\&quot;after all\&quot; hook&quot;,&quot;fullTitle&quot;:&quot;SEPA Direct Debit test \&quot;after all\&quot; hook&quot;,&quot;timedOut&quot;:false,&quot;duration&quot;:1484,&quot;pass&quot;:false,&quot;fail&quot;:false,&quot;pending&quot;:false,&quot;code&quot;:&quot;driver.quit()&quot;,&quot;err&quot;:{},&quot;uuid&quot;:&quot;6a37f6e5-ed5c-44af-958b-75c200dd09f5&quot;,&quot;parentUUID&quot;:&quot;0ec37a60-9117-4ab0-ac24-3a1db1b9338f&quot;,&quot;isHook&quot;:true,&quot;skipped&quot;:false}],&quot;tests&quot;:[{&quot;title&quot;:&quot;should check the sepa payment process&quot;,&quot;fullTitle&quot;:&quot;SEPA Direct Debit test should check the sepa payment process&quot;,&quot;timedOut&quot;:false,&quot;duration&quot;:24013,&quot;state&quot;:&quot;failed&quot;,&quot;pass&quot;:false,&quot;fail&quot;:true,&quot;pending&quot;:false,&quot;code&quot;:&quot;await loginWithExampleAccount(driver);\nawait addProductToCartAndGotoCheckout(driver, &#x27;/genusswelten/tees-und-zubeh/tee-zubehoer/24/glas-teekaennchen&#x27;);\nawait selectPaymentMethod(driver, paymentLabel);\n// Fill sepa fields\nawait asyncForEach(Object.keys(formFields), async field =&gt; {\n    await driver.findElement(By.id(field)).sendKeys(formFields[field]);\n});\n// Confirm order\nconsole.log(&#x27;click button confirm--form&#x27;);\nawait driver.findElement(By.xpath(&#x27;//button[@form=\&quot;confirm--form\&quot;]&#x27;)).click();\n// Confirm sepa mandate in modal dialog\nconsole.log(&#x27;wait for .wirecardee--sepa-mandate&#x27;);\nawait driver.wait(until.elementLocated(By.className(&#x27;wirecardee--sepa-mandate&#x27;)), 10000);\nconsole.log(&#x27;click .wirecardee-sepa--confirm-check&#x27;);\nawait driver.findElement(By.id(&#x27;wirecardee-sepa--confirm-check&#x27;)).click();\nconsole.log(&#x27;click .wirecardee-sepa--confirm-button&#x27;);\nawait driver.findElement(By.id(&#x27;wirecardee-sepa--confirm-button&#x27;)).click();\nawait checkConfirmationPage(driver, paymentLabel);&quot;,&quot;err&quot;:{&quot;message&quot;:&quot;AssertionError: expected &#x27;Bestellnummer: 20006\\nTransaktionsnummer: b12aea5c-5464-4362-b79e-19f9ba824a84\\nGewählte Zahlungsart: Wirecard SEPA-Lastschrift\\nVersandart: Versandkosten nach Gewicht&#x27; to include &#x27;FAIL&#x27;&quot;,&quot;estack&quot;:&quot;AssertionError: expected &#x27;Bestellnummer: 20006\\nTransaktionsnummer: b12aea5c-5464-4362-b79e-19f9ba824a84\\nGewählte Zahlungsart: Wirecard SEPA-Lastschrift\\nVersandart: Versandkosten nach Gewicht&#x27; to include &#x27;FAIL&#x27;\n    at exports.checkConfirmationPage (Tests/Selenium/common.js:93:31)\n    at &lt;anonymous&gt;\n    at process._tickCallback (internal/process/next_tick.js:188:7)&quot;},&quot;uuid&quot;:&quot;223ae04c-bb91-4dac-8864-d40127dd4232&quot;,&quot;parentUUID&quot;:&quot;0ec37a60-9117-4ab0-ac24-3a1db1b9338f&quot;,&quot;isHook&quot;:false,&quot;skipped&quot;:false}],&quot;suites&quot;:[],&quot;passes&quot;:[],&quot;failures&quot;:[&quot;223ae04c-bb91-4dac-8864-d40127dd4232&quot;],&quot;pending&quot;:[],&quot;skipped&quot;:[],&quot;duration&quot;:24013,&quot;root&quot;:false,&quot;rootEmpty&quot;:false,&quot;_timeout&quot;:6000000},{&quot;uuid&quot;:&quot;88c78f77-b97b-41ea-8fc2-277462d52bc5&quot;,&quot;title&quot;:&quot;Sofort. test&quot;,&quot;fullFile&quot;:&quot;/home/travis/shopware/custom/plugins/WirecardElasticEngine/Tests/Selenium/Payments/SofortTest.js&quot;,&quot;file&quot;:&quot;/Tests/Selenium/Payments/SofortTest.js&quot;,&quot;beforeHooks&quot;:[{&quot;title&quot;:&quot;\&quot;before all\&quot; hook&quot;,&quot;fullTitle&quot;:&quot;Sofort. test \&quot;before all\&quot; hook&quot;,&quot;timedOut&quot;:false,&quot;duration&quot;:5629,&quot;pass&quot;:false,&quot;fail&quot;:false,&quot;pending&quot;:false,&quot;code&quot;:&quot;driver = await getDriver(&#x27;sofort&#x27;);&quot;,&quot;err&quot;:{},&quot;uuid&quot;:&quot;0067bc6a-5f93-47e0-bfdf-5d2ad0ef87f0&quot;,&quot;parentUUID&quot;:&quot;88c78f77-b97b-41ea-8fc2-277462d52bc5&quot;,&quot;isHook&quot;:true,&quot;skipped&quot;:false}],&quot;afterHooks&quot;:[{&quot;title&quot;:&quot;\&quot;after all\&quot; hook&quot;,&quot;fullTitle&quot;:&quot;Sofort. test \&quot;after all\&quot; hook&quot;,&quot;timedOut&quot;:false,&quot;duration&quot;:1456,&quot;pass&quot;:false,&quot;fail&quot;:false,&quot;pending&quot;:false,&quot;code&quot;:&quot;driver.quit()&quot;,&quot;err&quot;:{},&quot;uuid&quot;:&quot;91566a12-b39b-45e7-b679-4608a131ce5a&quot;,&quot;parentUUID&quot;:&quot;88c78f77-b97b-41ea-8fc2-277462d52bc5&quot;,&quot;isHook&quot;:true,&quot;skipped&quot;:false}],&quot;tests&quot;:[{&quot;title&quot;:&quot;should check the sofort payment process&quot;,&quot;fullTitle&quot;:&quot;Sofort. test should check the sofort payment process&quot;,&quot;timedOut&quot;:false,&quot;duration&quot;:58836,&quot;state&quot;:&quot;failed&quot;,&quot;pass&quot;:false,&quot;fail&quot;:true,&quot;pending&quot;:false,&quot;code&quot;:&quot;await loginWithExampleAccount(driver);\nawait addProductToCartAndGotoCheckout(driver, &#x27;/genusswelten/tees-und-zubeh/tee-zubehoer/24/glas-teekaennchen&#x27;);\nawait selectPaymentMethod(driver, paymentLabel);\n// Confirm order\nconsole.log(&#x27;click button confirm--form&#x27;);\nawait driver.findElement(By.xpath(&#x27;//button[@form=\&quot;confirm--form\&quot;]&#x27;)).click();\n// Wait for Sofort. page and fill out forms\nconsole.log(&#x27;wait for #MultipaysSessionSenderCountryId&#x27;);\nawait driver.wait(until.elementLocated(By.id(&#x27;MultipaysSessionSenderCountryId&#x27;)), 20000);\nawait driver.findElement(By.css(&#x27;#MultipaysSessionSenderCountryId &gt; option[value=\\&#x27;AT\\&#x27;]&#x27;)).click();\nawait driver.findElement(By.id(&#x27;BankCodeSearch&#x27;)).sendKeys(formFields.bankCode);\nconsole.log(&#x27;wait for .js-bank-searcher-result-list&#x27;);\nawait driver.wait(until.elementLocated(By.className(&#x27;js-bank-searcher-result-list&#x27;)), 5000);\nawait driver.findElement(By.css(&#x27;button.primary&#x27;)).click();\nconsole.log(&#x27;wait for #BackendFormLOGINNAMEUSERID&#x27;);\nawait driver.wait(until.elementLocated(By.id(&#x27;BackendFormLOGINNAMEUSERID&#x27;)), 20000);\nawait driver.findElement(By.id(&#x27;BackendFormLOGINNAMEUSERID&#x27;)).sendKeys(formFields.userId);\nawait driver.findElement(By.id(&#x27;BackendFormUSERPIN&#x27;)).sendKeys(formFields.password, Key.ENTER);\nconsole.log(&#x27;wait for #account-1&#x27;);\nawait driver.wait(until.elementLocated(By.id(&#x27;account-1&#x27;)), 20000);\nawait driver.findElement(By.id(&#x27;account-1&#x27;)).click();\nawait driver.findElement(By.css(&#x27;button.primary&#x27;)).click();\nconsole.log(&#x27;wait for #BackendFormTAN&#x27;);\nawait driver.wait(until.elementLocated(By.id(&#x27;BackendFormTAN&#x27;)), 20000);\nawait driver.findElement(By.id(&#x27;BackendFormTAN&#x27;)).sendKeys(formFields.tan, Key.ENTER);\nawait waitForAlert(driver, 20000);\nawait checkConfirmationPage(driver, paymentLabel);&quot;,&quot;err&quot;:{&quot;message&quot;:&quot;AssertionError: expected &#x27;Bestellnummer: 20007\\nTransaktionsnummer: 8dc1fae3-10dd-4657-b9ea-92de67fb96c8\\nGewählte Zahlungsart: Wirecard Sofort.\\nVersandart: Versandkosten nach Gewicht&#x27; to include &#x27;FAIL&#x27;&quot;,&quot;estack&quot;:&quot;AssertionError: expected &#x27;Bestellnummer: 20007\\nTransaktionsnummer: 8dc1fae3-10dd-4657-b9ea-92de67fb96c8\\nGewählte Zahlungsart: Wirecard Sofort.\\nVersandart: Versandkosten nach Gewicht&#x27; to include &#x27;FAIL&#x27;\n    at exports.checkConfirmationPage (Tests/Selenium/common.js:93:31)\n    at &lt;anonymous&gt;\n    at process._tickCallback (internal/process/next_tick.js:188:7)&quot;},&quot;uuid&quot;:&quot;b202d26e-b510-4aea-bf5a-d736c3963442&quot;,&quot;parentUUID&quot;:&quot;88c78f77-b97b-41ea-8fc2-277462d52bc5&quot;,&quot;isHook&quot;:false,&quot;skipped&quot;:false}],&quot;suites&quot;:[],&quot;passes&quot;:[],&quot;failures&quot;:[&quot;b202d26e-b510-4aea-bf5a-d736c3963442&quot;],&quot;pending&quot;:[],&quot;skipped&quot;:[],&quot;duration&quot;:58836,&quot;root&quot;:false,&quot;rootEmpty&quot;:false,&quot;_timeout&quot;:6000000},{&quot;uuid&quot;:&quot;c0b75bfe-0fa6-495a-ac5f-0931d8bf4581&quot;,&quot;title&quot;:&quot;Payment on Invoice test&quot;,&quot;fullFile&quot;:&quot;/home/travis/shopware/custom/plugins/WirecardElasticEngine/Tests/Selenium/Payments/PoiTest.js&quot;,&quot;file&quot;:&quot;/Tests/Selenium/Payments/PoiTest.js&quot;,&quot;beforeHooks&quot;:[{&quot;title&quot;:&quot;\&quot;before all\&quot; hook&quot;,&quot;fullTitle&quot;:&quot;Payment on Invoice test \&quot;before all\&quot; hook&quot;,&quot;timedOut&quot;:false,&quot;duration&quot;:13702,&quot;pass&quot;:false,&quot;fail&quot;:false,&quot;pending&quot;:false,&quot;code&quot;:&quot;driver = await getDriver(&#x27;poi&#x27;);&quot;,&quot;err&quot;:{},&quot;uuid&quot;:&quot;cad71e91-9c39-4225-ae9f-4046240d444b&quot;,&quot;parentUUID&quot;:&quot;c0b75bfe-0fa6-495a-ac5f-0931d8bf4581&quot;,&quot;isHook&quot;:true,&quot;skipped&quot;:false}],&quot;afterHooks&quot;:[{&quot;title&quot;:&quot;\&quot;after all\&quot; hook&quot;,&quot;fullTitle&quot;:&quot;Payment on Invoice test \&quot;after all\&quot; hook&quot;,&quot;timedOut&quot;:false,&quot;duration&quot;:2482,&quot;pass&quot;:false,&quot;fail&quot;:false,&quot;pending&quot;:false,&quot;code&quot;:&quot;driver.quit()&quot;,&quot;err&quot;:{},&quot;uuid&quot;:&quot;f73b54f0-284f-4532-a411-aba0b54a0ef2&quot;,&quot;parentUUID&quot;:&quot;c0b75bfe-0fa6-495a-ac5f-0931d8bf4581&quot;,&quot;isHook&quot;:true,&quot;skipped&quot;:false}],&quot;tests&quot;:[{&quot;title&quot;:&quot;should check the poi payment process&quot;,&quot;fullTitle&quot;:&quot;Payment on Invoice test should check the poi payment process&quot;,&quot;timedOut&quot;:false,&quot;duration&quot;:25231,&quot;state&quot;:&quot;failed&quot;,&quot;pass&quot;:false,&quot;fail&quot;:true,&quot;pending&quot;:false,&quot;code&quot;:&quot;await loginWithExampleAccount(driver);\nawait addProductToCartAndGotoCheckout(driver, &#x27;/genusswelten/tees-und-zubeh/tee-zubehoer/24/glas-teekaennchen&#x27;);\nawait selectPaymentMethod(driver, paymentLabel);\n// Confirm order\nconsole.log(&#x27;click button confirm--form&#x27;);\nawait driver.findElement(By.xpath(&#x27;//button[@form=\&quot;confirm--form\&quot;]&#x27;)).click();\nawait checkConfirmationPage(driver, paymentLabel);&quot;,&quot;err&quot;:{&quot;message&quot;:&quot;AssertionError: expected &#x27;Bestellnummer: 20008\\nTransaktionsnummer: 4bc9e3e1-98c7-425f-b772-8d9f6b52b610\\nGewählte Zahlungsart: Wirecard Kauf auf Rechnung\\nVersandart: Versandkosten nach Gewicht&#x27; to include &#x27;FAIL&#x27;&quot;,&quot;estack&quot;:&quot;AssertionError: expected &#x27;Bestellnummer: 20008\\nTransaktionsnummer: 4bc9e3e1-98c7-425f-b772-8d9f6b52b610\\nGewählte Zahlungsart: Wirecard Kauf auf Rechnung\\nVersandart: Versandkosten nach Gewicht&#x27; to include &#x27;FAIL&#x27;\n    at exports.checkConfirmationPage (Tests/Selenium/common.js:93:31)\n    at &lt;anonymous&gt;\n    at process._tickCallback (internal/process/next_tick.js:188:7)&quot;},&quot;uuid&quot;:&quot;0aa96dd7-e91d-4948-a4fa-e2115a2aaf36&quot;,&quot;parentUUID&quot;:&quot;c0b75bfe-0fa6-495a-ac5f-0931d8bf4581&quot;,&quot;isHook&quot;:false,&quot;skipped&quot;:false}],&quot;suites&quot;:[],&quot;passes&quot;:[],&quot;failures&quot;:[&quot;0aa96dd7-e91d-4948-a4fa-e2115a2aaf36&quot;],&quot;pending&quot;:[],&quot;skipped&quot;:[],&quot;duration&quot;:25231,&quot;root&quot;:false,&quot;rootEmpty&quot;:false,&quot;_timeout&quot;:6000000},{&quot;uuid&quot;:&quot;b369dcc7-af17-4480-b7ee-819b0a3c7ffe&quot;,&quot;title&quot;:&quot;UnionPay International test&quot;,&quot;fullFile&quot;:&quot;/home/travis/shopware/custom/plugins/WirecardElasticEngine/Tests/Selenium/Payments/UpiTest.js&quot;,&quot;file&quot;:&quot;/Tests/Selenium/Payments/UpiTest.js&quot;,&quot;beforeHooks&quot;:[{&quot;title&quot;:&quot;\&quot;before all\&quot; hook&quot;,&quot;fullTitle&quot;:&quot;UnionPay International test \&quot;before all\&quot; hook&quot;,&quot;timedOut&quot;:false,&quot;duration&quot;:6136,&quot;pass&quot;:false,&quot;fail&quot;:false,&quot;pending&quot;:false,&quot;code&quot;:&quot;driver = await getDriver(&#x27;upi&#x27;);&quot;,&quot;err&quot;:{},&quot;uuid&quot;:&quot;347f2d0f-8ca5-4212-8f66-7b6ef0c7af17&quot;,&quot;parentUUID&quot;:&quot;b369dcc7-af17-4480-b7ee-819b0a3c7ffe&quot;,&quot;isHook&quot;:true,&quot;skipped&quot;:false}],&quot;afterHooks&quot;:[{&quot;title&quot;:&quot;\&quot;after all\&quot; hook&quot;,&quot;fullTitle&quot;:&quot;UnionPay International test \&quot;after all\&quot; hook&quot;,&quot;timedOut&quot;:false,&quot;duration&quot;:1613,&quot;pass&quot;:false,&quot;fail&quot;:false,&quot;pending&quot;:false,&quot;code&quot;:&quot;driver.quit()&quot;,&quot;err&quot;:{},&quot;uuid&quot;:&quot;653117fa-30da-4f21-b15c-9af1ec6fd005&quot;,&quot;parentUUID&quot;:&quot;b369dcc7-af17-4480-b7ee-819b0a3c7ffe&quot;,&quot;isHook&quot;:true,&quot;skipped&quot;:false}],&quot;tests&quot;:[{&quot;title&quot;:&quot;should check the unionpay international payment process&quot;,&quot;fullTitle&quot;:&quot;UnionPay International test should check the unionpay international payment process&quot;,&quot;timedOut&quot;:false,&quot;duration&quot;:34612,&quot;state&quot;:&quot;failed&quot;,&quot;pass&quot;:false,&quot;fail&quot;:true,&quot;pending&quot;:false,&quot;code&quot;:&quot;await loginWithExampleAccount(driver);\nawait addProductToCartAndGotoCheckout(driver, &#x27;/genusswelten/tees-und-zubeh/tee-zubehoer/24/glas-teekaennchen&#x27;);\nawait selectPaymentMethod(driver, paymentLabel);\n// Confirm order\nconsole.log(&#x27;click button confirm--form&#x27;);\nawait driver.findElement(By.xpath(&#x27;//button[@form=\&quot;confirm--form\&quot;]&#x27;)).click();\n// Fill out credit card iframe\nconsole.log(&#x27;wait for .wirecard-seamless-frame&#x27;);\nawait driver.wait(until.elementLocated(By.className(&#x27;wirecard-seamless-frame&#x27;)), 20000);\nconsole.log(&#x27;wait for switch to iframe .wirecard-seamless-frame&#x27;);\nawait driver.wait(until.ableToSwitchToFrame(By.className(&#x27;wirecard-seamless-frame&#x27;)));\nconsole.log(&#x27;wait for #account_number&#x27;);\nawait driver.wait(until.elementLocated(By.id(&#x27;account_number&#x27;)), 20000);\nawait asyncForEach(Object.keys(formFields), async field =&gt; {\n    console.log(`setting ${field} to ${formFields[field]}`);\n    await driver.findElement(By.id(field)).sendKeys(formFields[field]);\n});\nawait driver.findElement(By.css(&#x27;#expiration_month_list &gt; option[value=\\&#x27;01\\&#x27;]&#x27;)).click();\nawait driver.findElement(By.css(&#x27;#expiration_year_list &gt; option[value=\\&#x27;2030\\&#x27;]&#x27;)).click();\n// Switch back from iframe and click Send button\nconsole.log(&#x27;switch back from iframe to default content&#x27;);\nawait driver.switchTo().defaultContent();\nconsole.log(&#x27;wait for #wirecardee-credit-card--form-submit&#x27;);\nawait driver.wait(until.elementLocated(By.id(&#x27;wirecardee-credit-card--form-submit&#x27;)));\nconsole.log(&#x27;click #wirecardee-credit-card--form-submit&#x27;);\nawait driver.findElement(By.id(&#x27;wirecardee-credit-card--form-submit&#x27;)).click();\nawait checkConfirmationPage(driver, paymentLabel);&quot;,&quot;err&quot;:{&quot;message&quot;:&quot;AssertionError: expected &#x27;Bestellnummer: 20009\\nTransaktionsnummer: 8e08edd4-83ff-473d-8bcf-0772ab3d4884\\nGewählte Zahlungsart: Wirecard UnionPay International\\nVersandart: Versandkosten nach Gewicht&#x27; to include &#x27;FAIL&#x27;&quot;,&quot;estack&quot;:&quot;AssertionError: expected &#x27;Bestellnummer: 20009\\nTransaktionsnummer: 8e08edd4-83ff-473d-8bcf-0772ab3d4884\\nGewählte Zahlungsart: Wirecard UnionPay International\\nVersandart: Versandkosten nach Gewicht&#x27; to include &#x27;FAIL&#x27;\n    at exports.checkConfirmationPage (Tests/Selenium/common.js:93:31)\n    at &lt;anonymous&gt;\n    at process._tickCallback (internal/process/next_tick.js:188:7)&quot;},&quot;uuid&quot;:&quot;f8c18137-7745-44ce-bf87-debf089bd959&quot;,&quot;parentUUID&quot;:&quot;b369dcc7-af17-4480-b7ee-819b0a3c7ffe&quot;,&quot;isHook&quot;:false,&quot;skipped&quot;:false}],&quot;suites&quot;:[],&quot;passes&quot;:[],&quot;failures&quot;:[&quot;f8c18137-7745-44ce-bf87-debf089bd959&quot;],&quot;pending&quot;:[],&quot;skipped&quot;:[],&quot;duration&quot;:34612,&quot;root&quot;:false,&quot;rootEmpty&quot;:false,&quot;_timeout&quot;:6000000},{&quot;uuid&quot;:&quot;41b10af8-5482-4bc5-b793-ccecde8678b8&quot;,&quot;title&quot;:&quot;Alipay Cross-border test&quot;,&quot;fullFile&quot;:&quot;/home/travis/shopware/custom/plugins/WirecardElasticEngine/Tests/Selenium/Payments/AlipayTest.js&quot;,&quot;file&quot;:&quot;/Tests/Selenium/Payments/AlipayTest.js&quot;,&quot;beforeHooks&quot;:[{&quot;title&quot;:&quot;\&quot;before all\&quot; hook&quot;,&quot;fullTitle&quot;:&quot;Alipay Cross-border test \&quot;before all\&quot; hook&quot;,&quot;timedOut&quot;:false,&quot;duration&quot;:8311,&quot;pass&quot;:false,&quot;fail&quot;:false,&quot;pending&quot;:false,&quot;code&quot;:&quot;driver = await getDriver(&#x27;alipay&#x27;);&quot;,&quot;err&quot;:{},&quot;uuid&quot;:&quot;567ab066-ccf2-47c6-9045-2f58e6c84207&quot;,&quot;parentUUID&quot;:&quot;41b10af8-5482-4bc5-b793-ccecde8678b8&quot;,&quot;isHook&quot;:true,&quot;skipped&quot;:false}],&quot;afterHooks&quot;:[{&quot;title&quot;:&quot;\&quot;after all\&quot; hook&quot;,&quot;fullTitle&quot;:&quot;Alipay Cross-border test \&quot;after all\&quot; hook&quot;,&quot;timedOut&quot;:false,&quot;duration&quot;:1696,&quot;pass&quot;:false,&quot;fail&quot;:false,&quot;pending&quot;:false,&quot;code&quot;:&quot;driver.quit()&quot;,&quot;err&quot;:{},&quot;uuid&quot;:&quot;4e8fd49c-92cb-4eec-b713-7820911ac911&quot;,&quot;parentUUID&quot;:&quot;41b10af8-5482-4bc5-b793-ccecde8678b8&quot;,&quot;isHook&quot;:true,&quot;skipped&quot;:false}],&quot;tests&quot;:[{&quot;title&quot;:&quot;should check the alipay crossborder payment process&quot;,&quot;fullTitle&quot;:&quot;Alipay Cross-border test should check the alipay crossborder payment process&quot;,&quot;timedOut&quot;:false,&quot;duration&quot;:34911,&quot;state&quot;:&quot;passed&quot;,&quot;speed&quot;:&quot;slow&quot;,&quot;pass&quot;:true,&quot;fail&quot;:false,&quot;pending&quot;:false,&quot;code&quot;:&quot;await loginWithExampleAccount(driver);\nawait addProductToCartAndGotoCheckout(driver, &#x27;/genusswelten/tees-und-zubeh/tee-zubehoer/24/glas-teekaennchen&#x27;);\nawait selectPaymentMethod(driver, paymentLabel);\n// Confirm order\nconsole.log(&#x27;click button confirm--form&#x27;);\nawait driver.findElement(By.xpath(&#x27;//button[@form=\&quot;confirm--form\&quot;]&#x27;)).click();\nconsole.log(&#x27;wait for .payAmount-area&#x27;);\nawait driver.wait(until.elementLocated(By.css(&#x27;.payAmount-area&#x27;)), 20000);\nconst paymentContent = await driver.findElement(By.css(&#x27;.payAmount-area&#x27;)).getText();\nexpect(paymentContent).to.include(&#x27;70.99 EUR&#x27;);\n// We cannot perform the full payment process because of a captcha at Alipay login page\n/*\nawait driver.wait(until.elementLocated(By.css(&#x27;.mi-input-account&#x27;)), 20000);\nawait driver.findElement(By.css(&#x27;.mi-input-account&#x27;)).sendKeys(formFields.email);\nawait driver.findElement(By.id(&#x27;payPasswd_rsainput&#x27;)).sendKeys(formFields.password);\nconsole.log(&#x27;wait for .sixDigitPassword&#x27;);\nawait driver.wait(until.elementLocated(By.css(&#x27;.sixDigitPassword&#x27;)), 15000);\nawait driver.findElement(By.css(&#x27;.sixDigitPassword i&#x27;)).sendKeys(formFields.paymentPasswordDigit);\nawait driver.findElement(By.id(&#x27;J_authSubmit&#x27;)).click();\nawait waitForAlert(driver, 20000);\nawait checkConfirmationPage(driver, paymentLabel);\n*/&quot;,&quot;err&quot;:{},&quot;uuid&quot;:&quot;2d1b3b19-fdc3-4ffb-9a4c-cb0e708fc2aa&quot;,&quot;parentUUID&quot;:&quot;41b10af8-5482-4bc5-b793-ccecde8678b8&quot;,&quot;isHook&quot;:false,&quot;skipped&quot;:false}],&quot;suites&quot;:[],&quot;passes&quot;:[&quot;2d1b3b19-fdc3-4ffb-9a4c-cb0e708fc2aa&quot;],&quot;failures&quot;:[],&quot;pending&quot;:[],&quot;skipped&quot;:[],&quot;duration&quot;:34911,&quot;root&quot;:false,&quot;rootEmpty&quot;:false,&quot;_timeout&quot;:6000000},{&quot;uuid&quot;:&quot;9947fcb1-4f9f-48ff-a171-080b04e46223&quot;,&quot;title&quot;:&quot;PayPal test&quot;,&quot;fullFile&quot;:&quot;/home/travis/shopware/custom/plugins/WirecardElasticEngine/Tests/Selenium/Payments/PaypalTest.js&quot;,&quot;file&quot;:&quot;/Tests/Selenium/Payments/PaypalTest.js&quot;,&quot;beforeHooks&quot;:[{&quot;title&quot;:&quot;\&quot;before all\&quot; hook&quot;,&quot;fullTitle&quot;:&quot;PayPal test \&quot;before all\&quot; hook&quot;,&quot;timedOut&quot;:false,&quot;duration&quot;:5740,&quot;pass&quot;:false,&quot;fail&quot;:false,&quot;pending&quot;:false,&quot;code&quot;:&quot;driver = await getDriver(&#x27;paypal&#x27;);&quot;,&quot;err&quot;:{},&quot;uuid&quot;:&quot;1c86a3fd-fa19-47a0-a912-7f311d86654e&quot;,&quot;parentUUID&quot;:&quot;9947fcb1-4f9f-48ff-a171-080b04e46223&quot;,&quot;isHook&quot;:true,&quot;skipped&quot;:false}],&quot;afterHooks&quot;:[{&quot;title&quot;:&quot;\&quot;after all\&quot; hook&quot;,&quot;fullTitle&quot;:&quot;PayPal test \&quot;after all\&quot; hook&quot;,&quot;timedOut&quot;:false,&quot;duration&quot;:2186,&quot;pass&quot;:false,&quot;fail&quot;:false,&quot;pending&quot;:false,&quot;code&quot;:&quot;driver.quit()&quot;,&quot;err&quot;:{},&quot;uuid&quot;:&quot;8f9e0a6f-8f6f-43a4-b5e9-c2a43954395a&quot;,&quot;parentUUID&quot;:&quot;9947fcb1-4f9f-48ff-a171-080b04e46223&quot;,&quot;isHook&quot;:true,&quot;skipped&quot;:false}],&quot;tests&quot;:[{&quot;title&quot;:&quot;should check the paypal payment process&quot;,&quot;fullTitle&quot;:&quot;PayPal test should check the paypal payment process&quot;,&quot;timedOut&quot;:false,&quot;duration&quot;:73061,&quot;state&quot;:&quot;failed&quot;,&quot;pass&quot;:false,&quot;fail&quot;:true,&quot;pending&quot;:false,&quot;code&quot;:&quot;await loginWithExampleAccount(driver);\nawait addProductToCartAndGotoCheckout(driver, &#x27;/genusswelten/tees-und-zubeh/tee-zubehoer/24/glas-teekaennchen&#x27;);\nawait selectPaymentMethod(driver, paymentLabel);\n// Confirm order\nconsole.log(&#x27;click button confirm--form&#x27;);\nawait driver.findElement(By.xpath(&#x27;//button[@form=\&quot;confirm--form\&quot;]&#x27;)).click();\ntry {\n    console.log(&#x27;wait for #email&#x27;);\n    await driver.wait(until.elementLocated(By.id(&#x27;email&#x27;)), 10000);\n    await driver.findElement(By.id(&#x27;email&#x27;)).sendKeys(formFields.email);\n    console.log(&#x27;wait for #password&#x27;);\n    await driver.wait(until.elementLocated(By.id(&#x27;password&#x27;)), 10000);\n    await driver.findElement(By.id(&#x27;password&#x27;)).sendKeys(formFields.password, Key.ENTER);\n    console.log(&#x27;wait for #confirmButtonTop&#x27;);\n    await driver.wait(until.elementLocated(By.id(&#x27;confirmButtonTop&#x27;)));\n    console.log(&#x27;#confirmButtonTop located&#x27;);\n    await driver.findElement(By.id(&#x27;confirmButtonTop&#x27;)).click();\n    console.log(&#x27;#confirmButtonTop clicked&#x27;);\n    await waitForAlert(driver, 25000);\n    await checkConfirmationPage(driver, paymentLabel);\n} catch (e) {\n    console.log(&#x27;wait for #btnNext&#x27;);\n    await driver.wait(until.elementLocated(By.id(&#x27;btnNext&#x27;)), 10000);\n    console.log(&#x27;wait for #email&#x27;);\n    await driver.wait(until.elementLocated(By.id(&#x27;email&#x27;)), 10000);\n    await driver.findElement(By.id(&#x27;email&#x27;)).sendKeys(Key.ENTER);\n    await waitUntilOverlayIsNotVisible(driver, By.className(&#x27;spinnerWithLockIcon&#x27;));\n    console.log(&#x27;wait for #btnLogin&#x27;);\n    await driver.wait(until.elementLocated(By.id(&#x27;btnLogin&#x27;)), 25000);\n    console.log(&#x27;wait for #password&#x27;);\n    await driver.wait(until.elementLocated(By.id(&#x27;password&#x27;)), 10000);\n    await driver.findElement(By.id(&#x27;password&#x27;)).sendKeys(formFields.password, Key.ENTER);\n    await waitUntilOverlayIsNotVisible(driver, By.id(&#x27;preloaderSpinner&#x27;));\n    console.log(&#x27;wait for #confirmButtonTop&#x27;);\n    await driver.wait(until.elementLocated(By.id(&#x27;confirmButtonTop&#x27;)), 25000);\n    await waitUntilOverlayIsNotVisible(driver, By.id(&#x27;preloaderSpinner&#x27;));\n    console.log(&#x27;click #confirmButtonTop&#x27;);\n    await driver.wait(driver.findElement(By.id(&#x27;confirmButtonTop&#x27;)).click(), 10000);\n    await waitForAlert(driver, 25000);\n    await checkConfirmationPage(driver, paymentLabel);\n}&quot;,&quot;err&quot;:{&quot;message&quot;:&quot;AssertionError: expected &#x27;Bestellnummer: 20010\\nTransaktionsnummer: a9025138-509d-45b0-ae31-15f8b4fb2ee2\\nGewählte Zahlungsart: Wirecard PayPal\\nVersandart: Versandkosten nach Gewicht&#x27; to include &#x27;FAIL&#x27;&quot;,&quot;estack&quot;:&quot;AssertionError: expected &#x27;Bestellnummer: 20010\\nTransaktionsnummer: a9025138-509d-45b0-ae31-15f8b4fb2ee2\\nGewählte Zahlungsart: Wirecard PayPal\\nVersandart: Versandkosten nach Gewicht&#x27; to include &#x27;FAIL&#x27;\n    at exports.checkConfirmationPage (Tests/Selenium/common.js:93:31)\n    at &lt;anonymous&gt;\n    at process._tickCallback (internal/process/next_tick.js:188:7)&quot;},&quot;uuid&quot;:&quot;b2aae8a4-64f9-4047-9656-dd80c304a90a&quot;,&quot;parentUUID&quot;:&quot;9947fcb1-4f9f-48ff-a171-080b04e46223&quot;,&quot;isHook&quot;:false,&quot;skipped&quot;:false}],&quot;suites&quot;:[],&quot;passes&quot;:[],&quot;failures&quot;:[&quot;b2aae8a4-64f9-4047-9656-dd80c304a90a&quot;],&quot;pending&quot;:[],&quot;skipped&quot;:[],&quot;duration&quot;:73061,&quot;root&quot;:false,&quot;rootEmpty&quot;:false,&quot;_timeout&quot;:6000000},{&quot;uuid&quot;:&quot;30df7b78-ddfc-48ab-956c-fc2c0816d05d&quot;,&quot;title&quot;:&quot;iDEAL test&quot;,&quot;fullFile&quot;:&quot;/home/travis/shopware/custom/plugins/WirecardElasticEngine/Tests/Selenium/Payments/IdealTest.js&quot;,&quot;file&quot;:&quot;/Tests/Selenium/Payments/IdealTest.js&quot;,&quot;beforeHooks&quot;:[{&quot;title&quot;:&quot;\&quot;before all\&quot; hook&quot;,&quot;fullTitle&quot;:&quot;iDEAL test \&quot;before all\&quot; hook&quot;,&quot;timedOut&quot;:false,&quot;duration&quot;:6184,&quot;pass&quot;:false,&quot;fail&quot;:false,&quot;pending&quot;:false,&quot;code&quot;:&quot;driver = await getDriver(&#x27;ideal&#x27;);&quot;,&quot;err&quot;:{},&quot;uuid&quot;:&quot;0d1eb031-afe4-4431-9918-305f21787af0&quot;,&quot;parentUUID&quot;:&quot;30df7b78-ddfc-48ab-956c-fc2c0816d05d&quot;,&quot;isHook&quot;:true,&quot;skipped&quot;:false}],&quot;afterHooks&quot;:[{&quot;title&quot;:&quot;\&quot;after all\&quot; hook&quot;,&quot;fullTitle&quot;:&quot;iDEAL test \&quot;after all\&quot; hook&quot;,&quot;timedOut&quot;:false,&quot;duration&quot;:1601,&quot;pass&quot;:false,&quot;fail&quot;:false,&quot;pending&quot;:false,&quot;code&quot;:&quot;driver.quit()&quot;,&quot;err&quot;:{},&quot;uuid&quot;:&quot;c2e4bd93-d0ce-4a38-9b4c-a74096526506&quot;,&quot;parentUUID&quot;:&quot;30df7b78-ddfc-48ab-956c-fc2c0816d05d&quot;,&quot;isHook&quot;:true,&quot;skipped&quot;:false}],&quot;tests&quot;:[{&quot;title&quot;:&quot;should check the ideal payment process&quot;,&quot;fullTitle&quot;:&quot;iDEAL test should check the ideal payment process&quot;,&quot;timedOut&quot;:false,&quot;duration&quot;:31237,&quot;state&quot;:&quot;failed&quot;,&quot;pass&quot;:false,&quot;fail&quot;:true,&quot;pending&quot;:false,&quot;code&quot;:&quot;await loginWithExampleAccount(driver);\nawait addProductToCartAndGotoCheckout(driver, &#x27;/genusswelten/tees-und-zubeh/tee-zubehoer/24/glas-teekaennchen&#x27;);\nawait selectPaymentMethod(driver, paymentLabel);\n// Select ideal bank\nconsole.log(&#x27;select &#x27; + idealBank + &#x27; option&#x27;);\nawait driver.findElement(By.css(&#x27;option[value=\\&#x27;&#x27; + idealBank + &#x27;\\&#x27;]&#x27;)).click();\n// Confirm order\nconsole.log(&#x27;click button confirm--form&#x27;);\nawait driver.findElement(By.xpath(&#x27;//button[@form=\&quot;confirm--form\&quot;]&#x27;)).click();\nconsole.log(&#x27;wait for form .btnLink&#x27;);\nawait driver.wait(until.elementLocated(By.css(&#x27;form .btnLink&#x27;)), 20000);\nawait driver.findElement(By.css(&#x27;form .btnLink&#x27;)).click();\nawait checkConfirmationPage(driver, paymentLabel);&quot;,&quot;err&quot;:{&quot;message&quot;:&quot;AssertionError: expected &#x27;Bestellnummer: 20011\\nTransaktionsnummer: 460c31c6-014e-443f-a7af-2db5c13d8b58\\nGewählte Zahlungsart: Wirecard iDEAL\\nVersandart: Versandkosten nach Gewicht&#x27; to include &#x27;FAIL&#x27;&quot;,&quot;estack&quot;:&quot;AssertionError: expected &#x27;Bestellnummer: 20011\\nTransaktionsnummer: 460c31c6-014e-443f-a7af-2db5c13d8b58\\nGewählte Zahlungsart: Wirecard iDEAL\\nVersandart: Versandkosten nach Gewicht&#x27; to include &#x27;FAIL&#x27;\n    at exports.checkConfirmationPage (Tests/Selenium/common.js:93:31)\n    at &lt;anonymous&gt;\n    at process._tickCallback (internal/process/next_tick.js:188:7)&quot;},&quot;uuid&quot;:&quot;0706f715-d545-40a7-ae62-edd3d72ee967&quot;,&quot;parentUUID&quot;:&quot;30df7b78-ddfc-48ab-956c-fc2c0816d05d&quot;,&quot;isHook&quot;:false,&quot;skipped&quot;:false}],&quot;suites&quot;:[],&quot;passes&quot;:[],&quot;failures&quot;:[&quot;0706f715-d545-40a7-ae62-edd3d72ee967&quot;],&quot;pending&quot;:[],&quot;skipped&quot;:[],&quot;duration&quot;:31237,&quot;root&quot;:false,&quot;rootEmpty&quot;:false,&quot;_timeout&quot;:6000000},{&quot;uuid&quot;:&quot;194ddca7-b7e8-45bd-ad14-5214add85eff&quot;,&quot;title&quot;:&quot;Guaranteed Invoice by Wirecard test&quot;,&quot;fullFile&quot;:&quot;/home/travis/shopware/custom/plugins/WirecardElasticEngine/Tests/Selenium/Payments/RatepayTest.js&quot;,&quot;file&quot;:&quot;/Tests/Selenium/Payments/RatepayTest.js&quot;,&quot;beforeHooks&quot;:[{&quot;title&quot;:&quot;\&quot;before all\&quot; hook&quot;,&quot;fullTitle&quot;:&quot;Guaranteed Invoice by Wirecard test \&quot;before all\&quot; hook&quot;,&quot;timedOut&quot;:false,&quot;duration&quot;:6191,&quot;pass&quot;:false,&quot;fail&quot;:false,&quot;pending&quot;:false,&quot;code&quot;:&quot;driver = await getDriver(&#x27;ratepay&#x27;);&quot;,&quot;err&quot;:{},&quot;uuid&quot;:&quot;1abad002-0849-4b12-a116-70eb3a9fc10c&quot;,&quot;parentUUID&quot;:&quot;194ddca7-b7e8-45bd-ad14-5214add85eff&quot;,&quot;isHook&quot;:true,&quot;skipped&quot;:false}],&quot;afterHooks&quot;:[{&quot;title&quot;:&quot;\&quot;after all\&quot; hook&quot;,&quot;fullTitle&quot;:&quot;Guaranteed Invoice by Wirecard test \&quot;after all\&quot; hook&quot;,&quot;timedOut&quot;:false,&quot;duration&quot;:1497,&quot;pass&quot;:false,&quot;fail&quot;:false,&quot;pending&quot;:false,&quot;code&quot;:&quot;driver.quit()&quot;,&quot;err&quot;:{},&quot;uuid&quot;:&quot;629342a7-58d3-4711-b6d0-1176fa20d6c8&quot;,&quot;parentUUID&quot;:&quot;194ddca7-b7e8-45bd-ad14-5214add85eff&quot;,&quot;isHook&quot;:true,&quot;skipped&quot;:false}],&quot;tests&quot;:[{&quot;title&quot;:&quot;should check the ratepay invoice process&quot;,&quot;fullTitle&quot;:&quot;Guaranteed Invoice by Wirecard test should check the ratepay invoice process&quot;,&quot;timedOut&quot;:false,&quot;duration&quot;:29742,&quot;state&quot;:&quot;failed&quot;,&quot;pass&quot;:false,&quot;fail&quot;:true,&quot;pending&quot;:false,&quot;code&quot;:&quot;await loginWithExampleAccount(driver);\nawait addProductToCartAndGotoCheckout(driver, &#x27;/genusswelten/tees-und-zubeh/tee-zubehoer/24/glas-teekaennchen&#x27;);\nconsole.log(&#x27;change shipping address&#x27;);\nawait driver.findElement(By.css(&#x27;.information--panel-item-shipping a[data-address-selection=\&quot;true\&quot;]&#x27;)).click();\nawait waitUntilOverlayIsStale(driver, By.className(&#x27;js--overlay&#x27;));\nconsole.log(&#x27;wait for .address-manager--selection-form&#x27;);\nawait driver.wait(until.elementLocated(By.css(&#x27;.address-manager--selection-form&#x27;)));\nawait driver.findElement(By.css(&#x27;.address-manager--selection-form button&#x27;)).click();\nconsole.log(&#x27;wait for .choose-different-address&#x27;);\nawait driver.wait(until.elementLocated(By.className(&#x27;choose-different-address&#x27;)));\nawait selectPaymentMethod(driver, paymentLabel);\n// Select birthday\nconsole.log(&#x27;select birthday 1/1/2000 option&#x27;);\nawait driver.findElement(By.css(&#x27;.wirecardee--birthday-year option[value=\\&#x27;2000\\&#x27;]&#x27;)).click();\nconsole.log(&#x27;confirm terms&#x27;);\nawait driver.findElement(By.id(&#x27;wirecardee--tac&#x27;)).click();\n// Confirm order\nconsole.log(&#x27;click button confirm--form&#x27;);\nawait driver.findElement(By.xpath(&#x27;//button[@form=\&quot;confirm--form\&quot;]&#x27;)).click();\nawait checkConfirmationPage(driver, paymentLabel);&quot;,&quot;err&quot;:{&quot;message&quot;:&quot;AssertionError: expected &#x27;Bestellnummer: 20012\\nTransaktionsnummer: 13638eb6-63f2-4a67-8fc0-6a66c0ef94e5\\nGewählte Zahlungsart: Wirecard Garantierter Kauf auf Rechnung\\nVersandart: Versandkosten nach Gewicht&#x27; to include &#x27;FAIL&#x27;&quot;,&quot;estack&quot;:&quot;AssertionError: expected &#x27;Bestellnummer: 20012\\nTransaktionsnummer: 13638eb6-63f2-4a67-8fc0-6a66c0ef94e5\\nGewählte Zahlungsart: Wirecard Garantierter Kauf auf Rechnung\\nVersandart: Versandkosten nach Gewicht&#x27; to include &#x27;FAIL&#x27;\n    at exports.checkConfirmationPage (Tests/Selenium/common.js:93:31)\n    at &lt;anonymous&gt;\n    at process._tickCallback (internal/process/next_tick.js:188:7)&quot;},&quot;uuid&quot;:&quot;0c7a35db-ff99-4617-aa25-7b3b521cd0a6&quot;,&quot;parentUUID&quot;:&quot;194ddca7-b7e8-45bd-ad14-5214add85eff&quot;,&quot;isHook&quot;:false,&quot;skipped&quot;:false}],&quot;suites&quot;:[],&quot;passes&quot;:[],&quot;failures&quot;:[&quot;0c7a35db-ff99-4617-aa25-7b3b521cd0a6&quot;],&quot;pending&quot;:[],&quot;skipped&quot;:[],&quot;duration&quot;:29742,&quot;root&quot;:false,&quot;rootEmpty&quot;:false,&quot;_timeout&quot;:6000000},{&quot;uuid&quot;:&quot;b3dfefdc-b6c0-4508-ad15-5715a4fac501&quot;,&quot;title&quot;:&quot;default test&quot;,&quot;fullFile&quot;:&quot;/home/travis/shopware/custom/plugins/WirecardElasticEngine/Tests/Selenium/Payments/DefaultTest.js&quot;,&quot;file&quot;:&quot;/Tests/Selenium/Payments/DefaultTest.js&quot;,&quot;beforeHooks&quot;:[{&quot;title&quot;:&quot;\&quot;before all\&quot; hook&quot;,&quot;fullTitle&quot;:&quot;default test \&quot;before all\&quot; hook&quot;,&quot;timedOut&quot;:false,&quot;duration&quot;:5875,&quot;pass&quot;:false,&quot;fail&quot;:false,&quot;pending&quot;:false,&quot;code&quot;:&quot;driver = await getDriver(&#x27;default&#x27;);&quot;,&quot;err&quot;:{},&quot;uuid&quot;:&quot;199c1079-4d6e-41d2-b11b-8cfadfec9907&quot;,&quot;parentUUID&quot;:&quot;b3dfefdc-b6c0-4508-ad15-5715a4fac501&quot;,&quot;isHook&quot;:true,&quot;skipped&quot;:false}],&quot;afterHooks&quot;:[{&quot;title&quot;:&quot;\&quot;after all\&quot; hook&quot;,&quot;fullTitle&quot;:&quot;default test \&quot;after all\&quot; hook&quot;,&quot;timedOut&quot;:false,&quot;duration&quot;:1860,&quot;pass&quot;:false,&quot;fail&quot;:false,&quot;pending&quot;:false,&quot;code&quot;:&quot;driver.quit()&quot;,&quot;err&quot;:{},&quot;uuid&quot;:&quot;8bbb6685-6c28-4f20-9e4a-78b963c2cbdd&quot;,&quot;parentUUID&quot;:&quot;b3dfefdc-b6c0-4508-ad15-5715a4fac501&quot;,&quot;isHook&quot;:true,&quot;skipped&quot;:false}],&quot;tests&quot;:[{&quot;title&quot;:&quot;should check the default checkout&quot;,&quot;fullTitle&quot;:&quot;default test should check the default checkout&quot;,&quot;timedOut&quot;:false,&quot;duration&quot;:18516,&quot;state&quot;:&quot;failed&quot;,&quot;pass&quot;:false,&quot;fail&quot;:true,&quot;pending&quot;:false,&quot;code&quot;:&quot;await loginWithExampleAccount(driver);\nawait addProductToCartAndGotoCheckout(driver, &#x27;/genusswelten/tees-und-zubeh/tee-zubehoer/24/glas-teekaennchen&#x27;);\n// Go to payment selection page select \&quot;prepayment\&quot;\nawait driver.findElement(By.className(&#x27;btn--change-payment&#x27;)).click();\n// Check if all wirecard payments are present\nawait asyncForEach(wirecardPaymentLabels, async paymentLabel =&gt; {\n    await driver.findElement(By.xpath(\&quot;//*[contains(text(), &#x27;\&quot; + paymentLabel + \&quot;&#x27;)]\&quot;));\n});\nawait driver.findElement(By.xpath(\&quot;//*[contains(text(), &#x27;Vorkasse&#x27;)]\&quot;)).click();\n// Go back to checkout page and test if payment method has been selected\nawait waitUntilOverlayIsStale(driver, By.className(&#x27;js--overlay&#x27;));\nawait driver.findElement(By.className(&#x27;main--actions&#x27;)).click();\n// Check AGB and confirm order\nawait driver.findElement(By.id(&#x27;sAGB&#x27;)).click();\nconsole.log(&#x27;click button confirm--form&#x27;);\nawait driver.findElement(By.xpath(&#x27;//button[@form=\&quot;confirm--form\&quot;]&#x27;)).click();\nawait checkConfirmationPage(driver, &#x27;Vorkasse&#x27;);&quot;,&quot;err&quot;:{&quot;message&quot;:&quot;AssertionError: expected &#x27;Bestellnummer: 20013\\nGewählte Zahlungsart: Vorkasse\\nVersandart: Standard Versand&#x27; to include &#x27;FAIL&#x27;&quot;,&quot;estack&quot;:&quot;AssertionError: expected &#x27;Bestellnummer: 20013\\nGewählte Zahlungsart: Vorkasse\\nVersandart: Standard Versand&#x27; to include &#x27;FAIL&#x27;\n    at exports.checkConfirmationPage (Tests/Selenium/common.js:93:31)\n    at &lt;anonymous&gt;\n    at process._tickCallback (internal/process/next_tick.js:188:7)&quot;},&quot;uuid&quot;:&quot;723c2030-74e1-448d-b2b0-3622e79fa24b&quot;,&quot;parentUUID&quot;:&quot;b3dfefdc-b6c0-4508-ad15-5715a4fac501&quot;,&quot;isHook&quot;:false,&quot;skipped&quot;:false}],&quot;suites&quot;:[],&quot;passes&quot;:[],&quot;failures&quot;:[&quot;723c2030-74e1-448d-b2b0-3622e79fa24b&quot;],&quot;pending&quot;:[],&quot;skipped&quot;:[],&quot;duration&quot;:18516,&quot;root&quot;:false,&quot;rootEmpty&quot;:false,&quot;_timeout&quot;:6000000},{&quot;uuid&quot;:&quot;26d59100-6fc9-4170-bc69-8ad39e01299a&quot;,&quot;title&quot;:&quot;Credit Card 3-D Secure test&quot;,&quot;fullFile&quot;:&quot;/home/travis/shopware/custom/plugins/WirecardElasticEngine/Tests/Selenium/Payments/CreditCardThreeDTest.js&quot;,&quot;file&quot;:&quot;/Tests/Selenium/Payments/CreditCardThreeDTest.js&quot;,&quot;beforeHooks&quot;:[{&quot;title&quot;:&quot;\&quot;before all\&quot; hook&quot;,&quot;fullTitle&quot;:&quot;Credit Card 3-D Secure test \&quot;before all\&quot; hook&quot;,&quot;timedOut&quot;:false,&quot;duration&quot;:6049,&quot;pass&quot;:false,&quot;fail&quot;:false,&quot;pending&quot;:false,&quot;code&quot;:&quot;driver = await getDriver(&#x27;credit card 3ds&#x27;);&quot;,&quot;err&quot;:{},&quot;uuid&quot;:&quot;f103d748-0040-44aa-baea-28fe6a396ecc&quot;,&quot;parentUUID&quot;:&quot;26d59100-6fc9-4170-bc69-8ad39e01299a&quot;,&quot;isHook&quot;:true,&quot;skipped&quot;:false}],&quot;afterHooks&quot;:[{&quot;title&quot;:&quot;\&quot;after all\&quot; hook&quot;,&quot;fullTitle&quot;:&quot;Credit Card 3-D Secure test \&quot;after all\&quot; hook&quot;,&quot;timedOut&quot;:false,&quot;duration&quot;:2060,&quot;pass&quot;:false,&quot;fail&quot;:false,&quot;pending&quot;:false,&quot;code&quot;:&quot;driver.quit()&quot;,&quot;err&quot;:{},&quot;uuid&quot;:&quot;d98035ad-ed0c-4e6d-b1e8-eb07ecf3ec66&quot;,&quot;parentUUID&quot;:&quot;26d59100-6fc9-4170-bc69-8ad39e01299a&quot;,&quot;isHook&quot;:true,&quot;skipped&quot;:false}],&quot;tests&quot;:[{&quot;title&quot;:&quot;should check the credit card 3ds payment process&quot;,&quot;fullTitle&quot;:&quot;Credit Card 3-D Secure test should check the credit card 3ds payment process&quot;,&quot;timedOut&quot;:false,&quot;duration&quot;:52560,&quot;state&quot;:&quot;failed&quot;,&quot;pass&quot;:false,&quot;fail&quot;:true,&quot;pending&quot;:false,&quot;code&quot;:&quot;await loginWithExampleAccount(driver);\nawait addProductToCartAndGotoCheckout(driver, &#x27;/wohnwelten/moebel/68/kommode-shabby-chic&#x27;);\nawait selectPaymentMethod(driver, paymentLabel);\ntry {\n    // Do not use saved card\n    console.log(&#x27;click #wirecardee--token-no-card&#x27;);\n    await driver.findElement(By.id(&#x27;wirecardee--token-no-card&#x27;)).click();\n    // Confirm order\n    console.log(&#x27;click button confirm--form&#x27;);\n    await driver.findElement(By.xpath(&#x27;//button[@form=\&quot;confirm--form\&quot;]&#x27;)).click();\n    // Fill out credit card iframe\n    console.log(&#x27;wait for .wirecard-seamless-frame&#x27;);\n    await driver.wait(until.elementLocated(By.className(&#x27;wirecard-seamless-frame&#x27;)), 20000);\n    console.log(&#x27;wait for switch to iframe .wirecard-seamless-frame&#x27;);\n    await driver.wait(until.ableToSwitchToFrame(By.className(&#x27;wirecard-seamless-frame&#x27;)));\n    console.log(&#x27;wait for #account_number&#x27;);\n    await driver.wait(until.elementLocated(By.id(&#x27;account_number&#x27;)), 20000);\n    await asyncForEach(Object.keys(formFields), async field =&gt; {\n        await driver.findElement(By.id(field)).sendKeys(formFields[field]);\n    });\n    await driver.findElement(By.css(&#x27;#expiration_month_list &gt; option[value=\\&#x27;01\\&#x27;]&#x27;)).click();\n    await driver.findElement(By.css(&#x27;#expiration_year_list &gt; option[value=\\&#x27;2023\\&#x27;]&#x27;)).click();\n    // Switch back from iframe and click Send button\n    console.log(&#x27;switch back from iframe to default content&#x27;);\n    await driver.switchTo().defaultContent();\n    console.log(&#x27;wait for #wirecardee-credit-card--form-submit&#x27;);\n    await driver.wait(until.elementLocated(By.id(&#x27;wirecardee-credit-card--form-submit&#x27;)), 10000);\n    console.log(&#x27;click #wirecardee-credit-card--form-submit&#x27;);\n    await driver.findElement(By.id(&#x27;wirecardee-credit-card--form-submit&#x27;)).click();\n    console.log(&#x27;wait for #password&#x27;);\n    await driver.wait(until.elementLocated(By.id(&#x27;password&#x27;)), 20000);\n    await driver.findElement(By.id(&#x27;password&#x27;)).sendKeys(config.payments.creditCardThreeD.password, Key.ENTER);\n    await waitForAlert(driver, 20000);\n    await checkConfirmationPage(driver, paymentLabel);\n} catch (e) {\n    // Confirm order\n    console.log(&#x27;click button confirm--form&#x27;);\n    await driver.findElement(By.xpath(&#x27;//button[@form=\&quot;confirm--form\&quot;]&#x27;)).click();\n    // Fill out credit card iframe\n    console.log(&#x27;wait for .wirecard-seamless-frame&#x27;);\n    await driver.wait(until.elementLocated(By.className(&#x27;wirecard-seamless-frame&#x27;)), 20000);\n    console.log(&#x27;wait for switch to iframe .wirecard-seamless-frame&#x27;);\n    await driver.wait(until.ableToSwitchToFrame(By.className(&#x27;wirecard-seamless-frame&#x27;)));\n    console.log(&#x27;wait for #account_number&#x27;);\n    await driver.wait(until.elementLocated(By.id(&#x27;account_number&#x27;)), 20000);\n    await asyncForEach(Object.keys(formFields), async field =&gt; {\n        await driver.findElement(By.id(field)).sendKeys(formFields[field]);\n    });\n    await driver.findElement(By.css(&#x27;#expiration_month_list &gt; option[value=\\&#x27;01\\&#x27;]&#x27;)).click();\n    await driver.findElement(By.css(&#x27;#expiration_year_list &gt; option[value=\\&#x27;2023\\&#x27;]&#x27;)).click();\n    // Switch back from iframe and click Send button\n    console.log(&#x27;switch back from iframe to default content&#x27;);\n    await driver.switchTo().defaultContent();\n    console.log(&#x27;wait for #wirecardee-credit-card--form-submit&#x27;);\n    await driver.wait(until.elementLocated(By.id(&#x27;wirecardee-credit-card--form-submit&#x27;)), 10000);\n    console.log(&#x27;click #wirecardee-credit-card--form-submit&#x27;);\n    await driver.findElement(By.id(&#x27;wirecardee-credit-card--form-submit&#x27;)).click();\n    console.log(&#x27;wait for #password&#x27;);\n    await driver.wait(until.elementLocated(By.id(&#x27;password&#x27;)), 20000);\n    await driver.findElement(By.id(&#x27;password&#x27;)).sendKeys(config.payments.creditCardThreeD.password, Key.ENTER);\n    await waitForAlert(driver, 20000);\n    await checkConfirmationPage(driver, paymentLabel);\n}&quot;,&quot;err&quot;:{&quot;message&quot;:&quot;NoSuchElementError: no such element: Unable to locate element: {\&quot;method\&quot;:\&quot;xpath\&quot;,\&quot;selector\&quot;:\&quot;//button[@form=\&quot;confirm--form\&quot;]\&quot;}\n  (Session info: chrome=72.0.3626.109)\n  (Driver info: chromedriver=2.45.615291 (ec3682e3c9061c10f26ea9e5cdcf3c53f3f74387),platform=Windows NT 10.0.15063 x86_64) (WARNING: The server did not provide any stacktrace information)\nCommand duration or timeout: 35 milliseconds\nFor documentation on this error, please visit: http://seleniumhq.org/exceptions/no_such_element.html\nBuild info: version: &#x27;2.53.0&#x27;, revision: &#x27;35ae25b&#x27;, time: &#x27;2016-03-15 17:00:58&#x27;\nSystem info: host: &#x27;207-254-10-63&#x27;, ip: &#x27;207.254.10.63&#x27;, os.name: &#x27;windows&#x27;, os.arch: &#x27;x86&#x27;, os.version: &#x27;10.0&#x27;, java.version: &#x27;1.8.0_181&#x27;\nDriver info: org.openqa.selenium.chrome.ChromeDriver\nCapabilities [{mobileEmulationEnabled=false, timeouts={implicit=0, pageLoad=300000, script=30000}, hasTouchScreen=false, platform=XP, acceptSslCerts=false, goog:chromeOptions={debuggerAddress=localhost:2688}, acceptInsecureCerts=false, webStorageEnabled=true, browserName=chrome, takesScreenshot=true, javascriptEnabled=true, setWindowRect=true, unexpectedAlertBehaviour=ignore, applicationCacheEnabled=false, rotatable=false, networkConnectionEnabled=false, chrome={chromedriverVersion=2.45.615291 (ec3682e3c9061c10f26ea9e5cdcf3c53f3f74387), userDataDir=C:\\Windows\\proxy\\scoped_dir1628_8918}, takesHeapSnapshot=true, pageLoadStrategy=normal, strictFileInteractability=false, databaseEnabled=false, handlesAlerts=true, version=72.0.3626.109, browserConnectionEnabled=false, proxy={}, nativeEvents=true, locationContextEnabled=true, cssSelectorsEnabled=true}]\nSession ID: 07a84f726febb5fa48bbd2d1f75f4e83\n*** Element info: {Using=xpath, value=//button[@form=\&quot;confirm--form\&quot;]}&quot;,&quot;estack&quot;:&quot;NoSuchElementError: no such element: Unable to locate element: {\&quot;method\&quot;:\&quot;xpath\&quot;,\&quot;selector\&quot;:\&quot;//button[@form=\&quot;confirm--form\&quot;]\&quot;}\n  (Session info: chrome=72.0.3626.109)\n  (Driver info: chromedriver=2.45.615291 (ec3682e3c9061c10f26ea9e5cdcf3c53f3f74387),platform=Windows NT 10.0.15063 x86_64) (WARNING: The server did not provide any stacktrace information)\nCommand duration or timeout: 35 milliseconds\nFor documentation on this error, please visit: http://seleniumhq.org/exceptions/no_such_element.html\nBuild info: version: &#x27;2.53.0&#x27;, revision: &#x27;35ae25b&#x27;, time: &#x27;2016-03-15 17:00:58&#x27;\nSystem info: host: &#x27;207-254-10-63&#x27;, ip: &#x27;207.254.10.63&#x27;, os.name: &#x27;windows&#x27;, os.arch: &#x27;x86&#x27;, os.version: &#x27;10.0&#x27;, java.version: &#x27;1.8.0_181&#x27;\nDriver info: org.openqa.selenium.chrome.ChromeDriver\nCapabilities [{mobileEmulationEnabled=false, timeouts={implicit=0, pageLoad=300000, script=30000}, hasTouchScreen=false, platform=XP, acceptSslCerts=false, goog:chromeOptions={debuggerAddress=localhost:2688}, acceptInsecureCerts=false, webStorageEnabled=true, browserName=chrome, takesScreenshot=true, javascriptEnabled=true, setWindowRect=true, unexpectedAlertBehaviour=ignore, applicationCacheEnabled=false, rotatable=false, networkConnectionEnabled=false, chrome={chromedriverVersion=2.45.615291 (ec3682e3c9061c10f26ea9e5cdcf3c53f3f74387), userDataDir=C:\\Windows\\proxy\\scoped_dir1628_8918}, takesHeapSnapshot=true, pageLoadStrategy=normal, strictFileInteractability=false, databaseEnabled=false, handlesAlerts=true, version=72.0.3626.109, browserConnectionEnabled=false, proxy={}, nativeEvents=true, locationContextEnabled=true, cssSelectorsEnabled=true}]\nSession ID: 07a84f726febb5fa48bbd2d1f75f4e83\n*** Element info: {Using=xpath, value=//button[@form=\&quot;confirm--form\&quot;]}\n    at Object.checkLegacyResponse (node_modules/selenium-webdriver/lib/error.js:585:15)\n    at parseHttpResponse (node_modules/selenium-webdriver/lib/http.js:551:13)\n    at Executor.execute (node_modules/selenium-webdriver/lib/http.js:486:26)\n    at &lt;anonymous&gt;\n    at process._tickCallback (internal/process/next_tick.js:188:7)&quot;},&quot;uuid&quot;:&quot;f32cb468-654f-4d31-88c2-927e0b34d81c&quot;,&quot;parentUUID&quot;:&quot;26d59100-6fc9-4170-bc69-8ad39e01299a&quot;,&quot;isHook&quot;:false,&quot;skipped&quot;:false}],&quot;suites&quot;:[],&quot;passes&quot;:[],&quot;failures&quot;:[&quot;f32cb468-654f-4d31-88c2-927e0b34d81c&quot;],&quot;pending&quot;:[],&quot;skipped&quot;:[],&quot;duration&quot;:52560,&quot;root&quot;:false,&quot;rootEmpty&quot;:false,&quot;_timeout&quot;:6000000}],&quot;passes&quot;:[],&quot;failures&quot;:[],&quot;pending&quot;:[],&quot;skipped&quot;:[],&quot;duration&quot;:0,&quot;root&quot;:true,&quot;rootEmpty&quot;:true,&quot;_timeout&quot;:6000000}],&quot;meta&quot;:{&quot;mocha&quot;:{&quot;version&quot;:&quot;5.2.0&quot;},&quot;mochawesome&quot;:{&quot;options&quot;:{&quot;quiet&quot;:false,&quot;reportFilename&quot;:&quot;report&quot;,&quot;saveHtml&quot;:true,&quot;saveJson&quot;:true,&quot;useInlineDiffs&quot;:false},&quot;version&quot;:&quot;4.0.1&quot;},&quot;marge&quot;:{&quot;options&quot;:{&quot;id&quot;:&quot;default&quot;,&quot;reportFilename&quot;:&quot;report&quot;},&quot;version&quot;:&quot;4.0.1&quot;}}}" data-config="{&quot;reportFilename&quot;:&quot;report&quot;,&quot;reportDir&quot;:&quot;mochawesome-report&quot;,&quot;reportTitle&quot;:&quot;WirecardElasticEngine&quot;,&quot;reportPageTitle&quot;:&quot;Mochawesome Report&quot;,&quot;inline&quot;:false,&quot;inlineAssets&quot;:false,&quot;cdn&quot;:false,&quot;charts&quot;:false,&quot;enableCharts&quot;:false,&quot;code&quot;:true,&quot;enableCode&quot;:true,&quot;autoOpen&quot;:false,&quot;overwrite&quot;:true,&quot;timestamp&quot;:false,&quot;ts&quot;:false,&quot;showPassed&quot;:true,&quot;showFailed&quot;:true,&quot;showPending&quot;:true,&quot;showSkipped&quot;:false,&quot;showHooks&quot;:&quot;failed&quot;,&quot;saveJson&quot;:true,&quot;saveHtml&quot;:true,&quot;dev&quot;:false,&quot;assetsDir&quot;:&quot;mochawesome-report/assets&quot;,&quot;jsonFile&quot;:&quot;/home/travis/shopware/custom/plugins/WirecardElasticEngine/mochawesome-report/report.json&quot;,&quot;htmlFile&quot;:&quot;/home/travis/shopware/custom/plugins/WirecardElasticEngine/mochawesome-report/report.html&quot;}"><div id="report"></div><script src="assets/app.js"></script></body></html>