<?xml version="1.0" encoding="UTF-8"?>
<testsuites>
  <testsuite name="acceptance" tests="30" assertions="140" failures="0" errors="6" time="950.313772">
    <testcase file="/home/travis/build/tatsta/paymentSDK-php/tests/acceptance/CreditCard3DSAuthorizationAndPostprocessingHappyPath.feature" name="CreditCard3DSAuthorizationAndPostprocessingHappyPath: authorization" feature="authorization" assertions="8" time="67.345712"/>
    <testcase file="/home/travis/build/tatsta/paymentSDK-php/tests/acceptance/CreditCard3DSAuthorizationAndPostprocessingHappyPath.feature" name="CreditCard3DSAuthorizationAndPostprocessingHappyPath: capture" feature="capture" assertions="6" time="42.036582"/>
    <testcase file="/home/travis/build/tatsta/paymentSDK-php/tests/acceptance/CreditCard3DSAuthorizationAndPostprocessingHappyPath.feature" name="CreditCard3DSAuthorizationAndPostprocessingHappyPath: refund" feature="refund" assertions="8" time="46.710436"/>
    <testcase file="/home/travis/build/tatsta/paymentSDK-php/tests/acceptance/CreditCard3DSAuthorizationAndPostprocessingHappyPath.feature" name="CreditCard3DSAuthorizationAndPostprocessingHappyPath: cancel" feature="cancel" assertions="6" time="37.446222"/>
    <testcase file="/home/travis/build/tatsta/paymentSDK-php/tests/acceptance/CreditCard3DSPurchaseAndPostprocessingHappyPath.feature" name="CreditCard3DSPurchaseAndPostprocessingHappyPath: purchase" feature="purchase" assertions="5" time="30.761027"/>
    <testcase file="/home/travis/build/tatsta/paymentSDK-php/tests/acceptance/CreditCard3DSPurchaseAndPostprocessingHappyPath.feature" name="CreditCard3DSPurchaseAndPostprocessingHappyPath: refundOrcancel" feature="refundOrcancel" assertions="6" time="39.153881"/>
    <testcase file="/home/travis/build/tatsta/paymentSDK-php/tests/acceptance/CreditCard3DSWppv2AuthorizationAndPostprocessingHappyPath.feature" name="CreditCard3DSWppv2AuthorizationAndPostprocessingHappyPath: authorization" feature="authorization" assertions="8" time="50.810699"/>
    <testcase file="/home/travis/build/tatsta/paymentSDK-php/tests/acceptance/CreditCard3DSWppv2AuthorizationAndPostprocessingHappyPath.feature" name="CreditCard3DSWppv2AuthorizationAndPostprocessingHappyPath: capture" feature="capture" assertions="6" time="35.679699"/>
    <testcase file="/home/travis/build/tatsta/paymentSDK-php/tests/acceptance/CreditCard3DSWppv2AuthorizationAndPostprocessingHappyPath.feature" name="CreditCard3DSWppv2AuthorizationAndPostprocessingHappyPath: refund" feature="refund" assertions="8" time="43.809914"/>
    <testcase file="/home/travis/build/tatsta/paymentSDK-php/tests/acceptance/CreditCard3DSWppv2AuthorizationAndPostprocessingHappyPath.feature" name="CreditCard3DSWppv2AuthorizationAndPostprocessingHappyPath: cancel" feature="cancel" assertions="6" time="38.077954"/>
    <testcase file="/home/travis/build/tatsta/paymentSDK-php/tests/acceptance/CreditCard3DSWppv2PurchaseHappyPath.feature" name="CreditCard3DSWppv2PurchaseHappyPath: purchase" feature="purchase" assertions="5" time="29.371163"/>
    <testcase file="/home/travis/build/tatsta/paymentSDK-php/tests/acceptance/CreditCard3DSWppv2PurchaseHappyPath.feature" name="CreditCard3DSWppv2PurchaseHappyPath: voidPurchase" feature="voidPurchase" assertions="6" time="36.892780"/>
    <testcase file="/home/travis/build/tatsta/paymentSDK-php/tests/acceptance/CreditCardNon3DSAuthorizationAndPostprocessingHappyPath.feature" name="CreditCardNon3DSAuthorizationAndPostprocessingHappyPath: authorization" feature="authorization" assertions="3" time="13.552464"/>
    <testcase file="/home/travis/build/tatsta/paymentSDK-php/tests/acceptance/CreditCardNon3DSAuthorizationAndPostprocessingHappyPath.feature" name="CreditCardNon3DSAuthorizationAndPostprocessingHappyPath: capture" feature="capture" assertions="5" time="39.130295"/>
    <testcase file="/home/travis/build/tatsta/paymentSDK-php/tests/acceptance/CreditCardNon3DSAuthorizationAndPostprocessingHappyPath.feature" name="CreditCardNon3DSAuthorizationAndPostprocessingHappyPath: refund" feature="refund" assertions="6" time="24.476556"/>
    <testcase file="/home/travis/build/tatsta/paymentSDK-php/tests/acceptance/CreditCardNon3DSAuthorizationAndPostprocessingHappyPath.feature" name="CreditCardNon3DSAuthorizationAndPostprocessingHappyPath: cancel" feature="cancel" assertions="4" time="20.941197"/>
    <testcase file="/home/travis/build/tatsta/paymentSDK-php/tests/acceptance/CreditCardNon3DSPurchaseAndPostprocessingHappyPath.feature" name="CreditCardNon3DSPurchaseAndPostprocessingHappyPath: purchase" feature="purchase" assertions="3" time="12.596198"/>
    <testcase file="/home/travis/build/tatsta/paymentSDK-php/tests/acceptance/CreditCardNon3DSPurchaseAndPostprocessingHappyPath.feature" name="CreditCardNon3DSPurchaseAndPostprocessingHappyPath: refundOrcancel" feature="refundOrcancel" assertions="4" time="19.330259"/>
    <testcase file="/home/travis/build/tatsta/paymentSDK-php/tests/acceptance/CreditCardNon3DSWppv2AuthorizationAndPostprocessingHappyPath.feature" name="CreditCardNon3DSWppv2AuthorizationAndPostprocessingHappyPath: authorization" feature="authorization" assertions="6" time="27.764422"/>
    <testcase file="/home/travis/build/tatsta/paymentSDK-php/tests/acceptance/CreditCardNon3DSWppv2AuthorizationAndPostprocessingHappyPath.feature" name="CreditCardNon3DSWppv2AuthorizationAndPostprocessingHappyPath: capture" feature="capture" assertions="5" time="16.103315"/>
    <testcase file="/home/travis/build/tatsta/paymentSDK-php/tests/acceptance/CreditCardNon3DSWppv2AuthorizationAndPostprocessingHappyPath.feature" name="CreditCardNon3DSWppv2AuthorizationAndPostprocessingHappyPath: refund" feature="refund" assertions="7" time="22.961586"/>
    <testcase file="/home/travis/build/tatsta/paymentSDK-php/tests/acceptance/CreditCardNon3DSWppv2AuthorizationAndPostprocessingHappyPath.feature" name="CreditCardNon3DSWppv2AuthorizationAndPostprocessingHappyPath: cancel" feature="cancel" assertions="5" time="18.231482"/>
    <testcase file="/home/travis/build/tatsta/paymentSDK-php/tests/acceptance/CreditCardNon3DSWppv2PurchaseHappyPath.feature" name="CreditCardNon3DSWppv2PurchaseHappyPath: purchase" feature="purchase" assertions="3" time="9.915230"/>
    <testcase file="/home/travis/build/tatsta/paymentSDK-php/tests/acceptance/CreditCardNon3DSWppv2PurchaseHappyPath.feature" name="CreditCardNon3DSWppv2PurchaseHappyPath: voidPurchase" feature="voidPurchase" assertions="5" time="16.680831"/>
    <testcase file="/home/travis/build/tatsta/paymentSDK-php/tests/acceptance/PayPalAuthorizationAndPostProcessingHappyPath.feature" name="PayPalAuthorizationAndPostProcessingHappyPath: authorization" feature="authorization" assertions="1" time="36.427697">
      <error type="Facebook\WebDriver\Exception\UnknownServerException">PayPalAuthorizationAndPostProcessingHappyPath: authorization
Facebook\WebDriver\Exception\UnknownServerException: element click intercepted: Element &lt;div id="button" class="buttons reviewButton"&gt;...&lt;/div&gt; is not clickable at point (313, 594). Other element would receive the click: &lt;div id="gdprCookieContent_wrapper" class="col-sm-12"&gt;...&lt;/div&gt;
  (Session info: chrome=80.0.3987.132)
  (Driver info: chromedriver=80.0.3987.16 (320f6526c1632ad4f205ebce69b99a062ed78647-refs/branch-heads/3987@{#185}),platform=Windows NT 6.3.9600 x86_64) (WARNING: The server did not provide any stacktrace information)
Command duration or timeout: 1.25 seconds
Build info: version: '2.53.0', revision: '35ae25b', time: '2016-03-15 17:00:58'
System info: host: '207-254-19-60', ip: '207.254.19.60', os.name: 'windows', os.arch: 'x86', os.version: '6.3', java.version: '1.8.0_181'
Driver info: org.openqa.selenium.chrome.ChromeDriver
Capabilities [{mobileEmulationEnabled=false, timeouts={implicit=0, pageLoad=300000, script=30000}, hasTouchScreen=false, platform=XP, acceptSslCerts=false, goog:chromeOptions={debuggerAddress=localhost:1687}, acceptInsecureCerts=false, webStorageEnabled=true, browserName=chrome, takesScreenshot=true, javascriptEnabled=true, setWindowRect=true, unexpectedAlertBehaviour=ignore, applicationCacheEnabled=false, rotatable=false, networkConnectionEnabled=false, chrome={chromedriverVersion=80.0.3987.16 (320f6526c1632ad4f205ebce69b99a062ed78647-refs/branch-heads/3987@{#185}), userDataDir=C:\Windows\proxy\scoped_dir1852_888066927}, takesHeapSnapshot=true, pageLoadStrategy=normal, strictFileInteractability=false, databaseEnabled=false, handlesAlerts=true, version=80.0.3987.132, browserConnectionEnabled=false, proxy={}, nativeEvents=true, locationContextEnabled=true, cssSelectorsEnabled=true}]
Session ID: d07cfe6d68028d9b41c6bda49b9d4f28

/home/travis/build/tatsta/paymentSDK-php/vendor/facebook/webdriver/lib/Exception/WebDriverException.php:114
/home/travis/build/tatsta/paymentSDK-php/vendor/facebook/webdriver/lib/Remote/HttpCommandExecutor.php:331
/home/travis/build/tatsta/paymentSDK-php/vendor/facebook/webdriver/lib/Remote/RemoteWebDriver.php:565
/home/travis/build/tatsta/paymentSDK-php/vendor/facebook/webdriver/lib/Remote/RemoteExecuteMethod.php:40
/home/travis/build/tatsta/paymentSDK-php/vendor/facebook/webdriver/lib/Remote/RemoteWebElement.php:81
/home/travis/build/tatsta/paymentSDK-php/vendor/codeception/codeception/src/Codeception/Module/WebDriver.php:997
/home/travis/build/tatsta/paymentSDK-php/vendor/codeception/codeception/src/Codeception/Step.php:265
/home/travis/build/tatsta/paymentSDK-php/vendor/codeception/codeception/src/Codeception/Scenario.php:72
/home/travis/build/tatsta/paymentSDK-php/tests/_support/_generated/AcceptanceTesterActions.php:628
/home/travis/build/tatsta/paymentSDK-php/tests/_support/AcceptanceTester.php:228
/home/travis/build/tatsta/paymentSDK-php/vendor/codeception/codeception/src/Codeception/Test/Gherkin.php:142
/home/travis/build/tatsta/paymentSDK-php/vendor/codeception/codeception/src/Codeception/Test/Gherkin.php:83
/home/travis/build/tatsta/paymentSDK-php/vendor/codeception/codeception/src/Codeception/Test/Test.php:88
/home/travis/build/tatsta/paymentSDK-php/vendor/codeception/phpunit-wrapper/src/Runner.php:110
/home/travis/build/tatsta/paymentSDK-php/vendor/codeception/codeception/src/Codeception/SuiteManager.php:158
/home/travis/build/tatsta/paymentSDK-php/vendor/codeception/codeception/src/Codeception/Codecept.php:192
/home/travis/build/tatsta/paymentSDK-php/vendor/codeception/codeception/src/Codeception/Codecept.php:159
/home/travis/build/tatsta/paymentSDK-php/vendor/codeception/codeception/src/Codeception/Command/Run.php:494
/home/travis/build/tatsta/paymentSDK-php/vendor/codeception/codeception/src/Codeception/Command/Run.php:389
/home/travis/build/tatsta/paymentSDK-php/vendor/symfony/console/Command/Command.php:255
/home/travis/build/tatsta/paymentSDK-php/vendor/symfony/console/Application.php:1001
/home/travis/build/tatsta/paymentSDK-php/vendor/symfony/console/Application.php:271
/home/travis/build/tatsta/paymentSDK-php/vendor/symfony/console/Application.php:147
/home/travis/build/tatsta/paymentSDK-php/vendor/codeception/codeception/src/Codeception/Application.php:107
</error>
    </testcase>
    <testcase file="/home/travis/build/tatsta/paymentSDK-php/tests/acceptance/PayPalAuthorizationAndPostProcessingHappyPath.feature" name="PayPalAuthorizationAndPostProcessingHappyPath: capture" feature="capture" assertions="1" time="34.616977">
      <error type="Facebook\WebDriver\Exception\UnknownServerException">PayPalAuthorizationAndPostProcessingHappyPath: capture
Facebook\WebDriver\Exception\UnknownServerException: element click intercepted: Element &lt;div id="button" class="buttons reviewButton"&gt;...&lt;/div&gt; is not clickable at point (313, 594). Other element would receive the click: &lt;div id="gdprCookieContent_wrapper" class="col-sm-12"&gt;...&lt;/div&gt;
  (Session info: chrome=80.0.3987.132)
  (Driver info: chromedriver=80.0.3987.16 (320f6526c1632ad4f205ebce69b99a062ed78647-refs/branch-heads/3987@{#185}),platform=Windows NT 6.3.9600 x86_64) (WARNING: The server did not provide any stacktrace information)
Command duration or timeout: 1.09 seconds
Build info: version: '2.53.0', revision: '35ae25b', time: '2016-03-15 17:00:58'
System info: host: '207-254-19-60', ip: '207.254.19.60', os.name: 'windows', os.arch: 'x86', os.version: '6.3', java.version: '1.8.0_181'
Driver info: org.openqa.selenium.chrome.ChromeDriver
Capabilities [{mobileEmulationEnabled=false, timeouts={implicit=0, pageLoad=300000, script=30000}, hasTouchScreen=false, platform=XP, acceptSslCerts=false, goog:chromeOptions={debuggerAddress=localhost:1687}, acceptInsecureCerts=false, webStorageEnabled=true, browserName=chrome, takesScreenshot=true, javascriptEnabled=true, setWindowRect=true, unexpectedAlertBehaviour=ignore, applicationCacheEnabled=false, rotatable=false, networkConnectionEnabled=false, chrome={chromedriverVersion=80.0.3987.16 (320f6526c1632ad4f205ebce69b99a062ed78647-refs/branch-heads/3987@{#185}), userDataDir=C:\Windows\proxy\scoped_dir1852_888066927}, takesHeapSnapshot=true, pageLoadStrategy=normal, strictFileInteractability=false, databaseEnabled=false, handlesAlerts=true, version=80.0.3987.132, browserConnectionEnabled=false, proxy={}, nativeEvents=true, locationContextEnabled=true, cssSelectorsEnabled=true}]
Session ID: d07cfe6d68028d9b41c6bda49b9d4f28

/home/travis/build/tatsta/paymentSDK-php/vendor/facebook/webdriver/lib/Exception/WebDriverException.php:114
/home/travis/build/tatsta/paymentSDK-php/vendor/facebook/webdriver/lib/Remote/HttpCommandExecutor.php:331
/home/travis/build/tatsta/paymentSDK-php/vendor/facebook/webdriver/lib/Remote/RemoteWebDriver.php:565
/home/travis/build/tatsta/paymentSDK-php/vendor/facebook/webdriver/lib/Remote/RemoteExecuteMethod.php:40
/home/travis/build/tatsta/paymentSDK-php/vendor/facebook/webdriver/lib/Remote/RemoteWebElement.php:81
/home/travis/build/tatsta/paymentSDK-php/vendor/codeception/codeception/src/Codeception/Module/WebDriver.php:997
/home/travis/build/tatsta/paymentSDK-php/vendor/codeception/codeception/src/Codeception/Step.php:265
/home/travis/build/tatsta/paymentSDK-php/vendor/codeception/codeception/src/Codeception/Scenario.php:72
/home/travis/build/tatsta/paymentSDK-php/tests/_support/_generated/AcceptanceTesterActions.php:628
/home/travis/build/tatsta/paymentSDK-php/tests/_support/AcceptanceTester.php:228
/home/travis/build/tatsta/paymentSDK-php/vendor/codeception/codeception/src/Codeception/Test/Gherkin.php:142
/home/travis/build/tatsta/paymentSDK-php/vendor/codeception/codeception/src/Codeception/Test/Gherkin.php:83
/home/travis/build/tatsta/paymentSDK-php/vendor/codeception/codeception/src/Codeception/Test/Test.php:88
/home/travis/build/tatsta/paymentSDK-php/vendor/codeception/phpunit-wrapper/src/Runner.php:110
/home/travis/build/tatsta/paymentSDK-php/vendor/codeception/codeception/src/Codeception/SuiteManager.php:158
/home/travis/build/tatsta/paymentSDK-php/vendor/codeception/codeception/src/Codeception/Codecept.php:192
/home/travis/build/tatsta/paymentSDK-php/vendor/codeception/codeception/src/Codeception/Codecept.php:159
/home/travis/build/tatsta/paymentSDK-php/vendor/codeception/codeception/src/Codeception/Command/Run.php:494
/home/travis/build/tatsta/paymentSDK-php/vendor/codeception/codeception/src/Codeception/Command/Run.php:389
/home/travis/build/tatsta/paymentSDK-php/vendor/symfony/console/Command/Command.php:255
/home/travis/build/tatsta/paymentSDK-php/vendor/symfony/console/Application.php:1001
/home/travis/build/tatsta/paymentSDK-php/vendor/symfony/console/Application.php:271
/home/travis/build/tatsta/paymentSDK-php/vendor/symfony/console/Application.php:147
/home/travis/build/tatsta/paymentSDK-php/vendor/codeception/codeception/src/Codeception/Application.php:107
</error>
    </testcase>
    <testcase file="/home/travis/build/tatsta/paymentSDK-php/tests/acceptance/PayPalAuthorizationAndPostProcessingHappyPath.feature" name="PayPalAuthorizationAndPostProcessingHappyPath: refund" feature="refund" assertions="1" time="36.561947">
      <error type="Facebook\WebDriver\Exception\UnknownServerException">PayPalAuthorizationAndPostProcessingHappyPath: refund
Facebook\WebDriver\Exception\UnknownServerException: element click intercepted: Element &lt;div id="button" class="buttons reviewButton"&gt;...&lt;/div&gt; is not clickable at point (313, 594). Other element would receive the click: &lt;div id="gdprCookieContent_wrapper" class="col-sm-12"&gt;...&lt;/div&gt;
  (Session info: chrome=80.0.3987.132)
  (Driver info: chromedriver=80.0.3987.16 (320f6526c1632ad4f205ebce69b99a062ed78647-refs/branch-heads/3987@{#185}),platform=Windows NT 6.3.9600 x86_64) (WARNING: The server did not provide any stacktrace information)
Command duration or timeout: 1.28 seconds
Build info: version: '2.53.0', revision: '35ae25b', time: '2016-03-15 17:00:58'
System info: host: '207-254-19-60', ip: '207.254.19.60', os.name: 'windows', os.arch: 'x86', os.version: '6.3', java.version: '1.8.0_181'
Driver info: org.openqa.selenium.chrome.ChromeDriver
Capabilities [{mobileEmulationEnabled=false, timeouts={implicit=0, pageLoad=300000, script=30000}, hasTouchScreen=false, platform=XP, acceptSslCerts=false, goog:chromeOptions={debuggerAddress=localhost:1687}, acceptInsecureCerts=false, webStorageEnabled=true, browserName=chrome, takesScreenshot=true, javascriptEnabled=true, setWindowRect=true, unexpectedAlertBehaviour=ignore, applicationCacheEnabled=false, rotatable=false, networkConnectionEnabled=false, chrome={chromedriverVersion=80.0.3987.16 (320f6526c1632ad4f205ebce69b99a062ed78647-refs/branch-heads/3987@{#185}), userDataDir=C:\Windows\proxy\scoped_dir1852_888066927}, takesHeapSnapshot=true, pageLoadStrategy=normal, strictFileInteractability=false, databaseEnabled=false, handlesAlerts=true, version=80.0.3987.132, browserConnectionEnabled=false, proxy={}, nativeEvents=true, locationContextEnabled=true, cssSelectorsEnabled=true}]
Session ID: d07cfe6d68028d9b41c6bda49b9d4f28

/home/travis/build/tatsta/paymentSDK-php/vendor/facebook/webdriver/lib/Exception/WebDriverException.php:114
/home/travis/build/tatsta/paymentSDK-php/vendor/facebook/webdriver/lib/Remote/HttpCommandExecutor.php:331
/home/travis/build/tatsta/paymentSDK-php/vendor/facebook/webdriver/lib/Remote/RemoteWebDriver.php:565
/home/travis/build/tatsta/paymentSDK-php/vendor/facebook/webdriver/lib/Remote/RemoteExecuteMethod.php:40
/home/travis/build/tatsta/paymentSDK-php/vendor/facebook/webdriver/lib/Remote/RemoteWebElement.php:81
/home/travis/build/tatsta/paymentSDK-php/vendor/codeception/codeception/src/Codeception/Module/WebDriver.php:997
/home/travis/build/tatsta/paymentSDK-php/vendor/codeception/codeception/src/Codeception/Step.php:265
/home/travis/build/tatsta/paymentSDK-php/vendor/codeception/codeception/src/Codeception/Scenario.php:72
/home/travis/build/tatsta/paymentSDK-php/tests/_support/_generated/AcceptanceTesterActions.php:628
/home/travis/build/tatsta/paymentSDK-php/tests/_support/AcceptanceTester.php:228
/home/travis/build/tatsta/paymentSDK-php/vendor/codeception/codeception/src/Codeception/Test/Gherkin.php:142
/home/travis/build/tatsta/paymentSDK-php/vendor/codeception/codeception/src/Codeception/Test/Gherkin.php:83
/home/travis/build/tatsta/paymentSDK-php/vendor/codeception/codeception/src/Codeception/Test/Test.php:88
/home/travis/build/tatsta/paymentSDK-php/vendor/codeception/phpunit-wrapper/src/Runner.php:110
/home/travis/build/tatsta/paymentSDK-php/vendor/codeception/codeception/src/Codeception/SuiteManager.php:158
/home/travis/build/tatsta/paymentSDK-php/vendor/codeception/codeception/src/Codeception/Codecept.php:192
/home/travis/build/tatsta/paymentSDK-php/vendor/codeception/codeception/src/Codeception/Codecept.php:159
/home/travis/build/tatsta/paymentSDK-php/vendor/codeception/codeception/src/Codeception/Command/Run.php:494
/home/travis/build/tatsta/paymentSDK-php/vendor/codeception/codeception/src/Codeception/Command/Run.php:389
/home/travis/build/tatsta/paymentSDK-php/vendor/symfony/console/Command/Command.php:255
/home/travis/build/tatsta/paymentSDK-php/vendor/symfony/console/Application.php:1001
/home/travis/build/tatsta/paymentSDK-php/vendor/symfony/console/Application.php:271
/home/travis/build/tatsta/paymentSDK-php/vendor/symfony/console/Application.php:147
/home/travis/build/tatsta/paymentSDK-php/vendor/codeception/codeception/src/Codeception/Application.php:107
</error>
    </testcase>
    <testcase file="/home/travis/build/tatsta/paymentSDK-php/tests/acceptance/PayPalAuthorizationAndPostProcessingHappyPath.feature" name="PayPalAuthorizationAndPostProcessingHappyPath: cancel" feature="cancel" assertions="1" time="33.997252">
      <error type="Facebook\WebDriver\Exception\UnknownServerException">PayPalAuthorizationAndPostProcessingHappyPath: cancel
Facebook\WebDriver\Exception\UnknownServerException: element click intercepted: Element &lt;div id="button" class="buttons reviewButton"&gt;...&lt;/div&gt; is not clickable at point (313, 594). Other element would receive the click: &lt;div id="gdprCookieContent_wrapper" class="col-sm-12"&gt;...&lt;/div&gt;
  (Session info: chrome=80.0.3987.132)
  (Driver info: chromedriver=80.0.3987.16 (320f6526c1632ad4f205ebce69b99a062ed78647-refs/branch-heads/3987@{#185}),platform=Windows NT 6.3.9600 x86_64) (WARNING: The server did not provide any stacktrace information)
Command duration or timeout: 1.25 seconds
Build info: version: '2.53.0', revision: '35ae25b', time: '2016-03-15 17:00:58'
System info: host: '207-254-19-60', ip: '207.254.19.60', os.name: 'windows', os.arch: 'x86', os.version: '6.3', java.version: '1.8.0_181'
Driver info: org.openqa.selenium.chrome.ChromeDriver
Capabilities [{mobileEmulationEnabled=false, timeouts={implicit=0, pageLoad=300000, script=30000}, hasTouchScreen=false, platform=XP, acceptSslCerts=false, goog:chromeOptions={debuggerAddress=localhost:1687}, acceptInsecureCerts=false, webStorageEnabled=true, browserName=chrome, takesScreenshot=true, javascriptEnabled=true, setWindowRect=true, unexpectedAlertBehaviour=ignore, applicationCacheEnabled=false, rotatable=false, networkConnectionEnabled=false, chrome={chromedriverVersion=80.0.3987.16 (320f6526c1632ad4f205ebce69b99a062ed78647-refs/branch-heads/3987@{#185}), userDataDir=C:\Windows\proxy\scoped_dir1852_888066927}, takesHeapSnapshot=true, pageLoadStrategy=normal, strictFileInteractability=false, databaseEnabled=false, handlesAlerts=true, version=80.0.3987.132, browserConnectionEnabled=false, proxy={}, nativeEvents=true, locationContextEnabled=true, cssSelectorsEnabled=true}]
Session ID: d07cfe6d68028d9b41c6bda49b9d4f28

/home/travis/build/tatsta/paymentSDK-php/vendor/facebook/webdriver/lib/Exception/WebDriverException.php:114
/home/travis/build/tatsta/paymentSDK-php/vendor/facebook/webdriver/lib/Remote/HttpCommandExecutor.php:331
/home/travis/build/tatsta/paymentSDK-php/vendor/facebook/webdriver/lib/Remote/RemoteWebDriver.php:565
/home/travis/build/tatsta/paymentSDK-php/vendor/facebook/webdriver/lib/Remote/RemoteExecuteMethod.php:40
/home/travis/build/tatsta/paymentSDK-php/vendor/facebook/webdriver/lib/Remote/RemoteWebElement.php:81
/home/travis/build/tatsta/paymentSDK-php/vendor/codeception/codeception/src/Codeception/Module/WebDriver.php:997
/home/travis/build/tatsta/paymentSDK-php/vendor/codeception/codeception/src/Codeception/Step.php:265
/home/travis/build/tatsta/paymentSDK-php/vendor/codeception/codeception/src/Codeception/Scenario.php:72
/home/travis/build/tatsta/paymentSDK-php/tests/_support/_generated/AcceptanceTesterActions.php:628
/home/travis/build/tatsta/paymentSDK-php/tests/_support/AcceptanceTester.php:228
/home/travis/build/tatsta/paymentSDK-php/vendor/codeception/codeception/src/Codeception/Test/Gherkin.php:142
/home/travis/build/tatsta/paymentSDK-php/vendor/codeception/codeception/src/Codeception/Test/Gherkin.php:83
/home/travis/build/tatsta/paymentSDK-php/vendor/codeception/codeception/src/Codeception/Test/Test.php:88
/home/travis/build/tatsta/paymentSDK-php/vendor/codeception/phpunit-wrapper/src/Runner.php:110
/home/travis/build/tatsta/paymentSDK-php/vendor/codeception/codeception/src/Codeception/SuiteManager.php:158
/home/travis/build/tatsta/paymentSDK-php/vendor/codeception/codeception/src/Codeception/Codecept.php:192
/home/travis/build/tatsta/paymentSDK-php/vendor/codeception/codeception/src/Codeception/Codecept.php:159
/home/travis/build/tatsta/paymentSDK-php/vendor/codeception/codeception/src/Codeception/Command/Run.php:494
/home/travis/build/tatsta/paymentSDK-php/vendor/codeception/codeception/src/Codeception/Command/Run.php:389
/home/travis/build/tatsta/paymentSDK-php/vendor/symfony/console/Command/Command.php:255
/home/travis/build/tatsta/paymentSDK-php/vendor/symfony/console/Application.php:1001
/home/travis/build/tatsta/paymentSDK-php/vendor/symfony/console/Application.php:271
/home/travis/build/tatsta/paymentSDK-php/vendor/symfony/console/Application.php:147
/home/travis/build/tatsta/paymentSDK-php/vendor/codeception/codeception/src/Codeception/Application.php:107
</error>
    </testcase>
    <testcase file="/home/travis/build/tatsta/paymentSDK-php/tests/acceptance/PayPalAuthorizationHappyPath.feature" name="PayPalAuthorizationHappyPath: authorization" feature="authorization" assertions="1" time="33.924189">
      <error type="Facebook\WebDriver\Exception\UnknownServerException">PayPalAuthorizationHappyPath: authorization
Facebook\WebDriver\Exception\UnknownServerException: element click intercepted: Element &lt;div id="button" class="buttons reviewButton"&gt;...&lt;/div&gt; is not clickable at point (313, 594). Other element would receive the click: &lt;div id="gdprCookieContent_wrapper" class="col-sm-12"&gt;...&lt;/div&gt;
  (Session info: chrome=80.0.3987.132)
  (Driver info: chromedriver=80.0.3987.16 (320f6526c1632ad4f205ebce69b99a062ed78647-refs/branch-heads/3987@{#185}),platform=Windows NT 6.3.9600 x86_64) (WARNING: The server did not provide any stacktrace information)
Command duration or timeout: 1.13 seconds
Build info: version: '2.53.0', revision: '35ae25b', time: '2016-03-15 17:00:58'
System info: host: '207-254-19-60', ip: '207.254.19.60', os.name: 'windows', os.arch: 'x86', os.version: '6.3', java.version: '1.8.0_181'
Driver info: org.openqa.selenium.chrome.ChromeDriver
Capabilities [{mobileEmulationEnabled=false, timeouts={implicit=0, pageLoad=300000, script=30000}, hasTouchScreen=false, platform=XP, acceptSslCerts=false, goog:chromeOptions={debuggerAddress=localhost:1687}, acceptInsecureCerts=false, webStorageEnabled=true, browserName=chrome, takesScreenshot=true, javascriptEnabled=true, setWindowRect=true, unexpectedAlertBehaviour=ignore, applicationCacheEnabled=false, rotatable=false, networkConnectionEnabled=false, chrome={chromedriverVersion=80.0.3987.16 (320f6526c1632ad4f205ebce69b99a062ed78647-refs/branch-heads/3987@{#185}), userDataDir=C:\Windows\proxy\scoped_dir1852_888066927}, takesHeapSnapshot=true, pageLoadStrategy=normal, strictFileInteractability=false, databaseEnabled=false, handlesAlerts=true, version=80.0.3987.132, browserConnectionEnabled=false, proxy={}, nativeEvents=true, locationContextEnabled=true, cssSelectorsEnabled=true}]
Session ID: d07cfe6d68028d9b41c6bda49b9d4f28

/home/travis/build/tatsta/paymentSDK-php/vendor/facebook/webdriver/lib/Exception/WebDriverException.php:114
/home/travis/build/tatsta/paymentSDK-php/vendor/facebook/webdriver/lib/Remote/HttpCommandExecutor.php:331
/home/travis/build/tatsta/paymentSDK-php/vendor/facebook/webdriver/lib/Remote/RemoteWebDriver.php:565
/home/travis/build/tatsta/paymentSDK-php/vendor/facebook/webdriver/lib/Remote/RemoteExecuteMethod.php:40
/home/travis/build/tatsta/paymentSDK-php/vendor/facebook/webdriver/lib/Remote/RemoteWebElement.php:81
/home/travis/build/tatsta/paymentSDK-php/vendor/codeception/codeception/src/Codeception/Module/WebDriver.php:997
/home/travis/build/tatsta/paymentSDK-php/vendor/codeception/codeception/src/Codeception/Step.php:265
/home/travis/build/tatsta/paymentSDK-php/vendor/codeception/codeception/src/Codeception/Scenario.php:72
/home/travis/build/tatsta/paymentSDK-php/tests/_support/_generated/AcceptanceTesterActions.php:628
/home/travis/build/tatsta/paymentSDK-php/tests/_support/AcceptanceTester.php:228
/home/travis/build/tatsta/paymentSDK-php/vendor/codeception/codeception/src/Codeception/Test/Gherkin.php:142
/home/travis/build/tatsta/paymentSDK-php/vendor/codeception/codeception/src/Codeception/Test/Gherkin.php:83
/home/travis/build/tatsta/paymentSDK-php/vendor/codeception/codeception/src/Codeception/Test/Test.php:88
/home/travis/build/tatsta/paymentSDK-php/vendor/codeception/phpunit-wrapper/src/Runner.php:110
/home/travis/build/tatsta/paymentSDK-php/vendor/codeception/codeception/src/Codeception/SuiteManager.php:158
/home/travis/build/tatsta/paymentSDK-php/vendor/codeception/codeception/src/Codeception/Codecept.php:192
/home/travis/build/tatsta/paymentSDK-php/vendor/codeception/codeception/src/Codeception/Codecept.php:159
/home/travis/build/tatsta/paymentSDK-php/vendor/codeception/codeception/src/Codeception/Command/Run.php:494
/home/travis/build/tatsta/paymentSDK-php/vendor/codeception/codeception/src/Codeception/Command/Run.php:389
/home/travis/build/tatsta/paymentSDK-php/vendor/symfony/console/Command/Command.php:255
/home/travis/build/tatsta/paymentSDK-php/vendor/symfony/console/Application.php:1001
/home/travis/build/tatsta/paymentSDK-php/vendor/symfony/console/Application.php:271
/home/travis/build/tatsta/paymentSDK-php/vendor/symfony/console/Application.php:147
/home/travis/build/tatsta/paymentSDK-php/vendor/codeception/codeception/src/Codeception/Application.php:107
</error>
    </testcase>
    <testcase file="/home/travis/build/tatsta/paymentSDK-php/tests/acceptance/PayPalPurchaseHappyPath.feature" name="PayPalPurchaseHappyPath: purchase" feature="purchase" assertions="1" time="35.005807">
      <error type="Facebook\WebDriver\Exception\UnknownServerException">PayPalPurchaseHappyPath: purchase
Facebook\WebDriver\Exception\UnknownServerException: element click intercepted: Element &lt;div id="button" class="buttons reviewButton"&gt;...&lt;/div&gt; is not clickable at point (313, 594). Other element would receive the click: &lt;div id="gdprCookieContent_wrapper" class="col-sm-12"&gt;...&lt;/div&gt;
  (Session info: chrome=80.0.3987.132)
  (Driver info: chromedriver=80.0.3987.16 (320f6526c1632ad4f205ebce69b99a062ed78647-refs/branch-heads/3987@{#185}),platform=Windows NT 6.3.9600 x86_64) (WARNING: The server did not provide any stacktrace information)
Command duration or timeout: 1.17 seconds
Build info: version: '2.53.0', revision: '35ae25b', time: '2016-03-15 17:00:58'
System info: host: '207-254-19-60', ip: '207.254.19.60', os.name: 'windows', os.arch: 'x86', os.version: '6.3', java.version: '1.8.0_181'
Driver info: org.openqa.selenium.chrome.ChromeDriver
Capabilities [{mobileEmulationEnabled=false, timeouts={implicit=0, pageLoad=300000, script=30000}, hasTouchScreen=false, platform=XP, acceptSslCerts=false, goog:chromeOptions={debuggerAddress=localhost:1687}, acceptInsecureCerts=false, webStorageEnabled=true, browserName=chrome, takesScreenshot=true, javascriptEnabled=true, setWindowRect=true, unexpectedAlertBehaviour=ignore, applicationCacheEnabled=false, rotatable=false, networkConnectionEnabled=false, chrome={chromedriverVersion=80.0.3987.16 (320f6526c1632ad4f205ebce69b99a062ed78647-refs/branch-heads/3987@{#185}), userDataDir=C:\Windows\proxy\scoped_dir1852_888066927}, takesHeapSnapshot=true, pageLoadStrategy=normal, strictFileInteractability=false, databaseEnabled=false, handlesAlerts=true, version=80.0.3987.132, browserConnectionEnabled=false, proxy={}, nativeEvents=true, locationContextEnabled=true, cssSelectorsEnabled=true}]
Session ID: d07cfe6d68028d9b41c6bda49b9d4f28

/home/travis/build/tatsta/paymentSDK-php/vendor/facebook/webdriver/lib/Exception/WebDriverException.php:114
/home/travis/build/tatsta/paymentSDK-php/vendor/facebook/webdriver/lib/Remote/HttpCommandExecutor.php:331
/home/travis/build/tatsta/paymentSDK-php/vendor/facebook/webdriver/lib/Remote/RemoteWebDriver.php:565
/home/travis/build/tatsta/paymentSDK-php/vendor/facebook/webdriver/lib/Remote/RemoteExecuteMethod.php:40
/home/travis/build/tatsta/paymentSDK-php/vendor/facebook/webdriver/lib/Remote/RemoteWebElement.php:81
/home/travis/build/tatsta/paymentSDK-php/vendor/codeception/codeception/src/Codeception/Module/WebDriver.php:997
/home/travis/build/tatsta/paymentSDK-php/vendor/codeception/codeception/src/Codeception/Step.php:265
/home/travis/build/tatsta/paymentSDK-php/vendor/codeception/codeception/src/Codeception/Scenario.php:72
/home/travis/build/tatsta/paymentSDK-php/tests/_support/_generated/AcceptanceTesterActions.php:628
/home/travis/build/tatsta/paymentSDK-php/tests/_support/AcceptanceTester.php:228
/home/travis/build/tatsta/paymentSDK-php/vendor/codeception/codeception/src/Codeception/Test/Gherkin.php:142
/home/travis/build/tatsta/paymentSDK-php/vendor/codeception/codeception/src/Codeception/Test/Gherkin.php:83
/home/travis/build/tatsta/paymentSDK-php/vendor/codeception/codeception/src/Codeception/Test/Test.php:88
/home/travis/build/tatsta/paymentSDK-php/vendor/codeception/phpunit-wrapper/src/Runner.php:110
/home/travis/build/tatsta/paymentSDK-php/vendor/codeception/codeception/src/Codeception/SuiteManager.php:158
/home/travis/build/tatsta/paymentSDK-php/vendor/codeception/codeception/src/Codeception/Codecept.php:192
/home/travis/build/tatsta/paymentSDK-php/vendor/codeception/codeception/src/Codeception/Codecept.php:159
/home/travis/build/tatsta/paymentSDK-php/vendor/codeception/codeception/src/Codeception/Command/Run.php:494
/home/travis/build/tatsta/paymentSDK-php/vendor/codeception/codeception/src/Codeception/Command/Run.php:389
/home/travis/build/tatsta/paymentSDK-php/vendor/symfony/console/Command/Command.php:255
/home/travis/build/tatsta/paymentSDK-php/vendor/symfony/console/Application.php:1001
/home/travis/build/tatsta/paymentSDK-php/vendor/symfony/console/Application.php:271
/home/travis/build/tatsta/paymentSDK-php/vendor/symfony/console/Application.php:147
/home/travis/build/tatsta/paymentSDK-php/vendor/codeception/codeception/src/Codeception/Application.php:107
</error>
    </testcase>
  </testsuite>
</testsuites>
