<?xml version="1.0" encoding="UTF-8"?>
<testsuites>
  <testsuite name="acceptance (ci)" tests="7" assertions="22" errors="1" failures="0" skipped="0" time="423.672733">
    <testcase file="/project/tests/acceptance/CreditCard/CreditCard3DSOneClickHappyPath.feature" name="CreditCard3DSOneClickHappyPath: authorize" feature="CreditCard3DSOneClickHappyPath" assertions="7" time="123.616344"/>
    <testcase file="/project/tests/acceptance/CreditCard/CreditCardInitialTransactionHappyPath.feature" name="CreditCardInitialTransactionHappyPath: initial transaction Non 3DS | &quot;reserve&quot;, &quot;10&quot;, &quot;authorization&quot;" feature="CreditCardInitialTransactionHappyPath" assertions="3" time="31.745999"/>
    <testcase file="/project/tests/acceptance/CreditCard/CreditCardInitialTransactionHappyPath.feature" name="CreditCardInitialTransactionHappyPath: initial transaction Non 3DS | &quot;pay&quot;, &quot;10&quot;, &quot;purchase&quot;" feature="CreditCardInitialTransactionHappyPath" assertions="0" time="17.711473">
      <error type="Facebook\WebDriver\Exception\StaleElementReferenceException">CreditCardInitialTransactionHappyPath: initial transaction Non 3DS | "pay", "10", "purchase"
Facebook\WebDriver\Exception\StaleElementReferenceException: stale element reference: element is not attached to the page document
  (Session info: chrome=80.0.3987.116)
  (Driver info: chromedriver=80.0.3987.16 (320f6526c1632ad4f205ebce69b99a062ed78647-refs/branch-heads/3987@{#185}),platform=Windows NT 6.1.7601 SP1 x86_64) (WARNING: The server did not provide any stacktrace information)
Command duration or timeout: 673 milliseconds
For documentation on this error, please visit: http://seleniumhq.org/exceptions/stale_element_reference.html
Build info: version: '2.53.0', revision: '35ae25b', time: '2016-03-15 17:00:58'
System info: host: '207-254-11-73', ip: '207.254.11.73', os.name: 'windows', os.arch: 'x86', os.version: '6.1', java.version: '1.8.0_181'
Driver info: org.openqa.selenium.chrome.ChromeDriver
Capabilities [{mobileEmulationEnabled=false, timeouts={implicit=0, pageLoad=300000, script=30000}, hasTouchScreen=false, platform=XP, acceptSslCerts=false, goog:chromeOptions={debuggerAddress=localhost:1563}, acceptInsecureCerts=false, webStorageEnabled=true, browserName=chrome, takesScreenshot=true, javascriptEnabled=true, setWindowRect=true, unexpectedAlertBehaviour=ignore, applicationCacheEnabled=false, rotatable=false, networkConnectionEnabled=false, chrome={chromedriverVersion=80.0.3987.16 (320f6526c1632ad4f205ebce69b99a062ed78647-refs/branch-heads/3987@{#185}), userDataDir=C:\Windows\proxy\scoped_dir6016_1264142833}, takesHeapSnapshot=true, pageLoadStrategy=normal, strictFileInteractability=false, databaseEnabled=false, handlesAlerts=true, version=80.0.3987.116, browserConnectionEnabled=false, proxy={}, nativeEvents=true, locationContextEnabled=true, cssSelectorsEnabled=true}]
Session ID: a3386e0e587fa3e7aeb63738b8b0eba7

/repo/vendor/facebook/webdriver/lib/Exception/WebDriverException.php:108
/repo/vendor/facebook/webdriver/lib/Remote/HttpCommandExecutor.php:331
/repo/vendor/facebook/webdriver/lib/Remote/RemoteWebDriver.php:565
/repo/vendor/facebook/webdriver/lib/Remote/RemoteExecuteMethod.php:40
/repo/vendor/facebook/webdriver/lib/Remote/RemoteWebElement.php:81
/repo/src/Codeception/Module/WebDriver.php:997
/project/tests/_support/_generated/AcceptanceTesterActions.php:628
/project/tests/_support/Step/Acceptance/ShopSystem/GenericShopSystemStep.php:118
/project/tests/_support/Step/Acceptance/ShopSystem/PrestashopStep.php:145
/project/tests/_support/AcceptanceTester.php:113
/repo/codecept:43
</error>
    </testcase>
    <testcase file="/project/tests/acceptance/CreditCard/CreditCardInitialTransactionHappyPath.feature" name="CreditCardInitialTransactionHappyPath: initial transaction 3DS | &quot;reserve&quot;, &quot;100&quot;, &quot;authorization&quot;" feature="CreditCardInitialTransactionHappyPath" assertions="3" time="45.113150"/>
    <testcase file="/project/tests/acceptance/CreditCard/CreditCardInitialTransactionHappyPath.feature" name="CreditCardInitialTransactionHappyPath: initial transaction 3DS | &quot;pay&quot;, &quot;100&quot;, &quot;purchase&quot;" feature="CreditCardInitialTransactionHappyPath" assertions="3" time="45.899101"/>
    <testcase file="/project/tests/acceptance/PayPal/PayPalInitialTransactionHappyPath.feature" name="PayPalInitialTransaction: initial transaction | &quot;pay&quot;, &quot;purchase&quot;" feature="PayPalInitialTransaction" assertions="3" time="78.311647"/>
    <testcase file="/project/tests/acceptance/PayPal/PayPalInitialTransactionHappyPath.feature" name="PayPalInitialTransaction: initial transaction | &quot;reserve&quot;, &quot;authorization&quot;" feature="PayPalInitialTransaction" assertions="3" time="81.275019"/>
  </testsuite>
</testsuites>
