<?xml version="1.0" encoding="UTF-8"?>
<testsuites>
  <testsuite name="acceptance (ci)" tests="1" assertions="5" errors="1" failures="0" skipped="0" time="121.040970">
    <testcase file="/home/runner/work/shopsystems-ui-testsuite/shopsystems-ui-testsuite/shopsystems-ui-testsuite/tests/acceptance/CreditCard/CreditCardOneClickInitialTransactionHappyPath.feature" name="CreditCardOneClickInitialTransactionHappyPath: initial transaction Non 3DS | &quot;reserve&quot;, &quot;20&quot;, &quot;authorization&quot;, &quot;authorized&quot;" feature="CreditCardOneClickInitialTransactionHappyPath" assertions="5" time="121.040970">
      <error type="Facebook\WebDriver\Exception\TimeoutException">CreditCardOneClickInitialTransactionHappyPath: initial transaction Non 3DS | "reserve", "20", "authorization", "authorized"
Facebook\WebDriver\Exception\TimeoutException: Waited for 10 secs but text 'Use different card' still not found

/home/runner/work/shopsystems-ui-testsuite/shopsystems-ui-testsuite/shopsystems-ui-testsuite/vendor/php-webdriver/webdriver/lib/WebDriverWait.php:71
/home/runner/work/shopsystems-ui-testsuite/shopsystems-ui-testsuite/shopsystems-ui-testsuite/tests/_support/_generated/AcceptanceTesterActions.php:2480
/home/runner/work/shopsystems-ui-testsuite/shopsystems-ui-testsuite/shopsystems-ui-testsuite/tests/_support/Step/Acceptance/PaymentMethod/CreditCardOneClickStep.php:41
/home/runner/work/shopsystems-ui-testsuite/shopsystems-ui-testsuite/shopsystems-ui-testsuite/tests/_support/AcceptanceTester.php:211
</error>
    </testcase>
  </testsuite>
</testsuites>
