<?xml version="1.0" encoding="UTF-8"?>
<testsuites name="Mocha Tests" time="725.7900" tests="14" failures="2">
  <testsuite name="Root Suite" timestamp="2020-05-20T12:30:30" tests="0" time="0.0000" failures="0">
  </testsuite>
  <testsuite name="Payment in Advance test" timestamp="2020-05-20T12:30:30" tests="1" file="/home/travis/shopware/custom/plugins/WirecardElasticEngine/Tests/Selenium/Payments/PiaTest.js" time="67.1680" failures="0">
    <testcase name="Payment in Advance test should check the pia payment process" time="67.1680" classname="should check the pia payment process">
    </testcase>
  </testsuite>
  <testsuite name="Credit Card test" timestamp="2020-05-20T12:31:59" tests="1" file="/home/travis/shopware/custom/plugins/WirecardElasticEngine/Tests/Selenium/Payments/CreditCardTest.js" time="62.6750" failures="0">
    <testcase name="Credit Card test should check the credit card payment process" time="62.6750" classname="should check the credit card payment process">
    </testcase>
  </testsuite>
  <testsuite name="Credit Card One-Click Checkout test" timestamp="2020-05-20T12:33:09" tests="1" file="/home/travis/shopware/custom/plugins/WirecardElasticEngine/Tests/Selenium/Payments/CreditCardOneClickTest.js" time="48.2050" failures="0">
    <testcase name="Credit Card One-Click Checkout test should check the credit card one-click payment process" time="48.2050" classname="should check the credit card one-click payment process">
    </testcase>
  </testsuite>
  <testsuite name="SEPA Direct Debit test" timestamp="2020-05-20T12:34:07" tests="1" file="/home/travis/shopware/custom/plugins/WirecardElasticEngine/Tests/Selenium/Payments/SepaTest.js" time="29.2980" failures="0">
    <testcase name="SEPA Direct Debit test should check the sepa payment process" time="29.2980" classname="should check the sepa payment process">
    </testcase>
  </testsuite>
  <testsuite name="Sofort. test" timestamp="2020-05-20T12:34:44" tests="1" file="/home/travis/shopware/custom/plugins/WirecardElasticEngine/Tests/Selenium/Payments/SofortTest.js" time="51.7490" failures="0">
    <testcase name="Sofort. test should check the sofort payment process" time="51.7490" classname="should check the sofort payment process">
    </testcase>
  </testsuite>
  <testsuite name="Payment on Invoice test" timestamp="2020-05-20T12:35:47" tests="1" file="/home/travis/shopware/custom/plugins/WirecardElasticEngine/Tests/Selenium/Payments/PoiTest.js" time="24.9610" failures="0">
    <testcase name="Payment on Invoice test should check the poi payment process" time="24.9610" classname="should check the poi payment process">
    </testcase>
  </testsuite>
  <testsuite name="UnionPay International test" timestamp="2020-05-20T12:36:29" tests="1" file="/home/travis/shopware/custom/plugins/WirecardElasticEngine/Tests/Selenium/Payments/UpiTest.js" time="33.6040" failures="0">
    <testcase name="UnionPay International test should check the unionpay international payment process" time="33.6040" classname="should check the unionpay international payment process">
    </testcase>
  </testsuite>
  <testsuite name="Credit Card 3-D Secure Authorization test" timestamp="2020-05-20T12:37:12" tests="1" file="/home/travis/shopware/custom/plugins/WirecardElasticEngine/Tests/Selenium/Payments/CreditCardThreeDAuthorizationTest.js" time="106.9970" failures="1">
    <testcase name="Credit Card 3-D Secure Authorization test should check the credit card 3ds authorization payment process" time="106.9970" classname="should check the credit card 3ds authorization payment process">
      <failure message="An element could not be located on the page using the given search parameters." type="NoSuchElementError"><![CDATA[NoSuchElementError: An element could not be located on the page using the given search parameters.
    at Object.checkLegacyResponse (node_modules/selenium-webdriver/lib/error.js:585:15)
    at parseHttpResponse (node_modules/selenium-webdriver/lib/http.js:556:13)
    at Executor.execute (node_modules/selenium-webdriver/lib/http.js:491:26)
    at <anonymous>
    at process._tickCallback (internal/process/next_tick.js:188:7)]]></failure>
    </testcase>
  </testsuite>
  <testsuite name="Alipay Cross-border test" timestamp="2020-05-20T12:41:56" tests="1" file="/home/travis/shopware/custom/plugins/WirecardElasticEngine/Tests/Selenium/Payments/AlipayTest.js" time="46.7060" failures="1">
    <testcase name="Alipay Cross-border test should check the alipay crossborder payment process" time="46.7060" classname="should check the alipay crossborder payment process">
      <failure message="expected &apos;429.99 EUR| 3171.61 CNY&apos; to include &apos;70.99 EUR&apos;" type="AssertionError"><![CDATA[AssertionError: expected '429.99 EUR| 3171.61 CNY' to include '70.99 EUR'
    at Context.it (Tests/Selenium/Payments/AlipayTest.js:43:35)
    at <anonymous>
    at process._tickCallback (internal/process/next_tick.js:188:7)]]></failure>
    </testcase>
  </testsuite>
  <testsuite name="PayPal test" timestamp="2020-05-20T12:43:02" tests="1" file="/home/travis/shopware/custom/plugins/WirecardElasticEngine/Tests/Selenium/Payments/PaypalTest.js" time="76.3700" failures="0">
    <testcase name="PayPal test should check the paypal payment process" time="76.3700" classname="should check the paypal payment process">
    </testcase>
  </testsuite>
  <testsuite name="iDEAL test" timestamp="2020-05-20T12:44:31" tests="1" file="/home/travis/shopware/custom/plugins/WirecardElasticEngine/Tests/Selenium/Payments/IdealTest.js" time="37.7130" failures="0">
    <testcase name="iDEAL test should check the ideal payment process" time="37.7130" classname="should check the ideal payment process">
    </testcase>
  </testsuite>
  <testsuite name="Guaranteed Invoice by Wirecard test" timestamp="2020-05-20T12:45:18" tests="1" file="/home/travis/shopware/custom/plugins/WirecardElasticEngine/Tests/Selenium/Payments/RatepayTest.js" time="35.9240" failures="0">
    <testcase name="Guaranteed Invoice by Wirecard test should check the ratepay invoice process" time="35.9240" classname="should check the ratepay invoice process">
    </testcase>
  </testsuite>
  <testsuite name="default test" timestamp="2020-05-20T12:46:02" tests="1" file="/home/travis/shopware/custom/plugins/WirecardElasticEngine/Tests/Selenium/Payments/DefaultTest.js" time="16.7850" failures="0">
    <testcase name="default test should check the default checkout" time="16.7850" classname="should check the default checkout">
    </testcase>
  </testsuite>
  <testsuite name="Credit Card 3-D Secure test" timestamp="2020-05-20T12:46:29" tests="1" file="/home/travis/shopware/custom/plugins/WirecardElasticEngine/Tests/Selenium/Payments/CreditCardThreeDTest.js" time="87.6350" failures="0">
    <testcase name="Credit Card 3-D Secure test should check the credit card 3ds payment process" time="87.6350" classname="should check the credit card 3ds payment process">
    </testcase>
  </testsuite>
</testsuites>