<?xml version="1.0" encoding="UTF-8"?>
<testsuites name="Mocha Tests" time="384.895" tests="1" failures="2">
  <testsuite name="Root Suite" timestamp="2019-09-10T11:00:37" tests="0" failures="0" time="0">
  </testsuite>
  <testsuite name="Credit Card 3-D Secure test" timestamp="2019-09-10T11:00:37" tests="1" file="/home/travis/shopware/custom/plugins/WirecardElasticEngine/Tests/Selenium/Payments/CreditCardThreeDTest.js" failures="2" time="384.895">
    <testcase name="Credit Card 3-D Secure test &quot;before all&quot; hook" time="384.894" classname="&quot;before all&quot; hook">
      <failure message="All parallel tests are currently in use, including the queued tests. Please wait to finish or upgrade your plan to add more sessions." type="WebDriverError"><![CDATA[WebDriverError: All parallel tests are currently in use, including the queued tests. Please wait to finish or upgrade your plan to add more sessions.
    at Object.checkLegacyResponse (node_modules/selenium-webdriver/lib/error.js:585:15)
    at parseHttpResponse (node_modules/selenium-webdriver/lib/http.js:554:13)
    at Executor.execute (node_modules/selenium-webdriver/lib/http.js:489:26)
    at <anonymous>
    at process._tickCallback (internal/process/next_tick.js:188:7)]]></failure>
    </testcase>
    <testcase name="Credit Card 3-D Secure test &quot;after all&quot; hook" time="0.001" classname="&quot;after all&quot; hook">
      <failure message="Cannot read property &apos;quit&apos; of undefined" type="TypeError"><![CDATA[TypeError: Cannot read property 'quit' of undefined
    at Context.after (Tests/Selenium/Payments/CreditCardThreeDTest.js:111:30)]]></failure>
    </testcase>
  </testsuite>
</testsuites>