<?xml version="1.0" encoding="UTF-8"?>
<testsuites>
  <testsuite name="acceptance" tests="8" assertions="27" failures="0" errors="1" time="217.351785">
    <testcase file="/home/travis/build/wirecard/paymentSDK-php/tests/acceptance/CreditCardNon3DSAuthorizationAndPostprocessingHappyPathSg.feature" name="CreditCardNon3DSAuthorizationAndPostprocessingHappyPathSg: authorization" feature="authorization" assertions="3" time="19.705051"/>
    <testcase file="/home/travis/build/wirecard/paymentSDK-php/tests/acceptance/CreditCardNon3DSAuthorizationAndPostprocessingHappyPathSg.feature" name="CreditCardNon3DSAuthorizationAndPostprocessingHappyPathSg: capture" feature="capture" assertions="4" time="22.741435"/>
    <testcase file="/home/travis/build/wirecard/paymentSDK-php/tests/acceptance/CreditCardNon3DSAuthorizationAndPostprocessingHappyPathSg.feature" name="CreditCardNon3DSAuthorizationAndPostprocessingHappyPathSg: refund" feature="refund" assertions="6" time="29.604514"/>
    <testcase file="/home/travis/build/wirecard/paymentSDK-php/tests/acceptance/CreditCardNon3DSAuthorizationAndPostprocessingHappyPathSg.feature" name="CreditCardNon3DSAuthorizationAndPostprocessingHappyPathSg: cancel" feature="cancel" assertions="4" time="22.603774"/>
    <testcase file="/home/travis/build/wirecard/paymentSDK-php/tests/acceptance/CreditCardNon3DSPurchaseAndPostprocessingHappyPathSg.feature" name="CreditCardNon3DSPurchaseAndPostprocessingHappyPathSg: purchase" feature="purchase" assertions="3" time="14.955220"/>
    <testcase file="/home/travis/build/wirecard/paymentSDK-php/tests/acceptance/CreditCardNon3DSPurchaseAndPostprocessingHappyPathSg.feature" name="CreditCardNon3DSPurchaseAndPostprocessingHappyPathSg: refund" feature="refund" assertions="0" time="68.245589">
      <error type="Facebook\WebDriver\Exception\WebDriverCurlException">CreditCardNon3DSPurchaseAndPostprocessingHappyPathSg: refund
Facebook\WebDriver\Exception\WebDriverCurlException: Curl error thrown for http POST to /session/1fbb626d7aa54ddf4a40dd21af6a81d7dff53f23/elements with params: {"using":"xpath","value":".\/\/*[self::input | self::textarea | self::select][@name = \"\/\/*[@id='amount']\"]"}

Connection timed out after 60001 milliseconds

/home/travis/build/wirecard/paymentSDK-php/vendor/facebook/webdriver/lib/Remote/HttpCommandExecutor.php:297
/home/travis/build/wirecard/paymentSDK-php/vendor/facebook/webdriver/lib/Remote/RemoteWebDriver.php:565
/home/travis/build/wirecard/paymentSDK-php/vendor/facebook/webdriver/lib/Remote/RemoteWebDriver.php:223
/home/travis/build/wirecard/paymentSDK-php/vendor/codeception/codeception/src/Codeception/Module/WebDriver.php:1091
/home/travis/build/wirecard/paymentSDK-php/vendor/codeception/codeception/src/Codeception/Module/WebDriver.php:1112
/home/travis/build/wirecard/paymentSDK-php/vendor/codeception/codeception/src/Codeception/Module/WebDriver.php:1655
/home/travis/build/wirecard/paymentSDK-php/vendor/codeception/codeception/src/Codeception/Step.php:265
/home/travis/build/wirecard/paymentSDK-php/vendor/codeception/codeception/src/Codeception/Scenario.php:72
/home/travis/build/wirecard/paymentSDK-php/tests/_support/_generated/AcceptanceTesterActions.php:1483
/home/travis/build/wirecard/paymentSDK-php/tests/_support/AcceptanceTester.php:209
/home/travis/build/wirecard/paymentSDK-php/vendor/codeception/codeception/src/Codeception/Test/Gherkin.php:142
/home/travis/build/wirecard/paymentSDK-php/vendor/codeception/codeception/src/Codeception/Test/Gherkin.php:83
/home/travis/build/wirecard/paymentSDK-php/vendor/codeception/codeception/src/Codeception/Test/Test.php:89
/home/travis/build/wirecard/paymentSDK-php/vendor/codeception/phpunit-wrapper/src/Runner.php:110
/home/travis/build/wirecard/paymentSDK-php/vendor/codeception/codeception/src/Codeception/SuiteManager.php:158
/home/travis/build/wirecard/paymentSDK-php/vendor/codeception/codeception/src/Codeception/Codecept.php:192
/home/travis/build/wirecard/paymentSDK-php/vendor/codeception/codeception/src/Codeception/Codecept.php:159
/home/travis/build/wirecard/paymentSDK-php/vendor/codeception/codeception/src/Codeception/Command/Run.php:495
/home/travis/build/wirecard/paymentSDK-php/vendor/codeception/codeception/src/Codeception/Command/Run.php:390
/home/travis/build/wirecard/paymentSDK-php/vendor/symfony/console/Command/Command.php:255
/home/travis/build/wirecard/paymentSDK-php/vendor/symfony/console/Application.php:969
/home/travis/build/wirecard/paymentSDK-php/vendor/symfony/console/Application.php:255
/home/travis/build/wirecard/paymentSDK-php/vendor/symfony/console/Application.php:148
/home/travis/build/wirecard/paymentSDK-php/vendor/codeception/codeception/src/Codeception/Application.php:108
</error>
    </testcase>
    <testcase file="/home/travis/build/wirecard/paymentSDK-php/tests/acceptance/CreditCardNon3DSPurchaseHappyPathSg.feature" name="CreditCardNon3DSTokenizePurchaseHappyPathSg: purchase" feature="purchase" assertions="3" time="16.901051"/>
    <testcase file="/home/travis/build/wirecard/paymentSDK-php/tests/acceptance/CreditCardNon3DSPurchaseHappyPathSg.feature" name="CreditCardNon3DSTokenizePurchaseHappyPathSg: voidPurchase" feature="voidPurchase" assertions="4" time="22.595151"/>
  </testsuite>
</testsuites>
