<?xml version="1.0" encoding="UTF-8"?>
<testsuites>
  <testsuite name="acceptance (ci)" tests="17" assertions="49" errors="3" failures="1" skipped="0" time="1612.704440">
    <testcase file="/project/tests/acceptance/Alipay/AlipayCrossBorderInitialTransaction.feature" name="AlipayCrossBorderInitialTransaction: initial transaction | &quot;debit&quot;" feature="AlipayCrossBorderInitialTransaction" assertions="1" time="85.543060"/>
    <testcase file="/project/tests/acceptance/CreditCard/CreditCardInitialTransactionHappyPath.feature" name="CreditCardInitialTransactionHappyPath: initial transaction Non 3DS | &quot;reserve&quot;, &quot;20&quot;, &quot;authorization&quot;" feature="CreditCardInitialTransactionHappyPath" assertions="4" time="50.864560"/>
    <testcase file="/project/tests/acceptance/CreditCard/CreditCardInitialTransactionHappyPath.feature" name="CreditCardInitialTransactionHappyPath: initial transaction Non 3DS | &quot;pay&quot;, &quot;20&quot;, &quot;purchase&quot;" feature="CreditCardInitialTransactionHappyPath" assertions="4" time="96.191245"/>
    <testcase file="/project/tests/acceptance/CreditCard/CreditCardInitialTransactionHappyPath.feature" name="CreditCardInitialTransactionHappyPath: initial transaction 3DS | &quot;reserve&quot;, &quot;100&quot;, &quot;authorization&quot;" feature="CreditCardInitialTransactionHappyPath" assertions="4" time="61.456793"/>
    <testcase file="/project/tests/acceptance/CreditCard/CreditCardInitialTransactionHappyPath.feature" name="CreditCardInitialTransactionHappyPath: initial transaction 3DS | &quot;pay&quot;, &quot;100&quot;, &quot;purchase&quot;" feature="CreditCardInitialTransactionHappyPath" assertions="4" time="64.825793"/>
    <testcase file="/project/tests/acceptance/CreditCard/CreditCardOneClickInitialTransactionHappyPath.feature" name="CreditCardOneClickInitialTransactionHappyPath: initial transaction | &quot;reserve&quot;, &quot;100&quot;, &quot;authorization&quot;" feature="CreditCardOneClickInitialTransactionHappyPath" assertions="5" time="191.156884">
      <failure type="PHPUnit\Framework\ExpectationFailedException">CreditCardOneClickInitialTransactionHappyPath: initial transaction | "reserve", "100", "authorization"
Is IFrame loaded?
Failed asserting that null is not equal to null.

/project/tests/_support/_generated/AcceptanceTesterActions.php:3324
/project/tests/_support/Step/Acceptance/PaymentMethod/CreditCardStep.php:63
/project/tests/_support/Step/Acceptance/PaymentMethod/CreditCardOneClickStep.php:29
/project/tests/_support/AcceptanceTester.php:211
/repo/app.php:46
/repo/app.php:47
/repo/codecept:7
</failure>
    </testcase>
    <testcase file="/project/tests/acceptance/Eps/EpsInitialTransactionHappyPath.feature" name="EpsInitialTransactionHappyPath: initial transaction | &quot;debit&quot;, 20, &quot;debit&quot;" feature="EpsInitialTransactionHappyPath" assertions="3" time="91.428870"/>
    <testcase file="/project/tests/acceptance/GuaranteedInvoice/GuaranteedInvoiceInitialTransactionHappyPath.feature" name="GuaranteedInvoiceInitialTransactionHappyPath: initial transaction | &quot;reserve&quot;, &quot;authorization&quot;" feature="GuaranteedInvoiceInitialTransactionHappyPath" assertions="3" time="42.429303"/>
    <testcase file="/project/tests/acceptance/PayPal/PayPalInitialTransactionHappyPath.feature" name="PayPalInitialTransaction: initial transaction | &quot;pay&quot;, &quot;purchase&quot;" feature="PayPalInitialTransaction" assertions="1" time="161.580887">
      <error type="Facebook\WebDriver\Exception\NoSuchElementException">PayPalInitialTransaction: initial transaction | "pay", "purchase"
Facebook\WebDriver\Exception\NoSuchElementException: no such element: Unable to locate element: {"method":"xpath","selector":"//*[@id='acceptAllButton']"}
  (Session info: chrome=83.0.4103.61)
  (Driver info: chromedriver=83.0.4103.39 (ccbf011cb2d2b19b506d844400483861342c20cd-refs/branch-heads/4103@{#416}),platform=Windows NT 6.1.7601 SP1 x86_64) (WARNING: The server did not provide any stacktrace information)
Command duration or timeout: 29 milliseconds
For documentation on this error, please visit: http://seleniumhq.org/exceptions/no_such_element.html
Build info: version: '2.53.0', revision: '35ae25b', time: '2016-03-15 17:00:58'
System info: host: '199-7-165-226', ip: '199.7.165.226', os.name: 'windows', os.arch: 'x86', os.version: '6.1', java.version: '1.8.0_151'
Driver info: org.openqa.selenium.chrome.ChromeDriver
Capabilities [{mobileEmulationEnabled=false, timeouts={implicit=0, pageLoad=300000, script=30000}, hasTouchScreen=false, platform=XP, acceptSslCerts=false, goog:chromeOptions={debuggerAddress=localhost:1443}, acceptInsecureCerts=false, webStorageEnabled=true, browserName=chrome, takesScreenshot=true, javascriptEnabled=true, setWindowRect=true, unexpectedAlertBehaviour=ignore, applicationCacheEnabled=false, rotatable=false, networkConnectionEnabled=false, chrome={chromedriverVersion=83.0.4103.39 (ccbf011cb2d2b19b506d844400483861342c20cd-refs/branch-heads/4103@{#416}), userDataDir=C:\Windows\proxy\scoped_dir8084_464976898}, takesHeapSnapshot=true, pageLoadStrategy=normal, strictFileInteractability=false, databaseEnabled=false, handlesAlerts=true, version=83.0.4103.61, browserConnectionEnabled=false, proxy={}, nativeEvents=true, locationContextEnabled=true, cssSelectorsEnabled=true, webauthn:virtualAuthenticators=true}]
Session ID: 4b6a18e5286f83f4fe7360ce735a6cd0
*** Element info: {Using=xpath, value=//*[@id='acceptAllButton']}

/repo/vendor/php-webdriver/webdriver/lib/Exception/WebDriverException.php:163
/repo/vendor/php-webdriver/webdriver/lib/Remote/HttpCommandExecutor.php:376
/repo/vendor/php-webdriver/webdriver/lib/Remote/RemoteWebDriver.php:590
/repo/vendor/php-webdriver/webdriver/lib/Remote/RemoteWebDriver.php:214
/repo/vendor/php-webdriver/webdriver/lib/WebDriverExpectedCondition.php:176
/repo/vendor/php-webdriver/webdriver/lib/WebDriverExpectedCondition.php:422
/repo/vendor/php-webdriver/webdriver/lib/WebDriverWait.php:54
/project/tests/_support/_generated/AcceptanceTesterActions.php:2453
/project/tests/_support/Step/Acceptance/GenericStep.php:51
/project/tests/_support/Step/Acceptance/PaymentMethod/PayPalStep.php:40
/project/tests/_support/Step/Acceptance/PaymentMethod/PayPalStep.php:24
/project/tests/_support/AcceptanceTester.php:223
/repo/app.php:46
/repo/app.php:47
/repo/codecept:7
</error>
    </testcase>
    <testcase file="/project/tests/acceptance/PayPal/PayPalInitialTransactionHappyPath.feature" name="PayPalInitialTransaction: initial transaction | &quot;reserve&quot;, &quot;authorization&quot;" feature="PayPalInitialTransaction" assertions="1" time="165.590123">
      <error type="Facebook\WebDriver\Exception\NoSuchElementException">PayPalInitialTransaction: initial transaction | "reserve", "authorization"
Facebook\WebDriver\Exception\NoSuchElementException: no such element: Unable to locate element: {"method":"xpath","selector":"//*[@id='acceptAllButton']"}
  (Session info: chrome=83.0.4103.61)
  (Driver info: chromedriver=83.0.4103.39 (ccbf011cb2d2b19b506d844400483861342c20cd-refs/branch-heads/4103@{#416}),platform=Windows NT 10.0.19041 x86_64) (WARNING: The server did not provide any stacktrace information)
Command duration or timeout: 333 milliseconds
For documentation on this error, please visit: http://seleniumhq.org/exceptions/no_such_element.html
Build info: version: '2.53.0', revision: '35ae25b', time: '2016-03-15 17:00:58'
System info: host: '207-254-10-175', ip: '207.254.10.175', os.name: 'windows', os.arch: 'x86', os.version: '10.0', java.version: '1.8.0_181'
Driver info: org.openqa.selenium.chrome.ChromeDriver
Capabilities [{mobileEmulationEnabled=false, timeouts={implicit=0, pageLoad=300000, script=30000}, hasTouchScreen=false, platform=XP, acceptSslCerts=false, goog:chromeOptions={debuggerAddress=localhost:1707}, acceptInsecureCerts=false, webStorageEnabled=true, browserName=chrome, takesScreenshot=true, javascriptEnabled=true, setWindowRect=true, unexpectedAlertBehaviour=ignore, applicationCacheEnabled=false, rotatable=false, networkConnectionEnabled=false, chrome={chromedriverVersion=83.0.4103.39 (ccbf011cb2d2b19b506d844400483861342c20cd-refs/branch-heads/4103@{#416}), userDataDir=C:\Windows\proxy\scoped_dir5920_1501034757}, takesHeapSnapshot=true, pageLoadStrategy=normal, strictFileInteractability=false, databaseEnabled=false, handlesAlerts=true, version=83.0.4103.61, browserConnectionEnabled=false, proxy={}, nativeEvents=true, locationContextEnabled=true, cssSelectorsEnabled=true, webauthn:virtualAuthenticators=true}]
Session ID: 14a89cdb3d3a070841ba8bda5731377a
*** Element info: {Using=xpath, value=//*[@id='acceptAllButton']}

/repo/vendor/php-webdriver/webdriver/lib/Exception/WebDriverException.php:163
/repo/vendor/php-webdriver/webdriver/lib/Remote/HttpCommandExecutor.php:376
/repo/vendor/php-webdriver/webdriver/lib/Remote/RemoteWebDriver.php:590
/repo/vendor/php-webdriver/webdriver/lib/Remote/RemoteWebDriver.php:214
/repo/vendor/php-webdriver/webdriver/lib/WebDriverExpectedCondition.php:176
/repo/vendor/php-webdriver/webdriver/lib/WebDriverExpectedCondition.php:422
/repo/vendor/php-webdriver/webdriver/lib/WebDriverWait.php:54
/project/tests/_support/_generated/AcceptanceTesterActions.php:2453
/project/tests/_support/Step/Acceptance/GenericStep.php:51
/project/tests/_support/Step/Acceptance/PaymentMethod/PayPalStep.php:40
/project/tests/_support/Step/Acceptance/PaymentMethod/PayPalStep.php:24
/project/tests/_support/AcceptanceTester.php:223
/repo/app.php:46
/repo/app.php:47
/repo/codecept:7
</error>
    </testcase>
    <testcase file="/project/tests/acceptance/PaymentOnInvoicePaymentInAdvance/PaymentOnInvoicePaymentInAdvanceInitialTransactionHappyPath.feature" name="PaymentOnInvoice/PaymentInAdvanceInitialTransactionHappyPath: initial transaction | &quot;Payment On Invoice&quot;, 100, &quot;authorization&quot;" feature="PaymentOnInvoice/PaymentInAdvanceInitialTransactionHappyPath" assertions="3" time="35.954263"/>
    <testcase file="/project/tests/acceptance/PaymentOnInvoicePaymentInAdvance/PaymentOnInvoicePaymentInAdvanceInitialTransactionHappyPath.feature" name="PaymentOnInvoice/PaymentInAdvanceInitialTransactionHappyPath: initial transaction | &quot;Payment In Advance&quot;, 100, &quot;authorization&quot;" feature="PaymentOnInvoice/PaymentInAdvanceInitialTransactionHappyPath" assertions="3" time="34.961839"/>
    <testcase file="/project/tests/acceptance/SEPADirectDebit/SEPADirectDebitInitialTransactionHappyPath.feature" name="SEPADirectDebitInitialTransactionHappyPath: initial transaction | &quot;reserve&quot;, &quot;20&quot;, &quot;authorization&quot;" feature="SEPADirectDebitInitialTransactionHappyPath" assertions="3" time="37.842901"/>
    <testcase file="/project/tests/acceptance/SEPADirectDebit/SEPADirectDebitInitialTransactionHappyPath.feature" name="SEPADirectDebitInitialTransactionHappyPath: initial transaction | &quot;pay&quot;, &quot;20&quot;, &quot;debit&quot;" feature="SEPADirectDebitInitialTransactionHappyPath" assertions="3" time="29.300013"/>
    <testcase file="/project/tests/acceptance/Sofort/SofortInitialTransactionHappyPath.feature" name="SofortInitialTransaction: initial transaction | &quot;debit&quot;, &quot;debit&quot;" feature="SofortInitialTransaction" assertions="3" time="145.748711"/>
    <testcase file="/project/tests/acceptance/giropay/giropayInitialTransactionHappyPath.feature" name="giropayInitialTransaction: initial transaction | &quot;debit&quot;, &quot;debit&quot;" feature="giropayInitialTransaction" assertions="1" time="227.099677">
      <error type="Facebook\WebDriver\Exception\ScriptTimeoutException">giropayInitialTransaction: initial transaction | "debit", "debit"
Facebook\WebDriver\Exception\ScriptTimeoutException: timeout: Timed out receiving message from renderer: 200.000
  (Session info: chrome=83.0.4103.61)
  (Driver info: chromedriver=83.0.4103.39 (ccbf011cb2d2b19b506d844400483861342c20cd-refs/branch-heads/4103@{#416}),platform=Windows NT 6.2.9200 x86_64) (WARNING: The server did not provide any stacktrace information)
Command duration or timeout: 200.09 seconds
Build info: version: '2.53.0', revision: '35ae25b', time: '2016-03-15 17:00:58'
System info: host: '207-254-7-188', ip: '207.254.7.188', os.name: 'windows', os.arch: 'x86', os.version: '6.2', java.version: '1.8.0_181'
Driver info: org.openqa.selenium.chrome.ChromeDriver
Capabilities [{mobileEmulationEnabled=false, timeouts={implicit=0, pageLoad=300000, script=30000}, hasTouchScreen=false, platform=XP, acceptSslCerts=false, goog:chromeOptions={debuggerAddress=localhost:1386}, acceptInsecureCerts=false, webStorageEnabled=true, browserName=chrome, takesScreenshot=true, javascriptEnabled=true, setWindowRect=true, unexpectedAlertBehaviour=ignore, applicationCacheEnabled=false, rotatable=false, networkConnectionEnabled=false, chrome={chromedriverVersion=83.0.4103.39 (ccbf011cb2d2b19b506d844400483861342c20cd-refs/branch-heads/4103@{#416}), userDataDir=C:\Windows\proxy\scoped_dir3036_784378080}, takesHeapSnapshot=true, pageLoadStrategy=normal, strictFileInteractability=false, databaseEnabled=false, handlesAlerts=true, version=83.0.4103.61, browserConnectionEnabled=false, proxy={}, nativeEvents=true, locationContextEnabled=true, cssSelectorsEnabled=true, webauthn:virtualAuthenticators=true}]
Session ID: 14e72e163fe96027dd5afbfca8c9fa46

/repo/vendor/php-webdriver/webdriver/lib/Exception/WebDriverException.php:205
/repo/vendor/php-webdriver/webdriver/lib/Remote/HttpCommandExecutor.php:376
/repo/vendor/php-webdriver/webdriver/lib/Remote/RemoteWebDriver.php:590
/repo/vendor/php-webdriver/webdriver/lib/Remote/RemoteExecuteMethod.php:27
/repo/vendor/php-webdriver/webdriver/lib/Remote/RemoteWebElement.php:74
/project/tests/_support/_generated/AcceptanceTesterActions.php:628
/project/tests/_support/Step/Acceptance/GenericStep.php:52
/project/tests/_support/Step/Acceptance/PaymentMethod/GiropayStep.php:34
/project/tests/_support/AcceptanceTester.php:223
/repo/app.php:46
/repo/app.php:47
/repo/codecept:7
</error>
    </testcase>
    <testcase file="/project/tests/acceptance/iDEAL/IdealInitialTransactionHappyPath.feature" name="iDealInitialTransaction: initial transaction | &quot;debit&quot;, &quot;debit&quot;" feature="iDealInitialTransaction" assertions="3" time="90.729518"/>
  </testsuite>
</testsuites>
