<?xml version="1.0" encoding="UTF-8"?>
<testsuites>
  <testsuite name="acceptance (ci)" tests="7" assertions="21" errors="2" failures="0" skipped="0" time="531.363812">
    <testcase file="/project/tests/acceptance/CreditCard/CreditCardInitialTransactionHappyPath.feature" name="CreditCardInitialTransactionHappyPath: initial transaction Non 3DS | &quot;reserve&quot;, &quot;20&quot;, &quot;authorization&quot;" feature="CreditCardInitialTransactionHappyPath" assertions="3" time="47.497309"/>
    <testcase file="/project/tests/acceptance/CreditCard/CreditCardInitialTransactionHappyPath.feature" name="CreditCardInitialTransactionHappyPath: initial transaction Non 3DS | &quot;pay&quot;, &quot;20&quot;, &quot;purchase&quot;" feature="CreditCardInitialTransactionHappyPath" assertions="3" time="40.962024"/>
    <testcase file="/project/tests/acceptance/CreditCard/CreditCardInitialTransactionHappyPath.feature" name="CreditCardInitialTransactionHappyPath: initial transaction 3DS | &quot;reserve&quot;, &quot;100&quot;, &quot;authorization&quot;" feature="CreditCardInitialTransactionHappyPath" assertions="3" time="53.841551"/>
    <testcase file="/project/tests/acceptance/CreditCard/CreditCardInitialTransactionHappyPath.feature" name="CreditCardInitialTransactionHappyPath: initial transaction 3DS | &quot;pay&quot;, &quot;100&quot;, &quot;purchase&quot;" feature="CreditCardInitialTransactionHappyPath" assertions="3" time="49.086995"/>
    <testcase file="/project/tests/acceptance/CreditCard/CreditCardOneClickInitialTransactionHappyPath.feature" name="CreditCardOneClickInitialTransactionHappyPath: initial transaction | &quot;reserve&quot;, &quot;100&quot;, &quot;authorization&quot;" feature="CreditCardOneClickInitialTransactionHappyPath" assertions="7" time="92.864390"/>
    <testcase file="/project/tests/acceptance/PayPal/PayPalInitialTransactionHappyPath.feature" name="PayPalInitialTransaction: initial transaction | &quot;pay&quot;, &quot;purchase&quot;" feature="PayPalInitialTransaction" assertions="1" time="123.214274">
      <error type="Facebook\WebDriver\Exception\NoSuchElementException">PayPalInitialTransaction: initial transaction | "pay", "purchase"
Facebook\WebDriver\Exception\NoSuchElementException: no such element: Unable to locate element: {"method":"xpath","selector":"//*[@id='email']"}
  (Session info: chrome=83.0.4103.61)
  (Driver info: chromedriver=83.0.4103.39 (ccbf011cb2d2b19b506d844400483861342c20cd-refs/branch-heads/4103@{#416}),platform=Windows NT 6.3.9600 x86_64) (WARNING: The server did not provide any stacktrace information)
Command duration or timeout: 23 milliseconds
For documentation on this error, please visit: http://seleniumhq.org/exceptions/no_such_element.html
Build info: version: '2.53.0', revision: '35ae25b', time: '2016-03-15 17:00:58'
System info: host: '207-254-11-65', ip: '207.254.11.65', os.name: 'windows', os.arch: 'x86', os.version: '6.3', java.version: '1.8.0_181'
Driver info: org.openqa.selenium.chrome.ChromeDriver
Capabilities [{mobileEmulationEnabled=false, timeouts={implicit=0, pageLoad=300000, script=30000}, hasTouchScreen=false, platform=XP, acceptSslCerts=false, goog:chromeOptions={debuggerAddress=localhost:1515}, acceptInsecureCerts=false, webStorageEnabled=true, browserName=chrome, takesScreenshot=true, javascriptEnabled=true, setWindowRect=true, unexpectedAlertBehaviour=ignore, applicationCacheEnabled=false, rotatable=false, networkConnectionEnabled=false, chrome={chromedriverVersion=83.0.4103.39 (ccbf011cb2d2b19b506d844400483861342c20cd-refs/branch-heads/4103@{#416}), userDataDir=C:\Windows\proxy\scoped_dir2328_1903635439}, takesHeapSnapshot=true, pageLoadStrategy=normal, strictFileInteractability=false, databaseEnabled=false, handlesAlerts=true, version=83.0.4103.61, browserConnectionEnabled=false, proxy={}, nativeEvents=true, locationContextEnabled=true, cssSelectorsEnabled=true, webauthn:virtualAuthenticators=true}]
Session ID: 4b16ed6fd7d1e8611cd941edcc86ec2d
*** Element info: {Using=xpath, value=//*[@id='email']}

/repo/vendor/php-webdriver/webdriver/lib/Exception/WebDriverException.php:163
/repo/vendor/php-webdriver/webdriver/lib/Remote/HttpCommandExecutor.php:376
/repo/vendor/php-webdriver/webdriver/lib/Remote/RemoteWebDriver.php:590
/repo/vendor/php-webdriver/webdriver/lib/Remote/RemoteWebDriver.php:214
/repo/vendor/php-webdriver/webdriver/lib/WebDriverExpectedCondition.php:176
/repo/vendor/php-webdriver/webdriver/lib/WebDriverWait.php:54
/project/tests/_support/_generated/AcceptanceTesterActions.php:2408
/project/tests/_support/Step/Acceptance/GenericStep.php:40
/project/tests/_support/Step/Acceptance/PaymentMethod/PayPalStep.php:41
/project/tests/_support/Step/Acceptance/PaymentMethod/PayPalStep.php:24
/project/tests/_support/AcceptanceTester.php:218
/repo/app.php:46
/repo/app.php:47
/repo/codecept:7
</error>
    </testcase>
    <testcase file="/project/tests/acceptance/PayPal/PayPalInitialTransactionHappyPath.feature" name="PayPalInitialTransaction: initial transaction | &quot;reserve&quot;, &quot;authorization&quot;" feature="PayPalInitialTransaction" assertions="1" time="123.897269">
      <error type="Facebook\WebDriver\Exception\NoSuchElementException">PayPalInitialTransaction: initial transaction | "reserve", "authorization"
Facebook\WebDriver\Exception\NoSuchElementException: no such element: Unable to locate element: {"method":"xpath","selector":"//*[@id='email']"}
  (Session info: chrome=83.0.4103.61)
  (Driver info: chromedriver=83.0.4103.39 (ccbf011cb2d2b19b506d844400483861342c20cd-refs/branch-heads/4103@{#416}),platform=Windows NT 6.1.7601 SP1 x86_64) (WARNING: The server did not provide any stacktrace information)
Command duration or timeout: 14 milliseconds
For documentation on this error, please visit: http://seleniumhq.org/exceptions/no_such_element.html
Build info: version: '2.53.0', revision: '35ae25b', time: '2016-03-15 17:00:58'
System info: host: '199-7-164-143', ip: '199.7.164.143', os.name: 'windows', os.arch: 'x86', os.version: '6.1', java.version: '1.8.0_151'
Driver info: org.openqa.selenium.chrome.ChromeDriver
Capabilities [{mobileEmulationEnabled=false, timeouts={implicit=0, pageLoad=300000, script=30000}, hasTouchScreen=false, platform=XP, acceptSslCerts=false, goog:chromeOptions={debuggerAddress=localhost:1463}, acceptInsecureCerts=false, webStorageEnabled=true, browserName=chrome, takesScreenshot=true, javascriptEnabled=true, setWindowRect=true, unexpectedAlertBehaviour=ignore, applicationCacheEnabled=false, rotatable=false, networkConnectionEnabled=false, chrome={chromedriverVersion=83.0.4103.39 (ccbf011cb2d2b19b506d844400483861342c20cd-refs/branch-heads/4103@{#416}), userDataDir=C:\Windows\proxy\scoped_dir4344_1359806721}, takesHeapSnapshot=true, pageLoadStrategy=normal, strictFileInteractability=false, databaseEnabled=false, handlesAlerts=true, version=83.0.4103.61, browserConnectionEnabled=false, proxy={}, nativeEvents=true, locationContextEnabled=true, cssSelectorsEnabled=true, webauthn:virtualAuthenticators=true}]
Session ID: 884dda8e6fe3034096754a6535a926f1
*** Element info: {Using=xpath, value=//*[@id='email']}

/repo/vendor/php-webdriver/webdriver/lib/Exception/WebDriverException.php:163
/repo/vendor/php-webdriver/webdriver/lib/Remote/HttpCommandExecutor.php:376
/repo/vendor/php-webdriver/webdriver/lib/Remote/RemoteWebDriver.php:590
/repo/vendor/php-webdriver/webdriver/lib/Remote/RemoteWebDriver.php:214
/repo/vendor/php-webdriver/webdriver/lib/WebDriverExpectedCondition.php:176
/repo/vendor/php-webdriver/webdriver/lib/WebDriverWait.php:54
/project/tests/_support/_generated/AcceptanceTesterActions.php:2408
/project/tests/_support/Step/Acceptance/GenericStep.php:40
/project/tests/_support/Step/Acceptance/PaymentMethod/PayPalStep.php:41
/project/tests/_support/Step/Acceptance/PaymentMethod/PayPalStep.php:24
/project/tests/_support/AcceptanceTester.php:218
/repo/app.php:46
/repo/app.php:47
/repo/codecept:7
</error>
    </testcase>
  </testsuite>
</testsuites>
