<?xml version="1.0" encoding="UTF-8"?>
<testsuites name="Mocha Tests" time="649.578" tests="13" failures="2">
  <testsuite name="Root Suite" timestamp="2019-10-04T11:12:42" tests="0" failures="0" time="0">
  </testsuite>
  <testsuite name="Payment in Advance test" timestamp="2019-10-04T11:12:42" tests="1" file="/home/travis/shopware/custom/plugins/WirecardElasticEngine/Tests/Selenium/Payments/PiaTest.js" failures="0" time="67.107">
    <testcase name="Payment in Advance test should check the pia payment process" time="67.107" classname="should check the pia payment process">
    </testcase>
  </testsuite>
  <testsuite name="Credit Card test" timestamp="2019-10-04T11:13:55" tests="1" file="/home/travis/shopware/custom/plugins/WirecardElasticEngine/Tests/Selenium/Payments/CreditCardTest.js" failures="0" time="35.542">
    <testcase name="Credit Card test should check the credit card payment process" time="35.542" classname="should check the credit card payment process">
    </testcase>
  </testsuite>
  <testsuite name="Credit Card One-Click Checkout test (NOTE: has requirements)" timestamp="2019-10-04T11:14:37" tests="1" file="/home/travis/shopware/custom/plugins/WirecardElasticEngine/Tests/Selenium/Payments/CreditCardOneClickTest.js" failures="0" time="22.761">
    <testcase name="Credit Card One-Click Checkout test (NOTE: has requirements) should check the credit card one-click payment process" time="22.761" classname="should check the credit card one-click payment process">
    </testcase>
  </testsuite>
  <testsuite name="SEPA Direct Debit test" timestamp="2019-10-04T11:15:09" tests="1" file="/home/travis/shopware/custom/plugins/WirecardElasticEngine/Tests/Selenium/Payments/SepaTest.js" failures="0" time="33.268">
    <testcase name="SEPA Direct Debit test should check the sepa payment process" time="33.268" classname="should check the sepa payment process">
    </testcase>
  </testsuite>
  <testsuite name="Sofort. test" timestamp="2019-10-04T11:16:03" tests="1" file="/home/travis/shopware/custom/plugins/WirecardElasticEngine/Tests/Selenium/Payments/SofortTest.js" failures="0" time="60.604">
    <testcase name="Sofort. test should check the sofort payment process" time="60.604" classname="should check the sofort payment process">
    </testcase>
  </testsuite>
  <testsuite name="Payment on Invoice test" timestamp="2019-10-04T11:17:11" tests="1" file="/home/travis/shopware/custom/plugins/WirecardElasticEngine/Tests/Selenium/Payments/PoiTest.js" failures="0" time="24.482">
    <testcase name="Payment on Invoice test should check the poi payment process" time="24.482" classname="should check the poi payment process">
    </testcase>
  </testsuite>
  <testsuite name="UnionPay International test" timestamp="2019-10-04T11:17:43" tests="1" file="/home/travis/shopware/custom/plugins/WirecardElasticEngine/Tests/Selenium/Payments/UpiTest.js" failures="0" time="31.268">
    <testcase name="UnionPay International test should check the unionpay international payment process" time="31.268" classname="should check the unionpay international payment process">
    </testcase>
  </testsuite>
  <testsuite name="Alipay Cross-border test" timestamp="2019-10-04T11:18:26" tests="1" file="/home/travis/shopware/custom/plugins/WirecardElasticEngine/Tests/Selenium/Payments/AlipayTest.js" failures="0" time="33.409">
    <testcase name="Alipay Cross-border test should check the alipay crossborder payment process" time="33.409" classname="should check the alipay crossborder payment process">
    </testcase>
  </testsuite>
  <testsuite name="PayPal test" timestamp="2019-10-04T11:19:07" tests="1" file="/home/travis/shopware/custom/plugins/WirecardElasticEngine/Tests/Selenium/Payments/PaypalTest.js" failures="0" time="70.3">
    <testcase name="PayPal test should check the paypal payment process" time="70.3" classname="should check the paypal payment process">
    </testcase>
  </testsuite>
  <testsuite name="iDEAL test" timestamp="2019-10-04T11:20:25" tests="1" file="/home/travis/shopware/custom/plugins/WirecardElasticEngine/Tests/Selenium/Payments/IdealTest.js" failures="1" time="67.481">
    <testcase name="iDEAL test should check the ideal payment process" time="67.481" classname="should check the ideal payment process">
      <failure message="Waiting for element to be located By(css selector, .teaser--btn-print)
Wait timed out after 30233ms" type="TimeoutError"><![CDATA[TimeoutError: Waiting for element to be located By(css selector, .teaser--btn-print)
Wait timed out after 30233ms
    at /home/travis/shopware/custom/plugins/WirecardElasticEngine/node_modules/selenium-webdriver/lib/webdriver.js:841:17
    at <anonymous>
    at process._tickCallback (internal/process/next_tick.js:188:7)]]></failure>
    </testcase>
  </testsuite>
  <testsuite name="Guaranteed Invoice by Wirecard test" timestamp="2019-10-04T11:21:41" tests="1" file="/home/travis/shopware/custom/plugins/WirecardElasticEngine/Tests/Selenium/Payments/RatepayTest.js" failures="1" time="65.211">
    <testcase name="Guaranteed Invoice by Wirecard test should check the ratepay invoice process" time="65.211" classname="should check the ratepay invoice process">
      <failure message="Waiting for element to be located By(css selector, .teaser--btn-print)
Wait timed out after 31528ms" type="TimeoutError"><![CDATA[TimeoutError: Waiting for element to be located By(css selector, .teaser--btn-print)
Wait timed out after 31528ms
    at /home/travis/shopware/custom/plugins/WirecardElasticEngine/node_modules/selenium-webdriver/lib/webdriver.js:841:17
    at <anonymous>
    at process._tickCallback (internal/process/next_tick.js:188:7)]]></failure>
    </testcase>
  </testsuite>
  <testsuite name="default test" timestamp="2019-10-04T11:22:54" tests="1" file="/home/travis/shopware/custom/plugins/WirecardElasticEngine/Tests/Selenium/Payments/DefaultTest.js" failures="0" time="31.515">
    <testcase name="default test should check the default checkout" time="31.515" classname="should check the default checkout">
    </testcase>
  </testsuite>
  <testsuite name="Credit Card 3-D Secure test" timestamp="2019-10-04T11:23:32" tests="1" file="/home/travis/shopware/custom/plugins/WirecardElasticEngine/Tests/Selenium/Payments/CreditCardThreeDTest.js" failures="0" time="106.63">
    <testcase name="Credit Card 3-D Secure test should check the credit card 3ds payment process" time="106.63" classname="should check the credit card 3ds payment process">
    </testcase>
  </testsuite>
</testsuites>