<?xml version="1.0" encoding="UTF-8"?>
<testsuites name="Mocha Tests" time="510.678" tests="13" failures="12">
  <testsuite name="Root Suite" timestamp="2019-08-16T09:59:05" tests="0" failures="0" time="0">
  </testsuite>
  <testsuite name="Payment in Advance test" timestamp="2019-08-16T09:59:05" tests="1" file="/home/travis/shopware/custom/plugins/WirecardElasticEngine/Tests/Selenium/Payments/PiaTest.js" failures="1" time="66.126">
    <testcase name="Payment in Advance test should check the pia payment process" time="66.126" classname="should check the pia payment process">
      <failure message="expected &apos;Bestellnummer: 20003\nTransaktionsnummer: afde6486-efa5-4b82-87f3-412225c29e53\nGewählte Zahlungsart: Wirecard Vorkasse\nVersandart: Versandkosten nach Gewicht&apos; to include &apos;FAIL&apos;" type="AssertionError"><![CDATA[AssertionError: expected 'Bestellnummer: 20003\nTransaktionsnummer: afde6486-efa5-4b82-87f3-412225c29e53\nGewählte Zahlungsart: Wirecard Vorkasse\nVersandart: Versandkosten nach Gewicht' to include 'FAIL'
    at exports.checkConfirmationPage (Tests/Selenium/common.js:93:31)
    at <anonymous>
    at process._tickCallback (internal/process/next_tick.js:188:7)]]></failure>
    </testcase>
  </testsuite>
  <testsuite name="Credit Card test" timestamp="2019-08-16T10:00:19" tests="1" file="/home/travis/shopware/custom/plugins/WirecardElasticEngine/Tests/Selenium/Payments/CreditCardTest.js" failures="1" time="41.23">
    <testcase name="Credit Card test should check the credit card payment process" time="41.23" classname="should check the credit card payment process">
      <failure message="expected &apos;Bestellnummer: 20004\nTransaktionsnummer: e6482f91-0f1b-46eb-805e-f38e8493614d\nGewählte Zahlungsart: Wirecard Kreditkarte\nVersandart: Versandkosten nach Gewicht&apos; to include &apos;FAIL&apos;" type="AssertionError"><![CDATA[AssertionError: expected 'Bestellnummer: 20004\nTransaktionsnummer: e6482f91-0f1b-46eb-805e-f38e8493614d\nGewählte Zahlungsart: Wirecard Kreditkarte\nVersandart: Versandkosten nach Gewicht' to include 'FAIL'
    at exports.checkConfirmationPage (Tests/Selenium/common.js:93:31)
    at <anonymous>
    at process._tickCallback (internal/process/next_tick.js:188:7)]]></failure>
    </testcase>
  </testsuite>
  <testsuite name="Credit Card One-Click Checkout test (NOTE: has requirements)" timestamp="2019-08-16T10:01:14" tests="1" file="/home/travis/shopware/custom/plugins/WirecardElasticEngine/Tests/Selenium/Payments/CreditCardOneClickTest.js" failures="1" time="24.462">
    <testcase name="Credit Card One-Click Checkout test (NOTE: has requirements) should check the credit card one-click payment process" time="24.462" classname="should check the credit card one-click payment process">
      <failure message="expected &apos;Bestellnummer: 20005\nTransaktionsnummer: 9e106c9d-4f3a-4c0b-bc04-56fda6a3452a\nGewählte Zahlungsart: Wirecard Kreditkarte\nVersandart: Versandkosten nach Gewicht&apos; to include &apos;FAIL&apos;" type="AssertionError"><![CDATA[AssertionError: expected 'Bestellnummer: 20005\nTransaktionsnummer: 9e106c9d-4f3a-4c0b-bc04-56fda6a3452a\nGewählte Zahlungsart: Wirecard Kreditkarte\nVersandart: Versandkosten nach Gewicht' to include 'FAIL'
    at exports.checkConfirmationPage (Tests/Selenium/common.js:93:31)
    at <anonymous>
    at process._tickCallback (internal/process/next_tick.js:188:7)]]></failure>
    </testcase>
  </testsuite>
  <testsuite name="SEPA Direct Debit test" timestamp="2019-08-16T10:01:52" tests="1" file="/home/travis/shopware/custom/plugins/WirecardElasticEngine/Tests/Selenium/Payments/SepaTest.js" failures="1" time="25.94">
    <testcase name="SEPA Direct Debit test should check the sepa payment process" time="25.94" classname="should check the sepa payment process">
      <failure message="expected &apos;Bestellnummer: 20006\nTransaktionsnummer: f3e1cecd-994d-4f19-99bb-790a2543d59a\nGewählte Zahlungsart: Wirecard SEPA-Lastschrift\nVersandart: Versandkosten nach Gewicht&apos; to include &apos;FAIL&apos;" type="AssertionError"><![CDATA[AssertionError: expected 'Bestellnummer: 20006\nTransaktionsnummer: f3e1cecd-994d-4f19-99bb-790a2543d59a\nGewählte Zahlungsart: Wirecard SEPA-Lastschrift\nVersandart: Versandkosten nach Gewicht' to include 'FAIL'
    at exports.checkConfirmationPage (Tests/Selenium/common.js:93:31)
    at <anonymous>
    at process._tickCallback (internal/process/next_tick.js:188:7)]]></failure>
    </testcase>
  </testsuite>
  <testsuite name="Sofort. test" timestamp="2019-08-16T10:02:26" tests="1" file="/home/travis/shopware/custom/plugins/WirecardElasticEngine/Tests/Selenium/Payments/SofortTest.js" failures="1" time="56.992">
    <testcase name="Sofort. test should check the sofort payment process" time="56.992" classname="should check the sofort payment process">
      <failure message="expected &apos;Bestellnummer: 20007\nTransaktionsnummer: 4f3a5529-310d-4b06-9f8e-20aea6b433f2\nGewählte Zahlungsart: Wirecard Sofort.\nVersandart: Versandkosten nach Gewicht&apos; to include &apos;FAIL&apos;" type="AssertionError"><![CDATA[AssertionError: expected 'Bestellnummer: 20007\nTransaktionsnummer: 4f3a5529-310d-4b06-9f8e-20aea6b433f2\nGewählte Zahlungsart: Wirecard Sofort.\nVersandart: Versandkosten nach Gewicht' to include 'FAIL'
    at exports.checkConfirmationPage (Tests/Selenium/common.js:93:31)
    at <anonymous>
    at process._tickCallback (internal/process/next_tick.js:188:7)]]></failure>
    </testcase>
  </testsuite>
  <testsuite name="Payment on Invoice test" timestamp="2019-08-16T10:03:30" tests="1" file="/home/travis/shopware/custom/plugins/WirecardElasticEngine/Tests/Selenium/Payments/PoiTest.js" failures="1" time="23.146">
    <testcase name="Payment on Invoice test should check the poi payment process" time="23.146" classname="should check the poi payment process">
      <failure message="expected &apos;Bestellnummer: 20008\nTransaktionsnummer: 6d37e1a5-7603-4757-b2ee-91ee7de66615\nGewählte Zahlungsart: Wirecard Kauf auf Rechnung\nVersandart: Versandkosten nach Gewicht&apos; to include &apos;FAIL&apos;" type="AssertionError"><![CDATA[AssertionError: expected 'Bestellnummer: 20008\nTransaktionsnummer: 6d37e1a5-7603-4757-b2ee-91ee7de66615\nGewählte Zahlungsart: Wirecard Kauf auf Rechnung\nVersandart: Versandkosten nach Gewicht' to include 'FAIL'
    at exports.checkConfirmationPage (Tests/Selenium/common.js:93:31)
    at <anonymous>
    at process._tickCallback (internal/process/next_tick.js:188:7)]]></failure>
    </testcase>
  </testsuite>
  <testsuite name="UnionPay International test" timestamp="2019-08-16T10:04:04" tests="1" file="/home/travis/shopware/custom/plugins/WirecardElasticEngine/Tests/Selenium/Payments/UpiTest.js" failures="1" time="28.761">
    <testcase name="UnionPay International test should check the unionpay international payment process" time="28.761" classname="should check the unionpay international payment process">
      <failure message="expected &apos;Bestellnummer: 20009\nTransaktionsnummer: b0f45365-d288-4829-8d77-e86e19548a98\nGewählte Zahlungsart: Wirecard UnionPay International\nVersandart: Versandkosten nach Gewicht&apos; to include &apos;FAIL&apos;" type="AssertionError"><![CDATA[AssertionError: expected 'Bestellnummer: 20009\nTransaktionsnummer: b0f45365-d288-4829-8d77-e86e19548a98\nGewählte Zahlungsart: Wirecard UnionPay International\nVersandart: Versandkosten nach Gewicht' to include 'FAIL'
    at exports.checkConfirmationPage (Tests/Selenium/common.js:93:31)
    at <anonymous>
    at process._tickCallback (internal/process/next_tick.js:188:7)]]></failure>
    </testcase>
  </testsuite>
  <testsuite name="Alipay Cross-border test" timestamp="2019-08-16T10:04:41" tests="1" file="/home/travis/shopware/custom/plugins/WirecardElasticEngine/Tests/Selenium/Payments/AlipayTest.js" failures="0" time="35.007">
    <testcase name="Alipay Cross-border test should check the alipay crossborder payment process" time="35.007" classname="should check the alipay crossborder payment process">
    </testcase>
  </testsuite>
  <testsuite name="PayPal test" timestamp="2019-08-16T10:05:24" tests="1" file="/home/travis/shopware/custom/plugins/WirecardElasticEngine/Tests/Selenium/Payments/PaypalTest.js" failures="1" time="71.004">
    <testcase name="PayPal test should check the paypal payment process" time="71.004" classname="should check the paypal payment process">
      <failure message="expected &apos;Bestellnummer: 20010\nTransaktionsnummer: 12243d6a-888f-41c4-80bb-a760971f86f9\nGewählte Zahlungsart: Wirecard PayPal\nVersandart: Versandkosten nach Gewicht&apos; to include &apos;FAIL&apos;" type="AssertionError"><![CDATA[AssertionError: expected 'Bestellnummer: 20010\nTransaktionsnummer: 12243d6a-888f-41c4-80bb-a760971f86f9\nGewählte Zahlungsart: Wirecard PayPal\nVersandart: Versandkosten nach Gewicht' to include 'FAIL'
    at exports.checkConfirmationPage (Tests/Selenium/common.js:93:31)
    at <anonymous>
    at process._tickCallback (internal/process/next_tick.js:188:7)]]></failure>
    </testcase>
  </testsuite>
  <testsuite name="iDEAL test" timestamp="2019-08-16T10:06:42" tests="1" file="/home/travis/shopware/custom/plugins/WirecardElasticEngine/Tests/Selenium/Payments/IdealTest.js" failures="1" time="31.786">
    <testcase name="iDEAL test should check the ideal payment process" time="31.786" classname="should check the ideal payment process">
      <failure message="expected &apos;Bestellnummer: 20011\nTransaktionsnummer: 3b00146b-789b-47d1-8756-f33b3998fc68\nGewählte Zahlungsart: Wirecard iDEAL\nVersandart: Versandkosten nach Gewicht&apos; to include &apos;FAIL&apos;" type="AssertionError"><![CDATA[AssertionError: expected 'Bestellnummer: 20011\nTransaktionsnummer: 3b00146b-789b-47d1-8756-f33b3998fc68\nGewählte Zahlungsart: Wirecard iDEAL\nVersandart: Versandkosten nach Gewicht' to include 'FAIL'
    at exports.checkConfirmationPage (Tests/Selenium/common.js:93:31)
    at <anonymous>
    at process._tickCallback (internal/process/next_tick.js:188:7)]]></failure>
    </testcase>
  </testsuite>
  <testsuite name="Guaranteed Invoice by Wirecard test" timestamp="2019-08-16T10:07:27" tests="1" file="/home/travis/shopware/custom/plugins/WirecardElasticEngine/Tests/Selenium/Payments/RatepayTest.js" failures="1" time="31.994">
    <testcase name="Guaranteed Invoice by Wirecard test should check the ratepay invoice process" time="31.994" classname="should check the ratepay invoice process">
      <failure message="expected &apos;Bestellnummer: 20012\nTransaktionsnummer: b0fc2b1a-6232-47cd-9166-194883f14957\nGewählte Zahlungsart: Wirecard Garantierter Kauf auf Rechnung\nVersandart: Versandkosten nach Gewicht&apos; to include &apos;FAIL&apos;" type="AssertionError"><![CDATA[AssertionError: expected 'Bestellnummer: 20012\nTransaktionsnummer: b0fc2b1a-6232-47cd-9166-194883f14957\nGewählte Zahlungsart: Wirecard Garantierter Kauf auf Rechnung\nVersandart: Versandkosten nach Gewicht' to include 'FAIL'
    at exports.checkConfirmationPage (Tests/Selenium/common.js:93:31)
    at <anonymous>
    at process._tickCallback (internal/process/next_tick.js:188:7)]]></failure>
    </testcase>
  </testsuite>
  <testsuite name="default test" timestamp="2019-08-16T10:08:14" tests="1" file="/home/travis/shopware/custom/plugins/WirecardElasticEngine/Tests/Selenium/Payments/DefaultTest.js" failures="1" time="16.261">
    <testcase name="default test should check the default checkout" time="16.261" classname="should check the default checkout">
      <failure message="expected &apos;Bestellnummer: 20013\nGewählte Zahlungsart: Vorkasse\nVersandart: Standard Versand&apos; to include &apos;FAIL&apos;" type="AssertionError"><![CDATA[AssertionError: expected 'Bestellnummer: 20013\nGewählte Zahlungsart: Vorkasse\nVersandart: Standard Versand' to include 'FAIL'
    at exports.checkConfirmationPage (Tests/Selenium/common.js:93:31)
    at <anonymous>
    at process._tickCallback (internal/process/next_tick.js:188:7)]]></failure>
    </testcase>
  </testsuite>
  <testsuite name="Credit Card 3-D Secure test" timestamp="2019-08-16T10:08:38" tests="1" file="/home/travis/shopware/custom/plugins/WirecardElasticEngine/Tests/Selenium/Payments/CreditCardThreeDTest.js" failures="1" time="57.969">
    <testcase name="Credit Card 3-D Secure test should check the credit card 3ds payment process" time="57.969" classname="should check the credit card 3ds payment process">
      <failure message="no such element: Unable to locate element: {&quot;method&quot;:&quot;xpath&quot;,&quot;selector&quot;:&quot;//button[@form=&quot;confirm--form&quot;]&quot;}
  (Session info: chrome=72.0.3626.109)
  (Driver info: chromedriver=2.45.615291 (ec3682e3c9061c10f26ea9e5cdcf3c53f3f74387),platform=Windows NT 10.0.18362 x86_64) (WARNING: The server did not provide any stacktrace information)
Command duration or timeout: 34 milliseconds
For documentation on this error, please visit: http://seleniumhq.org/exceptions/no_such_element.html
Build info: version: &apos;2.53.0&apos;, revision: &apos;35ae25b&apos;, time: &apos;2016-03-15 17:00:58&apos;
System info: host: &apos;207-254-11-18&apos;, ip: &apos;207.254.11.18&apos;, os.name: &apos;windows&apos;, os.arch: &apos;x86&apos;, os.version: &apos;10.0&apos;, java.version: &apos;1.8.0_181&apos;
Driver info: org.openqa.selenium.chrome.ChromeDriver
Capabilities [{mobileEmulationEnabled=false, timeouts={implicit=0, pageLoad=300000, script=30000}, hasTouchScreen=false, platform=XP, acceptSslCerts=false, goog:chromeOptions={debuggerAddress=localhost:3949}, acceptInsecureCerts=false, webStorageEnabled=true, browserName=chrome, takesScreenshot=true, javascriptEnabled=true, setWindowRect=true, unexpectedAlertBehaviour=ignore, applicationCacheEnabled=false, rotatable=false, networkConnectionEnabled=false, chrome={chromedriverVersion=2.45.615291 (ec3682e3c9061c10f26ea9e5cdcf3c53f3f74387), userDataDir=C:\Windows\proxy\scoped_dir13752_8720}, takesHeapSnapshot=true, pageLoadStrategy=normal, strictFileInteractability=false, databaseEnabled=false, handlesAlerts=true, version=72.0.3626.109, browserConnectionEnabled=false, proxy={}, nativeEvents=true, locationContextEnabled=true, cssSelectorsEnabled=true}]
Session ID: 79a090130897a855d9c623e01b4232f6
*** Element info: {Using=xpath, value=//button[@form=&quot;confirm--form&quot;]}" type="NoSuchElementError"><![CDATA[NoSuchElementError: no such element: Unable to locate element: {"method":"xpath","selector":"//button[@form="confirm--form"]"}
  (Session info: chrome=72.0.3626.109)
  (Driver info: chromedriver=2.45.615291 (ec3682e3c9061c10f26ea9e5cdcf3c53f3f74387),platform=Windows NT 10.0.18362 x86_64) (WARNING: The server did not provide any stacktrace information)
Command duration or timeout: 34 milliseconds
For documentation on this error, please visit: http://seleniumhq.org/exceptions/no_such_element.html
Build info: version: '2.53.0', revision: '35ae25b', time: '2016-03-15 17:00:58'
System info: host: '207-254-11-18', ip: '207.254.11.18', os.name: 'windows', os.arch: 'x86', os.version: '10.0', java.version: '1.8.0_181'
Driver info: org.openqa.selenium.chrome.ChromeDriver
Capabilities [{mobileEmulationEnabled=false, timeouts={implicit=0, pageLoad=300000, script=30000}, hasTouchScreen=false, platform=XP, acceptSslCerts=false, goog:chromeOptions={debuggerAddress=localhost:3949}, acceptInsecureCerts=false, webStorageEnabled=true, browserName=chrome, takesScreenshot=true, javascriptEnabled=true, setWindowRect=true, unexpectedAlertBehaviour=ignore, applicationCacheEnabled=false, rotatable=false, networkConnectionEnabled=false, chrome={chromedriverVersion=2.45.615291 (ec3682e3c9061c10f26ea9e5cdcf3c53f3f74387), userDataDir=C:\Windows\proxy\scoped_dir13752_8720}, takesHeapSnapshot=true, pageLoadStrategy=normal, strictFileInteractability=false, databaseEnabled=false, handlesAlerts=true, version=72.0.3626.109, browserConnectionEnabled=false, proxy={}, nativeEvents=true, locationContextEnabled=true, cssSelectorsEnabled=true}]
Session ID: 79a090130897a855d9c623e01b4232f6
*** Element info: {Using=xpath, value=//button[@form="confirm--form"]}
    at Object.checkLegacyResponse (node_modules/selenium-webdriver/lib/error.js:585:15)
    at parseHttpResponse (node_modules/selenium-webdriver/lib/http.js:551:13)
    at Executor.execute (node_modules/selenium-webdriver/lib/http.js:486:26)
    at <anonymous>
    at process._tickCallback (internal/process/next_tick.js:188:7)]]></failure>
    </testcase>
  </testsuite>
</testsuites>