<!doctype html>
<html lang="en"><head><meta charSet="utf-8"/><meta http-equiv="X-UA-Compatible" content="IE=edge"/><meta name="viewport" content="width=device-width, initial-scale=1"/><title>Mochawesome Report</title><link rel="stylesheet" href="assets/app.css"/></head><body data-raw="{&quot;stats&quot;:{&quot;suites&quot;:13,&quot;tests&quot;:13,&quot;passes&quot;:11,&quot;pending&quot;:0,&quot;failures&quot;:2,&quot;start&quot;:&quot;2020-08-04T13:47:12.133Z&quot;,&quot;end&quot;:&quot;2020-08-04T14:03:55.442Z&quot;,&quot;duration&quot;:1003309,&quot;testsRegistered&quot;:13,&quot;passPercent&quot;:84.61538461538461,&quot;pendingPercent&quot;:0,&quot;other&quot;:0,&quot;hasOther&quot;:false,&quot;skipped&quot;:0,&quot;hasSkipped&quot;:false},&quot;results&quot;:[{&quot;uuid&quot;:&quot;df2a0fc2-63ef-4777-b12e-be23e7487b33&quot;,&quot;title&quot;:&quot;&quot;,&quot;fullFile&quot;:&quot;&quot;,&quot;file&quot;:&quot;&quot;,&quot;beforeHooks&quot;:[],&quot;afterHooks&quot;:[],&quot;tests&quot;:[],&quot;suites&quot;:[{&quot;uuid&quot;:&quot;e5a17f0c-ffea-43c4-87b6-fcb2a1a230c2&quot;,&quot;title&quot;:&quot;Payment in Advance test&quot;,&quot;fullFile&quot;:&quot;/home/travis/shopware/custom/plugins/WirecardElasticEngine/Tests/Selenium/Payments/PiaTest.js&quot;,&quot;file&quot;:&quot;/Tests/Selenium/Payments/PiaTest.js&quot;,&quot;beforeHooks&quot;:[{&quot;title&quot;:&quot;\&quot;before all\&quot; hook&quot;,&quot;fullTitle&quot;:&quot;Payment in Advance test \&quot;before all\&quot; hook&quot;,&quot;timedOut&quot;:false,&quot;duration&quot;:14327,&quot;pass&quot;:false,&quot;fail&quot;:false,&quot;pending&quot;:false,&quot;code&quot;:&quot;driver = await getDriver(&#x27;pia&#x27;);&quot;,&quot;err&quot;:{},&quot;uuid&quot;:&quot;a43d9c2a-b5b6-4f74-9535-bea8de025658&quot;,&quot;parentUUID&quot;:&quot;e5a17f0c-ffea-43c4-87b6-fcb2a1a230c2&quot;,&quot;isHook&quot;:true,&quot;skipped&quot;:false}],&quot;afterHooks&quot;:[{&quot;title&quot;:&quot;\&quot;after all\&quot; hook&quot;,&quot;fullTitle&quot;:&quot;Payment in Advance test \&quot;after all\&quot; hook&quot;,&quot;timedOut&quot;:false,&quot;duration&quot;:1991,&quot;pass&quot;:false,&quot;fail&quot;:false,&quot;pending&quot;:false,&quot;code&quot;:&quot;driver.quit()&quot;,&quot;err&quot;:{},&quot;uuid&quot;:&quot;8712487d-baac-4b99-94b9-07d8708ee561&quot;,&quot;parentUUID&quot;:&quot;e5a17f0c-ffea-43c4-87b6-fcb2a1a230c2&quot;,&quot;isHook&quot;:true,&quot;skipped&quot;:false}],&quot;tests&quot;:[{&quot;title&quot;:&quot;should check the pia payment process&quot;,&quot;fullTitle&quot;:&quot;Payment in Advance test should check the pia payment process&quot;,&quot;timedOut&quot;:false,&quot;duration&quot;:68548,&quot;state&quot;:&quot;passed&quot;,&quot;speed&quot;:&quot;slow&quot;,&quot;pass&quot;:true,&quot;fail&quot;:false,&quot;pending&quot;:false,&quot;code&quot;:&quot;await loginWithExampleAccount(driver);\nawait addProductToCartAndGotoCheckout(driver, &#x27;/genusswelten/tees-und-zubeh/tee-zubehoer/24/glas-teekaennchen&#x27;);\nawait selectPaymentMethod(driver, paymentLabel);\n// Confirm order\nconsole.log(&#x27;click button confirm--form&#x27;);\nawait driver.findElement(By.xpath(&#x27;//button[@form=\&quot;confirm--form\&quot;]&#x27;)).click();\nawait checkConfirmationPage(driver, paymentLabel);\nconsole.log(&#x27;expect correct bankdata&#x27;);\nconst amount = await driver.findElement(By.className(&#x27;wirecardee--bankdata-amount&#x27;)).getText();\nexpect(amount).to.include(&#x27;70,99 â‚¬&#x27;);\nconst iban = await driver.findElement(By.className(&#x27;wirecardee--bankdata-iban&#x27;)).getText();\nexpect(iban).to.include(&#x27;DE82512308000005599148&#x27;);\nconst bic = await driver.findElement(By.className(&#x27;wirecardee--bankdata-bic&#x27;)).getText();\nexpect(bic).to.include(&#x27;WIREDEMMXXX&#x27;);&quot;,&quot;err&quot;:{},&quot;uuid&quot;:&quot;613023fc-779c-48e6-9e43-93b494891455&quot;,&quot;parentUUID&quot;:&quot;e5a17f0c-ffea-43c4-87b6-fcb2a1a230c2&quot;,&quot;isHook&quot;:false,&quot;skipped&quot;:false}],&quot;suites&quot;:[],&quot;passes&quot;:[&quot;613023fc-779c-48e6-9e43-93b494891455&quot;],&quot;failures&quot;:[],&quot;pending&quot;:[],&quot;skipped&quot;:[],&quot;duration&quot;:68548,&quot;root&quot;:false,&quot;rootEmpty&quot;:false,&quot;_timeout&quot;:6000000},{&quot;uuid&quot;:&quot;7aaafe46-26e7-4268-8a4c-d3d0ec95e379&quot;,&quot;title&quot;:&quot;Credit Card test&quot;,&quot;fullFile&quot;:&quot;/home/travis/shopware/custom/plugins/WirecardElasticEngine/Tests/Selenium/Payments/CreditCardTest.js&quot;,&quot;file&quot;:&quot;/Tests/Selenium/Payments/CreditCardTest.js&quot;,&quot;beforeHooks&quot;:[{&quot;title&quot;:&quot;\&quot;before all\&quot; hook&quot;,&quot;fullTitle&quot;:&quot;Credit Card test \&quot;before all\&quot; hook&quot;,&quot;timedOut&quot;:false,&quot;duration&quot;:8772,&quot;pass&quot;:false,&quot;fail&quot;:false,&quot;pending&quot;:false,&quot;code&quot;:&quot;driver = await getDriver(&#x27;credit card&#x27;);&quot;,&quot;err&quot;:{},&quot;uuid&quot;:&quot;eea09b7f-3916-46aa-9b04-2b1d1beddd07&quot;,&quot;parentUUID&quot;:&quot;7aaafe46-26e7-4268-8a4c-d3d0ec95e379&quot;,&quot;isHook&quot;:true,&quot;skipped&quot;:false}],&quot;afterHooks&quot;:[{&quot;title&quot;:&quot;\&quot;after all\&quot; hook&quot;,&quot;fullTitle&quot;:&quot;Credit Card test \&quot;after all\&quot; hook&quot;,&quot;timedOut&quot;:false,&quot;duration&quot;:1975,&quot;pass&quot;:false,&quot;fail&quot;:false,&quot;pending&quot;:false,&quot;code&quot;:&quot;driver.quit()&quot;,&quot;err&quot;:{},&quot;uuid&quot;:&quot;f81d09bd-51ce-469d-90ad-9dab40cf0114&quot;,&quot;parentUUID&quot;:&quot;7aaafe46-26e7-4268-8a4c-d3d0ec95e379&quot;,&quot;isHook&quot;:true,&quot;skipped&quot;:false}],&quot;tests&quot;:[{&quot;title&quot;:&quot;should check the credit card payment process&quot;,&quot;fullTitle&quot;:&quot;Credit Card test should check the credit card payment process&quot;,&quot;timedOut&quot;:false,&quot;duration&quot;:61061,&quot;state&quot;:&quot;passed&quot;,&quot;speed&quot;:&quot;slow&quot;,&quot;pass&quot;:true,&quot;fail&quot;:false,&quot;pending&quot;:false,&quot;code&quot;:&quot;await updateDatabaseTransactionType(&#x27;pay&#x27;, &#x27;wirecardElasticEngineCreditCardTransactionType&#x27;);\nawait loginWithExampleAccount(driver);\nawait addProductToCartAndGotoCheckout(driver, &#x27;/genusswelten/tees-und-zubeh/tee-zubehoer/24/glas-teekaennchen&#x27;);\nawait selectPaymentMethod(driver, paymentLabel);\n// Confirm order\nconsole.log(&#x27;click button confirm--form&#x27;);\nawait driver.findElement(By.xpath(&#x27;//button[@form=\&quot;confirm--form\&quot;]&#x27;)).click();\n// Fill out credit card iframe\nconsole.log(&#x27;wait for .wirecard-seamless-frame&#x27;);\nawait driver.wait(until.elementLocated(By.className(&#x27;wirecard-seamless-frame&#x27;)), 20000);\nconsole.log(&#x27;wait for switch to iframe .wirecard-seamless-frame&#x27;);\nawait driver.wait(until.ableToSwitchToFrame(By.className(&#x27;wirecard-seamless-frame&#x27;)));\nconsole.log(&#x27;wait for #account_number&#x27;);\nawait driver.wait(until.elementLocated(By.id(&#x27;account_number&#x27;)), 20000);\nawait asyncForEach(Object.keys(formFields), async field =&gt; {\n    console.log(`setting ${field} to ${formFields[field]}`);\n    await driver.findElement(By.id(field)).sendKeys(formFields[field]);\n});\n// Switch back from iframe and click Send button\nconsole.log(&#x27;switch back from iframe to default content&#x27;);\nawait driver.switchTo().defaultContent();\nconsole.log(&#x27;wait for #wirecardee-credit-card--form-submit&#x27;);\nawait driver.wait(until.elementLocated(By.id(&#x27;wirecardee-credit-card--form-submit&#x27;)));\nconsole.log(&#x27;click #wirecardee-credit-card--form-submit&#x27;);\nawait driver.findElement(By.id(&#x27;wirecardee-credit-card--form-submit&#x27;)).click();\nawait checkConfirmationPage(driver, paymentLabel);\ncheckTransactionTypeInDatabase(&#x27;purchase&#x27;);&quot;,&quot;err&quot;:{},&quot;uuid&quot;:&quot;0d5f6047-cdb6-4e7b-96eb-212a931c2bb0&quot;,&quot;parentUUID&quot;:&quot;7aaafe46-26e7-4268-8a4c-d3d0ec95e379&quot;,&quot;isHook&quot;:false,&quot;skipped&quot;:false}],&quot;suites&quot;:[],&quot;passes&quot;:[&quot;0d5f6047-cdb6-4e7b-96eb-212a931c2bb0&quot;],&quot;failures&quot;:[],&quot;pending&quot;:[],&quot;skipped&quot;:[],&quot;duration&quot;:61061,&quot;root&quot;:false,&quot;rootEmpty&quot;:false,&quot;_timeout&quot;:6000000},{&quot;uuid&quot;:&quot;126f91b2-8301-4316-8ddd-16ce502cb7e2&quot;,&quot;title&quot;:&quot;Credit Card One-Click Checkout test&quot;,&quot;fullFile&quot;:&quot;/home/travis/shopware/custom/plugins/WirecardElasticEngine/Tests/Selenium/Payments/CreditCardOneClickTest.js&quot;,&quot;file&quot;:&quot;/Tests/Selenium/Payments/CreditCardOneClickTest.js&quot;,&quot;beforeHooks&quot;:[{&quot;title&quot;:&quot;\&quot;before all\&quot; hook&quot;,&quot;fullTitle&quot;:&quot;Credit Card One-Click Checkout test \&quot;before all\&quot; hook&quot;,&quot;timedOut&quot;:false,&quot;duration&quot;:9911,&quot;pass&quot;:false,&quot;fail&quot;:false,&quot;pending&quot;:false,&quot;code&quot;:&quot;driver = await getDriver(&#x27;credit card one click&#x27;);&quot;,&quot;err&quot;:{},&quot;uuid&quot;:&quot;f5aa2e64-acdc-4008-a408-2d1f06d616e2&quot;,&quot;parentUUID&quot;:&quot;126f91b2-8301-4316-8ddd-16ce502cb7e2&quot;,&quot;isHook&quot;:true,&quot;skipped&quot;:false}],&quot;afterHooks&quot;:[{&quot;title&quot;:&quot;\&quot;after all\&quot; hook&quot;,&quot;fullTitle&quot;:&quot;Credit Card One-Click Checkout test \&quot;after all\&quot; hook&quot;,&quot;timedOut&quot;:false,&quot;duration&quot;:2120,&quot;pass&quot;:false,&quot;fail&quot;:false,&quot;pending&quot;:false,&quot;code&quot;:&quot;driver.quit()&quot;,&quot;err&quot;:{},&quot;uuid&quot;:&quot;a8f0cd88-4b33-4222-af64-51001407a55e&quot;,&quot;parentUUID&quot;:&quot;126f91b2-8301-4316-8ddd-16ce502cb7e2&quot;,&quot;isHook&quot;:true,&quot;skipped&quot;:false}],&quot;tests&quot;:[{&quot;title&quot;:&quot;should check the credit card one-click payment process&quot;,&quot;fullTitle&quot;:&quot;Credit Card One-Click Checkout test should check the credit card one-click payment process&quot;,&quot;timedOut&quot;:false,&quot;duration&quot;:51584,&quot;state&quot;:&quot;passed&quot;,&quot;speed&quot;:&quot;slow&quot;,&quot;pass&quot;:true,&quot;fail&quot;:false,&quot;pending&quot;:false,&quot;code&quot;:&quot;await loginWithExampleAccount(driver);\nawait addProductToCartAndGotoCheckout(driver, &#x27;/genusswelten/tees-und-zubeh/tee-zubehoer/24/glas-teekaennchen&#x27;);\nawait selectPaymentMethod(driver, paymentLabel);\n// Make a purchase using new credit card\nconsole.log(&#x27;click #wirecardee--save-token&#x27;);\nawait driver.findElement(By.id(&#x27;wirecardee--save-token&#x27;)).click();\nconsole.log(&#x27;click button confirm--form&#x27;);\nawait driver.findElement(By.xpath(&#x27;//button[@form=\&quot;confirm--form\&quot;]&#x27;)).click();\nconsole.log(&#x27;wait for .wirecard-seamless-frame&#x27;);\nawait driver.wait(until.elementLocated(By.className(&#x27;wirecard-seamless-frame&#x27;)), 20000);\nconsole.log(&#x27;wait for switch to iframe .wirecard-seamless-frame&#x27;);\nawait driver.wait(until.ableToSwitchToFrame(By.className(&#x27;wirecard-seamless-frame&#x27;)));\nconsole.log(&#x27;wait for #account_number&#x27;);\nawait driver.wait(until.elementLocated(By.id(&#x27;account_number&#x27;)), 20000);\nawait asyncForEach(Object.keys(formFields), async field =&gt; {\n    console.log(`setting ${field} to ${formFields[field]}`);\n    await driver.findElement(By.id(field)).sendKeys(formFields[field]);\n});\nconsole.log(&#x27;switch back from iframe to default content&#x27;);\nawait driver.switchTo().defaultContent();\nconsole.log(&#x27;wait for #wirecardee-credit-card--form-submit&#x27;);\nawait driver.wait(until.elementLocated(By.id(&#x27;wirecardee-credit-card--form-submit&#x27;)));\nconsole.log(&#x27;click #wirecardee-credit-card--form-submit&#x27;);\nawait driver.findElement(By.id(&#x27;wirecardee-credit-card--form-submit&#x27;)).click();\nawait checkConfirmationPage(driver, paymentLabel);\n// Make a purchase using existing credit card\nawait loginWithExampleAccount(driver);\nawait addProductToCartAndGotoCheckout(driver, &#x27;/genusswelten/tees-und-zubeh/tee-zubehoer/24/glas-teekaennchen&#x27;);\nawait selectPaymentMethod(driver, paymentLabel);\nawait driver.findElement(By.id(&#x27;wirecardee--token-&#x27; + tokenId)).click();\nconsole.log(&#x27;click button confirm--form&#x27;);\nawait driver.findElement(By.xpath(&#x27;//button[@form=\&quot;confirm--form\&quot;]&#x27;)).click();\nawait checkConfirmationPage(driver, paymentLabel);&quot;,&quot;err&quot;:{},&quot;uuid&quot;:&quot;47ddc33f-eeed-454d-9eab-bbef1fe99077&quot;,&quot;parentUUID&quot;:&quot;126f91b2-8301-4316-8ddd-16ce502cb7e2&quot;,&quot;isHook&quot;:false,&quot;skipped&quot;:false}],&quot;suites&quot;:[],&quot;passes&quot;:[&quot;47ddc33f-eeed-454d-9eab-bbef1fe99077&quot;],&quot;failures&quot;:[],&quot;pending&quot;:[],&quot;skipped&quot;:[],&quot;duration&quot;:51584,&quot;root&quot;:false,&quot;rootEmpty&quot;:false,&quot;_timeout&quot;:6000000},{&quot;uuid&quot;:&quot;b3aeae46-990b-4fb8-89c3-088f02e10640&quot;,&quot;title&quot;:&quot;SEPA Direct Debit test&quot;,&quot;fullFile&quot;:&quot;/home/travis/shopware/custom/plugins/WirecardElasticEngine/Tests/Selenium/Payments/SepaTest.js&quot;,&quot;file&quot;:&quot;/Tests/Selenium/Payments/SepaTest.js&quot;,&quot;beforeHooks&quot;:[{&quot;title&quot;:&quot;\&quot;before all\&quot; hook&quot;,&quot;fullTitle&quot;:&quot;SEPA Direct Debit test \&quot;before all\&quot; hook&quot;,&quot;timedOut&quot;:false,&quot;duration&quot;:5669,&quot;pass&quot;:false,&quot;fail&quot;:false,&quot;pending&quot;:false,&quot;code&quot;:&quot;driver = await getDriver(&#x27;sepa&#x27;);&quot;,&quot;err&quot;:{},&quot;uuid&quot;:&quot;1534c469-3707-498a-990f-2413b2b9dfe5&quot;,&quot;parentUUID&quot;:&quot;b3aeae46-990b-4fb8-89c3-088f02e10640&quot;,&quot;isHook&quot;:true,&quot;skipped&quot;:false}],&quot;afterHooks&quot;:[{&quot;title&quot;:&quot;\&quot;after all\&quot; hook&quot;,&quot;fullTitle&quot;:&quot;SEPA Direct Debit test \&quot;after all\&quot; hook&quot;,&quot;timedOut&quot;:false,&quot;duration&quot;:1615,&quot;pass&quot;:false,&quot;fail&quot;:false,&quot;pending&quot;:false,&quot;code&quot;:&quot;driver.quit()&quot;,&quot;err&quot;:{},&quot;uuid&quot;:&quot;3842afcb-9e80-406a-9155-b5eaeca8b9a4&quot;,&quot;parentUUID&quot;:&quot;b3aeae46-990b-4fb8-89c3-088f02e10640&quot;,&quot;isHook&quot;:true,&quot;skipped&quot;:false}],&quot;tests&quot;:[{&quot;title&quot;:&quot;should check the sepa payment process&quot;,&quot;fullTitle&quot;:&quot;SEPA Direct Debit test should check the sepa payment process&quot;,&quot;timedOut&quot;:false,&quot;duration&quot;:27803,&quot;state&quot;:&quot;passed&quot;,&quot;speed&quot;:&quot;slow&quot;,&quot;pass&quot;:true,&quot;fail&quot;:false,&quot;pending&quot;:false,&quot;code&quot;:&quot;await loginWithExampleAccount(driver);\nawait addProductToCartAndGotoCheckout(driver, &#x27;/genusswelten/tees-und-zubeh/tee-zubehoer/24/glas-teekaennchen&#x27;);\nawait selectPaymentMethod(driver, paymentLabel);\n// Fill sepa fields\nawait asyncForEach(Object.keys(formFields), async field =&gt; {\n    await driver.findElement(By.id(field)).sendKeys(formFields[field]);\n});\n// Confirm order\nconsole.log(&#x27;click button confirm--form&#x27;);\nawait driver.findElement(By.xpath(&#x27;//button[@form=\&quot;confirm--form\&quot;]&#x27;)).click();\n// Confirm sepa mandate in modal dialog\nconsole.log(&#x27;wait for .wirecardee--sepa-mandate&#x27;);\nawait driver.wait(until.elementLocated(By.className(&#x27;wirecardee--sepa-mandate&#x27;)), 10000);\nconsole.log(&#x27;click .wirecardee-sepa--confirm-check&#x27;);\nawait driver.findElement(By.id(&#x27;wirecardee-sepa--confirm-check&#x27;)).click();\nconsole.log(&#x27;click .wirecardee-sepa--confirm-button&#x27;);\nawait driver.findElement(By.id(&#x27;wirecardee-sepa--confirm-button&#x27;)).click();\nawait checkConfirmationPage(driver, paymentLabel);&quot;,&quot;err&quot;:{},&quot;uuid&quot;:&quot;a53f0429-260f-4a7f-b395-e4998a02b5b2&quot;,&quot;parentUUID&quot;:&quot;b3aeae46-990b-4fb8-89c3-088f02e10640&quot;,&quot;isHook&quot;:false,&quot;skipped&quot;:false}],&quot;suites&quot;:[],&quot;passes&quot;:[&quot;a53f0429-260f-4a7f-b395-e4998a02b5b2&quot;],&quot;failures&quot;:[],&quot;pending&quot;:[],&quot;skipped&quot;:[],&quot;duration&quot;:27803,&quot;root&quot;:false,&quot;rootEmpty&quot;:false,&quot;_timeout&quot;:6000000},{&quot;uuid&quot;:&quot;22a2507e-d785-4e30-8a75-b9c6a3187c3b&quot;,&quot;title&quot;:&quot;Sofort. test&quot;,&quot;fullFile&quot;:&quot;/home/travis/shopware/custom/plugins/WirecardElasticEngine/Tests/Selenium/Payments/SofortTest.js&quot;,&quot;file&quot;:&quot;/Tests/Selenium/Payments/SofortTest.js&quot;,&quot;beforeHooks&quot;:[{&quot;title&quot;:&quot;\&quot;before all\&quot; hook&quot;,&quot;fullTitle&quot;:&quot;Sofort. test \&quot;before all\&quot; hook&quot;,&quot;timedOut&quot;:false,&quot;duration&quot;:10231,&quot;pass&quot;:false,&quot;fail&quot;:false,&quot;pending&quot;:false,&quot;code&quot;:&quot;driver = await getDriver(&#x27;sofort&#x27;);&quot;,&quot;err&quot;:{},&quot;uuid&quot;:&quot;f5661e4a-a3ab-4c2e-a0e9-a4a64d6a820b&quot;,&quot;parentUUID&quot;:&quot;22a2507e-d785-4e30-8a75-b9c6a3187c3b&quot;,&quot;isHook&quot;:true,&quot;skipped&quot;:false}],&quot;afterHooks&quot;:[{&quot;title&quot;:&quot;\&quot;after all\&quot; hook&quot;,&quot;fullTitle&quot;:&quot;Sofort. test \&quot;after all\&quot; hook&quot;,&quot;timedOut&quot;:false,&quot;duration&quot;:1958,&quot;pass&quot;:false,&quot;fail&quot;:false,&quot;pending&quot;:false,&quot;code&quot;:&quot;driver.quit()&quot;,&quot;err&quot;:{},&quot;uuid&quot;:&quot;a4b3d2b6-48eb-4ac7-9c8c-b01880e950b5&quot;,&quot;parentUUID&quot;:&quot;22a2507e-d785-4e30-8a75-b9c6a3187c3b&quot;,&quot;isHook&quot;:true,&quot;skipped&quot;:false}],&quot;tests&quot;:[{&quot;title&quot;:&quot;should check the sofort payment process&quot;,&quot;fullTitle&quot;:&quot;Sofort. test should check the sofort payment process&quot;,&quot;timedOut&quot;:false,&quot;duration&quot;:56237,&quot;state&quot;:&quot;passed&quot;,&quot;speed&quot;:&quot;slow&quot;,&quot;pass&quot;:true,&quot;fail&quot;:false,&quot;pending&quot;:false,&quot;code&quot;:&quot;await loginWithExampleAccount(driver);\nawait addProductToCartAndGotoCheckout(driver, &#x27;/genusswelten/tees-und-zubeh/tee-zubehoer/24/glas-teekaennchen&#x27;);\nawait selectPaymentMethod(driver, paymentLabel);\n// Confirm order\nconsole.log(&#x27;click button confirm--form&#x27;);\nawait driver.findElement(By.xpath(&#x27;//button[@form=\&quot;confirm--form\&quot;]&#x27;)).click();\n// Wait for Sofort. page and fill out forms\nconsole.log(&#x27;wait for #MultipaysSessionSenderCountryId&#x27;);\nawait driver.wait(until.elementLocated(By.id(&#x27;MultipaysSessionSenderCountryId&#x27;)), 20000);\nawait driver.findElement(By.css(&#x27;#MultipaysSessionSenderCountryId &gt; option[value=\\&#x27;AT\\&#x27;]&#x27;)).click();\nawait driver.findElement(By.id(&#x27;BankCodeSearch&#x27;)).sendKeys(formFields.bankCode);\nconsole.log(&#x27;wait for .js-bank-searcher-result-list&#x27;);\nawait driver.wait(until.elementLocated(By.className(&#x27;js-bank-searcher-result-list&#x27;)), 5000);\nawait driver.findElement(By.css(&#x27;button.primary&#x27;)).click();\nconsole.log(&#x27;wait for #BackendFormLOGINNAMEUSERID&#x27;);\nawait driver.wait(until.elementLocated(By.id(&#x27;BackendFormLOGINNAMEUSERID&#x27;)), 20000);\nawait driver.findElement(By.id(&#x27;BackendFormLOGINNAMEUSERID&#x27;)).sendKeys(formFields.userId);\nawait driver.findElement(By.id(&#x27;BackendFormUSERPIN&#x27;)).sendKeys(formFields.password, Key.ENTER);\nconsole.log(&#x27;wait for #account-1&#x27;);\nawait driver.wait(until.elementLocated(By.id(&#x27;account-1&#x27;)), 20000);\nawait driver.findElement(By.id(&#x27;account-1&#x27;)).click();\nawait driver.findElement(By.css(&#x27;button.primary&#x27;)).click();\nconsole.log(&#x27;wait for #BackendFormTAN&#x27;);\nawait driver.wait(until.elementLocated(By.id(&#x27;BackendFormTAN&#x27;)), 20000);\nawait driver.findElement(By.id(&#x27;BackendFormTAN&#x27;)).sendKeys(formFields.tan, Key.ENTER);\nawait waitForAlert(driver, 20000);\nawait checkConfirmationPage(driver, paymentLabel);&quot;,&quot;err&quot;:{},&quot;uuid&quot;:&quot;4d335f74-1143-4854-ac50-2350f41ca423&quot;,&quot;parentUUID&quot;:&quot;22a2507e-d785-4e30-8a75-b9c6a3187c3b&quot;,&quot;isHook&quot;:false,&quot;skipped&quot;:false}],&quot;suites&quot;:[],&quot;passes&quot;:[&quot;4d335f74-1143-4854-ac50-2350f41ca423&quot;],&quot;failures&quot;:[],&quot;pending&quot;:[],&quot;skipped&quot;:[],&quot;duration&quot;:56237,&quot;root&quot;:false,&quot;rootEmpty&quot;:false,&quot;_timeout&quot;:6000000},{&quot;uuid&quot;:&quot;70078693-24aa-4d09-9ed6-93a41f4068fd&quot;,&quot;title&quot;:&quot;Payment on Invoice test&quot;,&quot;fullFile&quot;:&quot;/home/travis/shopware/custom/plugins/WirecardElasticEngine/Tests/Selenium/Payments/PoiTest.js&quot;,&quot;file&quot;:&quot;/Tests/Selenium/Payments/PoiTest.js&quot;,&quot;beforeHooks&quot;:[{&quot;title&quot;:&quot;\&quot;before all\&quot; hook&quot;,&quot;fullTitle&quot;:&quot;Payment on Invoice test \&quot;before all\&quot; hook&quot;,&quot;timedOut&quot;:false,&quot;duration&quot;:5782,&quot;pass&quot;:false,&quot;fail&quot;:false,&quot;pending&quot;:false,&quot;code&quot;:&quot;driver = await getDriver(&#x27;poi&#x27;);&quot;,&quot;err&quot;:{},&quot;uuid&quot;:&quot;242ff28b-32d5-4746-b1d5-1e9a0ecd360b&quot;,&quot;parentUUID&quot;:&quot;70078693-24aa-4d09-9ed6-93a41f4068fd&quot;,&quot;isHook&quot;:true,&quot;skipped&quot;:false}],&quot;afterHooks&quot;:[{&quot;title&quot;:&quot;\&quot;after all\&quot; hook&quot;,&quot;fullTitle&quot;:&quot;Payment on Invoice test \&quot;after all\&quot; hook&quot;,&quot;timedOut&quot;:false,&quot;duration&quot;:2530,&quot;pass&quot;:false,&quot;fail&quot;:false,&quot;pending&quot;:false,&quot;code&quot;:&quot;driver.quit()&quot;,&quot;err&quot;:{},&quot;uuid&quot;:&quot;d58e1bc2-2eb8-40c0-b811-f8d994ae29e2&quot;,&quot;parentUUID&quot;:&quot;70078693-24aa-4d09-9ed6-93a41f4068fd&quot;,&quot;isHook&quot;:true,&quot;skipped&quot;:false}],&quot;tests&quot;:[{&quot;title&quot;:&quot;should check the poi payment process&quot;,&quot;fullTitle&quot;:&quot;Payment on Invoice test should check the poi payment process&quot;,&quot;timedOut&quot;:false,&quot;duration&quot;:25783,&quot;state&quot;:&quot;passed&quot;,&quot;speed&quot;:&quot;slow&quot;,&quot;pass&quot;:true,&quot;fail&quot;:false,&quot;pending&quot;:false,&quot;code&quot;:&quot;await loginWithExampleAccount(driver);\nawait addProductToCartAndGotoCheckout(driver, &#x27;/genusswelten/tees-und-zubeh/tee-zubehoer/24/glas-teekaennchen&#x27;);\nawait selectPaymentMethod(driver, paymentLabel);\n// Confirm order\nconsole.log(&#x27;click button confirm--form&#x27;);\nawait driver.findElement(By.xpath(&#x27;//button[@form=\&quot;confirm--form\&quot;]&#x27;)).click();\nawait checkConfirmationPage(driver, paymentLabel);&quot;,&quot;err&quot;:{},&quot;uuid&quot;:&quot;fd737eab-5fa3-4c71-b71a-5dca5ba46264&quot;,&quot;parentUUID&quot;:&quot;70078693-24aa-4d09-9ed6-93a41f4068fd&quot;,&quot;isHook&quot;:false,&quot;skipped&quot;:false}],&quot;suites&quot;:[],&quot;passes&quot;:[&quot;fd737eab-5fa3-4c71-b71a-5dca5ba46264&quot;],&quot;failures&quot;:[],&quot;pending&quot;:[],&quot;skipped&quot;:[],&quot;duration&quot;:25783,&quot;root&quot;:false,&quot;rootEmpty&quot;:false,&quot;_timeout&quot;:6000000},{&quot;uuid&quot;:&quot;6dec4f3d-cc31-4bf4-8d1b-8353d0ff5f36&quot;,&quot;title&quot;:&quot;Credit Card 3-D Secure Authorization test&quot;,&quot;fullFile&quot;:&quot;/home/travis/shopware/custom/plugins/WirecardElasticEngine/Tests/Selenium/Payments/CreditCardThreeDAuthorizationTest.js&quot;,&quot;file&quot;:&quot;/Tests/Selenium/Payments/CreditCardThreeDAuthorizationTest.js&quot;,&quot;beforeHooks&quot;:[{&quot;title&quot;:&quot;\&quot;before all\&quot; hook&quot;,&quot;fullTitle&quot;:&quot;Credit Card 3-D Secure Authorization test \&quot;before all\&quot; hook&quot;,&quot;timedOut&quot;:false,&quot;duration&quot;:11192,&quot;pass&quot;:false,&quot;fail&quot;:false,&quot;pending&quot;:false,&quot;code&quot;:&quot;driver = await getDriver(&#x27;credit card 3ds authorization&#x27;);&quot;,&quot;err&quot;:{},&quot;uuid&quot;:&quot;8efa0525-9f86-49a3-bdaf-e4b6988d8e66&quot;,&quot;parentUUID&quot;:&quot;6dec4f3d-cc31-4bf4-8d1b-8353d0ff5f36&quot;,&quot;isHook&quot;:true,&quot;skipped&quot;:false}],&quot;afterHooks&quot;:[{&quot;title&quot;:&quot;\&quot;after all\&quot; hook&quot;,&quot;fullTitle&quot;:&quot;Credit Card 3-D Secure Authorization test \&quot;after all\&quot; hook&quot;,&quot;timedOut&quot;:false,&quot;duration&quot;:1722,&quot;pass&quot;:false,&quot;fail&quot;:false,&quot;pending&quot;:false,&quot;code&quot;:&quot;driver.quit()&quot;,&quot;err&quot;:{},&quot;uuid&quot;:&quot;f2b4c9b1-40d3-440a-a644-09ea27d6145c&quot;,&quot;parentUUID&quot;:&quot;6dec4f3d-cc31-4bf4-8d1b-8353d0ff5f36&quot;,&quot;isHook&quot;:true,&quot;skipped&quot;:false}],&quot;tests&quot;:[{&quot;title&quot;:&quot;should check the credit card 3ds authorization payment process&quot;,&quot;fullTitle&quot;:&quot;Credit Card 3-D Secure Authorization test should check the credit card 3ds authorization payment process&quot;,&quot;timedOut&quot;:false,&quot;duration&quot;:256139,&quot;state&quot;:&quot;failed&quot;,&quot;pass&quot;:false,&quot;fail&quot;:true,&quot;pending&quot;:false,&quot;code&quot;:&quot;await updateDatabaseTransactionType(&#x27;reserve&#x27;, &#x27;wirecardElasticEngineCreditCardTransactionType&#x27;);\nawait loginWithExampleAccount(driver);\nawait addProductToCartAndGotoCheckout(driver, &#x27;/wohnwelten/moebel/68/kommode-shabby-chic&#x27;);\nawait selectPaymentMethod(driver, paymentLabel);\ntry {\n    // Do not use saved card\n    console.log(&#x27;click #wirecardee--token-no-card&#x27;);\n    await driver.findElement(By.id(&#x27;wirecardee--token-no-card&#x27;)).click();\n    // Confirm order\n    console.log(&#x27;click button confirm--form&#x27;);\n    await driver.findElement(By.xpath(&#x27;//button[@form=\&quot;confirm--form\&quot;]&#x27;)).click();\n    // Fill out credit card iframe\n    console.log(&#x27;wait for .wirecard-seamless-frame&#x27;);\n    await driver.wait(until.elementLocated(By.className(&#x27;wirecard-seamless-frame&#x27;)), 20000);\n    console.log(&#x27;wait for switch to iframe .wirecard-seamless-frame&#x27;);\n    await driver.wait(until.ableToSwitchToFrame(By.className(&#x27;wirecard-seamless-frame&#x27;)));\n    console.log(&#x27;wait for #account_number&#x27;);\n    await driver.wait(until.elementLocated(By.id(&#x27;account_number&#x27;)), 20000);\n    await asyncForEach(Object.keys(formFields), async field =&gt; {\n        await driver.findElement(By.id(field)).sendKeys(formFields[field]);\n    });\n    // Switch back from iframe and click Send button\n    console.log(&#x27;switch back from iframe to default content&#x27;);\n    await driver.switchTo().defaultContent();\n    console.log(&#x27;wait for #wirecardee-credit-card--form-submit&#x27;);\n    await driver.wait(until.elementLocated(By.id(&#x27;wirecardee-credit-card--form-submit&#x27;)), 10000);\n    console.log(&#x27;click #wirecardee-credit-card--form-submit&#x27;);\n    await driver.findElement(By.id(&#x27;wirecardee-credit-card--form-submit&#x27;)).click();\n    console.log(&#x27;wait for #password&#x27;);\n    await driver.wait(until.elementLocated(By.id(&#x27;password&#x27;)), 20000);\n    await driver.findElement(By.id(&#x27;password&#x27;)).sendKeys(config.payments.creditCardThreeD.password, Key.ENTER);\n    await waitForAlert(driver, 20000);\n    await checkConfirmationPage(driver, paymentLabel);\n} catch (e) {\n    // Confirm order\n    console.log(&#x27;click button confirm--form&#x27;);\n    await driver.findElement(By.xpath(&#x27;//button[@form=\&quot;confirm--form\&quot;]&#x27;)).click();\n    // Fill out credit card iframe\n    console.log(&#x27;wait for .wirecard-seamless-frame&#x27;);\n    await driver.wait(until.elementLocated(By.className(&#x27;wirecard-seamless-frame&#x27;)), 20000);\n    console.log(&#x27;wait for switch to iframe .wirecard-seamless-frame&#x27;);\n    await driver.wait(until.ableToSwitchToFrame(By.className(&#x27;wirecard-seamless-frame&#x27;)));\n    console.log(&#x27;wait for #account_number&#x27;);\n    await driver.wait(until.elementLocated(By.id(&#x27;account_number&#x27;)), 20000);\n    await asyncForEach(Object.keys(formFields), async field =&gt; {\n        await driver.findElement(By.id(field)).sendKeys(formFields[field]);\n    });\n    await driver.findElement(By.css(&#x27;#expiration_month_list &gt; option[value=\\&#x27;01\\&#x27;]&#x27;)).click();\n    await driver.findElement(By.css(&#x27;#expiration_year_list &gt; option[value=\\&#x27;2023\\&#x27;]&#x27;)).click();\n    // Switch back from iframe and click Send button\n    console.log(&#x27;switch back from iframe to default content&#x27;);\n    await driver.switchTo().defaultContent();\n    console.log(&#x27;wait for #wirecardee-credit-card--form-submit&#x27;);\n    await driver.wait(until.elementLocated(By.id(&#x27;wirecardee-credit-card--form-submit&#x27;)), 10000);\n    console.log(&#x27;click #wirecardee-credit-card--form-submit&#x27;);\n    await driver.findElement(By.id(&#x27;wirecardee-credit-card--form-submit&#x27;)).click();\n    console.log(&#x27;wait for #password&#x27;);\n    await driver.wait(until.elementLocated(By.id(&#x27;password&#x27;)), 20000);\n    await driver.findElement(By.id(&#x27;password&#x27;)).sendKeys(config.payments.creditCardThreeD.password, Key.ENTER);\n    await waitForAlert(driver, 20000);\n    await checkConfirmationPage(driver, paymentLabel);\n}\ncheckTransactionTypeInDatabase(&#x27;authorization&#x27;);&quot;,&quot;err&quot;:{&quot;message&quot;:&quot;NoSuchElementError: no such element: Unable to locate element: {\&quot;method\&quot;:\&quot;xpath\&quot;,\&quot;selector\&quot;:\&quot;//button[@form=\&quot;confirm--form\&quot;]\&quot;}\n  (Session info: chrome=72.0.3626.109)\n  (Driver info: chromedriver=2.45.615291 (ec3682e3c9061c10f26ea9e5cdcf3c53f3f74387),platform=Windows NT 10.0.19041 x86_64) (WARNING: The server did not provide any stacktrace information)\nCommand duration or timeout: 44 milliseconds\nFor documentation on this error, please visit: http://seleniumhq.org/exceptions/no_such_element.html\nBuild info: version: &#x27;2.53.0&#x27;, revision: &#x27;35ae25b&#x27;, time: &#x27;2016-03-15 17:00:58&#x27;\nSystem info: host: &#x27;207-254-7-104&#x27;, ip: &#x27;207.254.7.104&#x27;, os.name: &#x27;windows&#x27;, os.arch: &#x27;x86&#x27;, os.version: &#x27;10.0&#x27;, java.version: &#x27;1.8.0_181&#x27;\nDriver info: org.openqa.selenium.chrome.ChromeDriver\nCapabilities [{mobileEmulationEnabled=false, timeouts={implicit=0, pageLoad=300000, script=30000}, hasTouchScreen=false, platform=XP, acceptSslCerts=false, goog:chromeOptions={debuggerAddress=localhost:1765}, acceptInsecureCerts=false, webStorageEnabled=true, browserName=chrome, takesScreenshot=true, javascriptEnabled=true, setWindowRect=true, unexpectedAlertBehaviour=ignore, applicationCacheEnabled=false, rotatable=false, networkConnectionEnabled=false, chrome={chromedriverVersion=2.45.615291 (ec3682e3c9061c10f26ea9e5cdcf3c53f3f74387), userDataDir=C:\\Windows\\proxy\\scoped_dir4520_11530}, takesHeapSnapshot=true, pageLoadStrategy=normal, strictFileInteractability=false, databaseEnabled=false, handlesAlerts=true, version=72.0.3626.109, browserConnectionEnabled=false, proxy={}, nativeEvents=true, locationContextEnabled=true, cssSelectorsEnabled=true}]\nSession ID: 5ad9576504602db2bb2d05b19332de08\n*** Element info: {Using=xpath, value=//button[@form=\&quot;confirm--form\&quot;]}&quot;,&quot;estack&quot;:&quot;NoSuchElementError: no such element: Unable to locate element: {\&quot;method\&quot;:\&quot;xpath\&quot;,\&quot;selector\&quot;:\&quot;//button[@form=\&quot;confirm--form\&quot;]\&quot;}\n  (Session info: chrome=72.0.3626.109)\n  (Driver info: chromedriver=2.45.615291 (ec3682e3c9061c10f26ea9e5cdcf3c53f3f74387),platform=Windows NT 10.0.19041 x86_64) (WARNING: The server did not provide any stacktrace information)\nCommand duration or timeout: 44 milliseconds\nFor documentation on this error, please visit: http://seleniumhq.org/exceptions/no_such_element.html\nBuild info: version: &#x27;2.53.0&#x27;, revision: &#x27;35ae25b&#x27;, time: &#x27;2016-03-15 17:00:58&#x27;\nSystem info: host: &#x27;207-254-7-104&#x27;, ip: &#x27;207.254.7.104&#x27;, os.name: &#x27;windows&#x27;, os.arch: &#x27;x86&#x27;, os.version: &#x27;10.0&#x27;, java.version: &#x27;1.8.0_181&#x27;\nDriver info: org.openqa.selenium.chrome.ChromeDriver\nCapabilities [{mobileEmulationEnabled=false, timeouts={implicit=0, pageLoad=300000, script=30000}, hasTouchScreen=false, platform=XP, acceptSslCerts=false, goog:chromeOptions={debuggerAddress=localhost:1765}, acceptInsecureCerts=false, webStorageEnabled=true, browserName=chrome, takesScreenshot=true, javascriptEnabled=true, setWindowRect=true, unexpectedAlertBehaviour=ignore, applicationCacheEnabled=false, rotatable=false, networkConnectionEnabled=false, chrome={chromedriverVersion=2.45.615291 (ec3682e3c9061c10f26ea9e5cdcf3c53f3f74387), userDataDir=C:\\Windows\\proxy\\scoped_dir4520_11530}, takesHeapSnapshot=true, pageLoadStrategy=normal, strictFileInteractability=false, databaseEnabled=false, handlesAlerts=true, version=72.0.3626.109, browserConnectionEnabled=false, proxy={}, nativeEvents=true, locationContextEnabled=true, cssSelectorsEnabled=true}]\nSession ID: 5ad9576504602db2bb2d05b19332de08\n*** Element info: {Using=xpath, value=//button[@form=\&quot;confirm--form\&quot;]}\n    at Object.checkLegacyResponse (node_modules/selenium-webdriver/lib/error.js:585:15)\n    at parseHttpResponse (node_modules/selenium-webdriver/lib/http.js:556:13)\n    at Executor.execute (node_modules/selenium-webdriver/lib/http.js:491:26)\n    at &lt;anonymous&gt;\n    at process._tickCallback (internal/process/next_tick.js:188:7)&quot;},&quot;uuid&quot;:&quot;3b9fde28-87ec-4037-a2a8-06e7dd4625ed&quot;,&quot;parentUUID&quot;:&quot;6dec4f3d-cc31-4bf4-8d1b-8353d0ff5f36&quot;,&quot;isHook&quot;:false,&quot;skipped&quot;:false}],&quot;suites&quot;:[],&quot;passes&quot;:[],&quot;failures&quot;:[&quot;3b9fde28-87ec-4037-a2a8-06e7dd4625ed&quot;],&quot;pending&quot;:[],&quot;skipped&quot;:[],&quot;duration&quot;:256139,&quot;root&quot;:false,&quot;rootEmpty&quot;:false,&quot;_timeout&quot;:6000000},{&quot;uuid&quot;:&quot;0f8549a3-1dd7-4f6d-b143-02961f0b2da6&quot;,&quot;title&quot;:&quot;Alipay Cross-border test&quot;,&quot;fullFile&quot;:&quot;/home/travis/shopware/custom/plugins/WirecardElasticEngine/Tests/Selenium/Payments/AlipayTest.js&quot;,&quot;file&quot;:&quot;/Tests/Selenium/Payments/AlipayTest.js&quot;,&quot;beforeHooks&quot;:[{&quot;title&quot;:&quot;\&quot;before all\&quot; hook&quot;,&quot;fullTitle&quot;:&quot;Alipay Cross-border test \&quot;before all\&quot; hook&quot;,&quot;timedOut&quot;:false,&quot;duration&quot;:6332,&quot;pass&quot;:false,&quot;fail&quot;:false,&quot;pending&quot;:false,&quot;code&quot;:&quot;driver = await getDriver(&#x27;alipay&#x27;);&quot;,&quot;err&quot;:{},&quot;uuid&quot;:&quot;50f8aedc-8314-4a26-b3ad-af29ac28706e&quot;,&quot;parentUUID&quot;:&quot;0f8549a3-1dd7-4f6d-b143-02961f0b2da6&quot;,&quot;isHook&quot;:true,&quot;skipped&quot;:false}],&quot;afterHooks&quot;:[{&quot;title&quot;:&quot;\&quot;after all\&quot; hook&quot;,&quot;fullTitle&quot;:&quot;Alipay Cross-border test \&quot;after all\&quot; hook&quot;,&quot;timedOut&quot;:false,&quot;duration&quot;:1796,&quot;pass&quot;:false,&quot;fail&quot;:false,&quot;pending&quot;:false,&quot;code&quot;:&quot;driver.quit()&quot;,&quot;err&quot;:{},&quot;uuid&quot;:&quot;633c589b-f1bb-4737-a1b3-d5c81ab33023&quot;,&quot;parentUUID&quot;:&quot;0f8549a3-1dd7-4f6d-b143-02961f0b2da6&quot;,&quot;isHook&quot;:true,&quot;skipped&quot;:false}],&quot;tests&quot;:[{&quot;title&quot;:&quot;should check the alipay crossborder payment process&quot;,&quot;fullTitle&quot;:&quot;Alipay Cross-border test should check the alipay crossborder payment process&quot;,&quot;timedOut&quot;:false,&quot;duration&quot;:32529,&quot;state&quot;:&quot;failed&quot;,&quot;pass&quot;:false,&quot;fail&quot;:true,&quot;pending&quot;:false,&quot;code&quot;:&quot;await loginWithExampleAccount(driver);\nawait addProductToCartAndGotoCheckout(driver, &#x27;/genusswelten/tees-und-zubeh/tee-zubehoer/24/glas-teekaennchen&#x27;);\nawait selectPaymentMethod(driver, paymentLabel);\n// Confirm order\nconsole.log(&#x27;click button confirm--form&#x27;);\nawait driver.findElement(By.xpath(&#x27;//button[@form=\&quot;confirm--form\&quot;]&#x27;)).click();\nconsole.log(&#x27;wait for .payAmount-area&#x27;);\nawait driver.wait(until.elementLocated(By.css(&#x27;.payAmount-area&#x27;)), 20000);\nconst paymentContent = await driver.findElement(By.css(&#x27;.payAmount-area&#x27;)).getText();\nexpect(paymentContent).to.include(&#x27;70.99 EUR&#x27;);\n// We cannot perform the full payment process because of a captcha at Alipay login page\n/*\nawait driver.wait(until.elementLocated(By.css(&#x27;.mi-input-account&#x27;)), 20000);\nawait driver.findElement(By.css(&#x27;.mi-input-account&#x27;)).sendKeys(formFields.email);\nawait driver.findElement(By.id(&#x27;payPasswd_rsainput&#x27;)).sendKeys(formFields.password);\nconsole.log(&#x27;wait for .sixDigitPassword&#x27;);\nawait driver.wait(until.elementLocated(By.css(&#x27;.sixDigitPassword&#x27;)), 15000);\nawait driver.findElement(By.css(&#x27;.sixDigitPassword i&#x27;)).sendKeys(formFields.paymentPasswordDigit);\nawait driver.findElement(By.id(&#x27;J_authSubmit&#x27;)).click();\nawait waitForAlert(driver, 20000);\nawait checkConfirmationPage(driver, paymentLabel);\n*/&quot;,&quot;err&quot;:{&quot;message&quot;:&quot;AssertionError: expected &#x27;429.99 EUR| 3171.61 CNY&#x27; to include &#x27;70.99 EUR&#x27;&quot;,&quot;estack&quot;:&quot;AssertionError: expected &#x27;429.99 EUR| 3171.61 CNY&#x27; to include &#x27;70.99 EUR&#x27;\n    at Context.it (Tests/Selenium/Payments/AlipayTest.js:43:35)\n    at &lt;anonymous&gt;\n    at process._tickCallback (internal/process/next_tick.js:188:7)&quot;},&quot;uuid&quot;:&quot;948f9a64-bbb8-43de-88b1-2b809f437178&quot;,&quot;parentUUID&quot;:&quot;0f8549a3-1dd7-4f6d-b143-02961f0b2da6&quot;,&quot;isHook&quot;:false,&quot;skipped&quot;:false}],&quot;suites&quot;:[],&quot;passes&quot;:[],&quot;failures&quot;:[&quot;948f9a64-bbb8-43de-88b1-2b809f437178&quot;],&quot;pending&quot;:[],&quot;skipped&quot;:[],&quot;duration&quot;:32529,&quot;root&quot;:false,&quot;rootEmpty&quot;:false,&quot;_timeout&quot;:6000000},{&quot;uuid&quot;:&quot;3c02232c-ab4f-4252-8c77-22b47c5af68b&quot;,&quot;title&quot;:&quot;PayPal test&quot;,&quot;fullFile&quot;:&quot;/home/travis/shopware/custom/plugins/WirecardElasticEngine/Tests/Selenium/Payments/PaypalTest.js&quot;,&quot;file&quot;:&quot;/Tests/Selenium/Payments/PaypalTest.js&quot;,&quot;beforeHooks&quot;:[{&quot;title&quot;:&quot;\&quot;before all\&quot; hook&quot;,&quot;fullTitle&quot;:&quot;PayPal test \&quot;before all\&quot; hook&quot;,&quot;timedOut&quot;:false,&quot;duration&quot;:9728,&quot;pass&quot;:false,&quot;fail&quot;:false,&quot;pending&quot;:false,&quot;code&quot;:&quot;driver = await getDriver(&#x27;paypal&#x27;);&quot;,&quot;err&quot;:{},&quot;uuid&quot;:&quot;d1d6e4ad-22f6-4b5a-9fec-f89e04e63d20&quot;,&quot;parentUUID&quot;:&quot;3c02232c-ab4f-4252-8c77-22b47c5af68b&quot;,&quot;isHook&quot;:true,&quot;skipped&quot;:false}],&quot;afterHooks&quot;:[{&quot;title&quot;:&quot;\&quot;after all\&quot; hook&quot;,&quot;fullTitle&quot;:&quot;PayPal test \&quot;after all\&quot; hook&quot;,&quot;timedOut&quot;:false,&quot;duration&quot;:1746,&quot;pass&quot;:false,&quot;fail&quot;:false,&quot;pending&quot;:false,&quot;code&quot;:&quot;driver.quit()&quot;,&quot;err&quot;:{},&quot;uuid&quot;:&quot;bfbeba00-da69-4267-a53d-a669dde044d6&quot;,&quot;parentUUID&quot;:&quot;3c02232c-ab4f-4252-8c77-22b47c5af68b&quot;,&quot;isHook&quot;:true,&quot;skipped&quot;:false}],&quot;tests&quot;:[{&quot;title&quot;:&quot;should check the paypal payment process&quot;,&quot;fullTitle&quot;:&quot;PayPal test should check the paypal payment process&quot;,&quot;timedOut&quot;:false,&quot;duration&quot;:78654,&quot;state&quot;:&quot;passed&quot;,&quot;speed&quot;:&quot;slow&quot;,&quot;pass&quot;:true,&quot;fail&quot;:false,&quot;pending&quot;:false,&quot;code&quot;:&quot;await loginWithExampleAccount(driver);\nawait addProductToCartAndGotoCheckout(driver, &#x27;/genusswelten/tees-und-zubeh/tee-zubehoer/24/glas-teekaennchen&#x27;);\nawait selectPaymentMethod(driver, paymentLabel);\n// Confirm order\nconsole.log(&#x27;click button confirm--form&#x27;);\nawait driver.findElement(By.xpath(&#x27;//button[@form=\&quot;confirm--form\&quot;]&#x27;)).click();\ntry {\n    console.log(&#x27;wait for #email&#x27;);\n    await driver.wait(until.elementLocated(By.id(&#x27;email&#x27;)), 10000);\n    await driver.findElement(By.id(&#x27;email&#x27;)).sendKeys(formFields.email);\n    console.log(&#x27;wait for #password&#x27;);\n    await driver.wait(until.elementLocated(By.id(&#x27;password&#x27;)), 10000);\n    await driver.findElement(By.id(&#x27;password&#x27;)).sendKeys(payPalPassword[&#x27;paypal.password&#x27;], Key.ENTER);\n    console.log(&#x27;wait for #acceptAllButton&#x27;);\n    await driver.wait(until.elementLocated(By.id(&#x27;acceptAllButton&#x27;)));\n    console.log(&#x27;#acceptAllButton located&#x27;);\n    await driver.findElement(By.id(&#x27;acceptAllButton&#x27;)).click();\n    console.log(&#x27;#acceptAllButton clicked&#x27;);\n    console.log(&#x27;wait for #payment-submit-btn&#x27;);\n    await driver.wait(until.elementLocated(By.id(&#x27;payment-submit-btn&#x27;)));\n    console.log(&#x27;#payment-submit-btn located&#x27;);\n    console.log(&#x27;wait for #payment-submit-btn clickable&#x27;);\n    await driver.sleep(10000);\n    console.log(&#x27;click #payment-submit-btn&#x27;);\n    await driver.findElement(By.id(&#x27;payment-submit-btn&#x27;)).click();\n    console.log(&#x27;#payment-submit-btn clicked&#x27;);\n    await waitForAlert(driver, 25000);\n    await checkConfirmationPage(driver, paymentLabel);\n} catch (e) {\n    console.log(&#x27;wait for #btnNext&#x27;);\n    await driver.wait(until.elementLocated(By.id(&#x27;btnNext&#x27;)), 10000);\n    console.log(&#x27;wait for #email&#x27;);\n    await driver.wait(until.elementLocated(By.id(&#x27;email&#x27;)), 10000);\n    await driver.findElement(By.id(&#x27;email&#x27;)).sendKeys(Key.ENTER);\n    await waitUntilOverlayIsNotVisible(driver, By.className(&#x27;spinnerWithLockIcon&#x27;));\n    console.log(&#x27;wait for #btnLogin&#x27;);\n    await driver.wait(until.elementLocated(By.id(&#x27;btnLogin&#x27;)), 25000);\n    console.log(&#x27;wait for #password&#x27;);\n    await driver.wait(until.elementLocated(By.id(&#x27;password&#x27;)), 10000);\n    await driver.findElement(By.id(&#x27;password&#x27;)).sendKeys(payPalPassword[&#x27;paypal.password&#x27;], Key.ENTER);\n    await waitUntilOverlayIsNotVisible(driver, By.id(&#x27;preloaderSpinner&#x27;));\n    console.log(&#x27;wait for #acceptAllButton&#x27;);\n    await driver.wait(until.elementLocated(By.id(&#x27;acceptAllButton&#x27;)));\n    console.log(&#x27;#acceptAllButton located&#x27;);\n    await driver.findElement(By.id(&#x27;acceptAllButton&#x27;)).click();\n    console.log(&#x27;#acceptAllButton clicked&#x27;);\n    console.log(&#x27;wait for #payment-submit-btn&#x27;);\n    await driver.wait(until.elementLocated(By.id(&#x27;payment-submit-btn&#x27;)), 25000);\n    await waitUntilOverlayIsNotVisible(driver, By.id(&#x27;preloaderSpinner&#x27;));\n    console.log(&#x27;wait for #payment-submit-btn clickable&#x27;);\n    await driver.sleep(10000);\n    console.log(&#x27;click #payment-submit-btn&#x27;);\n    await driver.wait(driver.findElement(By.id(&#x27;payment-submit-btn&#x27;)).click(), 10000);\n    await waitForAlert(driver, 25000);\n    await checkConfirmationPage(driver, paymentLabel);\n}&quot;,&quot;err&quot;:{},&quot;uuid&quot;:&quot;bce61512-b151-4a0b-a4ce-300297f012aa&quot;,&quot;parentUUID&quot;:&quot;3c02232c-ab4f-4252-8c77-22b47c5af68b&quot;,&quot;isHook&quot;:false,&quot;skipped&quot;:false}],&quot;suites&quot;:[],&quot;passes&quot;:[&quot;bce61512-b151-4a0b-a4ce-300297f012aa&quot;],&quot;failures&quot;:[],&quot;pending&quot;:[],&quot;skipped&quot;:[],&quot;duration&quot;:78654,&quot;root&quot;:false,&quot;rootEmpty&quot;:false,&quot;_timeout&quot;:6000000},{&quot;uuid&quot;:&quot;10d3808b-8d17-4dbd-97d4-158a6218929d&quot;,&quot;title&quot;:&quot;iDEAL test&quot;,&quot;fullFile&quot;:&quot;/home/travis/shopware/custom/plugins/WirecardElasticEngine/Tests/Selenium/Payments/IdealTest.js&quot;,&quot;file&quot;:&quot;/Tests/Selenium/Payments/IdealTest.js&quot;,&quot;beforeHooks&quot;:[{&quot;title&quot;:&quot;\&quot;before all\&quot; hook&quot;,&quot;fullTitle&quot;:&quot;iDEAL test \&quot;before all\&quot; hook&quot;,&quot;timedOut&quot;:false,&quot;duration&quot;:5795,&quot;pass&quot;:false,&quot;fail&quot;:false,&quot;pending&quot;:false,&quot;code&quot;:&quot;driver = await getDriver(&#x27;ideal&#x27;);&quot;,&quot;err&quot;:{},&quot;uuid&quot;:&quot;98886739-ace2-45d7-98a9-46554e4f69f0&quot;,&quot;parentUUID&quot;:&quot;10d3808b-8d17-4dbd-97d4-158a6218929d&quot;,&quot;isHook&quot;:true,&quot;skipped&quot;:false}],&quot;afterHooks&quot;:[{&quot;title&quot;:&quot;\&quot;after all\&quot; hook&quot;,&quot;fullTitle&quot;:&quot;iDEAL test \&quot;after all\&quot; hook&quot;,&quot;timedOut&quot;:false,&quot;duration&quot;:1887,&quot;pass&quot;:false,&quot;fail&quot;:false,&quot;pending&quot;:false,&quot;code&quot;:&quot;driver.quit()&quot;,&quot;err&quot;:{},&quot;uuid&quot;:&quot;2c65b2c2-90eb-4f8c-a95b-f094320402a7&quot;,&quot;parentUUID&quot;:&quot;10d3808b-8d17-4dbd-97d4-158a6218929d&quot;,&quot;isHook&quot;:true,&quot;skipped&quot;:false}],&quot;tests&quot;:[{&quot;title&quot;:&quot;should check the ideal payment process&quot;,&quot;fullTitle&quot;:&quot;iDEAL test should check the ideal payment process&quot;,&quot;timedOut&quot;:false,&quot;duration&quot;:35169,&quot;state&quot;:&quot;passed&quot;,&quot;speed&quot;:&quot;slow&quot;,&quot;pass&quot;:true,&quot;fail&quot;:false,&quot;pending&quot;:false,&quot;code&quot;:&quot;await loginWithExampleAccount(driver);\nawait addProductToCartAndGotoCheckout(driver, &#x27;/genusswelten/tees-und-zubeh/tee-zubehoer/24/glas-teekaennchen&#x27;);\nawait selectPaymentMethod(driver, paymentLabel);\n// Select ideal bank\nconsole.log(&#x27;select &#x27; + idealBank + &#x27; option&#x27;);\nawait driver.findElement(By.css(&#x27;option[value=\\&#x27;&#x27; + idealBank + &#x27;\\&#x27;]&#x27;)).click();\n// Confirm order\nconsole.log(&#x27;click button confirm--form&#x27;);\nawait driver.findElement(By.xpath(&#x27;//button[@form=\&quot;confirm--form\&quot;]&#x27;)).click();\nconsole.log(&#x27;wait for form .btnLink&#x27;);\nawait driver.wait(until.elementLocated(By.css(&#x27;form .btnLink&#x27;)), 20000);\nawait driver.findElement(By.css(&#x27;form .btnLink&#x27;)).click();\nawait checkConfirmationPage(driver, paymentLabel);&quot;,&quot;err&quot;:{},&quot;uuid&quot;:&quot;4f120687-19f3-4bfc-9654-8de72b25e8f2&quot;,&quot;parentUUID&quot;:&quot;10d3808b-8d17-4dbd-97d4-158a6218929d&quot;,&quot;isHook&quot;:false,&quot;skipped&quot;:false}],&quot;suites&quot;:[],&quot;passes&quot;:[&quot;4f120687-19f3-4bfc-9654-8de72b25e8f2&quot;],&quot;failures&quot;:[],&quot;pending&quot;:[],&quot;skipped&quot;:[],&quot;duration&quot;:35169,&quot;root&quot;:false,&quot;rootEmpty&quot;:false,&quot;_timeout&quot;:6000000},{&quot;uuid&quot;:&quot;a1deede6-4e7c-4162-9283-a35c513325f2&quot;,&quot;title&quot;:&quot;Guaranteed Invoice by Wirecard test&quot;,&quot;fullFile&quot;:&quot;/home/travis/shopware/custom/plugins/WirecardElasticEngine/Tests/Selenium/Payments/RatepayTest.js&quot;,&quot;file&quot;:&quot;/Tests/Selenium/Payments/RatepayTest.js&quot;,&quot;beforeHooks&quot;:[{&quot;title&quot;:&quot;\&quot;before all\&quot; hook&quot;,&quot;fullTitle&quot;:&quot;Guaranteed Invoice by Wirecard test \&quot;before all\&quot; hook&quot;,&quot;timedOut&quot;:false,&quot;duration&quot;:10996,&quot;pass&quot;:false,&quot;fail&quot;:false,&quot;pending&quot;:false,&quot;code&quot;:&quot;driver = await getDriver(&#x27;ratepay&#x27;);&quot;,&quot;err&quot;:{},&quot;uuid&quot;:&quot;ffc40c69-9640-4bbf-9e9d-ed2da4bfc2c9&quot;,&quot;parentUUID&quot;:&quot;a1deede6-4e7c-4162-9283-a35c513325f2&quot;,&quot;isHook&quot;:true,&quot;skipped&quot;:false}],&quot;afterHooks&quot;:[{&quot;title&quot;:&quot;\&quot;after all\&quot; hook&quot;,&quot;fullTitle&quot;:&quot;Guaranteed Invoice by Wirecard test \&quot;after all\&quot; hook&quot;,&quot;timedOut&quot;:false,&quot;duration&quot;:1767,&quot;pass&quot;:false,&quot;fail&quot;:false,&quot;pending&quot;:false,&quot;code&quot;:&quot;driver.quit()&quot;,&quot;err&quot;:{},&quot;uuid&quot;:&quot;00e195e9-6d74-4382-9775-088edc9b526e&quot;,&quot;parentUUID&quot;:&quot;a1deede6-4e7c-4162-9283-a35c513325f2&quot;,&quot;isHook&quot;:true,&quot;skipped&quot;:false}],&quot;tests&quot;:[{&quot;title&quot;:&quot;should check the ratepay invoice process&quot;,&quot;fullTitle&quot;:&quot;Guaranteed Invoice by Wirecard test should check the ratepay invoice process&quot;,&quot;timedOut&quot;:false,&quot;duration&quot;:41969,&quot;state&quot;:&quot;passed&quot;,&quot;speed&quot;:&quot;slow&quot;,&quot;pass&quot;:true,&quot;fail&quot;:false,&quot;pending&quot;:false,&quot;code&quot;:&quot;await loginWithExampleAccount(driver);\nawait addProductToCartAndGotoCheckout(driver, &#x27;/genusswelten/tees-und-zubeh/tee-zubehoer/24/glas-teekaennchen&#x27;);\nconsole.log(&#x27;change shipping address&#x27;);\nawait driver.findElement(By.css(&#x27;.information--panel-item-shipping a[data-address-selection=\&quot;true\&quot;]&#x27;)).click();\nawait waitUntilOverlayIsStale(driver, By.className(&#x27;js--overlay&#x27;));\nconsole.log(&#x27;wait for .address-manager--selection-form&#x27;);\nawait driver.wait(until.elementLocated(By.css(&#x27;.address-manager--selection-form&#x27;)));\nawait driver.findElement(By.css(&#x27;.address-manager--selection-form button&#x27;)).click();\nconsole.log(&#x27;wait for .choose-different-address&#x27;);\nawait driver.wait(until.elementLocated(By.className(&#x27;choose-different-address&#x27;)));\nawait selectPaymentMethod(driver, paymentLabel);\n// Select birthday\nconsole.log(&#x27;select birthday 1/1/2000 option&#x27;);\nawait driver.findElement(By.css(&#x27;.wirecardee--birthday-year option[value=\\&#x27;2000\\&#x27;]&#x27;)).click();\nconsole.log(&#x27;confirm terms&#x27;);\nawait driver.findElement(By.id(&#x27;wirecardee--tac&#x27;)).click();\n// Confirm order\nconsole.log(&#x27;click button confirm--form&#x27;);\nawait driver.findElement(By.xpath(&#x27;//button[@form=\&quot;confirm--form\&quot;]&#x27;)).click();\nawait checkConfirmationPage(driver, paymentLabel);&quot;,&quot;err&quot;:{},&quot;uuid&quot;:&quot;77942010-e6c7-42ed-971c-15a0dc2830b8&quot;,&quot;parentUUID&quot;:&quot;a1deede6-4e7c-4162-9283-a35c513325f2&quot;,&quot;isHook&quot;:false,&quot;skipped&quot;:false}],&quot;suites&quot;:[],&quot;passes&quot;:[&quot;77942010-e6c7-42ed-971c-15a0dc2830b8&quot;],&quot;failures&quot;:[],&quot;pending&quot;:[],&quot;skipped&quot;:[],&quot;duration&quot;:41969,&quot;root&quot;:false,&quot;rootEmpty&quot;:false,&quot;_timeout&quot;:6000000},{&quot;uuid&quot;:&quot;f18a2911-7d24-4a2c-b5a0-7f7ce2149ee6&quot;,&quot;title&quot;:&quot;default test&quot;,&quot;fullFile&quot;:&quot;/home/travis/shopware/custom/plugins/WirecardElasticEngine/Tests/Selenium/Payments/DefaultTest.js&quot;,&quot;file&quot;:&quot;/Tests/Selenium/Payments/DefaultTest.js&quot;,&quot;beforeHooks&quot;:[{&quot;title&quot;:&quot;\&quot;before all\&quot; hook&quot;,&quot;fullTitle&quot;:&quot;default test \&quot;before all\&quot; hook&quot;,&quot;timedOut&quot;:false,&quot;duration&quot;:9313,&quot;pass&quot;:false,&quot;fail&quot;:false,&quot;pending&quot;:false,&quot;code&quot;:&quot;driver = await getDriver(&#x27;default&#x27;);&quot;,&quot;err&quot;:{},&quot;uuid&quot;:&quot;c71144b3-a451-4006-883d-98b23a002cd7&quot;,&quot;parentUUID&quot;:&quot;f18a2911-7d24-4a2c-b5a0-7f7ce2149ee6&quot;,&quot;isHook&quot;:true,&quot;skipped&quot;:false}],&quot;afterHooks&quot;:[{&quot;title&quot;:&quot;\&quot;after all\&quot; hook&quot;,&quot;fullTitle&quot;:&quot;default test \&quot;after all\&quot; hook&quot;,&quot;timedOut&quot;:false,&quot;duration&quot;:2501,&quot;pass&quot;:false,&quot;fail&quot;:false,&quot;pending&quot;:false,&quot;code&quot;:&quot;driver.quit()&quot;,&quot;err&quot;:{},&quot;uuid&quot;:&quot;6be3f23c-2cd1-4e1a-8752-4801b0f53ce8&quot;,&quot;parentUUID&quot;:&quot;f18a2911-7d24-4a2c-b5a0-7f7ce2149ee6&quot;,&quot;isHook&quot;:true,&quot;skipped&quot;:false}],&quot;tests&quot;:[{&quot;title&quot;:&quot;should check the default checkout&quot;,&quot;fullTitle&quot;:&quot;default test should check the default checkout&quot;,&quot;timedOut&quot;:false,&quot;duration&quot;:17981,&quot;state&quot;:&quot;passed&quot;,&quot;speed&quot;:&quot;slow&quot;,&quot;pass&quot;:true,&quot;fail&quot;:false,&quot;pending&quot;:false,&quot;code&quot;:&quot;await loginWithExampleAccount(driver);\nawait addProductToCartAndGotoCheckout(driver, &#x27;/genusswelten/tees-und-zubeh/tee-zubehoer/24/glas-teekaennchen&#x27;);\n// Go to payment selection page select \&quot;prepayment\&quot;\nawait driver.findElement(By.className(&#x27;btn--change-payment&#x27;)).click();\n// Check if all wirecard payments are present\nawait asyncForEach(wirecardPaymentLabels, async paymentLabel =&gt; {\n    await driver.findElement(By.xpath(\&quot;//*[contains(text(), &#x27;\&quot; + paymentLabel + \&quot;&#x27;)]\&quot;));\n});\nawait driver.findElement(By.xpath(\&quot;//*[contains(text(), &#x27;Vorkasse&#x27;)]\&quot;)).click();\n// Go back to checkout page and test if payment method has been selected\nawait waitUntilOverlayIsStale(driver, By.className(&#x27;js--overlay&#x27;));\nawait driver.findElement(By.className(&#x27;main--actions&#x27;)).click();\n// Check AGB and confirm order\nawait driver.findElement(By.id(&#x27;sAGB&#x27;)).click();\nconsole.log(&#x27;click button confirm--form&#x27;);\nawait driver.findElement(By.xpath(&#x27;//button[@form=\&quot;confirm--form\&quot;]&#x27;)).click();\nawait checkConfirmationPage(driver, &#x27;Vorkasse&#x27;);&quot;,&quot;err&quot;:{},&quot;uuid&quot;:&quot;03315921-245e-46d7-b027-cf71c7143c67&quot;,&quot;parentUUID&quot;:&quot;f18a2911-7d24-4a2c-b5a0-7f7ce2149ee6&quot;,&quot;isHook&quot;:false,&quot;skipped&quot;:false}],&quot;suites&quot;:[],&quot;passes&quot;:[&quot;03315921-245e-46d7-b027-cf71c7143c67&quot;],&quot;failures&quot;:[],&quot;pending&quot;:[],&quot;skipped&quot;:[],&quot;duration&quot;:17981,&quot;root&quot;:false,&quot;rootEmpty&quot;:false,&quot;_timeout&quot;:6000000},{&quot;uuid&quot;:&quot;2294df92-2a92-48ea-b68b-bd275e9a042c&quot;,&quot;title&quot;:&quot;Credit Card 3-D Secure test&quot;,&quot;fullFile&quot;:&quot;/home/travis/shopware/custom/plugins/WirecardElasticEngine/Tests/Selenium/Payments/CreditCardThreeDTest.js&quot;,&quot;file&quot;:&quot;/Tests/Selenium/Payments/CreditCardThreeDTest.js&quot;,&quot;beforeHooks&quot;:[{&quot;title&quot;:&quot;\&quot;before all\&quot; hook&quot;,&quot;fullTitle&quot;:&quot;Credit Card 3-D Secure test \&quot;before all\&quot; hook&quot;,&quot;timedOut&quot;:false,&quot;duration&quot;:16661,&quot;pass&quot;:false,&quot;fail&quot;:false,&quot;pending&quot;:false,&quot;code&quot;:&quot;driver = await getDriver(&#x27;credit card 3ds&#x27;);&quot;,&quot;err&quot;:{},&quot;uuid&quot;:&quot;d48be12c-346a-4697-ae0c-a4b085c36480&quot;,&quot;parentUUID&quot;:&quot;2294df92-2a92-48ea-b68b-bd275e9a042c&quot;,&quot;isHook&quot;:true,&quot;skipped&quot;:false}],&quot;afterHooks&quot;:[{&quot;title&quot;:&quot;\&quot;after all\&quot; hook&quot;,&quot;fullTitle&quot;:&quot;Credit Card 3-D Secure test \&quot;after all\&quot; hook&quot;,&quot;timedOut&quot;:false,&quot;duration&quot;:1853,&quot;pass&quot;:false,&quot;fail&quot;:false,&quot;pending&quot;:false,&quot;code&quot;:&quot;driver.quit()&quot;,&quot;err&quot;:{},&quot;uuid&quot;:&quot;00629d8c-5ebc-4078-a6f6-19af5960cf56&quot;,&quot;parentUUID&quot;:&quot;2294df92-2a92-48ea-b68b-bd275e9a042c&quot;,&quot;isHook&quot;:true,&quot;skipped&quot;:false}],&quot;tests&quot;:[{&quot;title&quot;:&quot;should check the credit card 3ds payment process&quot;,&quot;fullTitle&quot;:&quot;Credit Card 3-D Secure test should check the credit card 3ds payment process&quot;,&quot;timedOut&quot;:false,&quot;duration&quot;:99616,&quot;state&quot;:&quot;passed&quot;,&quot;speed&quot;:&quot;slow&quot;,&quot;pass&quot;:true,&quot;fail&quot;:false,&quot;pending&quot;:false,&quot;code&quot;:&quot;await updateDatabaseTransactionType(&#x27;pay&#x27;, &#x27;wirecardElasticEngineCreditCardTransactionType&#x27;);\nawait loginWithExampleAccount(driver);\nawait addProductToCartAndGotoCheckout(driver, &#x27;/wohnwelten/moebel/68/kommode-shabby-chic&#x27;);\nawait selectPaymentMethod(driver, paymentLabel);\ntry {\n    // Do not use saved card\n    console.log(&#x27;click #wirecardee--token-no-card&#x27;);\n    await driver.findElement(By.id(&#x27;wirecardee--token-no-card&#x27;)).click();\n    // Confirm order\n    console.log(&#x27;click button confirm--form&#x27;);\n    await driver.findElement(By.xpath(&#x27;//button[@form=\&quot;confirm--form\&quot;]&#x27;)).click();\n    // Fill out credit card iframe\n    console.log(&#x27;wait for .wirecard-seamless-frame&#x27;);\n    await driver.wait(until.elementLocated(By.className(&#x27;wirecard-seamless-frame&#x27;)), 20000);\n    console.log(&#x27;wait for switch to iframe .wirecard-seamless-frame&#x27;);\n    await driver.wait(until.ableToSwitchToFrame(By.className(&#x27;wirecard-seamless-frame&#x27;)));\n    console.log(&#x27;wait for #account_number&#x27;);\n    await driver.wait(until.elementLocated(By.id(&#x27;account_number&#x27;)), 20000);\n    await asyncForEach(Object.keys(formFields), async field =&gt; {\n        await driver.findElement(By.id(field)).sendKeys(formFields[field]);\n    });\n    // Switch back from iframe and click Send button\n    console.log(&#x27;switch back from iframe to default content&#x27;);\n    await driver.switchTo().defaultContent();\n    console.log(&#x27;wait for #wirecardee-credit-card--form-submit&#x27;);\n    await driver.wait(until.elementLocated(By.id(&#x27;wirecardee-credit-card--form-submit&#x27;)), 10000);\n    console.log(&#x27;click #wirecardee-credit-card--form-submit&#x27;);\n    await driver.findElement(By.id(&#x27;wirecardee-credit-card--form-submit&#x27;)).click();\n    console.log(&#x27;wait for #password&#x27;);\n    await driver.wait(until.elementLocated(By.id(&#x27;password&#x27;)), 20000);\n    await driver.findElement(By.id(&#x27;password&#x27;)).sendKeys(config.payments.creditCardThreeD.password, Key.ENTER);\n    await waitForAlert(driver, 20000);\n    await checkConfirmationPage(driver, paymentLabel);\n} catch (e) {\n    // Confirm order\n    console.log(&#x27;click button confirm--form&#x27;);\n    await driver.findElement(By.xpath(&#x27;//button[@form=\&quot;confirm--form\&quot;]&#x27;)).click();\n    // Fill out credit card iframe\n    console.log(&#x27;wait for .wirecard-seamless-frame&#x27;);\n    await driver.wait(until.elementLocated(By.className(&#x27;wirecard-seamless-frame&#x27;)), 20000);\n    console.log(&#x27;wait for switch to iframe .wirecard-seamless-frame&#x27;);\n    await driver.wait(until.ableToSwitchToFrame(By.className(&#x27;wirecard-seamless-frame&#x27;)));\n    console.log(&#x27;wait for #account_number&#x27;);\n    await driver.wait(until.elementLocated(By.id(&#x27;account_number&#x27;)), 20000);\n    await asyncForEach(Object.keys(formFields), async field =&gt; {\n        await driver.findElement(By.id(field)).sendKeys(formFields[field]);\n    });\n    await driver.findElement(By.css(&#x27;#expiration_month_list &gt; option[value=\\&#x27;01\\&#x27;]&#x27;)).click();\n    await driver.findElement(By.css(&#x27;#expiration_year_list &gt; option[value=\\&#x27;2023\\&#x27;]&#x27;)).click();\n    // Switch back from iframe and click Send button\n    console.log(&#x27;switch back from iframe to default content&#x27;);\n    await driver.switchTo().defaultContent();\n    console.log(&#x27;wait for #wirecardee-credit-card--form-submit&#x27;);\n    await driver.wait(until.elementLocated(By.id(&#x27;wirecardee-credit-card--form-submit&#x27;)), 10000);\n    console.log(&#x27;click #wirecardee-credit-card--form-submit&#x27;);\n    await driver.findElement(By.id(&#x27;wirecardee-credit-card--form-submit&#x27;)).click();\n    console.log(&#x27;wait for #password&#x27;);\n    await driver.wait(until.elementLocated(By.id(&#x27;password&#x27;)), 20000);\n    await driver.findElement(By.id(&#x27;password&#x27;)).sendKeys(config.payments.creditCardThreeD.password, Key.ENTER);\n    await waitForAlert(driver, 20000);\n    await checkConfirmationPage(driver, paymentLabel);\n}\ncheckTransactionTypeInDatabase(&#x27;purchase&#x27;);&quot;,&quot;err&quot;:{},&quot;uuid&quot;:&quot;258fdc56-ca69-434f-a922-136bb9a755f6&quot;,&quot;parentUUID&quot;:&quot;2294df92-2a92-48ea-b68b-bd275e9a042c&quot;,&quot;isHook&quot;:false,&quot;skipped&quot;:false}],&quot;suites&quot;:[],&quot;passes&quot;:[&quot;258fdc56-ca69-434f-a922-136bb9a755f6&quot;],&quot;failures&quot;:[],&quot;pending&quot;:[],&quot;skipped&quot;:[],&quot;duration&quot;:99616,&quot;root&quot;:false,&quot;rootEmpty&quot;:false,&quot;_timeout&quot;:6000000}],&quot;passes&quot;:[],&quot;failures&quot;:[],&quot;pending&quot;:[],&quot;skipped&quot;:[],&quot;duration&quot;:0,&quot;root&quot;:true,&quot;rootEmpty&quot;:true,&quot;_timeout&quot;:6000000}],&quot;meta&quot;:{&quot;mocha&quot;:{&quot;version&quot;:&quot;5.2.0&quot;},&quot;mochawesome&quot;:{&quot;options&quot;:{&quot;quiet&quot;:false,&quot;reportFilename&quot;:&quot;report&quot;,&quot;saveHtml&quot;:true,&quot;saveJson&quot;:true,&quot;useInlineDiffs&quot;:false},&quot;version&quot;:&quot;4.0.1&quot;},&quot;marge&quot;:{&quot;options&quot;:{&quot;id&quot;:&quot;default&quot;,&quot;reportFilename&quot;:&quot;report&quot;},&quot;version&quot;:&quot;4.1.0&quot;}}}" data-config="{&quot;reportFilename&quot;:&quot;report&quot;,&quot;reportDir&quot;:&quot;mochawesome-report&quot;,&quot;reportTitle&quot;:&quot;WirecardElasticEngine&quot;,&quot;reportPageTitle&quot;:&quot;Mochawesome Report&quot;,&quot;inline&quot;:false,&quot;inlineAssets&quot;:false,&quot;cdn&quot;:false,&quot;charts&quot;:false,&quot;enableCharts&quot;:false,&quot;code&quot;:true,&quot;enableCode&quot;:true,&quot;autoOpen&quot;:false,&quot;overwrite&quot;:true,&quot;timestamp&quot;:false,&quot;ts&quot;:false,&quot;showPassed&quot;:true,&quot;showFailed&quot;:true,&quot;showPending&quot;:true,&quot;showSkipped&quot;:false,&quot;showHooks&quot;:&quot;failed&quot;,&quot;saveJson&quot;:true,&quot;saveHtml&quot;:true,&quot;dev&quot;:false,&quot;assetsDir&quot;:&quot;mochawesome-report/assets&quot;,&quot;jsonFile&quot;:&quot;/home/travis/shopware/custom/plugins/WirecardElasticEngine/mochawesome-report/report.json&quot;,&quot;htmlFile&quot;:&quot;/home/travis/shopware/custom/plugins/WirecardElasticEngine/mochawesome-report/report.html&quot;}"><div id="report"></div><script src="assets/app.js"></script></body></html>