<?xml version="1.0" encoding="UTF-8"?>
<testsuites name="Mocha Tests" time="799.053" tests="13" failures="2">
  <testsuite name="Root Suite" timestamp="2019-09-18T11:06:31" tests="0" failures="0" time="0">
  </testsuite>
  <testsuite name="Payment in Advance test" timestamp="2019-09-18T11:06:31" tests="1" file="/home/travis/shopware/custom/plugins/WirecardElasticEngine/Tests/Selenium/Payments/PiaTest.js" failures="0" time="69.837">
    <testcase name="Payment in Advance test should check the pia payment process" time="69.837" classname="should check the pia payment process">
    </testcase>
  </testsuite>
  <testsuite name="Credit Card test" timestamp="2019-09-18T11:07:48" tests="1" file="/home/travis/shopware/custom/plugins/WirecardElasticEngine/Tests/Selenium/Payments/CreditCardTest.js" failures="0" time="37.869">
    <testcase name="Credit Card test should check the credit card payment process" time="37.869" classname="should check the credit card payment process">
    </testcase>
  </testsuite>
  <testsuite name="Credit Card One-Click Checkout test (NOTE: has requirements)" timestamp="2019-09-18T11:08:38" tests="1" file="/home/travis/shopware/custom/plugins/WirecardElasticEngine/Tests/Selenium/Payments/CreditCardOneClickTest.js" failures="0" time="23.503">
    <testcase name="Credit Card One-Click Checkout test (NOTE: has requirements) should check the credit card one-click payment process" time="23.503" classname="should check the credit card one-click payment process">
    </testcase>
  </testsuite>
  <testsuite name="SEPA Direct Debit test" timestamp="2019-09-18T11:09:14" tests="1" file="/home/travis/shopware/custom/plugins/WirecardElasticEngine/Tests/Selenium/Payments/SepaTest.js" failures="0" time="32.54">
    <testcase name="SEPA Direct Debit test should check the sepa payment process" time="32.54" classname="should check the sepa payment process">
    </testcase>
  </testsuite>
  <testsuite name="Sofort. test" timestamp="2019-09-18T11:09:56" tests="1" file="/home/travis/shopware/custom/plugins/WirecardElasticEngine/Tests/Selenium/Payments/SofortTest.js" failures="0" time="68.293">
    <testcase name="Sofort. test should check the sofort payment process" time="68.293" classname="should check the sofort payment process">
    </testcase>
  </testsuite>
  <testsuite name="Payment on Invoice test" timestamp="2019-09-18T11:11:13" tests="1" file="/home/travis/shopware/custom/plugins/WirecardElasticEngine/Tests/Selenium/Payments/PoiTest.js" failures="2" time="156.634">
    <testcase name="Payment on Invoice test should check the poi payment process" time="156.207" classname="should check the poi payment process">
      <failure message="ETIMEDOUT connect ETIMEDOUT 207.254.8.4:80" type="Error"><![CDATA[Error: ETIMEDOUT connect ETIMEDOUT 207.254.8.4:80
    at ClientRequest.<anonymous> (node_modules/selenium-webdriver/http/index.js:258:15)
    at Socket.socketErrorListener (_http_client.js:387:9)
    at emitErrorNT (internal/streams/destroy.js:64:8)
    at _combinedTickCallback (internal/process/next_tick.js:138:11)
    at process._tickCallback (internal/process/next_tick.js:180:9)]]></failure>
    </testcase>
    <testcase name="Payment on Invoice test &quot;after all&quot; hook" time="0.427" classname="&quot;after all&quot; hook">
      <failure message="Session not started or terminated" type="WebDriverError"><![CDATA[WebDriverError: Session not started or terminated
    at Object.checkLegacyResponse (node_modules/selenium-webdriver/lib/error.js:585:15)
    at parseHttpResponse (node_modules/selenium-webdriver/lib/http.js:554:13)
    at Executor.execute (node_modules/selenium-webdriver/lib/http.js:489:26)
    at <anonymous>
    at process._tickCallback (internal/process/next_tick.js:188:7)]]></failure>
    </testcase>
  </testsuite>
  <testsuite name="UnionPay International test" timestamp="2019-09-18T11:13:54" tests="1" file="/home/travis/shopware/custom/plugins/WirecardElasticEngine/Tests/Selenium/Payments/UpiTest.js" failures="0" time="94.848">
    <testcase name="UnionPay International test should check the unionpay international payment process" time="94.848" classname="should check the unionpay international payment process">
    </testcase>
  </testsuite>
  <testsuite name="Alipay Cross-border test" timestamp="2019-09-18T11:15:41" tests="1" file="/home/travis/shopware/custom/plugins/WirecardElasticEngine/Tests/Selenium/Payments/AlipayTest.js" failures="0" time="36.092">
    <testcase name="Alipay Cross-border test should check the alipay crossborder payment process" time="36.092" classname="should check the alipay crossborder payment process">
    </testcase>
  </testsuite>
  <testsuite name="PayPal test" timestamp="2019-09-18T11:16:26" tests="1" file="/home/travis/shopware/custom/plugins/WirecardElasticEngine/Tests/Selenium/Payments/PaypalTest.js" failures="0" time="76.285">
    <testcase name="PayPal test should check the paypal payment process" time="76.285" classname="should check the paypal payment process">
    </testcase>
  </testsuite>
  <testsuite name="iDEAL test" timestamp="2019-09-18T11:17:50" tests="1" file="/home/travis/shopware/custom/plugins/WirecardElasticEngine/Tests/Selenium/Payments/IdealTest.js" failures="0" time="37.339">
    <testcase name="iDEAL test should check the ideal payment process" time="37.339" classname="should check the ideal payment process">
    </testcase>
  </testsuite>
  <testsuite name="Guaranteed Invoice by Wirecard test" timestamp="2019-09-18T11:18:41" tests="1" file="/home/travis/shopware/custom/plugins/WirecardElasticEngine/Tests/Selenium/Payments/RatepayTest.js" failures="0" time="32.704">
    <testcase name="Guaranteed Invoice by Wirecard test should check the ratepay invoice process" time="32.704" classname="should check the ratepay invoice process">
    </testcase>
  </testsuite>
  <testsuite name="default test" timestamp="2019-09-18T11:19:21" tests="1" file="/home/travis/shopware/custom/plugins/WirecardElasticEngine/Tests/Selenium/Payments/DefaultTest.js" failures="0" time="15.755">
    <testcase name="default test should check the default checkout" time="15.755" classname="should check the default checkout">
    </testcase>
  </testsuite>
  <testsuite name="Credit Card 3-D Secure test" timestamp="2019-09-18T11:19:46" tests="1" file="/home/travis/shopware/custom/plugins/WirecardElasticEngine/Tests/Selenium/Payments/CreditCardThreeDTest.js" failures="0" time="117.354">
    <testcase name="Credit Card 3-D Secure test should check the credit card 3ds payment process" time="117.354" classname="should check the credit card 3ds payment process">
    </testcase>
  </testsuite>
</testsuites>