<?xml version="1.0" encoding="UTF-8"?>
<testsuites>
  <testsuite name="acceptance" tests="1" assertions="1" failures="0" errors="1" time="12.558150">
    <testcase file="/home/travis/build/wirecard/woocommerce-ee/wirecard-woocommerce-extension/tests/acceptance/CreditCard3DSAuthorizationHappyPath.feature" name="CreditCard3DSAuthorizationHappyPath: authorize" feature="authorize" assertions="1" time="12.558150">
      <error type="Facebook\WebDriver\Exception\UnknownServerException">CreditCard3DSAuthorizationHappyPath: authorize
Facebook\WebDriver\Exception\UnknownServerException: javascript error: Cannot read property 'getAttribute' of null
  (Session info: chrome=77.0.3865.75)
  (Driver info: chromedriver=77.0.3865.40 (f484704e052e0b556f8030b65b953dce96503217-refs/branch-heads/3865@{#442}),platform=Windows NT 6.2.9200 x86_64) (WARNING: The server did not provide any stacktrace information)
Command duration or timeout: 66 milliseconds
Build info: version: '2.53.0', revision: '35ae25b', time: '2016-03-15 17:00:58'
System info: host: '199-7-165-187', ip: '199.7.165.187', os.name: 'windows', os.arch: 'x86', os.version: '6.2', java.version: '1.8.0_181'
Driver info: org.openqa.selenium.chrome.ChromeDriver
Capabilities [{mobileEmulationEnabled=false, timeouts={implicit=0, pageLoad=300000, script=30000}, hasTouchScreen=false, platform=WIN8, acceptSslCerts=false, goog:chromeOptions={debuggerAddress=localhost:1645}, acceptInsecureCerts=false, webStorageEnabled=true, browserName=chrome, takesScreenshot=true, javascriptEnabled=true, setWindowRect=true, unexpectedAlertBehaviour=ignore, applicationCacheEnabled=false, rotatable=false, networkConnectionEnabled=false, chrome={chromedriverVersion=77.0.3865.40 (f484704e052e0b556f8030b65b953dce96503217-refs/branch-heads/3865@{#442}), userDataDir=C:\Windows\proxy\scoped_dir1956_1693687354}, takesHeapSnapshot=true, pageLoadStrategy=normal, strictFileInteractability=false, databaseEnabled=false, handlesAlerts=true, version=77.0.3865.75, browserConnectionEnabled=false, proxy={}, nativeEvents=true, locationContextEnabled=true, cssSelectorsEnabled=true}]
Session ID: 4d985c812cb3f5f862a94f286aa6cf49

/home/travis/build/wirecard/woocommerce-ee/wirecard-woocommerce-extension/vendor/facebook/webdriver/lib/Exception/WebDriverException.php:114
/home/travis/build/wirecard/woocommerce-ee/wirecard-woocommerce-extension/vendor/facebook/webdriver/lib/Remote/HttpCommandExecutor.php:331
/home/travis/build/wirecard/woocommerce-ee/wirecard-woocommerce-extension/vendor/facebook/webdriver/lib/Remote/RemoteWebDriver.php:565
/home/travis/build/wirecard/woocommerce-ee/wirecard-woocommerce-extension/vendor/facebook/webdriver/lib/Remote/RemoteWebDriver.php:326
/home/travis/build/wirecard/woocommerce-ee/wirecard-woocommerce-extension/vendor/codeception/codeception/src/Codeception/Module/WebDriver.php:2571
/home/travis/build/wirecard/woocommerce-ee/wirecard-woocommerce-extension/vendor/codeception/codeception/src/Codeception/Step.php:265
/home/travis/build/wirecard/woocommerce-ee/wirecard-woocommerce-extension/vendor/codeception/codeception/src/Codeception/Scenario.php:72
/home/travis/build/wirecard/woocommerce-ee/wirecard-woocommerce-extension/tests/_support/_generated/AcceptanceTesterActions.php:2617
/home/travis/build/wirecard/woocommerce-ee/wirecard-woocommerce-extension/tests/_support/Page/Checkout.php:135
/home/travis/build/wirecard/woocommerce-ee/wirecard-woocommerce-extension/tests/_support/Page/Checkout.php:116
/home/travis/build/wirecard/woocommerce-ee/wirecard-woocommerce-extension/tests/_support/Helper/Acceptance.php:76
/home/travis/build/wirecard/woocommerce-ee/wirecard-woocommerce-extension/vendor/codeception/codeception/src/Codeception/Step.php:265
/home/travis/build/wirecard/woocommerce-ee/wirecard-woocommerce-extension/vendor/codeception/codeception/src/Codeception/Scenario.php:72
/home/travis/build/wirecard/woocommerce-ee/wirecard-woocommerce-extension/tests/_support/_generated/AcceptanceTesterActions.php:3106
/home/travis/build/wirecard/woocommerce-ee/wirecard-woocommerce-extension/tests/_support/AcceptanceTester.php:193
/home/travis/build/wirecard/woocommerce-ee/wirecard-woocommerce-extension/vendor/codeception/codeception/src/Codeception/Test/Gherkin.php:142
/home/travis/build/wirecard/woocommerce-ee/wirecard-woocommerce-extension/vendor/codeception/codeception/src/Codeception/Test/Gherkin.php:88
/home/travis/build/wirecard/woocommerce-ee/wirecard-woocommerce-extension/vendor/codeception/codeception/src/Codeception/Test/Test.php:89
/home/travis/build/wirecard/woocommerce-ee/wirecard-woocommerce-extension/vendor/codeception/phpunit-wrapper/src/Runner.php:110
/home/travis/build/wirecard/woocommerce-ee/wirecard-woocommerce-extension/vendor/codeception/codeception/src/Codeception/SuiteManager.php:158
/home/travis/build/wirecard/woocommerce-ee/wirecard-woocommerce-extension/vendor/codeception/codeception/src/Codeception/Codecept.php:192
/home/travis/build/wirecard/woocommerce-ee/wirecard-woocommerce-extension/vendor/codeception/codeception/src/Codeception/Codecept.php:159
/home/travis/build/wirecard/woocommerce-ee/wirecard-woocommerce-extension/vendor/codeception/codeception/src/Codeception/Command/Run.php:495
/home/travis/build/wirecard/woocommerce-ee/wirecard-woocommerce-extension/vendor/codeception/codeception/src/Codeception/Command/Run.php:390
/home/travis/build/wirecard/woocommerce-ee/wirecard-woocommerce-extension/vendor/symfony/console/Command/Command.php:255
/home/travis/build/wirecard/woocommerce-ee/wirecard-woocommerce-extension/vendor/symfony/console/Application.php:934
/home/travis/build/wirecard/woocommerce-ee/wirecard-woocommerce-extension/vendor/symfony/console/Application.php:273
/home/travis/build/wirecard/woocommerce-ee/wirecard-woocommerce-extension/vendor/symfony/console/Application.php:149
/home/travis/build/wirecard/woocommerce-ee/wirecard-woocommerce-extension/vendor/codeception/codeception/src/Codeception/Application.php:108
</error>
    </testcase>
  </testsuite>
</testsuites>
