<?xml version="1.0" encoding="UTF-8"?>
<testsuites>
  <testsuite name="acceptance (ci)" tests="7" assertions="17" errors="3" failures="0" skipped="0" time="750.866900">
    <testcase file="/project/tests/acceptance/CreditCard/CreditCardInitialTransactionHappyPath.feature" name="CreditCardInitialTransactionHappyPath: initial transaction Non 3DS | &quot;reserve&quot;, &quot;20&quot;, &quot;authorization&quot;" feature="CreditCardInitialTransactionHappyPath" assertions="3" time="113.218344"/>
    <testcase file="/project/tests/acceptance/CreditCard/CreditCardInitialTransactionHappyPath.feature" name="CreditCardInitialTransactionHappyPath: initial transaction Non 3DS | &quot;pay&quot;, &quot;20&quot;, &quot;purchase&quot;" feature="CreditCardInitialTransactionHappyPath" assertions="3" time="36.444632"/>
    <testcase file="/project/tests/acceptance/CreditCard/CreditCardInitialTransactionHappyPath.feature" name="CreditCardInitialTransactionHappyPath: initial transaction 3DS | &quot;reserve&quot;, &quot;100&quot;, &quot;authorization&quot;" feature="CreditCardInitialTransactionHappyPath" assertions="3" time="46.927554"/>
    <testcase file="/project/tests/acceptance/CreditCard/CreditCardInitialTransactionHappyPath.feature" name="CreditCardInitialTransactionHappyPath: initial transaction 3DS | &quot;pay&quot;, &quot;100&quot;, &quot;purchase&quot;" feature="CreditCardInitialTransactionHappyPath" assertions="3" time="51.811581"/>
    <testcase file="/project/tests/acceptance/CreditCard/CreditCardOneClickInitialTransactionHappyPath.feature" name="CreditCardOneClickInitialTransactionHappyPath: initial transaction | &quot;reserve&quot;, &quot;100&quot;, &quot;authorization&quot;" feature="CreditCardOneClickInitialTransactionHappyPath" assertions="3" time="87.565618">
      <error type="Facebook\WebDriver\Exception\UnknownServerException">CreditCardOneClickInitialTransactionHappyPath: initial transaction | "reserve", "100", "authorization"
Facebook\WebDriver\Exception\UnknownServerException: javascript error: Cannot read property 'getAttribute' of null
  (Session info: chrome=80.0.3987.132)
  (Driver info: chromedriver=80.0.3987.16 (320f6526c1632ad4f205ebce69b99a062ed78647-refs/branch-heads/3987@{#185}),platform=Windows NT 6.1.7601 SP1 x86_64) (WARNING: The server did not provide any stacktrace information)
Command duration or timeout: 12 milliseconds
Build info: version: '2.53.0', revision: '35ae25b', time: '2016-03-15 17:00:58'
System info: host: '199-7-165-131', ip: '199.7.165.131', os.name: 'windows', os.arch: 'x86', os.version: '6.1', java.version: '1.8.0_181'
Driver info: org.openqa.selenium.chrome.ChromeDriver
Capabilities [{mobileEmulationEnabled=false, timeouts={implicit=0, pageLoad=300000, script=30000}, hasTouchScreen=false, platform=XP, acceptSslCerts=false, goog:chromeOptions={debuggerAddress=localhost:1494}, acceptInsecureCerts=false, webStorageEnabled=true, browserName=chrome, takesScreenshot=true, javascriptEnabled=true, setWindowRect=true, unexpectedAlertBehaviour=ignore, applicationCacheEnabled=false, rotatable=false, networkConnectionEnabled=false, chrome={chromedriverVersion=80.0.3987.16 (320f6526c1632ad4f205ebce69b99a062ed78647-refs/branch-heads/3987@{#185}), userDataDir=C:\Windows\proxy\scoped_dir6976_1129472367}, takesHeapSnapshot=true, pageLoadStrategy=normal, strictFileInteractability=false, databaseEnabled=false, handlesAlerts=true, version=80.0.3987.132, browserConnectionEnabled=false, proxy={}, nativeEvents=true, locationContextEnabled=true, cssSelectorsEnabled=true}]
Session ID: a1fd354b393f082a7546270c2bf25a96

/repo/vendor/facebook/webdriver/lib/Exception/WebDriverException.php:114
/repo/vendor/facebook/webdriver/lib/Remote/HttpCommandExecutor.php:331
/repo/vendor/facebook/webdriver/lib/Remote/RemoteWebDriver.php:565
/repo/vendor/facebook/webdriver/lib/Remote/RemoteWebDriver.php:326
/repo/src/Codeception/Module/WebDriver.php:2590
/project/tests/_support/_generated/AcceptanceTesterActions.php:2639
/project/tests/_support/Step/Acceptance/PaymentMethod/CreditCardStep.php:54
/project/tests/_support/Step/Acceptance/PaymentMethod/CreditCardOneClickStep.php:30
/project/tests/_support/AcceptanceTester.php:182
/repo/codecept:43
</error>
    </testcase>
    <testcase file="/project/tests/acceptance/PayPal/PayPalInitialTransactionHappyPath.feature" name="PayPalInitialTransaction: initial transaction | &quot;pay&quot;, &quot;purchase&quot;" feature="PayPalInitialTransaction" assertions="1" time="207.808918">
      <error type="Facebook\WebDriver\Exception\NoSuchElementException">PayPalInitialTransaction: initial transaction | "pay", "purchase"
Facebook\WebDriver\Exception\NoSuchElementException: no such element: Unable to locate element: {"method":"xpath","selector":"//*[@id='acceptAllButton']"}
  (Session info: chrome=80.0.3987.132)
  (Driver info: chromedriver=80.0.3987.16 (320f6526c1632ad4f205ebce69b99a062ed78647-refs/branch-heads/3987@{#185}),platform=Windows NT 6.1.7601 SP1 x86_64) (WARNING: The server did not provide any stacktrace information)
Command duration or timeout: 31 milliseconds
For documentation on this error, please visit: http://seleniumhq.org/exceptions/no_such_element.html
Build info: version: '2.53.0', revision: '35ae25b', time: '2016-03-15 17:00:58'
System info: host: '207-254-7-63', ip: '207.254.7.63', os.name: 'windows', os.arch: 'x86', os.version: '6.1', java.version: '1.8.0_181'
Driver info: org.openqa.selenium.chrome.ChromeDriver
Capabilities [{mobileEmulationEnabled=false, timeouts={implicit=0, pageLoad=300000, script=30000}, hasTouchScreen=false, platform=XP, acceptSslCerts=false, goog:chromeOptions={debuggerAddress=localhost:1460}, acceptInsecureCerts=false, webStorageEnabled=true, browserName=chrome, takesScreenshot=true, javascriptEnabled=true, setWindowRect=true, unexpectedAlertBehaviour=ignore, applicationCacheEnabled=false, rotatable=false, networkConnectionEnabled=false, chrome={chromedriverVersion=80.0.3987.16 (320f6526c1632ad4f205ebce69b99a062ed78647-refs/branch-heads/3987@{#185}), userDataDir=C:\Windows\proxy\scoped_dir3972_1256539261}, takesHeapSnapshot=true, pageLoadStrategy=normal, strictFileInteractability=false, databaseEnabled=false, handlesAlerts=true, version=80.0.3987.132, browserConnectionEnabled=false, proxy={}, nativeEvents=true, locationContextEnabled=true, cssSelectorsEnabled=true}]
Session ID: d59ef2ce056cfe908725f6043e8f329d
*** Element info: {Using=xpath, value=//*[@id='acceptAllButton']}

/repo/vendor/facebook/webdriver/lib/Exception/WebDriverException.php:102
/repo/vendor/facebook/webdriver/lib/Remote/HttpCommandExecutor.php:331
/repo/vendor/facebook/webdriver/lib/Remote/RemoteWebDriver.php:565
/repo/vendor/facebook/webdriver/lib/Remote/RemoteWebDriver.php:204
/repo/vendor/facebook/webdriver/lib/WebDriverExpectedCondition.php:185
/repo/vendor/facebook/webdriver/lib/WebDriverExpectedCondition.php:432
/repo/vendor/facebook/webdriver/lib/WebDriverWait.php:67
/repo/src/Codeception/Module/WebDriver.php:2385
/project/tests/_support/_generated/AcceptanceTesterActions.php:2453
/project/tests/_support/Step/Acceptance/GenericStep.php:50
/project/tests/_support/Step/Acceptance/PaymentMethod/PayPalStep.php:30
/project/tests/_support/AcceptanceTester.php:194
/repo/codecept:43
</error>
    </testcase>
    <testcase file="/project/tests/acceptance/PayPal/PayPalInitialTransactionHappyPath.feature" name="PayPalInitialTransaction: initial transaction | &quot;reserve&quot;, &quot;authorization&quot;" feature="PayPalInitialTransaction" assertions="1" time="207.090253">
      <error type="Facebook\WebDriver\Exception\NoSuchElementException">PayPalInitialTransaction: initial transaction | "reserve", "authorization"
Facebook\WebDriver\Exception\NoSuchElementException: no such element: Unable to locate element: {"method":"xpath","selector":"//*[@id='acceptAllButton']"}
  (Session info: chrome=80.0.3987.132)
  (Driver info: chromedriver=80.0.3987.16 (320f6526c1632ad4f205ebce69b99a062ed78647-refs/branch-heads/3987@{#185}),platform=Windows NT 6.1.7601 SP1 x86_64) (WARNING: The server did not provide any stacktrace information)
Command duration or timeout: 30 milliseconds
For documentation on this error, please visit: http://seleniumhq.org/exceptions/no_such_element.html
Build info: version: '2.53.0', revision: '35ae25b', time: '2016-03-15 17:00:58'
System info: host: '207-254-11-135', ip: '207.254.11.135', os.name: 'windows', os.arch: 'x86', os.version: '6.1', java.version: '1.8.0_151'
Driver info: org.openqa.selenium.chrome.ChromeDriver
Capabilities [{mobileEmulationEnabled=false, timeouts={implicit=0, pageLoad=300000, script=30000}, hasTouchScreen=false, platform=XP, acceptSslCerts=false, goog:chromeOptions={debuggerAddress=localhost:1569}, acceptInsecureCerts=false, webStorageEnabled=true, browserName=chrome, takesScreenshot=true, javascriptEnabled=true, setWindowRect=true, unexpectedAlertBehaviour=ignore, applicationCacheEnabled=false, rotatable=false, networkConnectionEnabled=false, chrome={chromedriverVersion=80.0.3987.16 (320f6526c1632ad4f205ebce69b99a062ed78647-refs/branch-heads/3987@{#185}), userDataDir=C:\Windows\proxy\scoped_dir2556_1273086664}, takesHeapSnapshot=true, pageLoadStrategy=normal, strictFileInteractability=false, databaseEnabled=false, handlesAlerts=true, version=80.0.3987.132, browserConnectionEnabled=false, proxy={}, nativeEvents=true, locationContextEnabled=true, cssSelectorsEnabled=true}]
Session ID: 2364caa07bc18fb9123b30c3a480bf97
*** Element info: {Using=xpath, value=//*[@id='acceptAllButton']}

/repo/vendor/facebook/webdriver/lib/Exception/WebDriverException.php:102
/repo/vendor/facebook/webdriver/lib/Remote/HttpCommandExecutor.php:331
/repo/vendor/facebook/webdriver/lib/Remote/RemoteWebDriver.php:565
/repo/vendor/facebook/webdriver/lib/Remote/RemoteWebDriver.php:204
/repo/vendor/facebook/webdriver/lib/WebDriverExpectedCondition.php:185
/repo/vendor/facebook/webdriver/lib/WebDriverExpectedCondition.php:432
/repo/vendor/facebook/webdriver/lib/WebDriverWait.php:67
/repo/src/Codeception/Module/WebDriver.php:2385
/project/tests/_support/_generated/AcceptanceTesterActions.php:2453
/project/tests/_support/Step/Acceptance/GenericStep.php:50
/project/tests/_support/Step/Acceptance/PaymentMethod/PayPalStep.php:30
/project/tests/_support/AcceptanceTester.php:194
/repo/codecept:43
</error>
    </testcase>
  </testsuite>
</testsuites>
